#
# There is insufficient memory for the Java Runtime Environment to continue.
# Native memory allocation (malloc) failed to allocate 1230976 bytes. Error detail: Chunk::new
# Possible reasons:
#   The system is out of physical RAM or swap space
#   This process is running with CompressedOops enabled, and the Java Heap may be blocking the growth of the native heap
# Possible solutions:
#   Reduce memory load on the system
#   Increase physical memory or swap space
#   Check if swap backing store is full
#   Decrease Java heap size (-Xmx/-Xms)
#   Decrease number of Java threads
#   Decrease Java thread stack sizes (-Xss)
#   Set larger code cache with -XX:ReservedCodeCacheSize=
#   JVM is running with Zero Based Compressed Oops mode in which the Java heap is
#     placed in the first 32GB address space. The Java Heap base address is the
#     maximum limit for the native heap growth. Please use -XX:HeapBaseMinAddress
#     to set the Java Heap base and to place the Java Heap above 32GB virtual address.
# This output file may be truncated or incomplete.
#
#  Out of Memory Error (arena.cpp:150), pid=7424, tid=23604
#
# JRE version: OpenJDK Runtime Environment (22.0.2+9) (build 22.0.2+9-70)
# Java VM: OpenJDK 64-Bit Server VM (22.0.2+9-70, mixed mode, sharing, tiered, compressed oops, compressed class ptrs, g1 gc, windows-amd64)
# No core dump will be written. Minidumps are not enabled by default on client versions of Windows
#

---------------  S U M M A R Y ------------

Command Line: --enable-preview -javaagent:C:\Program Files\JetBrains\IntelliJ IDEA Community Edition 2023.3.5\lib\idea_rt.jar=59605:C:\Program Files\JetBrains\IntelliJ IDEA Community Edition 2023.3.5\bin -Dfile.encoding=UTF-8 -Dsun.stdout.encoding=UTF-8 -Dsun.stderr.encoding=UTF-8 com.abcrestaurant.Backend.BackendApplication

Host: 11th Gen Intel(R) Core(TM) i7-1195G7 @ 2.90GHz, 8 cores, 15G,  Windows 11 , 64 bit Build 22621 (10.0.22621.3958)
Time: Sun Aug 18 12:17:07 2024 Sri Lanka Standard Time elapsed time: 1.091788 seconds (0d 0h 0m 1s)

---------------  T H R E A D  ---------------

Current thread (0x00000205ea32ab30):  JavaThread "C2 CompilerThread1" daemon [_thread_in_native, id=23604, stack(0x000000c4bc900000,0x000000c4bca00000) (1024K)]


Current CompileTask:
C2:1091 2387       4       java.lang.invoke.MethodType::makeImpl (109 bytes)

Stack: [0x000000c4bc900000,0x000000c4bca00000]
Native frames: (J=compiled Java code, j=interpreted, Vv=VM code, C=native code)
V  [jvm.dll+0x6e26e9]  (no source info available)
V  [jvm.dll+0x875753]  (no source info available)
V  [jvm.dll+0x877b7e]  (no source info available)
V  [jvm.dll+0x878253]  (no source info available)
V  [jvm.dll+0x27fc86]  (no source info available)
V  [jvm.dll+0xc3d0f]  (no source info available)
V  [jvm.dll+0xc3f6b]  (no source info available)
V  [jvm.dll+0x2f3c7f]  (no source info available)
V  [jvm.dll+0x60c0fa]  (no source info available)
V  [jvm.dll+0x249915]  (no source info available)
V  [jvm.dll+0x246da6]  (no source info available)
V  [jvm.dll+0x1c4e80]  (no source info available)
V  [jvm.dll+0x2568f3]  (no source info available)
V  [jvm.dll+0x254baa]  (no source info available)
V  [jvm.dll+0x3f57a6]  (no source info available)
V  [jvm.dll+0x81dc0b]  (no source info available)
V  [jvm.dll+0x6e0d85]  (no source info available)
C  [ucrtbase.dll+0x29333]  (no source info available)
C  [KERNEL32.DLL+0x1257d]  (no source info available)
C  [ntdll.dll+0x5af28]  (no source info available)


---------------  P R O C E S S  ---------------

Threads class SMR info:
_java_thread_list=0x00000205eb90fb00, length=14, elements={
0x0000020585fa45f0, 0x00000205a4f506d0, 0x00000205a4f51cf0, 0x00000205a4f59280,
0x00000205a4f5bde0, 0x00000205a4f5c930, 0x00000205a4f5d9c0, 0x00000205a4f688b0,
0x00000205ea120090, 0x00000205a4f1d030, 0x00000205ea32ab30, 0x00000205ea32b1f0,
0x00000205ea5100a0, 0x00000205ea511420
}

Java Threads: ( => current thread )
  0x0000020585fa45f0 JavaThread "main"                              [_thread_in_Java, id=15212, stack(0x000000c4bb800000,0x000000c4bb900000) (1024K)]
  0x00000205a4f506d0 JavaThread "Reference Handler"          daemon [_thread_blocked, id=15844, stack(0x000000c4bc000000,0x000000c4bc100000) (1024K)]
  0x00000205a4f51cf0 JavaThread "Finalizer"                  daemon [_thread_blocked, id=19632, stack(0x000000c4bc100000,0x000000c4bc200000) (1024K)]
  0x00000205a4f59280 JavaThread "Signal Dispatcher"          daemon [_thread_blocked, id=9164, stack(0x000000c4bc200000,0x000000c4bc300000) (1024K)]
  0x00000205a4f5bde0 JavaThread "Attach Listener"            daemon [_thread_blocked, id=13936, stack(0x000000c4bc300000,0x000000c4bc400000) (1024K)]
  0x00000205a4f5c930 JavaThread "Service Thread"             daemon [_thread_blocked, id=12024, stack(0x000000c4bc400000,0x000000c4bc500000) (1024K)]
  0x00000205a4f5d9c0 JavaThread "Monitor Deflation Thread"   daemon [_thread_blocked, id=23000, stack(0x000000c4bc500000,0x000000c4bc600000) (1024K)]
  0x00000205a4f688b0 JavaThread "C2 CompilerThread0"         daemon [_thread_in_native, id=15900, stack(0x000000c4bc600000,0x000000c4bc700000) (1024K)]
  0x00000205ea120090 JavaThread "C1 CompilerThread0"         daemon [_thread_in_native, id=296, stack(0x000000c4bc700000,0x000000c4bc800000) (1024K)]
  0x00000205a4f1d030 JavaThread "Common-Cleaner"             daemon [_thread_blocked, id=18188, stack(0x000000c4bc800000,0x000000c4bc900000) (1024K)]
=>0x00000205ea32ab30 JavaThread "C2 CompilerThread1"         daemon [_thread_in_native, id=23604, stack(0x000000c4bc900000,0x000000c4bca00000) (1024K)]
  0x00000205ea32b1f0 JavaThread "C2 CompilerThread2"         daemon [_thread_in_native, id=11016, stack(0x000000c4bca00000,0x000000c4bcb00000) (1024K)]
  0x00000205ea5100a0 JavaThread "Monitor Ctrl-Break"         daemon [_thread_in_native, id=23632, stack(0x000000c4bcb00000,0x000000c4bcc00000) (1024K)]
  0x00000205ea511420 JavaThread "Notification Thread"        daemon [_thread_blocked, id=10416, stack(0x000000c4bcc00000,0x000000c4bcd00000) (1024K)]
Total: 14

Other Threads:
  0x00000205a4f37070 VMThread "VM Thread"                           [id=20920, stack(0x000000c4bbf00000,0x000000c4bc000000) (1024K)]
  0x00000205a4f1c030 WatcherThread "VM Periodic Task Thread"        [id=280, stack(0x000000c4bbe00000,0x000000c4bbf00000) (1024K)]
  0x000002058600b6c0 WorkerThread "GC Thread#0"                     [id=2680, stack(0x000000c4bb900000,0x000000c4bba00000) (1024K)]
  0x00000205eb0b7b00 WorkerThread "GC Thread#1"                     [id=22768, stack(0x000000c4bcd00000,0x000000c4bce00000) (1024K)]
  0x00000205eae9d3f0 WorkerThread "GC Thread#2"                     [id=10232, stack(0x000000c4bce00000,0x000000c4bcf00000) (1024K)]
  0x00000205eb01e0c0 WorkerThread "GC Thread#3"                     [id=3484, stack(0x000000c4bcf00000,0x000000c4bd000000) (1024K)]
  0x00000205eb01e880 WorkerThread "GC Thread#4"                     [id=5132, stack(0x000000c4bd000000,0x000000c4bd100000) (1024K)]
  0x00000205eb01f040 WorkerThread "GC Thread#5"                     [id=6624, stack(0x000000c4bd100000,0x000000c4bd200000) (1024K)]
  0x00000205eb1b27b0 WorkerThread "GC Thread#6"                     [id=11060, stack(0x000000c4bd300000,0x000000c4bd400000) (1024K)]
  0x00000205eb4983a0 WorkerThread "GC Thread#7"                     [id=15532, stack(0x000000c4bd400000,0x000000c4bd500000) (1024K)]
  0x000002058601c4b0 ConcurrentGCThread "G1 Main Marker"            [id=7552, stack(0x000000c4bba00000,0x000000c4bbb00000) (1024K)]
  0x000002058601e780 WorkerThread "G1 Conc#0"                       [id=18272, stack(0x000000c4bbb00000,0x000000c4bbc00000) (1024K)]
  0x00000205a4de9a00 ConcurrentGCThread "G1 Refine#0"               [id=3664, stack(0x000000c4bbc00000,0x000000c4bbd00000) (1024K)]
  0x00000205a4dea580 ConcurrentGCThread "G1 Service"                [id=13688, stack(0x000000c4bbd00000,0x000000c4bbe00000) (1024K)]
Total: 14

Threads with active compile tasks:
C2 CompilerThread0  1123 2388       4       java.lang.invoke.MethodType::methodType (69 bytes)
C1 CompilerThread0  1123 2736       3       org.springframework.context.annotation.ConfigurationClassParser$$Lambda/0x00000205a624e6c0::test (10 bytes)
C2 CompilerThread1  1123 2387       4       java.lang.invoke.MethodType::makeImpl (109 bytes)
C2 CompilerThread2  1123 2710       4       java.io.WinNTFileSystem::normalize (148 bytes)
Total: 4

VM state: not at safepoint (normal execution)

VM Mutex/Monitor currently owned by a thread: None

Heap address: 0x0000000703a00000, size: 4038 MB, Compressed Oops mode: Zero based, Oop shift amount: 3

CDS archive(s) mapped at: [0x00000205a5000000-0x00000205a5c60000-0x00000205a5c60000), size 12976128, SharedBaseAddress: 0x00000205a5000000, ArchiveRelocationMode: 1.
Compressed class space mapped at: 0x00000205a6000000-0x00000205e6000000, reserved size: 1073741824
Narrow klass base: 0x00000205a5000000, Narrow klass shift: 0, Narrow klass range: 0x41000000

GC Precious Log:
 CardTable entry size: 512
 Card Set container configuration: InlinePtr #cards 4 size 8 Array Of Cards #cards 16 size 48 Howl #buckets 8 coarsen threshold 3686 Howl Bitmap #cards 512 size 80 coarsen threshold 460 Card regions per heap region 1 cards per card region 4096
 CPUs: 8 total, 8 available
 Memory: 16151M
 Large Page Support: Disabled
 NUMA Support: Disabled
 Compressed Oops: Enabled (Zero based)
 Heap Region Size: 2M
 Heap Min Capacity: 8M
 Heap Initial Capacity: 254M
 Heap Max Capacity: 4038M
 Pre-touch: Disabled
 Parallel Workers: 8
 Concurrent Workers: 2
 Concurrent Refinement Workers: 8
 Periodic GC: Disabled

Heap:
 garbage-first heap   total reserved 4134912K, committed 260096K, used 31978K [0x0000000703a00000, 0x0000000800000000)
  region size 2048K, 14 young (28672K), 2 survivors (4096K)
 Metaspace       used 20304K, committed 20544K, reserved 1114112K
  class space    used 2463K, committed 2560K, reserved 1048576K

Heap Regions: E=young(eden), S=young(survivor), O=old, HS=humongous(starts), HC=humongous(continues), CS=collection set, F=free, TAMS=top-at-mark-start, PB=parsable bottom
|   0|0x0000000703a00000, 0x0000000703c00000, 0x0000000703c00000|100%| O|  |TAMS 0x0000000703a00000| PB 0x0000000703a00000| Untracked |  0
|   1|0x0000000703c00000, 0x0000000703e00000, 0x0000000703e00000|100%| O|  |TAMS 0x0000000703c00000| PB 0x0000000703c00000| Untracked |  0
|   2|0x0000000703e00000, 0x0000000704000000, 0x0000000704000000|100%| O|  |TAMS 0x0000000703e00000| PB 0x0000000703e00000| Untracked |  0
|   3|0x0000000704000000, 0x0000000704075010, 0x0000000704200000| 22%| O|  |TAMS 0x0000000704000000| PB 0x0000000704000000| Untracked |  0
|   4|0x0000000704200000, 0x0000000704200000, 0x0000000704400000|  0%| F|  |TAMS 0x0000000704200000| PB 0x0000000704200000| Untracked |  0
|   5|0x0000000704400000, 0x0000000704400000, 0x0000000704600000|  0%| F|  |TAMS 0x0000000704400000| PB 0x0000000704400000| Untracked |  0
|   6|0x0000000704600000, 0x0000000704600000, 0x0000000704800000|  0%| F|  |TAMS 0x0000000704600000| PB 0x0000000704600000| Untracked |  0
|   7|0x0000000704800000, 0x0000000704800000, 0x0000000704a00000|  0%| F|  |TAMS 0x0000000704800000| PB 0x0000000704800000| Untracked |  0
|   8|0x0000000704a00000, 0x0000000704a00000, 0x0000000704c00000|  0%| F|  |TAMS 0x0000000704a00000| PB 0x0000000704a00000| Untracked |  0
|   9|0x0000000704c00000, 0x0000000704c00000, 0x0000000704e00000|  0%| F|  |TAMS 0x0000000704c00000| PB 0x0000000704c00000| Untracked |  0
|  10|0x0000000704e00000, 0x0000000704e00000, 0x0000000705000000|  0%| F|  |TAMS 0x0000000704e00000| PB 0x0000000704e00000| Untracked |  0
|  11|0x0000000705000000, 0x0000000705000000, 0x0000000705200000|  0%| F|  |TAMS 0x0000000705000000| PB 0x0000000705000000| Untracked |  0
|  12|0x0000000705200000, 0x0000000705200000, 0x0000000705400000|  0%| F|  |TAMS 0x0000000705200000| PB 0x0000000705200000| Untracked |  0
|  13|0x0000000705400000, 0x0000000705400000, 0x0000000705600000|  0%| F|  |TAMS 0x0000000705400000| PB 0x0000000705400000| Untracked |  0
|  14|0x0000000705600000, 0x0000000705600000, 0x0000000705800000|  0%| F|  |TAMS 0x0000000705600000| PB 0x0000000705600000| Untracked |  0
|  15|0x0000000705800000, 0x0000000705800000, 0x0000000705a00000|  0%| F|  |TAMS 0x0000000705800000| PB 0x0000000705800000| Untracked |  0
|  16|0x0000000705a00000, 0x0000000705a00000, 0x0000000705c00000|  0%| F|  |TAMS 0x0000000705a00000| PB 0x0000000705a00000| Untracked |  0
|  17|0x0000000705c00000, 0x0000000705c00000, 0x0000000705e00000|  0%| F|  |TAMS 0x0000000705c00000| PB 0x0000000705c00000| Untracked |  0
|  18|0x0000000705e00000, 0x0000000705e00000, 0x0000000706000000|  0%| F|  |TAMS 0x0000000705e00000| PB 0x0000000705e00000| Untracked |  0
|  19|0x0000000706000000, 0x0000000706000000, 0x0000000706200000|  0%| F|  |TAMS 0x0000000706000000| PB 0x0000000706000000| Untracked |  0
|  20|0x0000000706200000, 0x0000000706200000, 0x0000000706400000|  0%| F|  |TAMS 0x0000000706200000| PB 0x0000000706200000| Untracked |  0
|  21|0x0000000706400000, 0x0000000706400000, 0x0000000706600000|  0%| F|  |TAMS 0x0000000706400000| PB 0x0000000706400000| Untracked |  0
|  22|0x0000000706600000, 0x0000000706600000, 0x0000000706800000|  0%| F|  |TAMS 0x0000000706600000| PB 0x0000000706600000| Untracked |  0
|  23|0x0000000706800000, 0x0000000706800000, 0x0000000706a00000|  0%| F|  |TAMS 0x0000000706800000| PB 0x0000000706800000| Untracked |  0
|  24|0x0000000706a00000, 0x0000000706a00000, 0x0000000706c00000|  0%| F|  |TAMS 0x0000000706a00000| PB 0x0000000706a00000| Untracked |  0
|  25|0x0000000706c00000, 0x0000000706c00000, 0x0000000706e00000|  0%| F|  |TAMS 0x0000000706c00000| PB 0x0000000706c00000| Untracked |  0
|  26|0x0000000706e00000, 0x0000000706e00000, 0x0000000707000000|  0%| F|  |TAMS 0x0000000706e00000| PB 0x0000000706e00000| Untracked |  0
|  27|0x0000000707000000, 0x0000000707000000, 0x0000000707200000|  0%| F|  |TAMS 0x0000000707000000| PB 0x0000000707000000| Untracked |  0
|  28|0x0000000707200000, 0x0000000707200000, 0x0000000707400000|  0%| F|  |TAMS 0x0000000707200000| PB 0x0000000707200000| Untracked |  0
|  29|0x0000000707400000, 0x0000000707400000, 0x0000000707600000|  0%| F|  |TAMS 0x0000000707400000| PB 0x0000000707400000| Untracked |  0
|  30|0x0000000707600000, 0x0000000707600000, 0x0000000707800000|  0%| F|  |TAMS 0x0000000707600000| PB 0x0000000707600000| Untracked |  0
|  31|0x0000000707800000, 0x0000000707800000, 0x0000000707a00000|  0%| F|  |TAMS 0x0000000707800000| PB 0x0000000707800000| Untracked |  0
|  32|0x0000000707a00000, 0x0000000707a00000, 0x0000000707c00000|  0%| F|  |TAMS 0x0000000707a00000| PB 0x0000000707a00000| Untracked |  0
|  33|0x0000000707c00000, 0x0000000707c00000, 0x0000000707e00000|  0%| F|  |TAMS 0x0000000707c00000| PB 0x0000000707c00000| Untracked |  0
|  34|0x0000000707e00000, 0x0000000707e00000, 0x0000000708000000|  0%| F|  |TAMS 0x0000000707e00000| PB 0x0000000707e00000| Untracked |  0
|  35|0x0000000708000000, 0x0000000708000000, 0x0000000708200000|  0%| F|  |TAMS 0x0000000708000000| PB 0x0000000708000000| Untracked |  0
|  36|0x0000000708200000, 0x0000000708200000, 0x0000000708400000|  0%| F|  |TAMS 0x0000000708200000| PB 0x0000000708200000| Untracked |  0
|  37|0x0000000708400000, 0x0000000708400000, 0x0000000708600000|  0%| F|  |TAMS 0x0000000708400000| PB 0x0000000708400000| Untracked |  0
|  38|0x0000000708600000, 0x0000000708600000, 0x0000000708800000|  0%| F|  |TAMS 0x0000000708600000| PB 0x0000000708600000| Untracked |  0
|  39|0x0000000708800000, 0x0000000708800000, 0x0000000708a00000|  0%| F|  |TAMS 0x0000000708800000| PB 0x0000000708800000| Untracked |  0
|  40|0x0000000708a00000, 0x0000000708a00000, 0x0000000708c00000|  0%| F|  |TAMS 0x0000000708a00000| PB 0x0000000708a00000| Untracked |  0
|  41|0x0000000708c00000, 0x0000000708c00000, 0x0000000708e00000|  0%| F|  |TAMS 0x0000000708c00000| PB 0x0000000708c00000| Untracked |  0
|  42|0x0000000708e00000, 0x0000000708e00000, 0x0000000709000000|  0%| F|  |TAMS 0x0000000708e00000| PB 0x0000000708e00000| Untracked |  0
|  43|0x0000000709000000, 0x0000000709000000, 0x0000000709200000|  0%| F|  |TAMS 0x0000000709000000| PB 0x0000000709000000| Untracked |  0
|  44|0x0000000709200000, 0x0000000709200000, 0x0000000709400000|  0%| F|  |TAMS 0x0000000709200000| PB 0x0000000709200000| Untracked |  0
|  45|0x0000000709400000, 0x0000000709400000, 0x0000000709600000|  0%| F|  |TAMS 0x0000000709400000| PB 0x0000000709400000| Untracked |  0
|  46|0x0000000709600000, 0x0000000709600000, 0x0000000709800000|  0%| F|  |TAMS 0x0000000709600000| PB 0x0000000709600000| Untracked |  0
|  47|0x0000000709800000, 0x0000000709800000, 0x0000000709a00000|  0%| F|  |TAMS 0x0000000709800000| PB 0x0000000709800000| Untracked |  0
|  48|0x0000000709a00000, 0x0000000709a00000, 0x0000000709c00000|  0%| F|  |TAMS 0x0000000709a00000| PB 0x0000000709a00000| Untracked |  0
|  49|0x0000000709c00000, 0x0000000709c00000, 0x0000000709e00000|  0%| F|  |TAMS 0x0000000709c00000| PB 0x0000000709c00000| Untracked |  0
|  50|0x0000000709e00000, 0x0000000709e00000, 0x000000070a000000|  0%| F|  |TAMS 0x0000000709e00000| PB 0x0000000709e00000| Untracked |  0
|  51|0x000000070a000000, 0x000000070a000000, 0x000000070a200000|  0%| F|  |TAMS 0x000000070a000000| PB 0x000000070a000000| Untracked |  0
|  52|0x000000070a200000, 0x000000070a200000, 0x000000070a400000|  0%| F|  |TAMS 0x000000070a200000| PB 0x000000070a200000| Untracked |  0
|  53|0x000000070a400000, 0x000000070a400000, 0x000000070a600000|  0%| F|  |TAMS 0x000000070a400000| PB 0x000000070a400000| Untracked |  0
|  54|0x000000070a600000, 0x000000070a600000, 0x000000070a800000|  0%| F|  |TAMS 0x000000070a600000| PB 0x000000070a600000| Untracked |  0
|  55|0x000000070a800000, 0x000000070a800000, 0x000000070aa00000|  0%| F|  |TAMS 0x000000070a800000| PB 0x000000070a800000| Untracked |  0
|  56|0x000000070aa00000, 0x000000070aa00000, 0x000000070ac00000|  0%| F|  |TAMS 0x000000070aa00000| PB 0x000000070aa00000| Untracked |  0
|  57|0x000000070ac00000, 0x000000070ac00000, 0x000000070ae00000|  0%| F|  |TAMS 0x000000070ac00000| PB 0x000000070ac00000| Untracked |  0
|  58|0x000000070ae00000, 0x000000070ae00000, 0x000000070b000000|  0%| F|  |TAMS 0x000000070ae00000| PB 0x000000070ae00000| Untracked |  0
|  59|0x000000070b000000, 0x000000070b000000, 0x000000070b200000|  0%| F|  |TAMS 0x000000070b000000| PB 0x000000070b000000| Untracked |  0
|  60|0x000000070b200000, 0x000000070b200000, 0x000000070b400000|  0%| F|  |TAMS 0x000000070b200000| PB 0x000000070b200000| Untracked |  0
|  61|0x000000070b400000, 0x000000070b400000, 0x000000070b600000|  0%| F|  |TAMS 0x000000070b400000| PB 0x000000070b400000| Untracked |  0
|  62|0x000000070b600000, 0x000000070b600000, 0x000000070b800000|  0%| F|  |TAMS 0x000000070b600000| PB 0x000000070b600000| Untracked |  0
|  63|0x000000070b800000, 0x000000070b800000, 0x000000070ba00000|  0%| F|  |TAMS 0x000000070b800000| PB 0x000000070b800000| Untracked |  0
|  64|0x000000070ba00000, 0x000000070ba00000, 0x000000070bc00000|  0%| F|  |TAMS 0x000000070ba00000| PB 0x000000070ba00000| Untracked |  0
|  65|0x000000070bc00000, 0x000000070bc00000, 0x000000070be00000|  0%| F|  |TAMS 0x000000070bc00000| PB 0x000000070bc00000| Untracked |  0
|  66|0x000000070be00000, 0x000000070be00000, 0x000000070c000000|  0%| F|  |TAMS 0x000000070be00000| PB 0x000000070be00000| Untracked |  0
|  67|0x000000070c000000, 0x000000070c000000, 0x000000070c200000|  0%| F|  |TAMS 0x000000070c000000| PB 0x000000070c000000| Untracked |  0
|  68|0x000000070c200000, 0x000000070c200000, 0x000000070c400000|  0%| F|  |TAMS 0x000000070c200000| PB 0x000000070c200000| Untracked |  0
|  69|0x000000070c400000, 0x000000070c400000, 0x000000070c600000|  0%| F|  |TAMS 0x000000070c400000| PB 0x000000070c400000| Untracked |  0
|  70|0x000000070c600000, 0x000000070c600000, 0x000000070c800000|  0%| F|  |TAMS 0x000000070c600000| PB 0x000000070c600000| Untracked |  0
|  71|0x000000070c800000, 0x000000070c800000, 0x000000070ca00000|  0%| F|  |TAMS 0x000000070c800000| PB 0x000000070c800000| Untracked |  0
|  72|0x000000070ca00000, 0x000000070ca00000, 0x000000070cc00000|  0%| F|  |TAMS 0x000000070ca00000| PB 0x000000070ca00000| Untracked |  0
|  73|0x000000070cc00000, 0x000000070cc00000, 0x000000070ce00000|  0%| F|  |TAMS 0x000000070cc00000| PB 0x000000070cc00000| Untracked |  0
|  74|0x000000070ce00000, 0x000000070ce00000, 0x000000070d000000|  0%| F|  |TAMS 0x000000070ce00000| PB 0x000000070ce00000| Untracked |  0
|  75|0x000000070d000000, 0x000000070d000000, 0x000000070d200000|  0%| F|  |TAMS 0x000000070d000000| PB 0x000000070d000000| Untracked |  0
|  76|0x000000070d200000, 0x000000070d200000, 0x000000070d400000|  0%| F|  |TAMS 0x000000070d200000| PB 0x000000070d200000| Untracked |  0
|  77|0x000000070d400000, 0x000000070d400000, 0x000000070d600000|  0%| F|  |TAMS 0x000000070d400000| PB 0x000000070d400000| Untracked |  0
|  78|0x000000070d600000, 0x000000070d600000, 0x000000070d800000|  0%| F|  |TAMS 0x000000070d600000| PB 0x000000070d600000| Untracked |  0
|  79|0x000000070d800000, 0x000000070d800000, 0x000000070da00000|  0%| F|  |TAMS 0x000000070d800000| PB 0x000000070d800000| Untracked |  0
|  80|0x000000070da00000, 0x000000070da00000, 0x000000070dc00000|  0%| F|  |TAMS 0x000000070da00000| PB 0x000000070da00000| Untracked |  0
|  81|0x000000070dc00000, 0x000000070dc00000, 0x000000070de00000|  0%| F|  |TAMS 0x000000070dc00000| PB 0x000000070dc00000| Untracked |  0
|  82|0x000000070de00000, 0x000000070de00000, 0x000000070e000000|  0%| F|  |TAMS 0x000000070de00000| PB 0x000000070de00000| Untracked |  0
|  83|0x000000070e000000, 0x000000070e000000, 0x000000070e200000|  0%| F|  |TAMS 0x000000070e000000| PB 0x000000070e000000| Untracked |  0
|  84|0x000000070e200000, 0x000000070e200000, 0x000000070e400000|  0%| F|  |TAMS 0x000000070e200000| PB 0x000000070e200000| Untracked |  0
|  85|0x000000070e400000, 0x000000070e400000, 0x000000070e600000|  0%| F|  |TAMS 0x000000070e400000| PB 0x000000070e400000| Untracked |  0
|  86|0x000000070e600000, 0x000000070e600000, 0x000000070e800000|  0%| F|  |TAMS 0x000000070e600000| PB 0x000000070e600000| Untracked |  0
|  87|0x000000070e800000, 0x000000070e800000, 0x000000070ea00000|  0%| F|  |TAMS 0x000000070e800000| PB 0x000000070e800000| Untracked |  0
|  88|0x000000070ea00000, 0x000000070ea00000, 0x000000070ec00000|  0%| F|  |TAMS 0x000000070ea00000| PB 0x000000070ea00000| Untracked |  0
|  89|0x000000070ec00000, 0x000000070ec00000, 0x000000070ee00000|  0%| F|  |TAMS 0x000000070ec00000| PB 0x000000070ec00000| Untracked |  0
|  90|0x000000070ee00000, 0x000000070ee00000, 0x000000070f000000|  0%| F|  |TAMS 0x000000070ee00000| PB 0x000000070ee00000| Untracked |  0
|  91|0x000000070f000000, 0x000000070f000000, 0x000000070f200000|  0%| F|  |TAMS 0x000000070f000000| PB 0x000000070f000000| Untracked |  0
|  92|0x000000070f200000, 0x000000070f200000, 0x000000070f400000|  0%| F|  |TAMS 0x000000070f200000| PB 0x000000070f200000| Untracked |  0
|  93|0x000000070f400000, 0x000000070f400000, 0x000000070f600000|  0%| F|  |TAMS 0x000000070f400000| PB 0x000000070f400000| Untracked |  0
|  94|0x000000070f600000, 0x000000070f600000, 0x000000070f800000|  0%| F|  |TAMS 0x000000070f600000| PB 0x000000070f600000| Untracked |  0
|  95|0x000000070f800000, 0x000000070f800000, 0x000000070fa00000|  0%| F|  |TAMS 0x000000070f800000| PB 0x000000070f800000| Untracked |  0
|  96|0x000000070fa00000, 0x000000070fa00000, 0x000000070fc00000|  0%| F|  |TAMS 0x000000070fa00000| PB 0x000000070fa00000| Untracked |  0
|  97|0x000000070fc00000, 0x000000070fc00000, 0x000000070fe00000|  0%| F|  |TAMS 0x000000070fc00000| PB 0x000000070fc00000| Untracked |  0
|  98|0x000000070fe00000, 0x000000070fe00000, 0x0000000710000000|  0%| F|  |TAMS 0x000000070fe00000| PB 0x000000070fe00000| Untracked |  0
|  99|0x0000000710000000, 0x0000000710000000, 0x0000000710200000|  0%| F|  |TAMS 0x0000000710000000| PB 0x0000000710000000| Untracked |  0
| 100|0x0000000710200000, 0x0000000710200000, 0x0000000710400000|  0%| F|  |TAMS 0x0000000710200000| PB 0x0000000710200000| Untracked |  0
| 101|0x0000000710400000, 0x0000000710400000, 0x0000000710600000|  0%| F|  |TAMS 0x0000000710400000| PB 0x0000000710400000| Untracked |  0
| 102|0x0000000710600000, 0x0000000710600000, 0x0000000710800000|  0%| F|  |TAMS 0x0000000710600000| PB 0x0000000710600000| Untracked |  0
| 103|0x0000000710800000, 0x0000000710800000, 0x0000000710a00000|  0%| F|  |TAMS 0x0000000710800000| PB 0x0000000710800000| Untracked |  0
| 104|0x0000000710a00000, 0x0000000710a00000, 0x0000000710c00000|  0%| F|  |TAMS 0x0000000710a00000| PB 0x0000000710a00000| Untracked |  0
| 105|0x0000000710c00000, 0x0000000710c00000, 0x0000000710e00000|  0%| F|  |TAMS 0x0000000710c00000| PB 0x0000000710c00000| Untracked |  0
| 106|0x0000000710e00000, 0x0000000710e00000, 0x0000000711000000|  0%| F|  |TAMS 0x0000000710e00000| PB 0x0000000710e00000| Untracked |  0
| 107|0x0000000711000000, 0x00000007110c5880, 0x0000000711200000| 38%| S|CS|TAMS 0x0000000711000000| PB 0x0000000711000000| Complete |  0
| 108|0x0000000711200000, 0x0000000711400000, 0x0000000711400000|100%| S|CS|TAMS 0x0000000711200000| PB 0x0000000711200000| Complete |  0
| 109|0x0000000711400000, 0x0000000711400000, 0x0000000711600000|  0%| F|  |TAMS 0x0000000711400000| PB 0x0000000711400000| Untracked |  0
| 110|0x0000000711600000, 0x0000000711600000, 0x0000000711800000|  0%| F|  |TAMS 0x0000000711600000| PB 0x0000000711600000| Untracked |  0
| 111|0x0000000711800000, 0x0000000711800000, 0x0000000711a00000|  0%| F|  |TAMS 0x0000000711800000| PB 0x0000000711800000| Untracked |  0
| 112|0x0000000711a00000, 0x0000000711a00000, 0x0000000711c00000|  0%| F|  |TAMS 0x0000000711a00000| PB 0x0000000711a00000| Untracked |  0
| 113|0x0000000711c00000, 0x0000000711c00000, 0x0000000711e00000|  0%| F|  |TAMS 0x0000000711c00000| PB 0x0000000711c00000| Untracked |  0
| 114|0x0000000711e00000, 0x0000000711e81510, 0x0000000712000000| 25%| E|  |TAMS 0x0000000711e00000| PB 0x0000000711e00000| Complete |  0
| 115|0x0000000712000000, 0x0000000712200000, 0x0000000712200000|100%| E|CS|TAMS 0x0000000712000000| PB 0x0000000712000000| Complete |  0
| 116|0x0000000712200000, 0x0000000712400000, 0x0000000712400000|100%| E|CS|TAMS 0x0000000712200000| PB 0x0000000712200000| Complete |  0
| 117|0x0000000712400000, 0x0000000712600000, 0x0000000712600000|100%| E|CS|TAMS 0x0000000712400000| PB 0x0000000712400000| Complete |  0
| 118|0x0000000712600000, 0x0000000712800000, 0x0000000712800000|100%| E|CS|TAMS 0x0000000712600000| PB 0x0000000712600000| Complete |  0
| 119|0x0000000712800000, 0x0000000712a00000, 0x0000000712a00000|100%| E|CS|TAMS 0x0000000712800000| PB 0x0000000712800000| Complete |  0
| 120|0x0000000712a00000, 0x0000000712c00000, 0x0000000712c00000|100%| E|CS|TAMS 0x0000000712a00000| PB 0x0000000712a00000| Complete |  0
| 121|0x0000000712c00000, 0x0000000712e00000, 0x0000000712e00000|100%| E|CS|TAMS 0x0000000712c00000| PB 0x0000000712c00000| Complete |  0
| 122|0x0000000712e00000, 0x0000000713000000, 0x0000000713000000|100%| E|CS|TAMS 0x0000000712e00000| PB 0x0000000712e00000| Complete |  0
| 123|0x0000000713000000, 0x0000000713200000, 0x0000000713200000|100%| E|CS|TAMS 0x0000000713000000| PB 0x0000000713000000| Complete |  0
| 124|0x0000000713200000, 0x0000000713400000, 0x0000000713400000|100%| E|CS|TAMS 0x0000000713200000| PB 0x0000000713200000| Complete |  0
| 125|0x0000000713400000, 0x0000000713600000, 0x0000000713600000|100%| E|CS|TAMS 0x0000000713400000| PB 0x0000000713400000| Complete |  0
| 126|0x0000000713600000, 0x0000000713800000, 0x0000000713800000|100%| E|CS|TAMS 0x0000000713600000| PB 0x0000000713600000| Complete |  0

Card table byte_map: [0x000002059de00000,0x000002059e5f0000] _byte_map_base: 0x000002059a5e3000

Marking Bits: (CMBitMap*) 0x000002058600bdd0
 Bits: [0x000002059e5f0000, 0x00000205a2508000)

Polling page: 0x0000020583f10000

Metaspace:

Usage:
  Non-class:     17.43 MB used.
      Class:      2.41 MB used.
       Both:     19.84 MB used.

Virtual space:
  Non-class space:       64.00 MB reserved,      17.56 MB ( 27%) committed,  1 nodes.
      Class space:        1.00 GB reserved,       2.50 MB ( <1%) committed,  1 nodes.
             Both:        1.06 GB reserved,      20.06 MB (  2%) committed. 

Chunk freelists:
   Non-Class:  14.44 MB
       Class:  13.38 MB
        Both:  27.82 MB

MaxMetaspaceSize: unlimited
CompressedClassSpaceSize: 1.00 GB
Initial GC threshold: 21.00 MB
Current GC threshold: 21.00 MB
CDS: on
 - commit_granule_bytes: 65536.
 - commit_granule_words: 8192.
 - virtual_space_node_default_size: 8388608.
 - enlarge_chunks_in_place: 1.
 - use_allocation_guard: 0.


Internal statistics:

num_allocs_failed_limit: 0.
num_arena_births: 292.
num_arena_deaths: 0.
num_vsnodes_births: 2.
num_vsnodes_deaths: 0.
num_space_committed: 321.
num_space_uncommitted: 0.
num_chunks_returned_to_freelist: 0.
num_chunks_taken_from_freelist: 934.
num_chunk_merges: 0.
num_chunk_splits: 624.
num_chunks_enlarged: 448.
num_inconsistent_stats: 0.

CodeHeap 'non-profiled nmethods': size=120000Kb used=1122Kb max_used=1122Kb free=118877Kb
 bounds [0x0000020595db0000, 0x0000020596020000, 0x000002059d2e0000]
CodeHeap 'profiled nmethods': size=120000Kb used=5319Kb max_used=5319Kb free=114680Kb
 bounds [0x000002058e2e0000, 0x000002058e820000, 0x0000020595810000]
CodeHeap 'non-nmethods': size=5760Kb used=1614Kb max_used=1632Kb free=4145Kb
 bounds [0x0000020595810000, 0x0000020595a80000, 0x0000020595db0000]
 total_blobs=3285 nmethods=2744 adapters=445
 compilation: enabled
              stopped_count=0, restarted_count=0
 full_count=0

Compilation events (20 events):
Event: 1.071 Thread 0x00000205ea120090 nmethod 2554 0x000002058e79b010 code [0x000002058e79b220, 0x000002058e79b650]
Event: 1.071 Thread 0x00000205ea120090 2555       3       org.springframework.beans.factory.BeanFactoryUtils::isFactoryDereference (19 bytes)
Event: 1.071 Thread 0x00000205ea120090 nmethod 2555 0x000002058e79b810 code [0x000002058e79b9c0, 0x000002058e79bbd8]
Event: 1.072 Thread 0x00000205ea32b1f0 nmethod 2418 0x0000020595eb7690 code [0x0000020595eb7840, 0x0000020595eb7fc0]
Event: 1.072 Thread 0x00000205ea32b1f0 2397       4       jdk.internal.jimage.ImageStringsReader::hashCode (33 bytes)
Event: 1.074 Thread 0x00000205ea32b1f0 nmethod 2397 0x0000020595eb8390 code [0x0000020595eb8560, 0x0000020595eb8920]
Event: 1.074 Thread 0x00000205ea32b1f0 2478       4       jdk.internal.module.ModuleReferenceImpl::hashCode (56 bytes)
Event: 1.075 Thread 0x00000205ea120090 2557       3       jdk.internal.org.objectweb.asm.MethodVisitor::visitInsn (16 bytes)
Event: 1.075 Thread 0x00000205ea120090 nmethod 2557 0x000002058e79bd10 code [0x000002058e79bec0, 0x000002058e79c0d0]
Event: 1.075 Thread 0x00000205ea32b1f0 nmethod 2478 0x0000020595eb8d10 code [0x0000020595eb8ec0, 0x0000020595eb9028]
Event: 1.075 Thread 0x00000205ea32b1f0 2408       4       java.lang.StringConcatHelper::newArray (40 bytes)
Event: 1.076 Thread 0x00000205ea32b1f0 nmethod 2408 0x0000020595eb9190 code [0x0000020595eb9320, 0x0000020595eb9448]
Event: 1.076 Thread 0x00000205ea32b1f0 2556       4       java.util.Optional::orElse (16 bytes)
Event: 1.076 Thread 0x00000205ea32b1f0 nmethod 2556 0x0000020595eb9510 code [0x0000020595eb9680, 0x0000020595eb9720]
Event: 1.076 Thread 0x00000205ea32b1f0 2552       4       jdk.internal.module.SystemModuleFinders$SystemModuleReader::find (59 bytes)
Event: 1.079 Thread 0x00000205ea120090 2559       3       jdk.internal.org.objectweb.asm.MethodVisitor::visitMethodInsn (80 bytes)
Event: 1.079 Thread 0x00000205ea120090 nmethod 2559 0x000002058e79c190 code [0x000002058e79c380, 0x000002058e79c848]
Event: 1.079 Thread 0x00000205ea120090 2560   !   3       java.lang.invoke.MethodHandles$Lookup$ClassDefiner::defineClass (213 bytes)
Event: 1.080 Thread 0x00000205ea120090 nmethod 2560 0x000002058e79c990 code [0x000002058e79cc00, 0x000002058e79d5c8]
Event: 1.080 Thread 0x00000205ea120090 2561       3       java.lang.System$2::defineClass (21 bytes)

GC Heap History (4 events):
Event: 0.501 GC heap before
{Heap before GC invocations=0 (full 0):
 garbage-first heap   total reserved 4134912K, committed 260096K, used 22528K [0x0000000703a00000, 0x0000000800000000)
  region size 2048K, 12 young (24576K), 0 survivors (0K)
 Metaspace       used 6625K, committed 6848K, reserved 1114112K
  class space    used 789K, committed 896K, reserved 1048576K
}
Event: 0.504 GC heap after
{Heap after GC invocations=1 (full 0):
 garbage-first heap   total reserved 4134912K, committed 260096K, used 6862K [0x0000000703a00000, 0x0000000800000000)
  region size 2048K, 2 young (4096K), 2 survivors (4096K)
 Metaspace       used 6625K, committed 6848K, reserved 1114112K
  class space    used 789K, committed 896K, reserved 1048576K
}
Event: 0.847 GC heap before
{Heap before GC invocations=1 (full 0):
 garbage-first heap   total reserved 4134912K, committed 260096K, used 39630K [0x0000000703a00000, 0x0000000800000000)
  region size 2048K, 18 young (36864K), 2 survivors (4096K)
 Metaspace       used 16532K, committed 16832K, reserved 1114112K
  class space    used 2011K, committed 2176K, reserved 1048576K
}
Event: 0.851 GC heap after
{Heap after GC invocations=2 (full 0):
 garbage-first heap   total reserved 4134912K, committed 260096K, used 9450K [0x0000000703a00000, 0x0000000800000000)
  region size 2048K, 2 young (4096K), 2 survivors (4096K)
 Metaspace       used 16532K, committed 16832K, reserved 1114112K
  class space    used 2011K, committed 2176K, reserved 1048576K
}

Dll operation events (12 events):
Event: 0.007 Loaded shared library C:\Users\hp\.jdks\openjdk-22.0.2\bin\java.dll
Event: 0.034 Loaded shared library C:\Users\hp\.jdks\openjdk-22.0.2\bin\jsvml.dll
Event: 0.096 Loaded shared library C:\Users\hp\.jdks\openjdk-22.0.2\bin\zip.dll
Event: 0.098 Loaded shared library C:\Users\hp\.jdks\openjdk-22.0.2\bin\instrument.dll
Event: 0.102 Loaded shared library C:\Users\hp\.jdks\openjdk-22.0.2\bin\net.dll
Event: 0.103 Loaded shared library C:\Users\hp\.jdks\openjdk-22.0.2\bin\nio.dll
Event: 0.105 Loaded shared library C:\Users\hp\.jdks\openjdk-22.0.2\bin\zip.dll
Event: 0.158 Loaded shared library C:\Program Files\JetBrains\IntelliJ IDEA Community Edition 2023.3.5\bin\breakgen64.dll
Event: 0.164 Loaded shared library C:\Users\hp\.jdks\openjdk-22.0.2\bin\extnet.dll
Event: 0.185 Loaded shared library C:\Users\hp\.jdks\openjdk-22.0.2\bin\jimage.dll
Event: 0.654 Loaded shared library C:\Users\hp\.jdks\openjdk-22.0.2\bin\le.dll
Event: 0.927 Loaded shared library C:\Users\hp\.jdks\openjdk-22.0.2\bin\sunmscapi.dll

Deoptimization events (20 events):
Event: 0.986 Thread 0x0000020585fa45f0 DEOPT PACKING pc=0x000002058e41c17e sp=0x000000c4bb8fe6e0
Event: 0.986 Thread 0x0000020585fa45f0 DEOPT UNPACKING pc=0x00000205958688e2 sp=0x000000c4bb8fdbc8 mode 0
Event: 0.986 Thread 0x0000020585fa45f0 DEOPT PACKING pc=0x000002058e41c17e sp=0x000000c4bb8fe6e0
Event: 0.986 Thread 0x0000020585fa45f0 DEOPT UNPACKING pc=0x00000205958688e2 sp=0x000000c4bb8fdbc8 mode 0
Event: 0.986 Thread 0x0000020585fa45f0 Uncommon trap: trap_request=0xffffff45 fr.pc=0x0000020595e99a1c relative=0x00000000000007fc
Event: 0.986 Thread 0x0000020585fa45f0 Uncommon trap: reason=unstable_if action=reinterpret pc=0x0000020595e99a1c method=java.util.Properties.load0(Ljava/util/Properties$LineReader;)V @ 14 c2
Event: 0.986 Thread 0x0000020585fa45f0 DEOPT PACKING pc=0x0000020595e99a1c sp=0x000000c4bb8fe7c0
Event: 0.986 Thread 0x0000020585fa45f0 DEOPT UNPACKING pc=0x0000020595867da2 sp=0x000000c4bb8fe770 mode 2
Event: 1.012 Thread 0x0000020585fa45f0 Uncommon trap: trap_request=0xffffff45 fr.pc=0x0000020595e283fc relative=0x0000000000000a3c
Event: 1.012 Thread 0x0000020585fa45f0 Uncommon trap: reason=unstable_if action=reinterpret pc=0x0000020595e283fc method=jdk.internal.org.objectweb.asm.SymbolTable.put(Ljdk/internal/org/objectweb/asm/SymbolTable$Entry;)Ljdk/internal/org/objectweb/asm/SymbolTable$Entry; @ 13 c2
Event: 1.012 Thread 0x0000020585fa45f0 DEOPT PACKING pc=0x0000020595e283fc sp=0x000000c4bb8fcca0
Event: 1.012 Thread 0x0000020585fa45f0 DEOPT UNPACKING pc=0x0000020595867da2 sp=0x000000c4bb8fcbd8 mode 2
Event: 1.049 Thread 0x0000020585fa45f0 Uncommon trap: trap_request=0xffffff45 fr.pc=0x0000020595e75a58 relative=0x0000000000001f98
Event: 1.049 Thread 0x0000020585fa45f0 Uncommon trap: reason=unstable_if action=reinterpret pc=0x0000020595e75a58 method=org.springframework.boot.context.properties.source.ConfigurationPropertyName$ElementsParser.add(IILorg/springframework/boot/context/properties/source/ConfigurationPropertyNa
Event: 1.049 Thread 0x0000020585fa45f0 DEOPT PACKING pc=0x0000020595e75a58 sp=0x000000c4bb8fe0a0
Event: 1.049 Thread 0x0000020585fa45f0 DEOPT UNPACKING pc=0x0000020595867da2 sp=0x000000c4bb8fdfc8 mode 2
Event: 1.065 Thread 0x00000205a4f5bde0 Uncommon trap: trap_request=0xffffff45 fr.pc=0x0000020595e89768 relative=0x0000000000000068
Event: 1.065 Thread 0x00000205a4f5bde0 Uncommon trap: reason=unstable_if action=reinterpret pc=0x0000020595e89768 method=java.nio.charset.CoderResult.isUnderflow()Z @ 4 c2
Event: 1.065 Thread 0x00000205a4f5bde0 DEOPT PACKING pc=0x0000020595e89768 sp=0x000000c4bc3fec00
Event: 1.065 Thread 0x00000205a4f5bde0 DEOPT UNPACKING pc=0x0000020595867da2 sp=0x000000c4bc3feb90 mode 2

Classes loaded (20 events):
Event: 0.953 Loading class java/lang/Thread$ThreadNumbering
Event: 0.953 Loading class java/lang/Thread$ThreadNumbering done
Event: 0.960 Loading class javax/naming/ldap/LdapContext
Event: 0.960 Loading class javax/naming/directory/DirContext
Event: 0.960 Loading class javax/naming/directory/DirContext done
Event: 0.960 Loading class javax/naming/ldap/LdapContext done
Event: 1.060 Loading class jdk/internal/vm/VMSupport
Event: 1.060 Loading class jdk/internal/vm/VMSupport done
Event: 1.061 Loading class sun/nio/cs/ISO_8859_1$Encoder
Event: 1.061 Loading class sun/nio/cs/ISO_8859_1$Encoder done
Event: 1.061 Loading class sun/nio/cs/Surrogate$Parser
Event: 1.061 Loading class sun/nio/cs/Surrogate$Parser done
Event: 1.061 Loading class sun/nio/cs/Surrogate
Event: 1.061 Loading class sun/nio/cs/Surrogate done
Event: 1.061 Loading class sun/util/resources/TimeZoneNames
Event: 1.062 Loading class sun/util/resources/TimeZoneNames done
Event: 1.062 Loading class sun/util/resources/TimeZoneNames_en
Event: 1.062 Loading class sun/util/resources/TimeZoneNames_en done
Event: 1.080 Loading class java/beans/PropertyVetoException
Event: 1.080 Loading class java/beans/PropertyVetoException done

Classes unloaded (0 events):
No events

Classes redefined (0 events):
No events

Internal exceptions (20 events):
Event: 0.636 Thread 0x0000020585fa45f0 Exception <a 'java/lang/NoSuchMethodError'{0x0000000713069788}: 'void java.lang.invoke.DirectMethodHandle$Holder.invokeSpecial(java.lang.Object, java.lang.Object, java.lang.Object)'> (0x0000000713069788) 
thrown [s\open\src\hotspot\share\interpreter\linkResolver.cpp, line 774]
Event: 0.640 Thread 0x0000020585fa45f0 Exception <a 'java/lang/IncompatibleClassChangeError'{0x0000000713095d80}: Found class java.lang.Object, but interface was expected> (0x0000000713095d80) 
thrown [s\open\src\hotspot\share\interpreter\linkResolver.cpp, line 841]
Event: 0.640 Thread 0x00000205eafc8d90 Exception <a 'java/lang/NoClassDefFoundError'{0x00000007130d83c0}: jakarta/validation/Validation> (0x00000007130d83c0) 
thrown [s\open\src\hotspot\share\classfile\systemDictionary.cpp, line 302]
Event: 0.642 Thread 0x0000020585fa45f0 Exception <a 'java/lang/NoSuchMethodError'{0x00000007130a9070}: 'java.lang.Object java.lang.invoke.DirectMethodHandle$Holder.invokeStaticInit(java.lang.Object, int)'> (0x00000007130a9070) 
thrown [s\open\src\hotspot\share\interpreter\linkResolver.cpp, line 774]
Event: 0.643 Thread 0x0000020585fa45f0 Exception <a 'java/lang/NoSuchMethodError'{0x00000007130b3568}: 'java.lang.Object java.lang.invoke.DirectMethodHandle$Holder.invokeStatic(java.lang.Object, int, java.lang.Object)'> (0x00000007130b3568) 
thrown [s\open\src\hotspot\share\interpreter\linkResolver.cpp, line 774]
Event: 0.644 Thread 0x0000020585fa45f0 Exception <a 'java/lang/NoSuchMethodError'{0x00000007130b6be8}: 'java.lang.Object java.lang.invoke.DirectMethodHandle$Holder.invokeStaticInit(java.lang.Object, int, java.lang.Object)'> (0x00000007130b6be8) 
thrown [s\open\src\hotspot\share\interpreter\linkResolver.cpp, line 774]
Event: 0.650 Thread 0x0000020585fa45f0 Exception <a 'sun/nio/fs/WindowsException'{0x0000000713159418}> (0x0000000713159418) 
thrown [s\open\src\hotspot\share\prims\jni.cpp, line 520]
Event: 0.656 Thread 0x0000020585fa45f0 Exception <a 'jdk/internal/org/jline/terminal/impl/jna/LastErrorException'{0x0000000713165ad0}> (0x0000000713165ad0) 
thrown [s\open\src\hotspot\share\prims\jni.cpp, line 520]
Event: 0.656 Thread 0x0000020585fa45f0 Exception <a 'jdk/internal/org/jline/terminal/impl/jna/LastErrorException'{0x0000000713166190}> (0x0000000713166190) 
thrown [s\open\src\hotspot\share\prims\jni.cpp, line 520]
Event: 0.656 Thread 0x0000020585fa45f0 Exception <a 'jdk/internal/org/jline/terminal/impl/jna/LastErrorException'{0x0000000713166800}> (0x0000000713166800) 
thrown [s\open\src\hotspot\share\prims\jni.cpp, line 520]
Event: 0.706 Thread 0x0000020585fa45f0 Exception <a 'java/lang/NoSuchMethodError'{0x0000000712d6c638}: 'int java.lang.invoke.DirectMethodHandle$Holder.invokeVirtual(java.lang.Object, java.lang.Object)'> (0x0000000712d6c638) 
thrown [s\open\src\hotspot\share\interpreter\linkResolver.cpp, line 774]
Event: 0.860 Thread 0x00000205eafc8d90 Exception <a 'java/lang/NoSuchMethodError'{0x000000071374fb00}: 'long java.lang.invoke.DirectMethodHandle$Holder.invokeSpecial(java.lang.Object, java.lang.Object)'> (0x000000071374fb00) 
thrown [s\open\src\hotspot\share\interpreter\linkResolver.cpp, line 774]
Event: 0.861 Thread 0x00000205eafc8d90 Exception <a 'java/lang/NoSuchMethodError'{0x000000071340af28}: 'long java.lang.invoke.DirectMethodHandle$Holder.invokeStatic(java.lang.Object, java.lang.Object)'> (0x000000071340af28) 
thrown [s\open\src\hotspot\share\interpreter\linkResolver.cpp, line 774]
Event: 0.861 Thread 0x00000205eafc8d90 Exception <a 'java/lang/NoSuchMethodError'{0x000000071340e010}: 'long java.lang.invoke.DirectMethodHandle$Holder.invokeStaticInit(java.lang.Object, java.lang.Object)'> (0x000000071340e010) 
thrown [s\open\src\hotspot\share\interpreter\linkResolver.cpp, line 774]
Event: 0.862 Thread 0x00000205eafc8d90 Exception <a 'java/lang/NoSuchMethodError'{0x000000071341a208}: 'long java.lang.invoke.DirectMethodHandle$Holder.invokeInterface(java.lang.Object, java.lang.Object)'> (0x000000071341a208) 
thrown [s\open\src\hotspot\share\interpreter\linkResolver.cpp, line 774]
Event: 0.862 Thread 0x00000205eafc8d90 Exception <a 'java/lang/IncompatibleClassChangeError'{0x000000071341d218}: Found class java.lang.Object, but interface was expected> (0x000000071341d218) 
thrown [s\open\src\hotspot\share\interpreter\linkResolver.cpp, line 841]
Event: 0.865 Thread 0x00000205eafc8d90 Exception <a 'java/lang/NoSuchMethodError'{0x0000000713432978}: 'java.lang.Object java.lang.invoke.DirectMethodHandle$Holder.invokeVirtual(java.lang.Object, java.lang.Object, java.lang.Object, java.lang.Object)'> (0x0000000713432978) 
thrown [s\open\src\hotspot\share\interpreter\linkResolver.cpp, line 774]
Event: 0.868 Thread 0x0000020585fa45f0 Exception <a 'java/lang/NoSuchMethodError'{0x00000007137d7a18}: 'int java.lang.invoke.DirectMethodHandle$Holder.invokeSpecial(java.lang.Object, java.lang.Object, java.lang.Object, java.lang.Object, java.lang.Object)'> (0x00000007137d7a18) 
thrown [s\open\src\hotspot\share\interpreter\linkResolver.cpp, line 774]
Event: 0.869 Thread 0x0000020585fa45f0 Exception <a 'java/lang/NoSuchMethodError'{0x00000007137dfdf0}: 'void java.lang.invoke.DirectMethodHandle$Holder.invokeVirtual(java.lang.Object, java.lang.Object)'> (0x00000007137dfdf0) 
thrown [s\open\src\hotspot\share\interpreter\linkResolver.cpp, line 774]
Event: 0.982 Thread 0x0000020585fa45f0 Exception <a 'java/lang/IncompatibleClassChangeError'{0x0000000712a4f8e0}: Found class java.lang.Object, but interface was expected> (0x0000000712a4f8e0) 
thrown [s\open\src\hotspot\share\interpreter\linkResolver.cpp, line 841]

ZGC Phase Switch (0 events):
No events

VM Operations (20 events):
Event: 0.644 Executing VM operation: HandshakeAllThreads (Deoptimize)
Event: 0.644 Executing VM operation: HandshakeAllThreads (Deoptimize) done
Event: 0.686 Executing VM operation: ICBufferFull
Event: 0.686 Executing VM operation: ICBufferFull done
Event: 0.757 Executing VM operation: HandshakeAllThreads (Deoptimize)
Event: 0.757 Executing VM operation: HandshakeAllThreads (Deoptimize) done
Event: 0.823 Executing VM operation: HandshakeAllThreads (Deoptimize)
Event: 0.824 Executing VM operation: HandshakeAllThreads (Deoptimize) done
Event: 0.847 Executing VM operation: G1CollectForAllocation (G1 Evacuation Pause)
Event: 0.851 Executing VM operation: G1CollectForAllocation (G1 Evacuation Pause) done
Event: 0.856 Executing VM operation: HandshakeAllThreads (Deoptimize)
Event: 0.856 Executing VM operation: HandshakeAllThreads (Deoptimize) done
Event: 0.871 Executing VM operation: HandshakeAllThreads (Deoptimize)
Event: 0.871 Executing VM operation: HandshakeAllThreads (Deoptimize) done
Event: 0.889 Executing VM operation: HandshakeAllThreads (Deoptimize)
Event: 0.889 Executing VM operation: HandshakeAllThreads (Deoptimize) done
Event: 0.915 Executing VM operation: HandshakeAllThreads (Deoptimize)
Event: 0.915 Executing VM operation: HandshakeAllThreads (Deoptimize) done
Event: 1.034 Executing VM operation: ICBufferFull
Event: 1.034 Executing VM operation: ICBufferFull done

Memory protections (0 events):
No events

Nmethod flushes (0 events):
No events

Events (18 events):
Event: 0.021 Thread 0x0000020585fa45f0 Thread added: 0x0000020585fa45f0
Event: 0.032 Thread 0x0000020585fa45f0 Thread added: 0x00000205a4f506d0
Event: 0.032 Thread 0x0000020585fa45f0 Thread added: 0x00000205a4f51cf0
Event: 0.032 Thread 0x0000020585fa45f0 Thread added: 0x00000205a4f59280
Event: 0.032 Thread 0x0000020585fa45f0 Thread added: 0x00000205a4f5bde0
Event: 0.032 Thread 0x0000020585fa45f0 Thread added: 0x00000205a4f5c930
Event: 0.032 Thread 0x0000020585fa45f0 Thread added: 0x00000205a4f5d9c0
Event: 0.032 Thread 0x0000020585fa45f0 Thread added: 0x00000205a4f688b0
Event: 0.032 Thread 0x0000020585fa45f0 Thread added: 0x00000205ea120090
Event: 0.077 Thread 0x0000020585fa45f0 Thread added: 0x00000205a4f1d030
Event: 0.115 Thread 0x00000205ea120090 Thread added: 0x00000205ea32ab30
Event: 0.123 Thread 0x00000205ea120090 Thread added: 0x00000205ea32b1f0
Event: 0.158 Thread 0x0000020585fa45f0 Thread added: 0x00000205ea5100a0
Event: 0.158 Thread 0x0000020585fa45f0 Thread added: 0x00000205ea511420
Event: 0.638 Thread 0x0000020585fa45f0 Thread added: 0x00000205eafc8d90
Event: 0.934 Thread 0x00000205eafc8d90 Thread exited: 0x00000205eafc8d90
Event: 0.953 Thread 0x0000020585fa45f0 Thread added: 0x00000205eb0fd420
Event: 0.967 Thread 0x00000205eb0fd420 Thread exited: 0x00000205eb0fd420


Dynamic libraries:
0x00007ff6bd6c0000 - 0x00007ff6bd6ce000 	C:\Users\hp\.jdks\openjdk-22.0.2\bin\java.exe
0x00007ff973a10000 - 0x00007ff973c27000 	C:\WINDOWS\SYSTEM32\ntdll.dll
0x00007ff971740000 - 0x00007ff971804000 	C:\WINDOWS\System32\KERNEL32.DLL
0x00007ff971230000 - 0x00007ff9715dd000 	C:\WINDOWS\System32\KERNELBASE.dll
0x00007ff970d30000 - 0x00007ff970e41000 	C:\WINDOWS\System32\ucrtbase.dll
0x00007ff93d750000 - 0x00007ff93d767000 	C:\Users\hp\.jdks\openjdk-22.0.2\bin\jli.dll
0x00007ff93cb00000 - 0x00007ff93cb1b000 	C:\Users\hp\.jdks\openjdk-22.0.2\bin\VCRUNTIME140.dll
0x00007ff9737f0000 - 0x00007ff97399e000 	C:\WINDOWS\System32\USER32.dll
0x00007ff971200000 - 0x00007ff971226000 	C:\WINDOWS\System32\win32u.dll
0x00007ff973070000 - 0x00007ff973099000 	C:\WINDOWS\System32\GDI32.dll
0x00007ff970e50000 - 0x00007ff970f69000 	C:\WINDOWS\System32\gdi32full.dll
0x00007ff955920000 - 0x00007ff955bb3000 	C:\WINDOWS\WinSxS\amd64_microsoft.windows.common-controls_6595b64144ccf1df_6.0.22621.3672_none_2713b9d173822955\COMCTL32.dll
0x00007ff971160000 - 0x00007ff9711fa000 	C:\WINDOWS\System32\msvcp_win.dll
0x00007ff971b70000 - 0x00007ff971c17000 	C:\WINDOWS\System32\msvcrt.dll
0x00007ff972ae0000 - 0x00007ff972b11000 	C:\WINDOWS\System32\IMM32.DLL
0x00007ff954820000 - 0x00007ff95482c000 	C:\Users\hp\.jdks\openjdk-22.0.2\bin\vcruntime140_1.dll
0x00007ff908040000 - 0x00007ff9080ce000 	C:\Users\hp\.jdks\openjdk-22.0.2\bin\msvcp140.dll
0x00007ff8d46d0000 - 0x00007ff8d5419000 	C:\Users\hp\.jdks\openjdk-22.0.2\bin\server\jvm.dll
0x00007ff972a20000 - 0x00007ff972ad2000 	C:\WINDOWS\System32\ADVAPI32.dll
0x00007ff973200000 - 0x00007ff9732a9000 	C:\WINDOWS\System32\sechost.dll
0x00007ff971650000 - 0x00007ff971678000 	C:\WINDOWS\System32\bcrypt.dll
0x00007ff9733d0000 - 0x00007ff9734e4000 	C:\WINDOWS\System32\RPCRT4.dll
0x00007ff973720000 - 0x00007ff973791000 	C:\WINDOWS\System32\WS2_32.dll
0x00007ff96fbc0000 - 0x00007ff96fc0d000 	C:\WINDOWS\SYSTEM32\POWRPROF.dll
0x00007ff969840000 - 0x00007ff96984a000 	C:\WINDOWS\SYSTEM32\VERSION.dll
0x00007ff969e40000 - 0x00007ff969e74000 	C:\WINDOWS\SYSTEM32\WINMM.dll
0x00007ff96fba0000 - 0x00007ff96fbb3000 	C:\WINDOWS\SYSTEM32\UMPDC.dll
0x00007ff96fe50000 - 0x00007ff96fe68000 	C:\WINDOWS\SYSTEM32\kernel.appcore.dll
0x00007ff954790000 - 0x00007ff95479a000 	C:\Users\hp\.jdks\openjdk-22.0.2\bin\jimage.dll
0x00007ff96e650000 - 0x00007ff96e882000 	C:\WINDOWS\SYSTEM32\DBGHELP.DLL
0x00007ff972cd0000 - 0x00007ff97305d000 	C:\WINDOWS\System32\combase.dll
0x00007ff973120000 - 0x00007ff9731f7000 	C:\WINDOWS\System32\OLEAUT32.dll
0x00007ff94e4b0000 - 0x00007ff94e4e2000 	C:\WINDOWS\SYSTEM32\dbgcore.DLL
0x00007ff970f70000 - 0x00007ff970feb000 	C:\WINDOWS\System32\bcryptPrimitives.dll
0x00007ff93ccf0000 - 0x00007ff93ccff000 	C:\Users\hp\.jdks\openjdk-22.0.2\bin\instrument.dll
0x00007ff93b200000 - 0x00007ff93b21e000 	C:\Users\hp\.jdks\openjdk-22.0.2\bin\java.dll
0x00007ff9721b0000 - 0x00007ff972a18000 	C:\WINDOWS\System32\SHELL32.dll
0x00007ff972b20000 - 0x00007ff972cc5000 	C:\WINDOWS\System32\ole32.dll
0x00007ff96ec80000 - 0x00007ff96f57e000 	C:\WINDOWS\SYSTEM32\windows.storage.dll
0x00007ff96eb40000 - 0x00007ff96ec7f000 	C:\WINDOWS\SYSTEM32\wintypes.dll
0x00007ff9732d0000 - 0x00007ff9733c9000 	C:\WINDOWS\System32\SHCORE.dll
0x00007ff9736b0000 - 0x00007ff97370e000 	C:\WINDOWS\System32\shlwapi.dll
0x00007ff970c60000 - 0x00007ff970c81000 	C:\WINDOWS\SYSTEM32\profapi.dll
0x00007ff8e52f0000 - 0x00007ff8e53c7000 	C:\Users\hp\.jdks\openjdk-22.0.2\bin\jsvml.dll
0x00007ff92c210000 - 0x00007ff92c227000 	C:\Users\hp\.jdks\openjdk-22.0.2\bin\zip.dll
0x00007ff950140000 - 0x00007ff950150000 	C:\Users\hp\.jdks\openjdk-22.0.2\bin\net.dll
0x00007ff9702c0000 - 0x00007ff970329000 	C:\WINDOWS\system32\mswsock.dll
0x00007ff9399b0000 - 0x00007ff9399c6000 	C:\Users\hp\.jdks\openjdk-22.0.2\bin\nio.dll
0x00007ff93ccd0000 - 0x00007ff93ccea000 	C:\Program Files\JetBrains\IntelliJ IDEA Community Edition 2023.3.5\bin\breakgen64.dll
0x00007ff94f100000 - 0x00007ff94f109000 	C:\Users\hp\.jdks\openjdk-22.0.2\bin\extnet.dll
0x00007ff9392a0000 - 0x00007ff9392ab000 	C:\Users\hp\.jdks\openjdk-22.0.2\bin\le.dll
0x00007ff9397c0000 - 0x00007ff9397ce000 	C:\Users\hp\.jdks\openjdk-22.0.2\bin\sunmscapi.dll
0x00007ff970ff0000 - 0x00007ff971157000 	C:\WINDOWS\System32\CRYPT32.dll
0x00007ff9706e0000 - 0x00007ff97070e000 	C:\WINDOWS\SYSTEM32\ncrypt.dll
0x00007ff9706a0000 - 0x00007ff9706d7000 	C:\WINDOWS\SYSTEM32\NTASN1.dll

dbghelp: loaded successfully - version: 4.0.5 - missing functions: none
symbol engine: initialized successfully - sym options: 0x614 - pdb path: .;C:\Users\hp\.jdks\openjdk-22.0.2\bin;C:\WINDOWS\SYSTEM32;C:\WINDOWS\WinSxS\amd64_microsoft.windows.common-controls_6595b64144ccf1df_6.0.22621.3672_none_2713b9d173822955;C:\Users\hp\.jdks\openjdk-22.0.2\bin\server;C:\Program Files\JetBrains\IntelliJ IDEA Community Edition 2023.3.5\bin

VM Arguments:
jvm_args: --enable-preview -javaagent:C:\Program Files\JetBrains\IntelliJ IDEA Community Edition 2023.3.5\lib\idea_rt.jar=59605:C:\Program Files\JetBrains\IntelliJ IDEA Community Edition 2023.3.5\bin -Dfile.encoding=UTF-8 -Dsun.stdout.encoding=UTF-8 -Dsun.stderr.encoding=UTF-8 
java_command: com.abcrestaurant.Backend.BackendApplication
java_class_path (initial): D:\ABC_Resturant_Project\ABC-Resturant\Backend\target\classes;C:\Users\hp\.m2\repository\org\springframework\boot\spring-boot-starter-data-jpa\3.3.2\spring-boot-starter-data-jpa-3.3.2.jar;C:\Users\hp\.m2\repository\org\springframework\boot\spring-boot-starter-aop\3.3.2\spring-boot-starter-aop-3.3.2.jar;C:\Users\hp\.m2\repository\org\springframework\spring-aop\6.1.11\spring-aop-6.1.11.jar;C:\Users\hp\.m2\repository\org\aspectj\aspectjweaver\1.9.22.1\aspectjweaver-1.9.22.1.jar;C:\Users\hp\.m2\repository\org\springframework\boot\spring-boot-starter-jdbc\3.3.2\spring-boot-starter-jdbc-3.3.2.jar;C:\Users\hp\.m2\repository\com\zaxxer\HikariCP\5.1.0\HikariCP-5.1.0.jar;C:\Users\hp\.m2\repository\org\springframework\spring-jdbc\6.1.11\spring-jdbc-6.1.11.jar;C:\Users\hp\.m2\repository\org\hibernate\orm\hibernate-core\6.5.2.Final\hibernate-core-6.5.2.Final.jar;C:\Users\hp\.m2\repository\jakarta\persistence\jakarta.persistence-api\3.1.0\jakarta.persistence-api-3.1.0.jar;C:\Users\hp\.m2\repository\jakarta\transaction\jakarta.transaction-api\2.0.1\jakarta.transaction-api-2.0.1.jar;C:\Users\hp\.m2\repository\org\jboss\logging\jboss-logging\3.5.3.Final\jboss-logging-3.5.3.Final.jar;C:\Users\hp\.m2\repository\org\hibernate\common\hibernate-commons-annotations\6.0.6.Final\hibernate-commons-annotations-6.0.6.Final.jar;C:\Users\hp\.m2\repository\io\smallrye\jandex\3.1.2\jandex-3.1.2.jar;C:\Users\hp\.m2\repository\com\fasterxml\classmate\1.7.0\classmate-1.7.0.jar;C:\Users\hp\.m2\repository\net\bytebuddy\byte-buddy\1.14.18\byte-buddy-1.14.18.jar;C:\Users\hp\.m2\repository\org\glassfish\jaxb\jaxb-runtime\4.0.5\jaxb-runtime-4.0.5.jar;C:\Users\hp\.m2\repository\org\glassfish\jaxb\jaxb-core\4.0.5\jaxb-core-4.0.5.jar;C:\Users\hp\.m2\repository\org\eclipse\angus\angus-activation\2.0.2\angus-activation-2.0.2.jar;C:\Users\hp\.m2\repository\org\glassfish\jaxb\txw2\4.0.5\txw2-4.0.5.jar;C:\Users\hp\.m2\repository\com\sun\istack\istack-commons-runtime\4.1.2\istack-commons-runtime-4.1.2.jar;C:\Users\hp\.m2\repository\jakarta\inject\jakarta.inject-api\2.0.1\jakarta.inject-api-2.0.1.jar;C:\Users\hp\.m2\repository\org\antlr\antlr4-runtime\4.13.0\antlr4-runtime-4.13.0.jar;C:\Users\hp\.m2\repository\org\springframework\data\spring-data-jpa\3.3.2\spring-data-jpa-3.3.2.jar;C:\Users\hp\.m2\repository\org\springframework\data\spring-data-commons\3.3.2\spring-data-commons-3.3.2.jar;C:\Users\hp\.m2\repository\org\springframework\spring-orm\6.1.11\spring-orm-6.1.11.jar;C:\Users\hp\.m2\repository\org\springframework\spring-context\6.1.11\spring-context-6.1.11.jar;C:\Users\hp\.m2\repository\org\springframework\spring-tx\6.1.11\spring-tx-6.1.11.jar;C:\Users\hp\.m2\repository\org\springframework\spring-beans\6.1.11\spring-beans-6.1.11.jar;C:\Users\hp\.m2\repository\jakarta\annotation\jakarta.annotation-api\2.1.1\jakarta.annotation-api-2.1.1.jar;C:\Users\hp\.m2\repository\org\slf4j\slf4j-api\2.0.13\slf4j-api-2.0.13.jar;C:\Users\hp\.m2\repository\org\springframework\spring-aspects\6.1.11\spring-aspects-6.1.11.jar;C:\Users\hp\.m2\repository\org\springframework\boot\spring-boot-starter-web\3.3.2\spring-boot-starter-web-3.3.2.jar;C:\Users\hp\.m2\repository\org\springframework\boot\spring-boot-starter\3.3.2\spring-boot-starter-3.3.2.jar;C:\Users\hp\.m2\repository\org\springframework\boot\spring-boot\3.3.2\spring-boot-3.3.2.jar;C:\Users\hp\.m2\repository\org\springframework\boot\spring-boot-autoconfigure\3.3.2\spring-boot-autoconfigure-3.3.2.jar;C:\Users\hp\.m2\repository\org\springframework\boot\spring-boot-starter-logging\3.3.2\spring-boot-starter-logging-3.3.2.jar;C:\Users\hp\.m2\repository\ch\qos\logback\logback-classic\1.5.6\logback-classic-1.5.6.jar;C:\Users\hp\.m2\repository\ch\qos\logback\logback-core\1.5.6\logback-core-1.5.6.jar;C:\Users\hp\.m2\repository\org\apache\logging\log4j\log4j-to-slf4j\2.23.1\log4j-to-slf4j-2.23.1.jar;C:\Users\hp\.m2\repository\org\apache\logging\log4j\log4j-api\2.23.1\log4j-api-2.23.1.jar;C:\Users\hp\.m2\repository\org\slf4j\jul-to-slf4j\2.0.13\jul-to-slf4j-2.0.13.jar;C:\Users\hp\.m2\repository\org\yaml\snakeyaml\2.2\snakeyaml-2.2.jar;C:\Users\hp\.m2\repository\org\springframework\boot\spring-boot-starter-json\3.3.2\spring-boot-starter-json-3.3.2.jar;C:\Users\hp\.m2\repository\com\fasterxml\jackson\core\jackson-databind\2.17.2\jackson-databind-2.17.2.jar;C:\Users\hp\.m2\repository\com\fasterxml\jackson\core\jackson-annotations\2.17.2\jackson-annotations-2.17.2.jar;C:\Users\hp\.m2\repository\com\fasterxml\jackson\core\jackson-core\2.17.2\jackson-core-2.17.2.jar;C:\Users\hp\.m2\repository\com\fasterxml\jackson\datatype\jackson-datatype-jdk8\2.17.2\jackson-datatype-jdk8-2.17.2.jar;C:\Users\hp\.m2\repository\com\fasterxml\jackson\datatype\jackson-datatype-jsr310\2.17.2\jackson-datatype-jsr310-2.17.2.jar;C:\Users\hp\.m2\repository\com\fasterxml\jackson\module\jackson-module-parameter-names\2.17.2\jackson-module-parameter-names-2.17.2.jar;C:\Users\hp\.m2\repository\org\springframework\boot\spring-boot-starter-tomcat\3.3.2\spring-boot-starter-tomcat-3.3.2.jar;C:\Users\hp\.m2\repository\org\apache\tomcat\embed\tomcat-embed-core\10.1.26\tomcat-embed-core-10.1.26.jar;C:\Users\hp\.m2\repository\org\apache\tomcat\embed\tomcat-embed-el\10.1.26\tomcat-embed-el-10.1.26.jar;C:\Users\hp\.m2\repository\org\apache\tomcat\embed\tomcat-embed-websocket\10.1.26\tomcat-embed-websocket-10.1.26.jar;C:\Users\hp\.m2\repository\org\springframework\spring-web\6.1.11\spring-web-6.1.11.jar;C:\Users\hp\.m2\repository\io\micrometer\micrometer-observation\1.13.2\micrometer-observation-1.13.2.jar;C:\Users\hp\.m2\repository\io\micrometer\micrometer-commons\1.13.2\micrometer-commons-1.13.2.jar;C:\Users\hp\.m2\repository\org\springframework\spring-webmvc\6.1.11\spring-webmvc-6.1.11.jar;C:\Users\hp\.m2\repository\org\springframework\spring-expression\6.1.11\spring-expression-6.1.11.jar;C:\Users\hp\.m2\repository\com\mysql\mysql-connector-j\8.3.0\mysql-connector-j-8.3.0.jar;C:\Users\hp\.m2\repository\jakarta\xml\bind\jakarta.xml.bind-api\4.0.2\jakarta.xml.bind-api-4.0.2.jar;C:\Users\hp\.m2\repository\jakarta\activation\jakarta.activation-api\2.1.3\jakarta.activation-api-2.1.3.jar;C:\Users\hp\.m2\repository\org\springframework\spring-core\6.1.11\spring-core-6.1.11.jar;C:\Users\hp\.m2\repository\org\springframework\spring-jcl\6.1.11\spring-jcl-6.1.11.jar
Launcher Type: SUN_STANDARD

[Global flags]
     intx CICompilerCount                          = 4                                         {product} {ergonomic}
     uint ConcGCThreads                            = 2                                         {product} {ergonomic}
     uint G1ConcRefinementThreads                  = 8                                         {product} {ergonomic}
   size_t G1HeapRegionSize                         = 2097152                                   {product} {ergonomic}
   size_t InitialHeapSize                          = 266338304                                 {product} {ergonomic}
   size_t MarkStackSize                            = 4194304                                   {product} {ergonomic}
   size_t MaxHeapSize                              = 4234149888                                {product} {ergonomic}
   size_t MaxNewSize                               = 2539651072                                {product} {ergonomic}
   size_t MinHeapDeltaBytes                        = 2097152                                   {product} {ergonomic}
   size_t MinHeapSize                              = 8388608                                   {product} {ergonomic}
    uintx NonNMethodCodeHeapSize                   = 5839372                                {pd product} {ergonomic}
    uintx NonProfiledCodeHeapSize                  = 122909434                              {pd product} {ergonomic}
    uintx ProfiledCodeHeapSize                     = 122909434                              {pd product} {ergonomic}
    uintx ReservedCodeCacheSize                    = 251658240                              {pd product} {ergonomic}
     bool SegmentedCodeCache                       = true                                      {product} {ergonomic}
   size_t SoftMaxHeapSize                          = 4234149888                             {manageable} {ergonomic}
     bool UseCompressedOops                        = true                           {product lp64_product} {ergonomic}
     bool UseG1GC                                  = true                                      {product} {ergonomic}
     bool UseLargePagesIndividualAllocation        = false                                  {pd product} {ergonomic}

Logging:
Log output configuration:
 #0: stdout all=warning uptime,level,tags foldmultilines=false
 #1: stderr all=off uptime,level,tags foldmultilines=false

Environment Variables:
PATH=C:\Program Files\Common Files\Oracle\Java\javapath;C:\Program Files (x86)\Common Files\Oracle\Java\java8path;C:\Program Files (x86)\Common Files\Oracle\Java\javapath;C:\WINDOWS\system32;C:\WINDOWS;C:\WINDOWS\System32\Wbem;C:\WINDOWS\System32\WindowsPowerShell\v1.0\;C:\WINDOWS\System32\OpenSSH\;C:\Program Files\nodejs\;C:\Program Files\MySQL\MySQL Server 8.0\bin;C:\ProgramData\ComposerSetup\bin;C:\xampp;C:\php-8.2.12;C:\Program Files\Git\cmd;;C:\Users\hp\AppData\Local\Programs\Microsoft VS Code\bin;C:\Program Files\JetBrains\IntelliJ IDEA Community Edition 2023.3.5\bin;
USERNAME=hp
OS=Windows_NT
PROCESSOR_IDENTIFIER=Intel64 Family 6 Model 140 Stepping 2, GenuineIntel
TMP=C:\Users\hp\AppData\Local\Temp
TEMP=C:\Users\hp\AppData\Local\Temp




Periodic native trim disabled

---------------  S Y S T E M  ---------------

OS:
 Windows 11 , 64 bit Build 22621 (10.0.22621.3958)
OS uptime: 0 days 22:18 hours

CPU: total 8 (initial active 8) (4 cores per cpu, 2 threads per core) family 6 model 140 stepping 2 microcode 0x34, cx8, cmov, fxsr, ht, mmx, 3dnowpref, sse, sse2, sse3, ssse3, sse4.1, sse4.2, popcnt, lzcnt, tsc, tscinvbit, avx, avx2, aes, erms, clmul, bmi1, bmi2, adx, avx512f, avx512dq, avx512cd, avx512bw, avx512vl, sha, fma, vzeroupper, avx512_vpopcntdq, avx512_vpclmulqdq, avx512_vaes, avx512_vnni, clflush, clflushopt, clwb, avx512_vbmi2, avx512_vbmi, rdtscp, rdpid, fsrm, gfni, avx512_bitalg, f16c, pku, cet_ibt, cet_ss, avx512_ifma
Processor Information for processor 0
  Max Mhz: 2918, Current Mhz: 1207, Mhz Limit: 2918
Processor Information for processor 1
  Max Mhz: 2918, Current Mhz: 2918, Mhz Limit: 2918
Processor Information for processor 2
  Max Mhz: 2918, Current Mhz: 2918, Mhz Limit: 2918
Processor Information for processor 3
  Max Mhz: 2918, Current Mhz: 2918, Mhz Limit: 2918
Processor Information for processor 4
  Max Mhz: 2918, Current Mhz: 2918, Mhz Limit: 2918
Processor Information for processor 5
  Max Mhz: 2918, Current Mhz: 2918, Mhz Limit: 2918
Processor Information for processor 6
  Max Mhz: 2918, Current Mhz: 2918, Mhz Limit: 2918
Processor Information for processor 7
  Max Mhz: 2918, Current Mhz: 2918, Mhz Limit: 2918

Memory: 4k page, system-wide physical 16151M (4008M free)
TotalPageFile size 18199M (AvailPageFile size 5M)
current process WorkingSet (physical memory assigned to process): 154M, peak: 154M
current process commit charge ("private bytes"): 406M, peak: 407M

vm_info: OpenJDK 64-Bit Server VM (22.0.2+9-70) for windows-amd64 JRE (22.0.2+9-70), built on 2024-06-04T16:52:23Z by "mach5one" with MS VC++ 17.6 (VS2022)

END.
