#
# There is insufficient memory for the Java Runtime Environment to continue.
# Native memory allocation (malloc) failed to allocate 312768 bytes. Error detail: Chunk::new
# Possible reasons:
#   The system is out of physical RAM or swap space
#   This process is running with CompressedOops enabled, and the Java Heap may be blocking the growth of the native heap
# Possible solutions:
#   Reduce memory load on the system
#   Increase physical memory or swap space
#   Check if swap backing store is full
#   Decrease Java heap size (-Xmx/-Xms)
#   Decrease number of Java threads
#   Decrease Java thread stack sizes (-Xss)
#   Set larger code cache with -XX:ReservedCodeCacheSize=
#   JVM is running with Zero Based Compressed Oops mode in which the Java heap is
#     placed in the first 32GB address space. The Java Heap base address is the
#     maximum limit for the native heap growth. Please use -XX:HeapBaseMinAddress
#     to set the Java Heap base and to place the Java Heap above 32GB virtual address.
# This output file may be truncated or incomplete.
#
#  Out of Memory Error (arena.cpp:150), pid=12440, tid=12060
#
# JRE version: OpenJDK Runtime Environment (22.0.2+9) (build 22.0.2+9-70)
# Java VM: OpenJDK 64-Bit Server VM (22.0.2+9-70, mixed mode, sharing, tiered, compressed oops, compressed class ptrs, g1 gc, windows-amd64)
# No core dump will be written. Minidumps are not enabled by default on client versions of Windows
#

---------------  S U M M A R Y ------------

Command Line: --enable-preview -javaagent:C:\Program Files\JetBrains\IntelliJ IDEA Community Edition 2023.3.5\lib\idea_rt.jar=61941:C:\Program Files\JetBrains\IntelliJ IDEA Community Edition 2023.3.5\bin -Dfile.encoding=UTF-8 -Dsun.stdout.encoding=UTF-8 -Dsun.stderr.encoding=UTF-8 com.abcrestaurant.Backend.BackendApplication

Host: 11th Gen Intel(R) Core(TM) i7-1195G7 @ 2.90GHz, 8 cores, 15G,  Windows 11 , 64 bit Build 22621 (10.0.22621.3958)
Time: Sun Aug 18 13:49:22 2024 Sri Lanka Standard Time elapsed time: 10.998445 seconds (0d 0h 0m 10s)

---------------  T H R E A D  ---------------

Current thread (0x000001e4e48a0750):  JavaThread "C2 CompilerThread0" daemon [_thread_in_native, id=12060, stack(0x000000880fe00000,0x000000880ff00000) (1024K)]


Current CompileTask:
C2:10998 5803   !   4       java.util.concurrent.ConcurrentHashMap::putVal (432 bytes)

Stack: [0x000000880fe00000,0x000000880ff00000]
Native frames: (J=compiled Java code, j=interpreted, Vv=VM code, C=native code)
V  [jvm.dll+0x6e26e9]  (no source info available)
V  [jvm.dll+0x875753]  (no source info available)
V  [jvm.dll+0x877b7e]  (no source info available)
V  [jvm.dll+0x878253]  (no source info available)
V  [jvm.dll+0x27fc86]  (no source info available)
V  [jvm.dll+0xc3d0f]  (no source info available)
V  [jvm.dll+0xc3f6b]  (no source info available)
V  [jvm.dll+0x3bb47c]  (no source info available)
V  [jvm.dll+0x387d4b]  (no source info available)
V  [jvm.dll+0x3871ba]  (no source info available)
V  [jvm.dll+0x2477f8]  (no source info available)
V  [jvm.dll+0x246e9f]  (no source info available)
V  [jvm.dll+0x1c4e80]  (no source info available)
V  [jvm.dll+0x2568f3]  (no source info available)
V  [jvm.dll+0x254baa]  (no source info available)
V  [jvm.dll+0x3f57a6]  (no source info available)
V  [jvm.dll+0x81dc0b]  (no source info available)
V  [jvm.dll+0x6e0d85]  (no source info available)
C  [ucrtbase.dll+0x29333]  (no source info available)
C  [KERNEL32.DLL+0x1257d]  (no source info available)
C  [ntdll.dll+0x5af28]  (no source info available)


---------------  P R O C E S S  ---------------

Threads class SMR info:
_java_thread_list=0x000001e4ebccd570, length=30, elements={
0x000001e4e4881670, 0x000001e4e4882290, 0x000001e4e48892d0, 0x000001e4e488bda0,
0x000001e4e4894910, 0x000001e4e489b200, 0x000001e4e48a0750, 0x000001e4e48a3a20,
0x000001e4c1244740, 0x000001e4c1505190, 0x000001e4c1505800, 0x000001e4e9fc87b0,
0x000001e4e9ff3020, 0x000001e4e90efee0, 0x000001e4e99cde80, 0x000001e4eb94f8e0,
0x000001e4ebd21440, 0x000001e4ebd20090, 0x000001e4ebd20db0, 0x000001e4ebd1ece0,
0x000001e4ebd20720, 0x000001e4ebd1f370, 0x000001e4ebd1fa00, 0x000001e4ed631c10,
0x000001e4ed632930, 0x000001e4ed632fc0, 0x000001e4ed62da70, 0x000001e4ed6322a0,
0x000001e4ed62e100, 0x000001e4ecea8e20
}

Java Threads: ( => current thread )
  0x000001e4e4881670 JavaThread "Reference Handler"          daemon [_thread_blocked, id=5408, stack(0x000000880f800000,0x000000880f900000) (1024K)]
  0x000001e4e4882290 JavaThread "Finalizer"                  daemon [_thread_blocked, id=2920, stack(0x000000880f900000,0x000000880fa00000) (1024K)]
  0x000001e4e48892d0 JavaThread "Signal Dispatcher"          daemon [_thread_blocked, id=7052, stack(0x000000880fa00000,0x000000880fb00000) (1024K)]
  0x000001e4e488bda0 JavaThread "Attach Listener"            daemon [_thread_blocked, id=14856, stack(0x000000880fb00000,0x000000880fc00000) (1024K)]
  0x000001e4e4894910 JavaThread "Service Thread"             daemon [_thread_blocked, id=25324, stack(0x000000880fc00000,0x000000880fd00000) (1024K)]
  0x000001e4e489b200 JavaThread "Monitor Deflation Thread"   daemon [_thread_blocked, id=24592, stack(0x000000880fd00000,0x000000880fe00000) (1024K)]
=>0x000001e4e48a0750 JavaThread "C2 CompilerThread0"         daemon [_thread_in_native, id=12060, stack(0x000000880fe00000,0x000000880ff00000) (1024K)]
  0x000001e4e48a3a20 JavaThread "C1 CompilerThread0"         daemon [_thread_in_native, id=3472, stack(0x000000880ff00000,0x0000008810000000) (1024K)]
  0x000001e4c1244740 JavaThread "Common-Cleaner"             daemon [_thread_blocked, id=8720, stack(0x0000008810000000,0x0000008810100000) (1024K)]
  0x000001e4c1505190 JavaThread "Monitor Ctrl-Break"         daemon [_thread_in_native, id=11116, stack(0x0000008810200000,0x0000008810300000) (1024K)]
  0x000001e4c1505800 JavaThread "Notification Thread"        daemon [_thread_blocked, id=6284, stack(0x0000008810300000,0x0000008810400000) (1024K)]
  0x000001e4e9fc87b0 JavaThread "Catalina-utility-1"                [_thread_blocked, id=21908, stack(0x0000008810d00000,0x0000008810e00000) (1024K)]
  0x000001e4e9ff3020 JavaThread "Catalina-utility-2"                [_thread_blocked, id=21720, stack(0x0000008810e00000,0x0000008810f00000) (1024K)]
  0x000001e4e90efee0 JavaThread "container-0"                       [_thread_blocked, id=3580, stack(0x0000008810f00000,0x0000008811000000) (1024K)]
  0x000001e4e99cde80 JavaThread "mysql-cj-abandoned-connection-cleanup" daemon [_thread_blocked, id=19780, stack(0x0000008811000000,0x0000008811100000) (1024K)]
  0x000001e4eb94f8e0 JavaThread "HikariPool-1 housekeeper"   daemon [_thread_blocked, id=14348, stack(0x0000008811200000,0x0000008811300000) (1024K)]
  0x000001e4ebd21440 JavaThread "http-nio-8080-exec-1"       daemon [_thread_in_vm, id=16472, stack(0x0000008811400000,0x0000008811500000) (1024K)]
  0x000001e4ebd20090 JavaThread "http-nio-8080-exec-2"       daemon [_thread_blocked, id=6376, stack(0x0000008811500000,0x0000008811600000) (1024K)]
  0x000001e4ebd20db0 JavaThread "http-nio-8080-exec-3"       daemon [_thread_blocked, id=19756, stack(0x0000008811600000,0x0000008811700000) (1024K)]
  0x000001e4ebd1ece0 JavaThread "http-nio-8080-exec-4"       daemon [_thread_blocked, id=13976, stack(0x0000008811700000,0x0000008811800000) (1024K)]
  0x000001e4ebd20720 JavaThread "http-nio-8080-exec-5"       daemon [_thread_blocked, id=18576, stack(0x0000008811800000,0x0000008811900000) (1024K)]
  0x000001e4ebd1f370 JavaThread "http-nio-8080-exec-6"       daemon [_thread_blocked, id=20360, stack(0x0000008811900000,0x0000008811a00000) (1024K)]
  0x000001e4ebd1fa00 JavaThread "http-nio-8080-exec-7"       daemon [_thread_blocked, id=22224, stack(0x0000008811a00000,0x0000008811b00000) (1024K)]
  0x000001e4ed631c10 JavaThread "http-nio-8080-exec-8"       daemon [_thread_blocked, id=24492, stack(0x0000008811b00000,0x0000008811c00000) (1024K)]
  0x000001e4ed632930 JavaThread "http-nio-8080-exec-9"       daemon [_thread_blocked, id=25296, stack(0x0000008811c00000,0x0000008811d00000) (1024K)]
  0x000001e4ed632fc0 JavaThread "http-nio-8080-exec-10"      daemon [_thread_blocked, id=11852, stack(0x0000008811d00000,0x0000008811e00000) (1024K)]
  0x000001e4ed62da70 JavaThread "http-nio-8080-Poller"       daemon [_thread_in_native, id=17568, stack(0x0000008811e00000,0x0000008811f00000) (1024K)]
  0x000001e4ed6322a0 JavaThread "http-nio-8080-Acceptor"     daemon [_thread_in_native, id=6636, stack(0x0000008811f00000,0x0000008812000000) (1024K)]
  0x000001e4ed62e100 JavaThread "DestroyJavaVM"                     [_thread_blocked, id=16724, stack(0x000000880f000000,0x000000880f100000) (1024K)]
  0x000001e4ecea8e20 JavaThread "C2 CompilerThread1"         daemon [_thread_in_native, id=2264, stack(0x0000008810100000,0x0000008810200000) (1024K)]
Total: 30

Other Threads:
  0x000001e4e4867280 VMThread "VM Thread"                           [id=13340, stack(0x000000880f700000,0x000000880f800000) (1024K)]
  0x000001e4e484ce20 WatcherThread "VM Periodic Task Thread"        [id=20336, stack(0x000000880f600000,0x000000880f700000) (1024K)]
  0x000001e4c593d0c0 WorkerThread "GC Thread#0"                     [id=4900, stack(0x000000880f100000,0x000000880f200000) (1024K)]
  0x000001e4e48663c0 WorkerThread "GC Thread#1"                     [id=12896, stack(0x0000008810400000,0x0000008810500000) (1024K)]
  0x000001e4e4867630 WorkerThread "GC Thread#2"                     [id=4892, stack(0x0000008810500000,0x0000008810600000) (1024K)]
  0x000001e4e4866770 WorkerThread "GC Thread#3"                     [id=24100, stack(0x0000008810600000,0x0000008810700000) (1024K)]
  0x000001e4e48679e0 WorkerThread "GC Thread#4"                     [id=18256, stack(0x0000008810700000,0x0000008810800000) (1024K)]
  0x000001e4e4866b20 WorkerThread "GC Thread#5"                     [id=14752, stack(0x0000008810800000,0x0000008810900000) (1024K)]
  0x000001e4e4866ed0 WorkerThread "GC Thread#6"                     [id=12628, stack(0x0000008810b00000,0x0000008810c00000) (1024K)]
  0x000001e4c24f27f0 WorkerThread "GC Thread#7"                     [id=20100, stack(0x0000008810c00000,0x0000008810d00000) (1024K)]
  0x000001e4c382e1b0 ConcurrentGCThread "G1 Main Marker"            [id=24092, stack(0x000000880f200000,0x000000880f300000) (1024K)]
  0x000001e4c382e970 WorkerThread "G1 Conc#0"                       [id=12724, stack(0x000000880f300000,0x000000880f400000) (1024K)]
  0x000001e4c24f2090 WorkerThread "G1 Conc#1"                       [id=21732, stack(0x0000008810900000,0x0000008810a00000) (1024K)]
  0x000001e4c598e6a0 ConcurrentGCThread "G1 Refine#0"               [id=24076, stack(0x000000880f400000,0x000000880f500000) (1024K)]
  0x000001e4e47225e0 ConcurrentGCThread "G1 Service"                [id=7864, stack(0x000000880f500000,0x000000880f600000) (1024K)]
Total: 15

Threads with active compile tasks:
C2 CompilerThread0  11025 5803   !   4       java.util.concurrent.ConcurrentHashMap::putVal (432 bytes)
C1 CompilerThread0  11025 5832       3       java.util.regex.Pattern::escape (1306 bytes)
C2 CompilerThread1  11025 5800       4       org.springframework.core.ResolvableType::hasGenerics (14 bytes)
Total: 3

VM state: not at safepoint (normal execution)

VM Mutex/Monitor currently owned by a thread: None

Heap address: 0x0000000703a00000, size: 4038 MB, Compressed Oops mode: Zero based, Oop shift amount: 3

CDS archive(s) mapped at: [0x000001e480000000-0x000001e480c60000-0x000001e480c60000), size 12976128, SharedBaseAddress: 0x000001e480000000, ArchiveRelocationMode: 1.
Compressed class space mapped at: 0x000001e481000000-0x000001e4c1000000, reserved size: 1073741824
Narrow klass base: 0x000001e480000000, Narrow klass shift: 0, Narrow klass range: 0x41000000

GC Precious Log:
 CardTable entry size: 512
 Card Set container configuration: InlinePtr #cards 4 size 8 Array Of Cards #cards 16 size 48 Howl #buckets 8 coarsen threshold 3686 Howl Bitmap #cards 512 size 80 coarsen threshold 460 Card regions per heap region 1 cards per card region 4096
 CPUs: 8 total, 8 available
 Memory: 16151M
 Large Page Support: Disabled
 NUMA Support: Disabled
 Compressed Oops: Enabled (Zero based)
 Heap Region Size: 2M
 Heap Min Capacity: 8M
 Heap Initial Capacity: 254M
 Heap Max Capacity: 4038M
 Pre-touch: Disabled
 Parallel Workers: 8
 Concurrent Workers: 2
 Concurrent Refinement Workers: 8
 Periodic GC: Disabled

Heap:
 garbage-first heap   total reserved 4134912K, committed 90112K, used 61588K [0x0000000703a00000, 0x0000000800000000)
  region size 2048K, 23 young (47104K), 4 survivors (8192K)
 Metaspace       used 65933K, committed 66624K, reserved 1114112K
  class space    used 8992K, committed 9280K, reserved 1048576K

Heap Regions: E=young(eden), S=young(survivor), O=old, HS=humongous(starts), HC=humongous(continues), CS=collection set, F=free, TAMS=top-at-mark-start, PB=parsable bottom
|   0|0x0000000703a00000, 0x0000000703c00000, 0x0000000703c00000|100%| O|  |TAMS 0x0000000703a00000| PB 0x0000000703a00000| Untracked |  0
|   1|0x0000000703c00000, 0x0000000703e00000, 0x0000000703e00000|100%| O|  |TAMS 0x0000000703c00000| PB 0x0000000703c00000| Untracked |  0
|   2|0x0000000703e00000, 0x0000000704000000, 0x0000000704000000|100%| O|  |TAMS 0x0000000703e00000| PB 0x0000000703e00000| Untracked |  0
|   3|0x0000000704000000, 0x0000000704200000, 0x0000000704200000|100%| O|  |TAMS 0x0000000704000000| PB 0x0000000704000000| Untracked |  0
|   4|0x0000000704200000, 0x0000000704400000, 0x0000000704400000|100%| O|  |TAMS 0x0000000704200000| PB 0x0000000704200000| Untracked |  0
|   5|0x0000000704400000, 0x0000000704600000, 0x0000000704600000|100%| O|  |TAMS 0x0000000704400000| PB 0x0000000704400000| Untracked |  0
|   6|0x0000000704600000, 0x0000000704600000, 0x0000000704800000|  0%| F|  |TAMS 0x0000000704600000| PB 0x0000000704600000| Untracked |  0
|   7|0x0000000704800000, 0x0000000704a00000, 0x0000000704a00000|100%| O|  |TAMS 0x0000000704800000| PB 0x0000000704800000| Untracked |  0
|   8|0x0000000704a00000, 0x0000000704c00000, 0x0000000704c00000|100%| O|  |TAMS 0x0000000704a00000| PB 0x0000000704a00000| Untracked |  0
|   9|0x0000000704c00000, 0x0000000704d96eb0, 0x0000000704e00000| 79%| O|Cm|TAMS 0x0000000704c00000| PB 0x0000000704c00000| Complete |  0
|  10|0x0000000704e00000, 0x0000000704e00000, 0x0000000705000000|  0%| F|  |TAMS 0x0000000704e00000| PB 0x0000000704e00000| Untracked |  0
|  11|0x0000000705000000, 0x0000000705000000, 0x0000000705200000|  0%| F|  |TAMS 0x0000000705000000| PB 0x0000000705000000| Untracked |  0
|  12|0x0000000705200000, 0x0000000705200000, 0x0000000705400000|  0%| F|  |TAMS 0x0000000705200000| PB 0x0000000705200000| Untracked |  0
|  13|0x0000000705400000, 0x0000000705400000, 0x0000000705600000|  0%| F|  |TAMS 0x0000000705400000| PB 0x0000000705400000| Untracked |  0
|  14|0x0000000705600000, 0x0000000705600000, 0x0000000705800000|  0%| F|  |TAMS 0x0000000705600000| PB 0x0000000705600000| Untracked |  0
|  15|0x0000000705800000, 0x0000000705800000, 0x0000000705a00000|  0%| F|  |TAMS 0x0000000705800000| PB 0x0000000705800000| Untracked |  0
|  16|0x0000000705a00000, 0x0000000705a00000, 0x0000000705c00000|  0%| F|  |TAMS 0x0000000705a00000| PB 0x0000000705a00000| Untracked |  0
|  17|0x0000000705c00000, 0x0000000705c00000, 0x0000000705e00000|  0%| F|  |TAMS 0x0000000705c00000| PB 0x0000000705c00000| Untracked |  0
|  18|0x0000000705e00000, 0x0000000705e00000, 0x0000000706000000|  0%| F|  |TAMS 0x0000000705e00000| PB 0x0000000705e00000| Untracked |  0
|  19|0x0000000706000000, 0x0000000706000000, 0x0000000706200000|  0%| F|  |TAMS 0x0000000706000000| PB 0x0000000706000000| Untracked |  0
|  20|0x0000000706200000, 0x0000000706200000, 0x0000000706400000|  0%| F|  |TAMS 0x0000000706200000| PB 0x0000000706200000| Untracked |  0
|  21|0x0000000706400000, 0x00000007065d1510, 0x0000000706600000| 90%| E|  |TAMS 0x0000000706400000| PB 0x0000000706400000| Complete |  0
|  22|0x0000000706600000, 0x0000000706800000, 0x0000000706800000|100%| E|CS|TAMS 0x0000000706600000| PB 0x0000000706600000| Complete |  0
|  23|0x0000000706800000, 0x0000000706a00000, 0x0000000706a00000|100%| E|CS|TAMS 0x0000000706800000| PB 0x0000000706800000| Complete |  0
|  24|0x0000000706a00000, 0x0000000706c00000, 0x0000000706c00000|100%| E|CS|TAMS 0x0000000706a00000| PB 0x0000000706a00000| Complete |  0
|  25|0x0000000706c00000, 0x0000000706e00000, 0x0000000706e00000|100%| E|CS|TAMS 0x0000000706c00000| PB 0x0000000706c00000| Complete |  0
|  26|0x0000000706e00000, 0x0000000707000000, 0x0000000707000000|100%| E|CS|TAMS 0x0000000706e00000| PB 0x0000000706e00000| Complete |  0
|  27|0x0000000707000000, 0x0000000707200000, 0x0000000707200000|100%| E|CS|TAMS 0x0000000707000000| PB 0x0000000707000000| Complete |  0
|  28|0x0000000707200000, 0x0000000707400000, 0x0000000707400000|100%| E|CS|TAMS 0x0000000707200000| PB 0x0000000707200000| Complete |  0
|  29|0x0000000707400000, 0x0000000707600000, 0x0000000707600000|100%| E|CS|TAMS 0x0000000707400000| PB 0x0000000707400000| Complete |  0
|  30|0x0000000707600000, 0x0000000707800000, 0x0000000707800000|100%| E|CS|TAMS 0x0000000707600000| PB 0x0000000707600000| Complete |  0
|  31|0x0000000707800000, 0x0000000707a00000, 0x0000000707a00000|100%| E|CS|TAMS 0x0000000707800000| PB 0x0000000707800000| Complete |  0
|  32|0x0000000707a00000, 0x0000000707c00000, 0x0000000707c00000|100%| E|CS|TAMS 0x0000000707a00000| PB 0x0000000707a00000| Complete |  0
|  33|0x0000000707c00000, 0x0000000707e00000, 0x0000000707e00000|100%| E|CS|TAMS 0x0000000707c00000| PB 0x0000000707c00000| Complete |  0
|  34|0x0000000707e00000, 0x0000000708000000, 0x0000000708000000|100%| E|CS|TAMS 0x0000000707e00000| PB 0x0000000707e00000| Complete |  0
|  35|0x0000000708000000, 0x0000000708200000, 0x0000000708200000|100%| E|CS|TAMS 0x0000000708000000| PB 0x0000000708000000| Complete |  0
|  36|0x0000000708200000, 0x0000000708400000, 0x0000000708400000|100%| E|CS|TAMS 0x0000000708200000| PB 0x0000000708200000| Complete |  0
|  37|0x0000000708400000, 0x0000000708600000, 0x0000000708600000|100%| E|CS|TAMS 0x0000000708400000| PB 0x0000000708400000| Complete |  0
|  38|0x0000000708600000, 0x0000000708800000, 0x0000000708800000|100%| E|CS|TAMS 0x0000000708600000| PB 0x0000000708600000| Complete |  0
| 105|0x0000000710c00000, 0x0000000710c8e320, 0x0000000710e00000| 27%| S|CS|TAMS 0x0000000710c00000| PB 0x0000000710c00000| Complete |  0
| 106|0x0000000710e00000, 0x0000000711000000, 0x0000000711000000|100%| S|CS|TAMS 0x0000000710e00000| PB 0x0000000710e00000| Complete |  0
| 109|0x0000000711400000, 0x0000000711600000, 0x0000000711600000|100%| S|CS|TAMS 0x0000000711400000| PB 0x0000000711400000| Complete |  0
| 110|0x0000000711600000, 0x0000000711800000, 0x0000000711800000|100%| S|CS|TAMS 0x0000000711600000| PB 0x0000000711600000| Complete |  0
| 126|0x0000000713600000, 0x0000000713800000, 0x0000000713800000|100%| E|CS|TAMS 0x0000000713600000| PB 0x0000000713600000| Complete |  0

Card table byte_map: [0x000001e4dd730000,0x000001e4ddf20000] _byte_map_base: 0x000001e4d9f13000

Marking Bits: (CMBitMap*) 0x000001e4c593d7d0
 Bits: [0x000001e4ddf20000, 0x000001e4e1e38000)

Polling page: 0x000001e4c5090000

Metaspace:

Usage:
  Non-class:     55.63 MB used.
      Class:      8.78 MB used.
       Both:     64.41 MB used.

Virtual space:
  Non-class space:       64.00 MB reserved,      56.00 MB ( 88%) committed,  1 nodes.
      Class space:        1.00 GB reserved,       9.06 MB ( <1%) committed,  1 nodes.
             Both:        1.06 GB reserved,      65.06 MB (  6%) committed. 

Chunk freelists:
   Non-Class:  7.73 MB
       Class:  6.91 MB
        Both:  14.64 MB

MaxMetaspaceSize: unlimited
CompressedClassSpaceSize: 1.00 GB
Initial GC threshold: 21.00 MB
Current GC threshold: 99.62 MB
CDS: on
 - commit_granule_bytes: 65536.
 - commit_granule_words: 8192.
 - virtual_space_node_default_size: 8388608.
 - enlarge_chunks_in_place: 1.
 - use_allocation_guard: 0.


Internal statistics:

num_allocs_failed_limit: 12.
num_arena_births: 914.
num_arena_deaths: 0.
num_vsnodes_births: 2.
num_vsnodes_deaths: 0.
num_space_committed: 1041.
num_space_uncommitted: 0.
num_chunks_returned_to_freelist: 12.
num_chunks_taken_from_freelist: 3186.
num_chunk_merges: 12.
num_chunk_splits: 2270.
num_chunks_enlarged: 1733.
num_inconsistent_stats: 0.

CodeHeap 'non-profiled nmethods': size=120000Kb used=3710Kb max_used=3710Kb free=116289Kb
 bounds [0x000001e4d56e0000, 0x000001e4d5a80000, 0x000001e4dcc10000]
CodeHeap 'profiled nmethods': size=120000Kb used=9794Kb max_used=9794Kb free=110205Kb
 bounds [0x000001e4cdc10000, 0x000001e4ce5b0000, 0x000001e4d5140000]
CodeHeap 'non-nmethods': size=5760Kb used=1941Kb max_used=1978Kb free=3818Kb
 bounds [0x000001e4d5140000, 0x000001e4d53b0000, 0x000001e4d56e0000]
 total_blobs=5863 nmethods=5120 adapters=645
 compilation: enabled
              stopped_count=0, restarted_count=0
 full_count=0

Compilation events (20 events):
Event: 10.976 Thread 0x000001e4e48a3a20 nmethod 5815 0x000001e4ce59d690 code [0x000001e4ce59d840, 0x000001e4ce59d9d8]
Event: 10.976 Thread 0x000001e4e48a3a20 5816   !   3       jdk.internal.misc.ScopedMemoryAccess::copyMemory (27 bytes)
Event: 10.977 Thread 0x000001e4e48a3a20 nmethod 5816 0x000001e4ce59da90 code [0x000001e4ce59dca0, 0x000001e4ce59e2c0]
Event: 10.977 Thread 0x000001e4e48a3a20 5818       3       org.apache.tomcat.util.http.fileupload.util.LimitedInputStream::checkLimit (25 bytes)
Event: 10.978 Thread 0x000001e4e48a3a20 nmethod 5818 0x000001e4ce59e690 code [0x000001e4ce59e840, 0x000001e4ce59ea48]
Event: 10.978 Thread 0x000001e4e48a3a20 5817   !   3       jdk.internal.misc.ScopedMemoryAccess::copyMemoryInternal (56 bytes)
Event: 10.979 Thread 0x000001e4e48a3a20 nmethod 5817 0x000001e4ce59eb10 code [0x000001e4ce59ed00, 0x000001e4ce59f238]
Event: 10.980 Thread 0x000001e4ecea8e20 nmethod 5810% 0x000001e4d5a7e890 code [0x000001e4d5a7ea20, 0x000001e4d5a7ec80]
Event: 10.980 Thread 0x000001e4ecea8e20 5800       4       org.springframework.core.ResolvableType::hasGenerics (14 bytes)
Event: 10.980 Thread 0x000001e4e48a3a20 5820       3       org.apache.juli.logging.DirectJDKLog::isTraceEnabled (11 bytes)
Event: 10.981 Thread 0x000001e4e48a3a20 nmethod 5820 0x000001e4ce59f590 code [0x000001e4ce59f740, 0x000001e4ce59f9e0]
Event: 10.982 Thread 0x000001e4e48a3a20 5821       1       org.apache.tomcat.util.net.SocketWrapperBase::getSocket (5 bytes)
Event: 10.983 Thread 0x000001e4e48a3a20 nmethod 5821 0x000001e4d5a7ee90 code [0x000001e4d5a7f020, 0x000001e4d5a7f0f0]
Event: 10.983 Thread 0x000001e4e48a3a20 5822       1       org.apache.tomcat.util.net.SocketBufferHandler::getReadBuffer (5 bytes)
Event: 10.983 Thread 0x000001e4e48a3a20 nmethod 5822 0x000001e4d5a7f190 code [0x000001e4d5a7f320, 0x000001e4d5a7f3f0]
Event: 10.983 Thread 0x000001e4e48a3a20 5823       3       org.apache.tomcat.util.http.fileupload.util.LimitedInputStream::read (33 bytes)
Event: 10.984 Thread 0x000001e4e48a3a20 nmethod 5823 0x000001e4ce59fb10 code [0x000001e4ce59fce0, 0x000001e4ce59ff98]
Event: 10.985 Thread 0x000001e4e48a3a20 5824       3       java.io.FileDescriptor$1::getAppend (5 bytes)
Event: 10.986 Thread 0x000001e4e48a3a20 nmethod 5824 0x000001e4ce5a0110 code [0x000001e4ce5a02a0, 0x000001e4ce5a03b8]
Event: 10.987 Thread 0x000001e4e48a3a20 5825       3       java.io.FilterInputStream::read (9 bytes)

GC Heap History (18 events):
Event: 0.411 GC heap before
{Heap before GC invocations=0 (full 0):
 garbage-first heap   total reserved 4134912K, committed 260096K, used 22528K [0x0000000703a00000, 0x0000000800000000)
  region size 2048K, 12 young (24576K), 0 survivors (0K)
 Metaspace       used 6623K, committed 6848K, reserved 1114112K
  class space    used 788K, committed 896K, reserved 1048576K
}
Event: 0.414 GC heap after
{Heap after GC invocations=1 (full 0):
 garbage-first heap   total reserved 4134912K, committed 260096K, used 6506K [0x0000000703a00000, 0x0000000800000000)
  region size 2048K, 2 young (4096K), 2 survivors (4096K)
 Metaspace       used 6623K, committed 6848K, reserved 1114112K
  class space    used 788K, committed 896K, reserved 1048576K
}
Event: 0.726 GC heap before
{Heap before GC invocations=1 (full 0):
 garbage-first heap   total reserved 4134912K, committed 260096K, used 37226K [0x0000000703a00000, 0x0000000800000000)
  region size 2048K, 18 young (36864K), 2 survivors (4096K)
 Metaspace       used 16470K, committed 16832K, reserved 1114112K
  class space    used 2000K, committed 2176K, reserved 1048576K
}
Event: 0.729 GC heap after
{Heap after GC invocations=2 (full 0):
 garbage-first heap   total reserved 4134912K, committed 260096K, used 9486K [0x0000000703a00000, 0x0000000800000000)
  region size 2048K, 2 young (4096K), 2 survivors (4096K)
 Metaspace       used 16470K, committed 16832K, reserved 1114112K
  class space    used 2000K, committed 2176K, reserved 1048576K
}
Event: 1.104 GC heap before
{Heap before GC invocations=2 (full 0):
 garbage-first heap   total reserved 4134912K, committed 260096K, used 38158K [0x0000000703a00000, 0x0000000800000000)
  region size 2048K, 18 young (36864K), 2 survivors (4096K)
 Metaspace       used 21252K, committed 21504K, reserved 1114112K
  class space    used 2571K, committed 2688K, reserved 1048576K
}
Event: 1.107 GC heap after
{Heap after GC invocations=3 (full 0):
 garbage-first heap   total reserved 4134912K, committed 260096K, used 12884K [0x0000000703a00000, 0x0000000800000000)
  region size 2048K, 4 young (8192K), 4 survivors (8192K)
 Metaspace       used 21252K, committed 21504K, reserved 1114112K
  class space    used 2571K, committed 2688K, reserved 1048576K
}
Event: 1.447 GC heap before
{Heap before GC invocations=4 (full 0):
 garbage-first heap   total reserved 4134912K, committed 55296K, used 37460K [0x0000000703a00000, 0x0000000800000000)
  region size 2048K, 16 young (32768K), 4 survivors (8192K)
 Metaspace       used 25260K, committed 25728K, reserved 1114112K
  class space    used 3177K, committed 3392K, reserved 1048576K
}
Event: 1.452 GC heap after
{Heap after GC invocations=5 (full 0):
 garbage-first heap   total reserved 4134912K, committed 55296K, used 14884K [0x0000000703a00000, 0x0000000800000000)
  region size 2048K, 2 young (4096K), 2 survivors (4096K)
 Metaspace       used 25260K, committed 25728K, reserved 1114112K
  class space    used 3177K, committed 3392K, reserved 1048576K
}
Event: 1.774 GC heap before
{Heap before GC invocations=5 (full 0):
 garbage-first heap   total reserved 4134912K, committed 55296K, used 39460K [0x0000000703a00000, 0x0000000800000000)
  region size 2048K, 14 young (28672K), 2 survivors (4096K)
 Metaspace       used 29930K, committed 30528K, reserved 1114112K
  class space    used 3809K, committed 4096K, reserved 1048576K
}
Event: 1.777 GC heap after
{Heap after GC invocations=6 (full 0):
 garbage-first heap   total reserved 4134912K, committed 55296K, used 17177K [0x0000000703a00000, 0x0000000800000000)
  region size 2048K, 2 young (4096K), 2 survivors (4096K)
 Metaspace       used 29930K, committed 30528K, reserved 1114112K
  class space    used 3809K, committed 4096K, reserved 1048576K
}
Event: 2.051 GC heap before
{Heap before GC invocations=6 (full 0):
 garbage-first heap   total reserved 4134912K, committed 55296K, used 35609K [0x0000000703a00000, 0x0000000800000000)
  region size 2048K, 12 young (24576K), 2 survivors (4096K)
 Metaspace       used 35558K, committed 36096K, reserved 1114112K
  class space    used 4689K, committed 4928K, reserved 1048576K
}
Event: 2.053 GC heap after
{Heap after GC invocations=7 (full 0):
 garbage-first heap   total reserved 4134912K, committed 55296K, used 18462K [0x0000000703a00000, 0x0000000800000000)
  region size 2048K, 1 young (2048K), 1 survivors (2048K)
 Metaspace       used 35558K, committed 36096K, reserved 1114112K
  class space    used 4689K, committed 4928K, reserved 1048576K
}
Event: 2.508 GC heap before
{Heap before GC invocations=8 (full 0):
 garbage-first heap   total reserved 4134912K, committed 55296K, used 43038K [0x0000000703a00000, 0x0000000800000000)
  region size 2048K, 13 young (26624K), 1 survivors (2048K)
 Metaspace       used 46118K, committed 46720K, reserved 1114112K
  class space    used 6072K, committed 6336K, reserved 1048576K
}
Event: 2.510 GC heap after
{Heap after GC invocations=9 (full 0):
 garbage-first heap   total reserved 4134912K, committed 157696K, used 20689K [0x0000000703a00000, 0x0000000800000000)
  region size 2048K, 2 young (4096K), 2 survivors (4096K)
 Metaspace       used 46118K, committed 46720K, reserved 1114112K
  class space    used 6072K, committed 6336K, reserved 1048576K
}
Event: 3.152 GC heap before
{Heap before GC invocations=9 (full 0):
 garbage-first heap   total reserved 4134912K, committed 157696K, used 69841K [0x0000000703a00000, 0x0000000800000000)
  region size 2048K, 28 young (57344K), 2 survivors (4096K)
 Metaspace       used 60054K, committed 60608K, reserved 1114112K
  class space    used 8073K, committed 8320K, reserved 1048576K
}
Event: 3.158 GC heap after
{Heap after GC invocations=10 (full 0):
 garbage-first heap   total reserved 4134912K, committed 157696K, used 24248K [0x0000000703a00000, 0x0000000800000000)
  region size 2048K, 4 young (8192K), 4 survivors (8192K)
 Metaspace       used 60054K, committed 60608K, reserved 1114112K
  class space    used 8073K, committed 8320K, reserved 1048576K
}
Event: 3.182 GC heap before
{Heap before GC invocations=10 (full 0):
 garbage-first heap   total reserved 4134912K, committed 157696K, used 24248K [0x0000000703a00000, 0x0000000800000000)
  region size 2048K, 5 young (10240K), 4 survivors (8192K)
 Metaspace       used 60388K, committed 60928K, reserved 1114112K
  class space    used 8145K, committed 8384K, reserved 1048576K
}
Event: 3.186 GC heap after
{Heap after GC invocations=11 (full 0):
 garbage-first heap   total reserved 4134912K, committed 157696K, used 24724K [0x0000000703a00000, 0x0000000800000000)
  region size 2048K, 4 young (8192K), 4 survivors (8192K)
 Metaspace       used 60388K, committed 60928K, reserved 1114112K
  class space    used 8145K, committed 8384K, reserved 1048576K
}

Dll operation events (15 events):
Event: 0.007 Loaded shared library C:\Users\hp\.jdks\openjdk-22.0.2\bin\java.dll
Event: 0.031 Loaded shared library C:\Users\hp\.jdks\openjdk-22.0.2\bin\jsvml.dll
Event: 0.072 Loaded shared library C:\Users\hp\.jdks\openjdk-22.0.2\bin\zip.dll
Event: 0.073 Loaded shared library C:\Users\hp\.jdks\openjdk-22.0.2\bin\instrument.dll
Event: 0.076 Loaded shared library C:\Users\hp\.jdks\openjdk-22.0.2\bin\net.dll
Event: 0.077 Loaded shared library C:\Users\hp\.jdks\openjdk-22.0.2\bin\nio.dll
Event: 0.079 Loaded shared library C:\Users\hp\.jdks\openjdk-22.0.2\bin\zip.dll
Event: 0.119 Loaded shared library C:\Program Files\JetBrains\IntelliJ IDEA Community Edition 2023.3.5\bin\breakgen64.dll
Event: 0.125 Loaded shared library C:\Users\hp\.jdks\openjdk-22.0.2\bin\extnet.dll
Event: 0.142 Loaded shared library C:\Users\hp\.jdks\openjdk-22.0.2\bin\jimage.dll
Event: 0.540 Loaded shared library C:\Users\hp\.jdks\openjdk-22.0.2\bin\le.dll
Event: 0.807 Loaded shared library C:\Users\hp\.jdks\openjdk-22.0.2\bin\sunmscapi.dll
Event: 1.682 Loaded shared library C:\Users\hp\.jdks\openjdk-22.0.2\bin\management.dll
Event: 1.683 Loaded shared library C:\Users\hp\.jdks\openjdk-22.0.2\bin\management_ext.dll
Event: 1.982 Loaded shared library C:\Users\hp\.jdks\openjdk-22.0.2\bin\verify.dll

Deoptimization events (20 events):
Event: 3.617 Thread 0x000001e4c3769440 Uncommon trap: trap_request=0xffffffde fr.pc=0x000001e4d5880020 relative=0x00000000000022e0
Event: 3.617 Thread 0x000001e4c3769440 Uncommon trap: reason=class_check action=maybe_recompile pc=0x000001e4d5880020 method=org.springframework.core.annotation.AnnotationsScanner.processClassInheritedAnnotations(Ljava/lang/Object;Ljava/lang/Class;Lorg/springframework/core/annotation/MergedAnn
Event: 3.617 Thread 0x000001e4c3769440 DEOPT PACKING pc=0x000001e4d5880020 sp=0x000000880f0fea30
Event: 3.617 Thread 0x000001e4c3769440 DEOPT UNPACKING pc=0x000001e4d5197da2 sp=0x000000880f0fe918 mode 2
Event: 3.622 Thread 0x000001e4c3769440 Uncommon trap: trap_request=0xffffff45 fr.pc=0x000001e4d577240c relative=0x000000000000006c
Event: 3.622 Thread 0x000001e4c3769440 Uncommon trap: reason=unstable_if action=reinterpret pc=0x000001e4d577240c method=org.springframework.util.ConcurrentReferenceHashMap$Segment.clear()V @ 7 c2
Event: 3.622 Thread 0x000001e4c3769440 DEOPT PACKING pc=0x000001e4d577240c sp=0x000000880f0fee70
Event: 3.622 Thread 0x000001e4c3769440 DEOPT UNPACKING pc=0x000001e4d5197da2 sp=0x000000880f0fee00 mode 2
Event: 3.639 Thread 0x000001e4c3769440 Uncommon trap: trap_request=0xffffff45 fr.pc=0x000001e4d598492c relative=0x000000000000010c
Event: 3.639 Thread 0x000001e4c3769440 Uncommon trap: reason=unstable_if action=reinterpret pc=0x000001e4d598492c method=java.util.ArrayList.indexOfRange(Ljava/lang/Object;II)I @ 7 c2
Event: 3.639 Thread 0x000001e4c3769440 DEOPT PACKING pc=0x000001e4d598492c sp=0x000000880f0febe0
Event: 3.639 Thread 0x000001e4c3769440 DEOPT UNPACKING pc=0x000001e4d5197da2 sp=0x000000880f0feb60 mode 2
Event: 10.980 Thread 0x000001e4ebd21440 DEOPT PACKING pc=0x000001e4ce59cfc1 sp=0x00000088114fd210
Event: 10.980 Thread 0x000001e4ebd21440 DEOPT UNPACKING pc=0x000001e4d51988e2 sp=0x00000088114fc698 mode 0
Event: 10.980 Thread 0x000001e4ebd21440 DEOPT PACKING pc=0x000001e4ce59cfc1 sp=0x00000088114fd210
Event: 10.980 Thread 0x000001e4ebd21440 DEOPT UNPACKING pc=0x000001e4d51988e2 sp=0x00000088114fc698 mode 0
Event: 10.980 Thread 0x000001e4ebd21440 DEOPT PACKING pc=0x000001e4ce59cfc1 sp=0x00000088114fd210
Event: 10.980 Thread 0x000001e4ebd21440 DEOPT UNPACKING pc=0x000001e4d51988e2 sp=0x00000088114fc698 mode 0
Event: 10.981 Thread 0x000001e4ebd21440 DEOPT PACKING pc=0x000001e4ce59cfc1 sp=0x00000088114fd210
Event: 10.981 Thread 0x000001e4ebd21440 DEOPT UNPACKING pc=0x000001e4d51988e2 sp=0x00000088114fc698 mode 0

Classes loaded (20 events):
Event: 10.857 Loading class sun/nio/ch/SocketChannelImpl$DefaultOptionsHolder
Event: 10.857 Loading class sun/nio/ch/SocketChannelImpl$DefaultOptionsHolder done
Event: 10.858 Loading class sun/nio/ch/SelectionKeyImpl
Event: 10.858 Loading class java/nio/channels/spi/AbstractSelectionKey
Event: 10.858 Loading class java/nio/channels/SelectionKey
Event: 10.858 Loading class java/nio/channels/SelectionKey done
Event: 10.858 Loading class java/nio/channels/spi/AbstractSelectionKey done
Event: 10.858 Loading class sun/nio/ch/SelectionKeyImpl done
Event: 10.858 Loading class java/lang/invoke/ConstantBootstraps
Event: 10.858 Loading class java/lang/invoke/ConstantBootstraps done
Event: 10.890 Loading class sun/nio/cs/ThreadLocalCoders
Event: 10.890 Loading class sun/nio/cs/ThreadLocalCoders done
Event: 10.890 Loading class sun/nio/cs/ThreadLocalCoders$1
Event: 10.890 Loading class sun/nio/cs/ThreadLocalCoders$Cache
Event: 10.890 Loading class sun/nio/cs/ThreadLocalCoders$Cache done
Event: 10.890 Loading class sun/nio/cs/ThreadLocalCoders$1 done
Event: 10.890 Loading class sun/nio/cs/ThreadLocalCoders$2
Event: 10.890 Loading class sun/nio/cs/ThreadLocalCoders$2 done
Event: 10.961 Loading class java/io/FileOutputStream$1
Event: 10.961 Loading class java/io/FileOutputStream$1 done

Classes unloaded (0 events):
No events

Classes redefined (0 events):
No events

Internal exceptions (20 events):
Event: 2.981 Thread 0x000001e4c3769440 Exception <a 'java/lang/NoSuchMethodError'{0x000000070ac50180}: 'java.lang.Object java.lang.invoke.Invokers$Holder.linkToTargetMethod(java.lang.Object, java.lang.Object, java.lang.Object, java.lang.Object, java.lang.Object, java.lang.Object, int, java.lang.Object)'> (0x000000070ac50180) 
thrown [s\open\src\hotspot\share\interpreter\linkResolver.cpp, line 774]
Event: 2.986 Thread 0x000001e4c3769440 Implicit null exception at 0x000001e4d59d3c41 to 0x000001e4d59d3da0
Event: 2.990 Thread 0x000001e4c3769440 Exception <a 'java/lang/NoSuchMethodError'{0x000000070ad06ee0}: 'void java.lang.invoke.DirectMethodHandle$Holder.invokeInterface(java.lang.Object, java.lang.Object)'> (0x000000070ad06ee0) 
thrown [s\open\src\hotspot\share\interpreter\linkResolver.cpp, line 774]
Event: 3.040 Thread 0x000001e4c3769440 Exception <a 'java/lang/NoSuchMethodError'{0x000000070a84fa38}: 'void java.lang.invoke.Invokers$Holder.invokeExact_MT(java.lang.Object, java.lang.Object, java.lang.Object, java.lang.Object)'> (0x000000070a84fa38) 
thrown [s\open\src\hotspot\share\interpreter\linkResolver.cpp, line 774]
Event: 3.057 Thread 0x000001e4c3769440 Implicit null exception at 0x000001e4d56fae73 to 0x000001e4d56fb0e4
Event: 3.086 Thread 0x000001e4c3769440 Exception <a 'java/lang/IncompatibleClassChangeError'{0x000000070a7f6158}: Found class java.lang.Object, but interface was expected> (0x000000070a7f6158) 
thrown [s\open\src\hotspot\share\interpreter\linkResolver.cpp, line 841]
Event: 3.092 Thread 0x000001e4c3769440 Exception <a 'java/lang/IncompatibleClassChangeError'{0x000000070a46a568}: Found class java.lang.Object, but interface was expected> (0x000000070a46a568) 
thrown [s\open\src\hotspot\share\interpreter\linkResolver.cpp, line 841]
Event: 3.108 Thread 0x000001e4c3769440 Exception <a 'java/lang/IncompatibleClassChangeError'{0x000000070a5bfb38}: Found class java.lang.Object, but interface was expected> (0x000000070a5bfb38) 
thrown [s\open\src\hotspot\share\interpreter\linkResolver.cpp, line 841]
Event: 3.210 Thread 0x000001e4c3769440 Exception <a 'java/lang/IncompatibleClassChangeError'{0x00000007136f07a8}: Found class java.lang.Object, but interface was expected> (0x00000007136f07a8) 
thrown [s\open\src\hotspot\share\interpreter\linkResolver.cpp, line 841]
Event: 3.282 Thread 0x000001e4c3769440 Exception <a 'java/lang/IncompatibleClassChangeError'{0x0000000708547458}: Found class java.lang.Object, but interface was expected> (0x0000000708547458) 
thrown [s\open\src\hotspot\share\interpreter\linkResolver.cpp, line 841]
Event: 3.347 Thread 0x000001e4c3769440 Exception <a 'java/lang/NoSuchMethodError'{0x00000007080fd1c8}: 'java.lang.Object java.lang.invoke.DirectMethodHandle$Holder.newInvokeSpecial(java.lang.Object, java.lang.Object, java.lang.Object, java.lang.Object, java.lang.Object, java.lang.Object, java.lang.Object, java.lang.Object)'> (0x00000007080fd1c8) 
thrown [s\open\src\hotspot\share\interpreter\linkResolver.cpp, line 774]
Event: 3.490 Thread 0x000001e4c3769440 Exception <a 'java/lang/IncompatibleClassChangeError'{0x000000070775cfd8}: Found class java.lang.Object, but interface was expected> (0x000000070775cfd8) 
thrown [s\open\src\hotspot\share\interpreter\linkResolver.cpp, line 841]
Event: 3.518 Thread 0x000001e4c3769440 Exception <a 'java/lang/NoSuchMethodError'{0x00000007074e83b0}: 'void java.lang.invoke.DirectMethodHandle$Holder.invokeVirtual(java.lang.Object, java.lang.Object, long)'> (0x00000007074e83b0) 
thrown [s\open\src\hotspot\share\interpreter\linkResolver.cpp, line 774]
Event: 3.560 Thread 0x000001e4c3769440 Exception <a 'java/lang/NoSuchMethodError'{0x00000007073f3db8}: 'int java.lang.invoke.DirectMethodHandle$Holder.invokeStaticInit(java.lang.Object, java.lang.Object, java.lang.Object, java.lang.Object)'> (0x00000007073f3db8) 
thrown [s\open\src\hotspot\share\interpreter\linkResolver.cpp, line 774]
Event: 3.564 Thread 0x000001e4c3769440 Implicit null exception at 0x000001e4d58a6433 to 0x000001e4d58a69d0
Event: 3.576 Thread 0x000001e4c3769440 Exception <a 'java/lang/IncompatibleClassChangeError'{0x00000007070c1310}: Found class java.lang.Object, but interface was expected> (0x00000007070c1310) 
thrown [s\open\src\hotspot\share\interpreter\linkResolver.cpp, line 841]
Event: 3.582 Thread 0x000001e4c3769440 Implicit null exception at 0x000001e4d58453e8 to 0x000001e4d5845620
Event: 3.623 Thread 0x000001e4c3769440 Exception <a 'java/lang/NoSuchMethodError'{0x0000000706cb8e50}: 'java.lang.Object java.lang.invoke.DirectMethodHandle$Holder.newInvokeSpecial(java.lang.Object, java.lang.Object, int, java.lang.Object, java.lang.Object)'> (0x0000000706cb8e50) 
thrown [s\open\src\hotspot\share\interpreter\linkResolver.cpp, line 774]
Event: 10.886 Thread 0x000001e4ebd21440 Exception <a 'java/lang/NoSuchMethodError'{0x000000070668a680}: 'java.lang.Object java.lang.invoke.DirectMethodHandle$Holder.invokeSpecial(java.lang.Object, java.lang.Object, java.lang.Object, java.lang.Object, java.lang.Object, long)'> (0x000000070668a680) 
thrown [s\open\src\hotspot\share\interpreter\linkResolver.cpp, line 774]
Event: 10.886 Thread 0x000001e4ebd21440 Exception <a 'java/lang/NoSuchMethodError'{0x000000070668de40}: 'java.lang.Object java.lang.invoke.Invokers$Holder.linkToTargetMethod(java.lang.Object, java.lang.Object, java.lang.Object, long, java.lang.Object)'> (0x000000070668de40) 
thrown [s\open\src\hotspot\share\interpreter\linkResolver.cpp, line 774]

ZGC Phase Switch (0 events):
No events

VM Operations (20 events):
Event: 3.209 Executing VM operation: G1PauseCleanup
Event: 3.209 Executing VM operation: G1PauseCleanup done
Event: 3.220 Executing VM operation: HandshakeAllThreads (Deoptimize)
Event: 3.220 Executing VM operation: HandshakeAllThreads (Deoptimize) done
Event: 3.221 Executing VM operation: HandshakeAllThreads (Deoptimize)
Event: 3.221 Executing VM operation: HandshakeAllThreads (Deoptimize) done
Event: 3.393 Executing VM operation: HandshakeAllThreads (Deoptimize)
Event: 3.393 Executing VM operation: HandshakeAllThreads (Deoptimize) done
Event: 3.412 Executing VM operation: HandshakeAllThreads (Deoptimize)
Event: 3.412 Executing VM operation: HandshakeAllThreads (Deoptimize) done
Event: 3.531 Executing VM operation: HandshakeAllThreads (Deoptimize)
Event: 3.531 Executing VM operation: HandshakeAllThreads (Deoptimize) done
Event: 3.545 Executing VM operation: ICBufferFull
Event: 3.545 Executing VM operation: ICBufferFull done
Event: 4.547 Executing VM operation: Cleanup
Event: 4.547 Executing VM operation: Cleanup done
Event: 10.902 Executing VM operation: HandshakeAllThreads (Deoptimize)
Event: 10.902 Executing VM operation: HandshakeAllThreads (Deoptimize) done
Event: 10.902 Executing VM operation: Cleanup
Event: 10.902 Executing VM operation: Cleanup done

Memory protections (0 events):
No events

Nmethod flushes (20 events):
Event: 3.204 Thread 0x000001e4e4867280 flushing  nmethod 0x000001e4cdfc3810
Event: 3.204 Thread 0x000001e4e4867280 flushing  nmethod 0x000001e4cdff0a10
Event: 3.204 Thread 0x000001e4e4867280 flushing  nmethod 0x000001e4cdff1910
Event: 3.204 Thread 0x000001e4e4867280 flushing  nmethod 0x000001e4cdff3f90
Event: 3.204 Thread 0x000001e4e4867280 flushing  nmethod 0x000001e4cdffb810
Event: 3.204 Thread 0x000001e4e4867280 flushing  nmethod 0x000001e4cdffd690
Event: 3.204 Thread 0x000001e4e4867280 flushing  nmethod 0x000001e4ce0ade10
Event: 3.204 Thread 0x000001e4e4867280 flushing  nmethod 0x000001e4ce10bd90
Event: 3.204 Thread 0x000001e4e4867280 flushing  nmethod 0x000001e4ce113710
Event: 3.204 Thread 0x000001e4e4867280 flushing  nmethod 0x000001e4ce15be10
Event: 3.204 Thread 0x000001e4e4867280 flushing  nmethod 0x000001e4ce15e810
Event: 3.204 Thread 0x000001e4e4867280 flushing  nmethod 0x000001e4ce15f690
Event: 3.204 Thread 0x000001e4e4867280 flushing  nmethod 0x000001e4ce1a0e10
Event: 3.204 Thread 0x000001e4e4867280 flushing  nmethod 0x000001e4ce1a2910
Event: 3.204 Thread 0x000001e4e4867280 flushing  nmethod 0x000001e4ce1a6790
Event: 3.204 Thread 0x000001e4e4867280 flushing  nmethod 0x000001e4ce2b5c90
Event: 3.204 Thread 0x000001e4e4867280 flushing  nmethod 0x000001e4ce2bae90
Event: 3.204 Thread 0x000001e4e4867280 flushing  nmethod 0x000001e4ce2f4410
Event: 3.204 Thread 0x000001e4e4867280 flushing  nmethod 0x000001e4ce2fe190
Event: 3.204 Thread 0x000001e4e4867280 flushing  nmethod 0x000001e4ce38f610

Events (20 events):
Event: 2.398 Thread 0x000001e4c3769440 Thread added: 0x000001e4eb94f8e0
Event: 2.511 Thread 0x000001e4eb94f8e0 Thread added: 0x000001e4e9778e90
Event: 3.628 Thread 0x000001e4c3769440 Thread added: 0x000001e4ebd21440
Event: 3.628 Thread 0x000001e4c3769440 Thread added: 0x000001e4ebd20090
Event: 3.628 Thread 0x000001e4c3769440 Thread added: 0x000001e4ebd20db0
Event: 3.628 Thread 0x000001e4c3769440 Thread added: 0x000001e4ebd1ece0
Event: 3.628 Thread 0x000001e4c3769440 Thread added: 0x000001e4ebd20720
Event: 3.628 Thread 0x000001e4c3769440 Thread added: 0x000001e4ebd1f370
Event: 3.628 Thread 0x000001e4c3769440 Thread added: 0x000001e4ebd1fa00
Event: 3.628 Thread 0x000001e4c3769440 Thread added: 0x000001e4ed631c10
Event: 3.628 Thread 0x000001e4c3769440 Thread added: 0x000001e4ed632930
Event: 3.628 Thread 0x000001e4c3769440 Thread added: 0x000001e4ed632fc0
Event: 3.634 Thread 0x000001e4c3769440 Thread added: 0x000001e4ed62da70
Event: 3.635 Thread 0x000001e4c3769440 Thread added: 0x000001e4ed6322a0
Event: 3.648 Thread 0x000001e4c3769440 Thread exited: 0x000001e4c3769440
Event: 3.648 Thread 0x000001e4ed62e100 Thread added: 0x000001e4ed62e100
Event: 7.951 Thread 0x000001e4e9778e90 Thread exited: 0x000001e4e9778e90
Event: 8.724 Thread 0x000001e4c23e3110 Thread exited: 0x000001e4c23e3110
Event: 10.885 Thread 0x000001e4c13c0610 Thread exited: 0x000001e4c13c0610
Event: 10.973 Thread 0x000001e4e48a3a20 Thread added: 0x000001e4ecea8e20


Dynamic libraries:
0x00007ff6bd6c0000 - 0x00007ff6bd6ce000 	C:\Users\hp\.jdks\openjdk-22.0.2\bin\java.exe
0x00007ff973a10000 - 0x00007ff973c27000 	C:\WINDOWS\SYSTEM32\ntdll.dll
0x00007ff971740000 - 0x00007ff971804000 	C:\WINDOWS\System32\KERNEL32.DLL
0x00007ff971230000 - 0x00007ff9715dd000 	C:\WINDOWS\System32\KERNELBASE.dll
0x00007ff970d30000 - 0x00007ff970e41000 	C:\WINDOWS\System32\ucrtbase.dll
0x00007ff93d750000 - 0x00007ff93d767000 	C:\Users\hp\.jdks\openjdk-22.0.2\bin\jli.dll
0x00007ff93cb00000 - 0x00007ff93cb1b000 	C:\Users\hp\.jdks\openjdk-22.0.2\bin\VCRUNTIME140.dll
0x00007ff9737f0000 - 0x00007ff97399e000 	C:\WINDOWS\System32\USER32.dll
0x00007ff971200000 - 0x00007ff971226000 	C:\WINDOWS\System32\win32u.dll
0x00007ff955920000 - 0x00007ff955bb3000 	C:\WINDOWS\WinSxS\amd64_microsoft.windows.common-controls_6595b64144ccf1df_6.0.22621.3672_none_2713b9d173822955\COMCTL32.dll
0x00007ff973070000 - 0x00007ff973099000 	C:\WINDOWS\System32\GDI32.dll
0x00007ff971b70000 - 0x00007ff971c17000 	C:\WINDOWS\System32\msvcrt.dll
0x00007ff970e50000 - 0x00007ff970f69000 	C:\WINDOWS\System32\gdi32full.dll
0x00007ff971160000 - 0x00007ff9711fa000 	C:\WINDOWS\System32\msvcp_win.dll
0x00007ff972ae0000 - 0x00007ff972b11000 	C:\WINDOWS\System32\IMM32.DLL
0x00007ff954820000 - 0x00007ff95482c000 	C:\Users\hp\.jdks\openjdk-22.0.2\bin\vcruntime140_1.dll
0x00007ff908040000 - 0x00007ff9080ce000 	C:\Users\hp\.jdks\openjdk-22.0.2\bin\msvcp140.dll
0x00007ff8d46d0000 - 0x00007ff8d5419000 	C:\Users\hp\.jdks\openjdk-22.0.2\bin\server\jvm.dll
0x00007ff972a20000 - 0x00007ff972ad2000 	C:\WINDOWS\System32\ADVAPI32.dll
0x00007ff973200000 - 0x00007ff9732a9000 	C:\WINDOWS\System32\sechost.dll
0x00007ff971650000 - 0x00007ff971678000 	C:\WINDOWS\System32\bcrypt.dll
0x00007ff9733d0000 - 0x00007ff9734e4000 	C:\WINDOWS\System32\RPCRT4.dll
0x00007ff973720000 - 0x00007ff973791000 	C:\WINDOWS\System32\WS2_32.dll
0x00007ff96fbc0000 - 0x00007ff96fc0d000 	C:\WINDOWS\SYSTEM32\POWRPROF.dll
0x00007ff969e40000 - 0x00007ff969e74000 	C:\WINDOWS\SYSTEM32\WINMM.dll
0x00007ff969840000 - 0x00007ff96984a000 	C:\WINDOWS\SYSTEM32\VERSION.dll
0x00007ff96fba0000 - 0x00007ff96fbb3000 	C:\WINDOWS\SYSTEM32\UMPDC.dll
0x00007ff96fe50000 - 0x00007ff96fe68000 	C:\WINDOWS\SYSTEM32\kernel.appcore.dll
0x00007ff954790000 - 0x00007ff95479a000 	C:\Users\hp\.jdks\openjdk-22.0.2\bin\jimage.dll
0x00007ff96e650000 - 0x00007ff96e882000 	C:\WINDOWS\SYSTEM32\DBGHELP.DLL
0x00007ff972cd0000 - 0x00007ff97305d000 	C:\WINDOWS\System32\combase.dll
0x00007ff973120000 - 0x00007ff9731f7000 	C:\WINDOWS\System32\OLEAUT32.dll
0x00007ff94e4b0000 - 0x00007ff94e4e2000 	C:\WINDOWS\SYSTEM32\dbgcore.DLL
0x00007ff970f70000 - 0x00007ff970feb000 	C:\WINDOWS\System32\bcryptPrimitives.dll
0x00007ff96a030000 - 0x00007ff96a03f000 	C:\Users\hp\.jdks\openjdk-22.0.2\bin\instrument.dll
0x00007ff93b200000 - 0x00007ff93b21e000 	C:\Users\hp\.jdks\openjdk-22.0.2\bin\java.dll
0x00007ff9721b0000 - 0x00007ff972a18000 	C:\WINDOWS\System32\SHELL32.dll
0x00007ff972b20000 - 0x00007ff972cc5000 	C:\WINDOWS\System32\ole32.dll
0x00007ff96ec80000 - 0x00007ff96f57e000 	C:\WINDOWS\SYSTEM32\windows.storage.dll
0x00007ff96eb40000 - 0x00007ff96ec7f000 	C:\WINDOWS\SYSTEM32\wintypes.dll
0x00007ff9732d0000 - 0x00007ff9733c9000 	C:\WINDOWS\System32\SHCORE.dll
0x00007ff9736b0000 - 0x00007ff97370e000 	C:\WINDOWS\System32\shlwapi.dll
0x00007ff970c60000 - 0x00007ff970c81000 	C:\WINDOWS\SYSTEM32\profapi.dll
0x00007ff8e52f0000 - 0x00007ff8e53c7000 	C:\Users\hp\.jdks\openjdk-22.0.2\bin\jsvml.dll
0x00007ff92c210000 - 0x00007ff92c227000 	C:\Users\hp\.jdks\openjdk-22.0.2\bin\zip.dll
0x00007ff950140000 - 0x00007ff950150000 	C:\Users\hp\.jdks\openjdk-22.0.2\bin\net.dll
0x00007ff9702c0000 - 0x00007ff970329000 	C:\WINDOWS\system32\mswsock.dll
0x00007ff9399b0000 - 0x00007ff9399c6000 	C:\Users\hp\.jdks\openjdk-22.0.2\bin\nio.dll
0x00007ff969660000 - 0x00007ff96967a000 	C:\Program Files\JetBrains\IntelliJ IDEA Community Edition 2023.3.5\bin\breakgen64.dll
0x00007ff94f100000 - 0x00007ff94f109000 	C:\Users\hp\.jdks\openjdk-22.0.2\bin\extnet.dll
0x00007ff969620000 - 0x00007ff96962b000 	C:\Users\hp\.jdks\openjdk-22.0.2\bin\le.dll
0x00007ff969630000 - 0x00007ff96963e000 	C:\Users\hp\.jdks\openjdk-22.0.2\bin\sunmscapi.dll
0x00007ff970ff0000 - 0x00007ff971157000 	C:\WINDOWS\System32\CRYPT32.dll
0x00007ff9706e0000 - 0x00007ff97070e000 	C:\WINDOWS\SYSTEM32\ncrypt.dll
0x00007ff9706a0000 - 0x00007ff9706d7000 	C:\WINDOWS\SYSTEM32\NTASN1.dll
0x00007ff970520000 - 0x00007ff97053b000 	C:\WINDOWS\SYSTEM32\CRYPTSP.dll
0x00007ff96fdb0000 - 0x00007ff96fde5000 	C:\WINDOWS\system32\rsaenh.dll
0x00007ff9703c0000 - 0x00007ff9703e8000 	C:\WINDOWS\SYSTEM32\USERENV.dll
0x00007ff970540000 - 0x00007ff97054c000 	C:\WINDOWS\SYSTEM32\CRYPTBASE.dll
0x00007ff96f8a0000 - 0x00007ff96f8cd000 	C:\WINDOWS\SYSTEM32\IPHLPAPI.DLL
0x00007ff973060000 - 0x00007ff973069000 	C:\WINDOWS\System32\NSI.dll
0x00007ff969650000 - 0x00007ff96965a000 	C:\Users\hp\.jdks\openjdk-22.0.2\bin\management.dll
0x00007ff969640000 - 0x00007ff96964b000 	C:\Users\hp\.jdks\openjdk-22.0.2\bin\management_ext.dll
0x00007ff973710000 - 0x00007ff973718000 	C:\WINDOWS\System32\PSAPI.DLL
0x00007ff93ca80000 - 0x00007ff93ca90000 	C:\Users\hp\.jdks\openjdk-22.0.2\bin\verify.dll
0x00007ff96f920000 - 0x00007ff96fa18000 	C:\WINDOWS\SYSTEM32\DNSAPI.dll
0x000000005f910000 - 0x000000005f936000 	C:\Program Files\Bonjour\mdnsNSP.dll
0x00007ff96a120000 - 0x00007ff96a12a000 	C:\Windows\System32\rasadhlp.dll
0x00007ff96a780000 - 0x00007ff96a803000 	C:\WINDOWS\System32\fwpuclnt.dll
0x00007ff935be0000 - 0x00007ff935be8000 	C:\WINDOWS\system32\wshunix.dll

dbghelp: loaded successfully - version: 4.0.5 - missing functions: none
symbol engine: initialized successfully - sym options: 0x614 - pdb path: .;C:\Users\hp\.jdks\openjdk-22.0.2\bin;C:\WINDOWS\SYSTEM32;C:\WINDOWS\WinSxS\amd64_microsoft.windows.common-controls_6595b64144ccf1df_6.0.22621.3672_none_2713b9d173822955;C:\Users\hp\.jdks\openjdk-22.0.2\bin\server;C:\Program Files\JetBrains\IntelliJ IDEA Community Edition 2023.3.5\bin;C:\Program Files\Bonjour

VM Arguments:
jvm_args: --enable-preview -javaagent:C:\Program Files\JetBrains\IntelliJ IDEA Community Edition 2023.3.5\lib\idea_rt.jar=61941:C:\Program Files\JetBrains\IntelliJ IDEA Community Edition 2023.3.5\bin -Dfile.encoding=UTF-8 -Dsun.stdout.encoding=UTF-8 -Dsun.stderr.encoding=UTF-8 
java_command: com.abcrestaurant.Backend.BackendApplication
java_class_path (initial): D:\ABC_Resturant_Project\ABC-Resturant\Backend\target\classes;C:\Users\hp\.m2\repository\org\springframework\boot\spring-boot-starter-data-jpa\3.3.2\spring-boot-starter-data-jpa-3.3.2.jar;C:\Users\hp\.m2\repository\org\springframework\boot\spring-boot-starter-aop\3.3.2\spring-boot-starter-aop-3.3.2.jar;C:\Users\hp\.m2\repository\org\springframework\spring-aop\6.1.11\spring-aop-6.1.11.jar;C:\Users\hp\.m2\repository\org\aspectj\aspectjweaver\1.9.22.1\aspectjweaver-1.9.22.1.jar;C:\Users\hp\.m2\repository\org\springframework\boot\spring-boot-starter-jdbc\3.3.2\spring-boot-starter-jdbc-3.3.2.jar;C:\Users\hp\.m2\repository\com\zaxxer\HikariCP\5.1.0\HikariCP-5.1.0.jar;C:\Users\hp\.m2\repository\org\springframework\spring-jdbc\6.1.11\spring-jdbc-6.1.11.jar;C:\Users\hp\.m2\repository\org\hibernate\orm\hibernate-core\6.5.2.Final\hibernate-core-6.5.2.Final.jar;C:\Users\hp\.m2\repository\jakarta\persistence\jakarta.persistence-api\3.1.0\jakarta.persistence-api-3.1.0.jar;C:\Users\hp\.m2\repository\jakarta\transaction\jakarta.transaction-api\2.0.1\jakarta.transaction-api-2.0.1.jar;C:\Users\hp\.m2\repository\org\jboss\logging\jboss-logging\3.5.3.Final\jboss-logging-3.5.3.Final.jar;C:\Users\hp\.m2\repository\org\hibernate\common\hibernate-commons-annotations\6.0.6.Final\hibernate-commons-annotations-6.0.6.Final.jar;C:\Users\hp\.m2\repository\io\smallrye\jandex\3.1.2\jandex-3.1.2.jar;C:\Users\hp\.m2\repository\com\fasterxml\classmate\1.7.0\classmate-1.7.0.jar;C:\Users\hp\.m2\repository\net\bytebuddy\byte-buddy\1.14.18\byte-buddy-1.14.18.jar;C:\Users\hp\.m2\repository\org\glassfish\jaxb\jaxb-runtime\4.0.5\jaxb-runtime-4.0.5.jar;C:\Users\hp\.m2\repository\org\glassfish\jaxb\jaxb-core\4.0.5\jaxb-core-4.0.5.jar;C:\Users\hp\.m2\repository\org\eclipse\angus\angus-activation\2.0.2\angus-activation-2.0.2.jar;C:\Users\hp\.m2\repository\org\glassfish\jaxb\txw2\4.0.5\txw2-4.0.5.jar;C:\Users\hp\.m2\repository\com\sun\istack\istack-commons-runtime\4.1.2\istack-commons-runtime-4.1.2.jar;C:\Users\hp\.m2\repository\jakarta\inject\jakarta.inject-api\2.0.1\jakarta.inject-api-2.0.1.jar;C:\Users\hp\.m2\repository\org\antlr\antlr4-runtime\4.13.0\antlr4-runtime-4.13.0.jar;C:\Users\hp\.m2\repository\org\springframework\data\spring-data-jpa\3.3.2\spring-data-jpa-3.3.2.jar;C:\Users\hp\.m2\repository\org\springframework\data\spring-data-commons\3.3.2\spring-data-commons-3.3.2.jar;C:\Users\hp\.m2\repository\org\springframework\spring-orm\6.1.11\spring-orm-6.1.11.jar;C:\Users\hp\.m2\repository\org\springframework\spring-context\6.1.11\spring-context-6.1.11.jar;C:\Users\hp\.m2\repository\org\springframework\spring-tx\6.1.11\spring-tx-6.1.11.jar;C:\Users\hp\.m2\repository\org\springframework\spring-beans\6.1.11\spring-beans-6.1.11.jar;C:\Users\hp\.m2\repository\jakarta\annotation\jakarta.annotation-api\2.1.1\jakarta.annotation-api-2.1.1.jar;C:\Users\hp\.m2\repository\org\slf4j\slf4j-api\2.0.13\slf4j-api-2.0.13.jar;C:\Users\hp\.m2\repository\org\springframework\spring-aspects\6.1.11\spring-aspects-6.1.11.jar;C:\Users\hp\.m2\repository\org\springframework\boot\spring-boot-starter-web\3.3.2\spring-boot-starter-web-3.3.2.jar;C:\Users\hp\.m2\repository\org\springframework\boot\spring-boot-starter\3.3.2\spring-boot-starter-3.3.2.jar;C:\Users\hp\.m2\repository\org\springframework\boot\spring-boot\3.3.2\spring-boot-3.3.2.jar;C:\Users\hp\.m2\repository\org\springframework\boot\spring-boot-autoconfigure\3.3.2\spring-boot-autoconfigure-3.3.2.jar;C:\Users\hp\.m2\repository\org\springframework\boot\spring-boot-starter-logging\3.3.2\spring-boot-starter-logging-3.3.2.jar;C:\Users\hp\.m2\repository\ch\qos\logback\logback-classic\1.5.6\logback-classic-1.5.6.jar;C:\Users\hp\.m2\repository\ch\qos\logback\logback-core\1.5.6\logback-core-1.5.6.jar;C:\Users\hp\.m2\repository\org\apache\logging\log4j\log4j-to-slf4j\2.23.1\log4j-to-slf4j-2.23.1.jar;C:\Users\hp\.m2\repository\org\apache\logging\log4j\log4j-api\2.23.1\log4j-api-2.23.1.jar;C:\Users\hp\.m2\repository\org\slf4j\jul-to-slf4j\2.0.13\jul-to-slf4j-2.0.13.jar;C:\Users\hp\.m2\repository\org\yaml\snakeyaml\2.2\snakeyaml-2.2.jar;C:\Users\hp\.m2\repository\org\springframework\boot\spring-boot-starter-json\3.3.2\spring-boot-starter-json-3.3.2.jar;C:\Users\hp\.m2\repository\com\fasterxml\jackson\core\jackson-databind\2.17.2\jackson-databind-2.17.2.jar;C:\Users\hp\.m2\repository\com\fasterxml\jackson\core\jackson-annotations\2.17.2\jackson-annotations-2.17.2.jar;C:\Users\hp\.m2\repository\com\fasterxml\jackson\core\jackson-core\2.17.2\jackson-core-2.17.2.jar;C:\Users\hp\.m2\repository\com\fasterxml\jackson\datatype\jackson-datatype-jdk8\2.17.2\jackson-datatype-jdk8-2.17.2.jar;C:\Users\hp\.m2\repository\com\fasterxml\jackson\datatype\jackson-datatype-jsr310\2.17.2\jackson-datatype-jsr310-2.17.2.jar;C:\Users\hp\.m2\repository\com\fasterxml\jackson\module\jackson-module-parameter-names\2.17.2\jackson-module-parameter-names-2.17.2.jar;C:\Users\hp\.m2\repository\org\springframework\boot\spring-boot-starter-tomcat\3.3.2\spring-boot-starter-tomcat-3.3.2.jar;C:\Users\hp\.m2\repository\org\apache\tomcat\embed\tomcat-embed-core\10.1.26\tomcat-embed-core-10.1.26.jar;C:\Users\hp\.m2\repository\org\apache\tomcat\embed\tomcat-embed-el\10.1.26\tomcat-embed-el-10.1.26.jar;C:\Users\hp\.m2\repository\org\apache\tomcat\embed\tomcat-embed-websocket\10.1.26\tomcat-embed-websocket-10.1.26.jar;C:\Users\hp\.m2\repository\org\springframework\spring-web\6.1.11\spring-web-6.1.11.jar;C:\Users\hp\.m2\repository\io\micrometer\micrometer-observation\1.13.2\micrometer-observation-1.13.2.jar;C:\Users\hp\.m2\repository\io\micrometer\micrometer-commons\1.13.2\micrometer-commons-1.13.2.jar;C:\Users\hp\.m2\repository\org\springframework\spring-webmvc\6.1.11\spring-webmvc-6.1.11.jar;C:\Users\hp\.m2\repository\org\springframework\spring-expression\6.1.11\spring-expression-6.1.11.jar;C:\Users\hp\.m2\repository\com\mysql\mysql-connector-j\8.3.0\mysql-connector-j-8.3.0.jar;C:\Users\hp\.m2\repository\jakarta\xml\bind\jakarta.xml.bind-api\4.0.2\jakarta.xml.bind-api-4.0.2.jar;C:\Users\hp\.m2\repository\jakarta\activation\jakarta.activation-api\2.1.3\jakarta.activation-api-2.1.3.jar;C:\Users\hp\.m2\repository\org\springframework\spring-core\6.1.11\spring-core-6.1.11.jar;C:\Users\hp\.m2\repository\org\springframework\spring-jcl\6.1.11\spring-jcl-6.1.11.jar
Launcher Type: SUN_STANDARD

[Global flags]
     intx CICompilerCount                          = 4                                         {product} {ergonomic}
     uint ConcGCThreads                            = 2                                         {product} {ergonomic}
     uint G1ConcRefinementThreads                  = 8                                         {product} {ergonomic}
   size_t G1HeapRegionSize                         = 2097152                                   {product} {ergonomic}
   size_t InitialHeapSize                          = 266338304                                 {product} {ergonomic}
   size_t MarkStackSize                            = 4194304                                   {product} {ergonomic}
   size_t MaxHeapSize                              = 4234149888                                {product} {ergonomic}
   size_t MaxNewSize                               = 2539651072                                {product} {ergonomic}
   size_t MinHeapDeltaBytes                        = 2097152                                   {product} {ergonomic}
   size_t MinHeapSize                              = 8388608                                   {product} {ergonomic}
    uintx NonNMethodCodeHeapSize                   = 5839372                                {pd product} {ergonomic}
    uintx NonProfiledCodeHeapSize                  = 122909434                              {pd product} {ergonomic}
    uintx ProfiledCodeHeapSize                     = 122909434                              {pd product} {ergonomic}
    uintx ReservedCodeCacheSize                    = 251658240                              {pd product} {ergonomic}
     bool SegmentedCodeCache                       = true                                      {product} {ergonomic}
   size_t SoftMaxHeapSize                          = 4234149888                             {manageable} {ergonomic}
     bool UseCompressedOops                        = true                           {product lp64_product} {ergonomic}
     bool UseG1GC                                  = true                                      {product} {ergonomic}
     bool UseLargePagesIndividualAllocation        = false                                  {pd product} {ergonomic}

Logging:
Log output configuration:
 #0: stdout all=warning uptime,level,tags foldmultilines=false
 #1: stderr all=off uptime,level,tags foldmultilines=false

Environment Variables:
PATH=C:\Program Files\Common Files\Oracle\Java\javapath;C:\Program Files (x86)\Common Files\Oracle\Java\java8path;C:\Program Files (x86)\Common Files\Oracle\Java\javapath;C:\WINDOWS\system32;C:\WINDOWS;C:\WINDOWS\System32\Wbem;C:\WINDOWS\System32\WindowsPowerShell\v1.0\;C:\WINDOWS\System32\OpenSSH\;C:\Program Files\nodejs\;C:\Program Files\MySQL\MySQL Server 8.0\bin;C:\ProgramData\ComposerSetup\bin;C:\xampp;C:\php-8.2.12;C:\Program Files\Git\cmd;;C:\Users\hp\AppData\Local\Programs\Microsoft VS Code\bin;C:\Program Files\JetBrains\IntelliJ IDEA Community Edition 2023.3.5\bin;
USERNAME=hp
OS=Windows_NT
PROCESSOR_IDENTIFIER=Intel64 Family 6 Model 140 Stepping 2, GenuineIntel
TMP=C:\Users\hp\AppData\Local\Temp
TEMP=C:\Users\hp\AppData\Local\Temp




Periodic native trim disabled

---------------  S Y S T E M  ---------------

OS:
 Windows 11 , 64 bit Build 22621 (10.0.22621.3958)
OS uptime: 0 days 23:50 hours

CPU: total 8 (initial active 8) (4 cores per cpu, 2 threads per core) family 6 model 140 stepping 2 microcode 0x34, cx8, cmov, fxsr, ht, mmx, 3dnowpref, sse, sse2, sse3, ssse3, sse4.1, sse4.2, popcnt, lzcnt, tsc, tscinvbit, avx, avx2, aes, erms, clmul, bmi1, bmi2, adx, avx512f, avx512dq, avx512cd, avx512bw, avx512vl, sha, fma, vzeroupper, avx512_vpopcntdq, avx512_vpclmulqdq, avx512_vaes, avx512_vnni, clflush, clflushopt, clwb, avx512_vbmi2, avx512_vbmi, rdtscp, rdpid, fsrm, gfni, avx512_bitalg, f16c, pku, cet_ibt, cet_ss, avx512_ifma
Processor Information for processor 0
  Max Mhz: 2918, Current Mhz: 2918, Mhz Limit: 2918
Processor Information for processor 1
  Max Mhz: 2918, Current Mhz: 1207, Mhz Limit: 2918
Processor Information for processor 2
  Max Mhz: 2918, Current Mhz: 1207, Mhz Limit: 2918
Processor Information for processor 3
  Max Mhz: 2918, Current Mhz: 2918, Mhz Limit: 2918
Processor Information for processor 4
  Max Mhz: 2918, Current Mhz: 1207, Mhz Limit: 2918
Processor Information for processor 5
  Max Mhz: 2918, Current Mhz: 2918, Mhz Limit: 2918
Processor Information for processor 6
  Max Mhz: 2918, Current Mhz: 1207, Mhz Limit: 2918
Processor Information for processor 7
  Max Mhz: 2918, Current Mhz: 2918, Mhz Limit: 2918

Memory: 4k page, system-wide physical 16151M (3280M free)
TotalPageFile size 18199M (AvailPageFile size 4M)
current process WorkingSet (physical memory assigned to process): 258M, peak: 322M
current process commit charge ("private bytes"): 307M, peak: 430M

vm_info: OpenJDK 64-Bit Server VM (22.0.2+9-70) for windows-amd64 JRE (22.0.2+9-70), built on 2024-06-04T16:52:23Z by "mach5one" with MS VC++ 17.6 (VS2022)

END.
