#
# There is insufficient memory for the Java Runtime Environment to continue.
# Native memory allocation (malloc) failed to allocate 1295552 bytes. Error detail: Chunk::new
# Possible reasons:
#   The system is out of physical RAM or swap space
#   This process is running with CompressedOops enabled, and the Java Heap may be blocking the growth of the native heap
# Possible solutions:
#   Reduce memory load on the system
#   Increase physical memory or swap space
#   Check if swap backing store is full
#   Decrease Java heap size (-Xmx/-Xms)
#   Decrease number of Java threads
#   Decrease Java thread stack sizes (-Xss)
#   Set larger code cache with -XX:ReservedCodeCacheSize=
#   JVM is running with Zero Based Compressed Oops mode in which the Java heap is
#     placed in the first 32GB address space. The Java Heap base address is the
#     maximum limit for the native heap growth. Please use -XX:HeapBaseMinAddress
#     to set the Java Heap base and to place the Java Heap above 32GB virtual address.
# This output file may be truncated or incomplete.
#
#  Out of Memory Error (arena.cpp:150), pid=16072, tid=3724
#
# JRE version: OpenJDK Runtime Environment (22.0.2+9) (build 22.0.2+9-70)
# Java VM: OpenJDK 64-Bit Server VM (22.0.2+9-70, mixed mode, sharing, tiered, compressed oops, compressed class ptrs, g1 gc, windows-amd64)
# No core dump will be written. Minidumps are not enabled by default on client versions of Windows
#

---------------  S U M M A R Y ------------

Command Line: --enable-preview -javaagent:C:\Program Files\JetBrains\IntelliJ IDEA Community Edition 2023.3.5\lib\idea_rt.jar=59662:C:\Program Files\JetBrains\IntelliJ IDEA Community Edition 2023.3.5\bin -Dfile.encoding=UTF-8 -Dsun.stdout.encoding=UTF-8 -Dsun.stderr.encoding=UTF-8 com.abcrestaurant.Backend.BackendApplication

Host: 11th Gen Intel(R) Core(TM) i7-1195G7 @ 2.90GHz, 8 cores, 15G,  Windows 11 , 64 bit Build 22621 (10.0.22621.3958)
Time: Sun Sep  8 00:26:24 2024 Sri Lanka Standard Time elapsed time: 7.699409 seconds (0d 0h 0m 7s)

---------------  T H R E A D  ---------------

Current thread (0x000001cf1953bd10):  JavaThread "C2 CompilerThread1" daemon [_thread_in_native, id=3724, stack(0x000000422f600000,0x000000422f700000) (1024K)]


Current CompileTask:
C2:7699 6860 % !   4       org.springframework.beans.factory.support.DefaultListableBeanFactory::doGetBeanNamesForType @ 20 (505 bytes)

Stack: [0x000000422f600000,0x000000422f700000]
Native frames: (J=compiled Java code, j=interpreted, Vv=VM code, C=native code)
V  [jvm.dll+0x6e26e9]  (no source info available)
V  [jvm.dll+0x875753]  (no source info available)
V  [jvm.dll+0x877b7e]  (no source info available)
V  [jvm.dll+0x878253]  (no source info available)
V  [jvm.dll+0x27fc86]  (no source info available)
V  [jvm.dll+0xc3d0f]  (no source info available)
V  [jvm.dll+0xc3f6b]  (no source info available)
V  [jvm.dll+0x3bb47c]  (no source info available)
V  [jvm.dll+0x387d4b]  (no source info available)
V  [jvm.dll+0x3871ba]  (no source info available)
V  [jvm.dll+0x2477f8]  (no source info available)
V  [jvm.dll+0x246e9f]  (no source info available)
V  [jvm.dll+0x1c4e80]  (no source info available)
V  [jvm.dll+0x2568f3]  (no source info available)
V  [jvm.dll+0x254baa]  (no source info available)
V  [jvm.dll+0x3f57a6]  (no source info available)
V  [jvm.dll+0x81dc0b]  (no source info available)
V  [jvm.dll+0x6e0d85]  (no source info available)
C  [ucrtbase.dll+0x29333]  (no source info available)
C  [KERNEL32.DLL+0x1257d]  (no source info available)
C  [ntdll.dll+0x5af28]  (no source info available)


---------------  P R O C E S S  ---------------

Threads class SMR info:
_java_thread_list=0x000001cf64bf3e20, length=31, elements={
0x000001cf7e8485f0, 0x000001cf7e849510, 0x000001cf7e8541a0, 0x000001cf7e856c10,
0x000001cf7e8597b0, 0x000001cf7e85e680, 0x000001cf1939de60, 0x000001cf193a0530,
0x000001cf1948c040, 0x000001cf1953bd10, 0x000001cf1948e110, 0x000001cf1948da80,
0x000001cf1948c6d0, 0x000001cf1948cd60, 0x000001cf62705330, 0x000001cf62701820,
0x000001cf62700470, 0x000001cf626ffde0, 0x000001cf62702540, 0x000001cf62704ca0,
0x000001cf62706050, 0x000001cf627038f0, 0x000001cf626ff0c0, 0x000001cf626ff750,
0x000001cf62700b00, 0x000001cf627066e0, 0x000001cf62701190, 0x000001cf627059c0,
0x000001cf62703260, 0x000001cf62704610, 0x000001cf1948b9b0
}

Java Threads: ( => current thread )
  0x000001cf7e8485f0 JavaThread "Reference Handler"          daemon [_thread_blocked, id=12976, stack(0x000000422ed00000,0x000000422ee00000) (1024K)]
  0x000001cf7e849510 JavaThread "Finalizer"                  daemon [_thread_blocked, id=18312, stack(0x000000422ee00000,0x000000422ef00000) (1024K)]
  0x000001cf7e8541a0 JavaThread "Signal Dispatcher"          daemon [_thread_blocked, id=3692, stack(0x000000422ef00000,0x000000422f000000) (1024K)]
  0x000001cf7e856c10 JavaThread "Attach Listener"            daemon [_thread_blocked, id=3788, stack(0x000000422f000000,0x000000422f100000) (1024K)]
  0x000001cf7e8597b0 JavaThread "Service Thread"             daemon [_thread_blocked, id=16996, stack(0x000000422f100000,0x000000422f200000) (1024K)]
  0x000001cf7e85e680 JavaThread "Monitor Deflation Thread"   daemon [_thread_blocked, id=23488, stack(0x000000422f200000,0x000000422f300000) (1024K)]
  0x000001cf1939de60 JavaThread "C2 CompilerThread0"         daemon [_thread_in_native, id=7784, stack(0x000000422f300000,0x000000422f400000) (1024K)]
  0x000001cf193a0530 JavaThread "C1 CompilerThread0"         daemon [_thread_blocked, id=13920, stack(0x000000422f400000,0x000000422f500000) (1024K)]
  0x000001cf1948c040 JavaThread "Common-Cleaner"             daemon [_thread_blocked, id=15052, stack(0x000000422f500000,0x000000422f600000) (1024K)]
=>0x000001cf1953bd10 JavaThread "C2 CompilerThread1"         daemon [_thread_in_native, id=3724, stack(0x000000422f600000,0x000000422f700000) (1024K)]
  0x000001cf1948e110 JavaThread "Monitor Ctrl-Break"         daemon [_thread_in_native, id=22048, stack(0x000000422f700000,0x000000422f800000) (1024K)]
  0x000001cf1948da80 JavaThread "Notification Thread"        daemon [_thread_blocked, id=23100, stack(0x000000422f800000,0x000000422f900000) (1024K)]
  0x000001cf1948c6d0 JavaThread "Catalina-utility-1"                [_thread_blocked, id=1736, stack(0x0000004230200000,0x0000004230300000) (1024K)]
  0x000001cf1948cd60 JavaThread "Catalina-utility-2"                [_thread_blocked, id=14544, stack(0x0000004230300000,0x0000004230400000) (1024K)]
  0x000001cf62705330 JavaThread "container-0"                       [_thread_blocked, id=20408, stack(0x0000004230400000,0x0000004230500000) (1024K)]
  0x000001cf62701820 JavaThread "mysql-cj-abandoned-connection-cleanup" daemon [_thread_blocked, id=14940, stack(0x0000004230500000,0x0000004230600000) (1024K)]
  0x000001cf62700470 JavaThread "HikariPool-1 housekeeper"   daemon [_thread_blocked, id=23232, stack(0x0000004230700000,0x0000004230800000) (1024K)]
  0x000001cf626ffde0 JavaThread "HikariPool-1 connection adder" daemon [_thread_blocked, id=13824, stack(0x0000004230800000,0x0000004230900000) (1024K)]
  0x000001cf62702540 JavaThread "http-nio-8080-exec-1"       daemon [_thread_blocked, id=11944, stack(0x0000004230900000,0x0000004230a00000) (1024K)]
  0x000001cf62704ca0 JavaThread "http-nio-8080-exec-2"       daemon [_thread_in_vm, id=18828, stack(0x0000004230a00000,0x0000004230b00000) (1024K)]
  0x000001cf62706050 JavaThread "http-nio-8080-exec-3"       daemon [_thread_blocked, id=15908, stack(0x0000004230b00000,0x0000004230c00000) (1024K)]
  0x000001cf627038f0 JavaThread "http-nio-8080-exec-4"       daemon [_thread_blocked, id=9740, stack(0x0000004230c00000,0x0000004230d00000) (1024K)]
  0x000001cf626ff0c0 JavaThread "http-nio-8080-exec-5"       daemon [_thread_blocked, id=21984, stack(0x0000004230d00000,0x0000004230e00000) (1024K)]
  0x000001cf626ff750 JavaThread "http-nio-8080-exec-6"       daemon [_thread_blocked, id=18096, stack(0x0000004230e00000,0x0000004230f00000) (1024K)]
  0x000001cf62700b00 JavaThread "http-nio-8080-exec-7"       daemon [_thread_blocked, id=12496, stack(0x0000004230f00000,0x0000004231000000) (1024K)]
  0x000001cf627066e0 JavaThread "http-nio-8080-exec-8"       daemon [_thread_blocked, id=12368, stack(0x0000004231000000,0x0000004231100000) (1024K)]
  0x000001cf62701190 JavaThread "http-nio-8080-exec-9"       daemon [_thread_blocked, id=6784, stack(0x0000004231100000,0x0000004231200000) (1024K)]
  0x000001cf627059c0 JavaThread "http-nio-8080-exec-10"      daemon [_thread_blocked, id=22660, stack(0x0000004231200000,0x0000004231300000) (1024K)]
  0x000001cf62703260 JavaThread "http-nio-8080-Poller"       daemon [_thread_in_native, id=9808, stack(0x0000004231300000,0x0000004231400000) (1024K)]
  0x000001cf62704610 JavaThread "http-nio-8080-Acceptor"     daemon [_thread_in_native, id=4988, stack(0x0000004231400000,0x0000004231500000) (1024K)]
  0x000001cf1948b9b0 JavaThread "DestroyJavaVM"                     [_thread_blocked, id=12844, stack(0x000000422e500000,0x000000422e600000) (1024K)]
Total: 31

Other Threads:
  0x000001cf7e82f4c0 VMThread "VM Thread"                           [id=7744, stack(0x000000422ec00000,0x000000422ed00000) (1024K)]
  0x000001cf7e812d10 WatcherThread "VM Periodic Task Thread"        [id=22740, stack(0x000000422eb00000,0x000000422ec00000) (1024K)]
  0x000001cf793cf2e0 WorkerThread "GC Thread#0"                     [id=21804, stack(0x000000422e600000,0x000000422e700000) (1024K)]
  0x000001cf19e77620 WorkerThread "GC Thread#1"                     [id=4972, stack(0x000000422f900000,0x000000422fa00000) (1024K)]
  0x000001cf19f8dfb0 WorkerThread "GC Thread#2"                     [id=21432, stack(0x000000422fa00000,0x000000422fb00000) (1024K)]
  0x000001cf19f8e360 WorkerThread "GC Thread#3"                     [id=7580, stack(0x000000422fb00000,0x000000422fc00000) (1024K)]
  0x000001cf19f8eb20 WorkerThread "GC Thread#4"                     [id=22980, stack(0x000000422fc00000,0x000000422fd00000) (1024K)]
  0x000001cf5f33b5d0 WorkerThread "GC Thread#5"                     [id=12192, stack(0x000000422fd00000,0x000000422fe00000) (1024K)]
  0x000001cf5f5e0750 WorkerThread "GC Thread#6"                     [id=23228, stack(0x0000004230000000,0x0000004230100000) (1024K)]
  0x000001cf5f5e1610 WorkerThread "GC Thread#7"                     [id=23136, stack(0x0000004230100000,0x0000004230200000) (1024K)]
  0x000001cf793dc0c0 ConcurrentGCThread "G1 Main Marker"            [id=15760, stack(0x000000422e700000,0x000000422e800000) (1024K)]
  0x000001cf793dcae0 WorkerThread "G1 Conc#0"                       [id=7972, stack(0x000000422e800000,0x000000422e900000) (1024K)]
  0x000001cf6051fb50 WorkerThread "G1 Conc#1"                       [id=3392, stack(0x000000422fe00000,0x000000422ff00000) (1024K)]
  0x000001cf7941eac0 ConcurrentGCThread "G1 Refine#0"               [id=22340, stack(0x000000422e900000,0x000000422ea00000) (1024K)]
  0x000001cf7e6e56d0 ConcurrentGCThread "G1 Service"                [id=13784, stack(0x000000422ea00000,0x000000422eb00000) (1024K)]
Total: 15

Threads with active compile tasks:
C2 CompilerThread0  7739 6861       4       org.springframework.core.ResolvableType::hasGenerics (14 bytes)
C2 CompilerThread1  7739 6860 % !   4       org.springframework.beans.factory.support.DefaultListableBeanFactory::doGetBeanNamesForType @ 20 (505 bytes)
Total: 2

VM state: not at safepoint (normal execution)

VM Mutex/Monitor currently owned by a thread: None

Heap address: 0x0000000703a00000, size: 4038 MB, Compressed Oops mode: Zero based, Oop shift amount: 3

CDS archive(s) mapped at: [0x000001cf1a000000-0x000001cf1ac60000-0x000001cf1ac60000), size 12976128, SharedBaseAddress: 0x000001cf1a000000, ArchiveRelocationMode: 1.
Compressed class space mapped at: 0x000001cf1b000000-0x000001cf5b000000, reserved size: 1073741824
Narrow klass base: 0x000001cf1a000000, Narrow klass shift: 0, Narrow klass range: 0x41000000

GC Precious Log:
 CardTable entry size: 512
 Card Set container configuration: InlinePtr #cards 4 size 8 Array Of Cards #cards 16 size 48 Howl #buckets 8 coarsen threshold 3686 Howl Bitmap #cards 512 size 80 coarsen threshold 460 Card regions per heap region 1 cards per card region 4096
 CPUs: 8 total, 8 available
 Memory: 16151M
 Large Page Support: Disabled
 NUMA Support: Disabled
 Compressed Oops: Enabled (Zero based)
 Heap Region Size: 2M
 Heap Min Capacity: 8M
 Heap Initial Capacity: 254M
 Heap Max Capacity: 4038M
 Pre-touch: Disabled
 Parallel Workers: 8
 Concurrent Workers: 2
 Concurrent Refinement Workers: 8
 Periodic GC: Disabled

Heap:
 garbage-first heap   total reserved 4134912K, committed 69632K, used 30468K [0x0000000703a00000, 0x0000000800000000)
  region size 2048K, 3 young (6144K), 2 survivors (4096K)
 Metaspace       used 69391K, committed 70144K, reserved 1114112K
  class space    used 9403K, committed 9728K, reserved 1048576K

Heap Regions: E=young(eden), S=young(survivor), O=old, HS=humongous(starts), HC=humongous(continues), CS=collection set, F=free, TAMS=top-at-mark-start, PB=parsable bottom
|   0|0x0000000703a00000, 0x0000000703c00000, 0x0000000703c00000|100%| O|  |TAMS 0x0000000703a00000| PB 0x0000000703a00000| Untracked |  0
|   1|0x0000000703c00000, 0x0000000703e00000, 0x0000000703e00000|100%| O|  |TAMS 0x0000000703c00000| PB 0x0000000703c00000| Untracked |  0
|   2|0x0000000703e00000, 0x0000000704000000, 0x0000000704000000|100%| O|  |TAMS 0x0000000703e00000| PB 0x0000000703e00000| Untracked |  0
|   3|0x0000000704000000, 0x0000000704200000, 0x0000000704200000|100%| O|  |TAMS 0x0000000704000000| PB 0x0000000704000000| Untracked |  0
|   4|0x0000000704200000, 0x0000000704400000, 0x0000000704400000|100%| O|  |TAMS 0x0000000704200000| PB 0x0000000704200000| Untracked |  0
|   5|0x0000000704400000, 0x0000000704600000, 0x0000000704600000|100%| O|  |TAMS 0x0000000704400000| PB 0x0000000704400000| Untracked |  0
|   6|0x0000000704600000, 0x0000000704600000, 0x0000000704800000|  0%| F|  |TAMS 0x0000000704600000| PB 0x0000000704600000| Untracked |  0
|   7|0x0000000704800000, 0x0000000704a00000, 0x0000000704a00000|100%| O|  |TAMS 0x0000000704800000| PB 0x0000000704800000| Untracked |  0
|   8|0x0000000704a00000, 0x0000000704c00000, 0x0000000704c00000|100%| O|  |TAMS 0x0000000704a00000| PB 0x0000000704a00000| Untracked |  0
|   9|0x0000000704c00000, 0x0000000704e00000, 0x0000000704e00000|100%| O|  |TAMS 0x0000000704c00000| PB 0x0000000704c00000| Untracked |  0
|  10|0x0000000704e00000, 0x0000000705000000, 0x0000000705000000|100%| O|  |TAMS 0x0000000704e00000| PB 0x0000000704e00000| Untracked |  0
|  11|0x0000000705000000, 0x0000000705200000, 0x0000000705200000|100%| O|  |TAMS 0x0000000705000000| PB 0x0000000705000000| Untracked |  0
|  12|0x0000000705200000, 0x0000000705200000, 0x0000000705400000|  0%| F|  |TAMS 0x0000000705200000| PB 0x0000000705200000| Untracked |  0
|  13|0x0000000705400000, 0x0000000705400000, 0x0000000705600000|  0%| F|  |TAMS 0x0000000705400000| PB 0x0000000705400000| Untracked |  0
|  14|0x0000000705600000, 0x0000000705800000, 0x0000000705800000|100%| O|  |TAMS 0x0000000705600000| PB 0x0000000705600000| Untracked |  0
|  15|0x0000000705800000, 0x0000000705800000, 0x0000000705a00000|  0%| F|  |TAMS 0x0000000705800000| PB 0x0000000705800000| Untracked |  0
|  16|0x0000000705a00000, 0x0000000705c00000, 0x0000000705c00000|100%| O|  |TAMS 0x0000000705a00000| PB 0x0000000705a00000| Untracked |  0
|  17|0x0000000705c00000, 0x0000000705cb58d0, 0x0000000705e00000| 35%| O|  |TAMS 0x0000000705c00000| PB 0x0000000705c00000| Untracked |  0
|  18|0x0000000705e00000, 0x0000000705f0ba08, 0x0000000706000000| 52%| S|CS|TAMS 0x0000000705e00000| PB 0x0000000705e00000| Complete |  0
|  19|0x0000000706000000, 0x0000000706200000, 0x0000000706200000|100%| S|CS|TAMS 0x0000000706000000| PB 0x0000000706000000| Complete |  0
|  20|0x0000000706200000, 0x0000000706200000, 0x0000000706400000|  0%| F|  |TAMS 0x0000000706200000| PB 0x0000000706200000| Untracked |  0
|  21|0x0000000706400000, 0x0000000706400000, 0x0000000706600000|  0%| F|  |TAMS 0x0000000706400000| PB 0x0000000706400000| Untracked |  0
|  22|0x0000000706600000, 0x0000000706600000, 0x0000000706800000|  0%| F|  |TAMS 0x0000000706600000| PB 0x0000000706600000| Untracked |  0
|  23|0x0000000706800000, 0x0000000706800000, 0x0000000706a00000|  0%| F|  |TAMS 0x0000000706800000| PB 0x0000000706800000| Untracked |  0
|  24|0x0000000706a00000, 0x0000000706a00000, 0x0000000706c00000|  0%| F|  |TAMS 0x0000000706a00000| PB 0x0000000706a00000| Untracked |  0
|  25|0x0000000706c00000, 0x0000000706c00000, 0x0000000706e00000|  0%| F|  |TAMS 0x0000000706c00000| PB 0x0000000706c00000| Untracked |  0
|  26|0x0000000706e00000, 0x0000000706e00000, 0x0000000707000000|  0%| F|  |TAMS 0x0000000706e00000| PB 0x0000000706e00000| Untracked |  0
|  27|0x0000000707000000, 0x0000000707000000, 0x0000000707200000|  0%| F|  |TAMS 0x0000000707000000| PB 0x0000000707000000| Untracked |  0
|  28|0x0000000707200000, 0x0000000707200000, 0x0000000707400000|  0%| F|  |TAMS 0x0000000707200000| PB 0x0000000707200000| Untracked |  0
|  29|0x0000000707400000, 0x0000000707400000, 0x0000000707600000|  0%| F|  |TAMS 0x0000000707400000| PB 0x0000000707400000| Untracked |  0
|  30|0x0000000707600000, 0x0000000707600000, 0x0000000707800000|  0%| F|  |TAMS 0x0000000707600000| PB 0x0000000707600000| Untracked |  0
|  31|0x0000000707800000, 0x0000000707800000, 0x0000000707a00000|  0%| F|  |TAMS 0x0000000707800000| PB 0x0000000707800000| Untracked |  0
|  70|0x000000070c600000, 0x000000070c600000, 0x000000070c800000|  0%| F|  |TAMS 0x000000070c600000| PB 0x000000070c600000| Untracked |  0
| 126|0x0000000713600000, 0x0000000713793f10, 0x0000000713800000| 78%| E|  |TAMS 0x0000000713600000| PB 0x0000000713600000| Complete |  0

Card table byte_map: [0x000001cf79f50000,0x000001cf7a740000] _byte_map_base: 0x000001cf76733000

Marking Bits: (CMBitMap*) 0x000001cf793cf900
 Bits: [0x000001cf7a740000, 0x000001cf7e658000)

Polling page: 0x000001cf772f0000

Metaspace:

Usage:
  Non-class:     58.58 MB used.
      Class:      9.18 MB used.
       Both:     67.76 MB used.

Virtual space:
  Non-class space:       64.00 MB reserved,      59.00 MB ( 92%) committed,  1 nodes.
      Class space:        1.00 GB reserved,       9.50 MB ( <1%) committed,  1 nodes.
             Both:        1.06 GB reserved,      68.50 MB (  6%) committed. 

Chunk freelists:
   Non-Class:  4.08 MB
       Class:  6.36 MB
        Both:  10.44 MB

MaxMetaspaceSize: unlimited
CompressedClassSpaceSize: 1.00 GB
Initial GC threshold: 21.00 MB
Current GC threshold: 98.69 MB
CDS: on
 - commit_granule_bytes: 65536.
 - commit_granule_words: 8192.
 - virtual_space_node_default_size: 8388608.
 - enlarge_chunks_in_place: 1.
 - use_allocation_guard: 0.


Internal statistics:

num_allocs_failed_limit: 9.
num_arena_births: 974.
num_arena_deaths: 0.
num_vsnodes_births: 2.
num_vsnodes_deaths: 0.
num_space_committed: 1096.
num_space_uncommitted: 0.
num_chunks_returned_to_freelist: 9.
num_chunks_taken_from_freelist: 3362.
num_chunk_merges: 9.
num_chunk_splits: 2410.
num_chunks_enlarged: 1850.
num_inconsistent_stats: 0.

CodeHeap 'non-profiled nmethods': size=120000Kb used=4184Kb max_used=4184Kb free=115815Kb
 bounds [0x000001cf0fd50000, 0x000001cf10170000, 0x000001cf17280000]
CodeHeap 'profiled nmethods': size=120000Kb used=11631Kb max_used=11631Kb free=108368Kb
 bounds [0x000001cf08280000, 0x000001cf08de0000, 0x000001cf0f7b0000]
CodeHeap 'non-nmethods': size=5760Kb used=1984Kb max_used=2010Kb free=3775Kb
 bounds [0x000001cf0f7b0000, 0x000001cf0fa20000, 0x000001cf0fd50000]
 total_blobs=6935 nmethods=6164 adapters=675
 compilation: enabled
              stopped_count=0, restarted_count=0
 full_count=0

Compilation events (20 events):
Event: 7.663 Thread 0x000001cf193a0530 6879       1       java.nio.charset.CharsetDecoder::charset (5 bytes)
Event: 7.663 Thread 0x000001cf193a0530 nmethod 6879 0x000001cf10165490 code [0x000001cf10165620, 0x000001cf101656f0]
Event: 7.667 Thread 0x000001cf193a0530 6880       3       org.springframework.core.annotation.AttributeMethods::isAttributeMethod (23 bytes)
Event: 7.667 Thread 0x000001cf193a0530 nmethod 6880 0x000001cf08dcf910 code [0x000001cf08dcfac0, 0x000001cf08dcfcc8]
Event: 7.667 Thread 0x000001cf193a0530 6883       3       org.springframework.core.annotation.AttributeMethods::get (22 bytes)
Event: 7.667 Thread 0x000001cf193a0530 nmethod 6883 0x000001cf08dcfe10 code [0x000001cf08dcffc0, 0x000001cf08dd01b0]
Event: 7.667 Thread 0x000001cf193a0530 6884       3       java.util.ArrayList::indexOfRange (71 bytes)
Event: 7.668 Thread 0x000001cf193a0530 nmethod 6884 0x000001cf08dd0290 code [0x000001cf08dd0480, 0x000001cf08dd0920]
Event: 7.668 Thread 0x000001cf193a0530 6881       3       org.springframework.core.annotation.AnnotationTypeMapping::resolveAliasTarget (395 bytes)
Event: 7.674 Thread 0x000001cf193a0530 nmethod 6881 0x000001cf08dd0b10 code [0x000001cf08dd16a0, 0x000001cf08dd8d30]
Event: 7.674 Thread 0x000001cf193a0530 6882       3       org.springframework.core.annotation.AnnotationTypeMapping::isCompatibleReturnType (19 bytes)
Event: 7.674 Thread 0x000001cf193a0530 nmethod 6882 0x000001cf08ddb410 code [0x000001cf08ddb5c0, 0x000001cf08ddb850]
Event: 7.675 Thread 0x000001cf193a0530 6885       3       java.lang.Long::stringSize (55 bytes)
Event: 7.675 Thread 0x000001cf193a0530 nmethod 6885 0x000001cf08ddb990 code [0x000001cf08ddbb40, 0x000001cf08ddbda8]
Event: 7.675 Thread 0x000001cf193a0530 6886       3       java.lang.StringLatin1::getChars (157 bytes)
Event: 7.676 Thread 0x000001cf193a0530 nmethod 6886 0x000001cf08ddbe90 code [0x000001cf08ddc080, 0x000001cf08ddc5c8]
Event: 7.676 Thread 0x000001cf193a0530 6887       1       org.springframework.core.annotation.AnnotationTypeMapping::isSynthesizable (5 bytes)
Event: 7.676 Thread 0x000001cf193a0530 nmethod 6887 0x000001cf10165790 code [0x000001cf10165920, 0x000001cf101659f0]
Event: 7.677 Thread 0x000001cf193a0530 6888       1       org.apache.tomcat.util.http.MimeHeaderField::getValue (5 bytes)
Event: 7.677 Thread 0x000001cf193a0530 nmethod 6888 0x000001cf10165a90 code [0x000001cf10165c20, 0x000001cf10165cf0]

GC Heap History (20 events):
Event: 0.840 GC heap before
{Heap before GC invocations=1 (full 0):
 garbage-first heap   total reserved 4134912K, committed 260096K, used 37343K [0x0000000703a00000, 0x0000000800000000)
  region size 2048K, 18 young (36864K), 2 survivors (4096K)
 Metaspace       used 16596K, committed 16896K, reserved 1114112K
  class space    used 2023K, committed 2176K, reserved 1048576K
}
Event: 0.845 GC heap after
{Heap after GC invocations=2 (full 0):
 garbage-first heap   total reserved 4134912K, committed 260096K, used 9398K [0x0000000703a00000, 0x0000000800000000)
  region size 2048K, 2 young (4096K), 2 survivors (4096K)
 Metaspace       used 16596K, committed 16896K, reserved 1114112K
  class space    used 2023K, committed 2176K, reserved 1048576K
}
Event: 1.243 GC heap before
{Heap before GC invocations=2 (full 0):
 garbage-first heap   total reserved 4134912K, committed 260096K, used 40118K [0x0000000703a00000, 0x0000000800000000)
  region size 2048K, 18 young (36864K), 2 survivors (4096K)
 Metaspace       used 21250K, committed 21504K, reserved 1114112K
  class space    used 2578K, committed 2688K, reserved 1048576K
}
Event: 1.247 GC heap after
{Heap after GC invocations=3 (full 0):
 garbage-first heap   total reserved 4134912K, committed 260096K, used 12662K [0x0000000703a00000, 0x0000000800000000)
  region size 2048K, 3 young (6144K), 3 survivors (6144K)
 Metaspace       used 21250K, committed 21504K, reserved 1114112K
  class space    used 2578K, committed 2688K, reserved 1048576K
}
Event: 1.584 GC heap before
{Heap before GC invocations=4 (full 0):
 garbage-first heap   total reserved 4134912K, committed 49152K, used 35190K [0x0000000703a00000, 0x0000000800000000)
  region size 2048K, 14 young (28672K), 3 survivors (6144K)
 Metaspace       used 24579K, committed 25024K, reserved 1114112K
  class space    used 3050K, committed 3264K, reserved 1048576K
}
Event: 1.590 GC heap after
{Heap after GC invocations=5 (full 0):
 garbage-first heap   total reserved 4134912K, committed 49152K, used 15045K [0x0000000703a00000, 0x0000000800000000)
  region size 2048K, 2 young (4096K), 2 survivors (4096K)
 Metaspace       used 24579K, committed 25024K, reserved 1114112K
  class space    used 3050K, committed 3264K, reserved 1048576K
}
Event: 1.968 GC heap before
{Heap before GC invocations=5 (full 0):
 garbage-first heap   total reserved 4134912K, committed 49152K, used 35525K [0x0000000703a00000, 0x0000000800000000)
  region size 2048K, 12 young (24576K), 2 survivors (4096K)
 Metaspace       used 29053K, committed 29504K, reserved 1114112K
  class space    used 3675K, committed 3904K, reserved 1048576K
}
Event: 1.973 GC heap after
{Heap after GC invocations=6 (full 0):
 garbage-first heap   total reserved 4134912K, committed 49152K, used 16944K [0x0000000703a00000, 0x0000000800000000)
  region size 2048K, 2 young (4096K), 2 survivors (4096K)
 Metaspace       used 29053K, committed 29504K, reserved 1114112K
  class space    used 3675K, committed 3904K, reserved 1048576K
}
Event: 2.250 GC heap before
{Heap before GC invocations=6 (full 0):
 garbage-first heap   total reserved 4134912K, committed 49152K, used 37424K [0x0000000703a00000, 0x0000000800000000)
  region size 2048K, 12 young (24576K), 2 survivors (4096K)
 Metaspace       used 33255K, committed 33792K, reserved 1114112K
  class space    used 4271K, committed 4544K, reserved 1048576K
}
Event: 2.253 GC heap after
{Heap after GC invocations=7 (full 0):
 garbage-first heap   total reserved 4134912K, committed 155648K, used 18583K [0x0000000703a00000, 0x0000000800000000)
  region size 2048K, 1 young (2048K), 1 survivors (2048K)
 Metaspace       used 33255K, committed 33792K, reserved 1114112K
  class space    used 4271K, committed 4544K, reserved 1048576K
}
Event: 2.373 GC heap before
{Heap before GC invocations=7 (full 0):
 garbage-first heap   total reserved 4134912K, committed 155648K, used 26775K [0x0000000703a00000, 0x0000000800000000)
  region size 2048K, 6 young (12288K), 1 survivors (2048K)
 Metaspace       used 35564K, committed 36096K, reserved 1114112K
  class space    used 4663K, committed 4928K, reserved 1048576K
}
Event: 2.375 GC heap after
{Heap after GC invocations=8 (full 0):
 garbage-first heap   total reserved 4134912K, committed 155648K, used 18742K [0x0000000703a00000, 0x0000000800000000)
  region size 2048K, 1 young (2048K), 1 survivors (2048K)
 Metaspace       used 35564K, committed 36096K, reserved 1114112K
  class space    used 4663K, committed 4928K, reserved 1048576K
}
Event: 3.112 GC heap before
{Heap before GC invocations=9 (full 0):
 garbage-first heap   total reserved 4134912K, committed 69632K, used 57654K [0x0000000703a00000, 0x0000000800000000)
  region size 2048K, 20 young (40960K), 1 survivors (2048K)
 Metaspace       used 49113K, committed 49664K, reserved 1114112K
  class space    used 6432K, committed 6656K, reserved 1048576K
}
Event: 3.115 GC heap after
{Heap after GC invocations=10 (full 0):
 garbage-first heap   total reserved 4134912K, committed 69632K, used 22385K [0x0000000703a00000, 0x0000000800000000)
  region size 2048K, 3 young (6144K), 3 survivors (6144K)
 Metaspace       used 49113K, committed 49664K, reserved 1114112K
  class space    used 6432K, committed 6656K, reserved 1048576K
}
Event: 3.544 GC heap before
{Heap before GC invocations=10 (full 0):
 garbage-first heap   total reserved 4134912K, committed 69632K, used 55153K [0x0000000703a00000, 0x0000000800000000)
  region size 2048K, 19 young (38912K), 3 survivors (6144K)
 Metaspace       used 56878K, committed 57472K, reserved 1114112K
  class space    used 7640K, committed 7872K, reserved 1048576K
}
Event: 3.547 GC heap after
{Heap after GC invocations=11 (full 0):
 garbage-first heap   total reserved 4134912K, committed 69632K, used 23687K [0x0000000703a00000, 0x0000000800000000)
  region size 2048K, 1 young (2048K), 1 survivors (2048K)
 Metaspace       used 56878K, committed 57472K, reserved 1114112K
  class space    used 7640K, committed 7872K, reserved 1048576K
}
Event: 3.687 GC heap before
{Heap before GC invocations=11 (full 0):
 garbage-first heap   total reserved 4134912K, committed 69632K, used 33927K [0x0000000703a00000, 0x0000000800000000)
  region size 2048K, 7 young (14336K), 1 survivors (2048K)
 Metaspace       used 59813K, committed 60416K, reserved 1114112K
  class space    used 8105K, committed 8384K, reserved 1048576K
}
Event: 3.689 GC heap after
{Heap after GC invocations=12 (full 0):
 garbage-first heap   total reserved 4134912K, committed 69632K, used 24349K [0x0000000703a00000, 0x0000000800000000)
  region size 2048K, 2 young (4096K), 2 survivors (4096K)
 Metaspace       used 59813K, committed 60416K, reserved 1114112K
  class space    used 8105K, committed 8384K, reserved 1048576K
}
Event: 4.150 GC heap before
{Heap before GC invocations=13 (full 0):
 garbage-first heap   total reserved 4134912K, committed 69632K, used 57117K [0x0000000703a00000, 0x0000000800000000)
  region size 2048K, 18 young (36864K), 2 survivors (4096K)
 Metaspace       used 64322K, committed 65024K, reserved 1114112K
  class space    used 8718K, committed 9024K, reserved 1048576K
}
Event: 4.153 GC heap after
{Heap after GC invocations=14 (full 0):
 garbage-first heap   total reserved 4134912K, committed 69632K, used 28032K [0x0000000703a00000, 0x0000000800000000)
  region size 2048K, 3 young (6144K), 3 survivors (6144K)
 Metaspace       used 64322K, committed 65024K, reserved 1114112K
  class space    used 8718K, committed 9024K, reserved 1048576K
}

Dll operation events (15 events):
Event: 0.006 Loaded shared library C:\Users\hp\.jdks\openjdk-22.0.2\bin\java.dll
Event: 0.031 Loaded shared library C:\Users\hp\.jdks\openjdk-22.0.2\bin\jsvml.dll
Event: 0.080 Loaded shared library C:\Users\hp\.jdks\openjdk-22.0.2\bin\zip.dll
Event: 0.082 Loaded shared library C:\Users\hp\.jdks\openjdk-22.0.2\bin\instrument.dll
Event: 0.085 Loaded shared library C:\Users\hp\.jdks\openjdk-22.0.2\bin\net.dll
Event: 0.086 Loaded shared library C:\Users\hp\.jdks\openjdk-22.0.2\bin\nio.dll
Event: 0.088 Loaded shared library C:\Users\hp\.jdks\openjdk-22.0.2\bin\zip.dll
Event: 0.134 Loaded shared library C:\Program Files\JetBrains\IntelliJ IDEA Community Edition 2023.3.5\bin\breakgen64.dll
Event: 0.141 Loaded shared library C:\Users\hp\.jdks\openjdk-22.0.2\bin\extnet.dll
Event: 0.161 Loaded shared library C:\Users\hp\.jdks\openjdk-22.0.2\bin\jimage.dll
Event: 0.613 Loaded shared library C:\Users\hp\.jdks\openjdk-22.0.2\bin\le.dll
Event: 0.924 Loaded shared library C:\Users\hp\.jdks\openjdk-22.0.2\bin\sunmscapi.dll
Event: 1.975 Loaded shared library C:\Users\hp\.jdks\openjdk-22.0.2\bin\management.dll
Event: 1.977 Loaded shared library C:\Users\hp\.jdks\openjdk-22.0.2\bin\management_ext.dll
Event: 2.301 Loaded shared library C:\Users\hp\.jdks\openjdk-22.0.2\bin\verify.dll

Deoptimization events (20 events):
Event: 4.353 Thread 0x000001cf79365c20 Uncommon trap: trap_request=0xffffffde fr.pc=0x000001cf0fdd129c relative=0x00000000000001bc
Event: 4.353 Thread 0x000001cf79365c20 Uncommon trap: reason=class_check action=maybe_recompile pc=0x000001cf0fdd129c method=org.springframework.boot.context.properties.source.ConfigurationPropertyName$Elements.charAt(II)C @ 43 c2
Event: 4.353 Thread 0x000001cf79365c20 DEOPT PACKING pc=0x000001cf0fdd129c sp=0x000000422e5fc7d0
Event: 4.353 Thread 0x000001cf79365c20 DEOPT UNPACKING pc=0x000001cf0f807da2 sp=0x000000422e5fc748 mode 2
Event: 4.353 Thread 0x000001cf79365c20 Uncommon trap: trap_request=0xffffffde fr.pc=0x000001cf0fdd129c relative=0x00000000000001bc
Event: 4.353 Thread 0x000001cf79365c20 Uncommon trap: reason=class_check action=maybe_recompile pc=0x000001cf0fdd129c method=org.springframework.boot.context.properties.source.ConfigurationPropertyName$Elements.charAt(II)C @ 43 c2
Event: 4.353 Thread 0x000001cf79365c20 DEOPT PACKING pc=0x000001cf0fdd129c sp=0x000000422e5fc7d0
Event: 4.353 Thread 0x000001cf79365c20 DEOPT UNPACKING pc=0x000001cf0f807da2 sp=0x000000422e5fc748 mode 2
Event: 4.363 Thread 0x000001cf79365c20 Uncommon trap: trap_request=0xfffffff4 fr.pc=0x000001cf0feb4134 relative=0x0000000000000274
Event: 4.363 Thread 0x000001cf79365c20 Uncommon trap: reason=null_check action=make_not_entrant pc=0x000001cf0feb4134 method=org.springframework.util.ClassUtils.isAssignable(Ljava/lang/Class;Ljava/lang/Class;)Z @ 14 c2
Event: 4.363 Thread 0x000001cf79365c20 DEOPT PACKING pc=0x000001cf0feb4134 sp=0x000000422e5fea80
Event: 4.363 Thread 0x000001cf79365c20 DEOPT UNPACKING pc=0x000001cf0f807da2 sp=0x000000422e5fea10 mode 2
Event: 4.406 Thread 0x000001cf79365c20 Uncommon trap: trap_request=0xffffff45 fr.pc=0x000001cf0fdbdf0c relative=0x000000000000006c
Event: 4.406 Thread 0x000001cf79365c20 Uncommon trap: reason=unstable_if action=reinterpret pc=0x000001cf0fdbdf0c method=org.springframework.util.ConcurrentReferenceHashMap$Segment.clear()V @ 7 c2
Event: 4.406 Thread 0x000001cf79365c20 DEOPT PACKING pc=0x000001cf0fdbdf0c sp=0x000000422e5ff410
Event: 4.406 Thread 0x000001cf79365c20 DEOPT UNPACKING pc=0x000001cf0f807da2 sp=0x000000422e5ff3a0 mode 2
Event: 4.428 Thread 0x000001cf79365c20 Uncommon trap: trap_request=0xffffff45 fr.pc=0x000001cf0fdaafac relative=0x000000000000010c
Event: 4.428 Thread 0x000001cf79365c20 Uncommon trap: reason=unstable_if action=reinterpret pc=0x000001cf0fdaafac method=java.util.ArrayList.indexOfRange(Ljava/lang/Object;II)I @ 7 c2
Event: 4.428 Thread 0x000001cf79365c20 DEOPT PACKING pc=0x000001cf0fdaafac sp=0x000000422e5ff180
Event: 4.428 Thread 0x000001cf79365c20 DEOPT UNPACKING pc=0x000001cf0f807da2 sp=0x000000422e5ff100 mode 2

Classes loaded (20 events):
Event: 7.606 Loading class sun/nio/cs/ThreadLocalCoders$1
Event: 7.606 Loading class sun/nio/cs/ThreadLocalCoders$Cache
Event: 7.606 Loading class sun/nio/cs/ThreadLocalCoders$Cache done
Event: 7.606 Loading class sun/nio/cs/ThreadLocalCoders$1 done
Event: 7.606 Loading class sun/nio/cs/ThreadLocalCoders$2
Event: 7.606 Loading class sun/nio/cs/ThreadLocalCoders$2 done
Event: 7.652 Loading class java/time/format/DateTimeFormatterBuilder$ZoneTextPrinterParser
Event: 7.652 Loading class java/time/format/DateTimeFormatterBuilder$ZoneTextPrinterParser done
Event: 7.652 Loading class java/time/format/DateTimeFormatterBuilder$ReducedPrinterParser
Event: 7.652 Loading class java/time/format/DateTimeFormatterBuilder$ReducedPrinterParser done
Event: 7.677 Loading class java/io/PushbackInputStream
Event: 7.677 Loading class java/io/PushbackInputStream done
Event: 7.684 Loading class java/util/OptionalLong
Event: 7.684 Loading class java/util/OptionalLong done
Event: 7.684 Loading class java/util/OptionalDouble
Event: 7.684 Loading class java/util/OptionalDouble done
Event: 7.688 Loading class org/w3c/dom/Node
Event: 7.689 Loading class org/w3c/dom/Node done
Event: 7.689 Loading class org/w3c/dom/Document
Event: 7.689 Loading class org/w3c/dom/Document done

Classes unloaded (0 events):
No events

Classes redefined (0 events):
No events

Internal exceptions (20 events):
Event: 3.648 Thread 0x000001cf79365c20 Exception <a 'java/lang/NoSuchMethodError'{0x000000070774c288}: 'void java.lang.invoke.DirectMethodHandle$Holder.invokeInterface(java.lang.Object, java.lang.Object)'> (0x000000070774c288) 
thrown [s\open\src\hotspot\share\interpreter\linkResolver.cpp, line 774]
Event: 3.736 Thread 0x000001cf79365c20 Exception <a 'java/lang/NoSuchMethodError'{0x0000000713718748}: 'java.lang.Object java.lang.invoke.DirectMethodHandle$Holder.invokeSpecial(java.lang.Object, java.lang.Object, int, java.lang.Object, int)'> (0x0000000713718748) 
thrown [s\open\src\hotspot\share\interpreter\linkResolver.cpp, line 774]
Event: 3.753 Thread 0x000001cf79365c20 Exception <a 'java/lang/NoSuchMethodError'{0x00000007137cd4f8}: 'void java.lang.invoke.Invokers$Holder.invokeExact_MT(java.lang.Object, java.lang.Object, java.lang.Object, java.lang.Object)'> (0x00000007137cd4f8) 
thrown [s\open\src\hotspot\share\interpreter\linkResolver.cpp, line 774]
Event: 3.768 Thread 0x000001cf79365c20 Implicit null exception at 0x000001cf0ffd7af3 to 0x000001cf0ffd7d64
Event: 3.776 Thread 0x000001cf79365c20 Implicit null exception at 0x000001cf10076c1a to 0x000001cf10076c54
Event: 3.793 Thread 0x000001cf79365c20 Exception <a 'java/lang/IncompatibleClassChangeError'{0x00000007079c3df0}: Found class java.lang.Object, but interface was expected> (0x00000007079c3df0) 
thrown [s\open\src\hotspot\share\interpreter\linkResolver.cpp, line 841]
Event: 3.799 Thread 0x000001cf79365c20 Exception <a 'java/lang/IncompatibleClassChangeError'{0x00000007076383d8}: Found class java.lang.Object, but interface was expected> (0x00000007076383d8) 
thrown [s\open\src\hotspot\share\interpreter\linkResolver.cpp, line 841]
Event: 3.818 Thread 0x000001cf79365c20 Exception <a 'java/lang/IncompatibleClassChangeError'{0x000000070778e698}: Found class java.lang.Object, but interface was expected> (0x000000070778e698) 
thrown [s\open\src\hotspot\share\interpreter\linkResolver.cpp, line 841]
Event: 3.910 Thread 0x000001cf79365c20 Exception <a 'java/lang/IncompatibleClassChangeError'{0x0000000706d7bbf8}: Found class java.lang.Object, but interface was expected> (0x0000000706d7bbf8) 
thrown [s\open\src\hotspot\share\interpreter\linkResolver.cpp, line 841]
Event: 4.001 Thread 0x000001cf79365c20 Exception <a 'java/lang/IncompatibleClassChangeError'{0x00000007067c9ce0}: Found class java.lang.Object, but interface was expected> (0x00000007067c9ce0) 
thrown [s\open\src\hotspot\share\interpreter\linkResolver.cpp, line 841]
Event: 4.127 Thread 0x000001cf79365c20 Exception <a 'java/lang/NoSuchMethodError'{0x0000000705a73b08}: 'java.lang.Object java.lang.invoke.DirectMethodHandle$Holder.newInvokeSpecial(java.lang.Object, java.lang.Object, java.lang.Object, java.lang.Object, java.lang.Object, java.lang.Object, java.lang.Object, java.lang.Object)'> (0x0000000705a73b08) 
thrown [s\open\src\hotspot\share\interpreter\linkResolver.cpp, line 774]
Event: 4.279 Thread 0x000001cf79365c20 Exception <a 'java/lang/IncompatibleClassChangeError'{0x0000000707540410}: Found class java.lang.Object, but interface was expected> (0x0000000707540410) 
thrown [s\open\src\hotspot\share\interpreter\linkResolver.cpp, line 841]
Event: 4.303 Thread 0x000001cf79365c20 Exception <a 'java/lang/NoSuchMethodError'{0x00000007072dc988}: 'void java.lang.invoke.DirectMethodHandle$Holder.invokeVirtual(java.lang.Object, java.lang.Object, long)'> (0x00000007072dc988) 
thrown [s\open\src\hotspot\share\interpreter\linkResolver.cpp, line 774]
Event: 4.341 Thread 0x000001cf79365c20 Exception <a 'java/lang/NoSuchMethodError'{0x00000007071f4998}: 'int java.lang.invoke.DirectMethodHandle$Holder.invokeStaticInit(java.lang.Object, java.lang.Object, java.lang.Object, java.lang.Object)'> (0x00000007071f4998) 
thrown [s\open\src\hotspot\share\interpreter\linkResolver.cpp, line 774]
Event: 4.344 Thread 0x000001cf79365c20 Implicit null exception at 0x000001cf0ff3cab7 to 0x000001cf0ff3d100
Event: 4.357 Thread 0x000001cf79365c20 Exception <a 'java/lang/IncompatibleClassChangeError'{0x0000000706ec32d0}: Found class java.lang.Object, but interface was expected> (0x0000000706ec32d0) 
thrown [s\open\src\hotspot\share\interpreter\linkResolver.cpp, line 841]
Event: 4.363 Thread 0x000001cf79365c20 Implicit null exception at 0x000001cf0feb3ee8 to 0x000001cf0feb4120
Event: 4.408 Thread 0x000001cf79365c20 Exception <a 'java/lang/NoSuchMethodError'{0x0000000706b22bd0}: 'java.lang.Object java.lang.invoke.DirectMethodHandle$Holder.newInvokeSpecial(java.lang.Object, java.lang.Object, int, java.lang.Object, java.lang.Object)'> (0x0000000706b22bd0) 
thrown [s\open\src\hotspot\share\interpreter\linkResolver.cpp, line 774]
Event: 7.601 Thread 0x000001cf62702540 Exception <a 'java/lang/NoSuchMethodError'{0x0000000706777530}: 'java.lang.Object java.lang.invoke.DirectMethodHandle$Holder.invokeSpecial(java.lang.Object, java.lang.Object, java.lang.Object, java.lang.Object, java.lang.Object, long)'> (0x0000000706777530) 
thrown [s\open\src\hotspot\share\interpreter\linkResolver.cpp, line 774]
Event: 7.601 Thread 0x000001cf62702540 Exception <a 'java/lang/NoSuchMethodError'{0x000000070677acf0}: 'java.lang.Object java.lang.invoke.Invokers$Holder.linkToTargetMethod(java.lang.Object, java.lang.Object, java.lang.Object, long, java.lang.Object)'> (0x000000070677acf0) 
thrown [s\open\src\hotspot\share\interpreter\linkResolver.cpp, line 774]

ZGC Phase Switch (0 events):
No events

VM Operations (20 events):
Event: 4.179 Executing VM operation: HandshakeAllThreads (Deoptimize)
Event: 4.179 Executing VM operation: HandshakeAllThreads (Deoptimize) done
Event: 4.202 Executing VM operation: HandshakeAllThreads (Deoptimize)
Event: 4.202 Executing VM operation: HandshakeAllThreads (Deoptimize) done
Event: 4.203 Executing VM operation: HandshakeAllThreads (Deoptimize)
Event: 4.203 Executing VM operation: HandshakeAllThreads (Deoptimize) done
Event: 4.314 Executing VM operation: HandshakeAllThreads (Deoptimize)
Event: 4.314 Executing VM operation: HandshakeAllThreads (Deoptimize) done
Event: 4.435 Executing VM operation: ICBufferFull
Event: 4.435 Executing VM operation: ICBufferFull done
Event: 5.450 Executing VM operation: Cleanup
Event: 5.450 Executing VM operation: Cleanup done
Event: 7.615 Executing VM operation: HandshakeAllThreads (Deoptimize)
Event: 7.615 Executing VM operation: HandshakeAllThreads (Deoptimize) done
Event: 7.615 Executing VM operation: Cleanup
Event: 7.615 Executing VM operation: Cleanup done
Event: 7.673 Executing VM operation: HandshakeAllThreads (Deoptimize)
Event: 7.673 Executing VM operation: HandshakeAllThreads (Deoptimize) done
Event: 7.697 Executing VM operation: HandshakeAllThreads (Deoptimize)
Event: 7.697 Executing VM operation: HandshakeAllThreads (Deoptimize) done

Memory protections (0 events):
No events

Nmethod flushes (20 events):
Event: 3.705 Thread 0x000001cf7e82f4c0 flushing  nmethod 0x000001cf08708290
Event: 3.705 Thread 0x000001cf7e82f4c0 flushing  nmethod 0x000001cf087e6110
Event: 3.705 Thread 0x000001cf7e82f4c0 flushing  nmethod 0x000001cf087e6510
Event: 3.705 Thread 0x000001cf7e82f4c0 flushing  nmethod 0x000001cf087ebd90
Event: 3.705 Thread 0x000001cf7e82f4c0 flushing  nmethod 0x000001cf087ec610
Event: 3.705 Thread 0x000001cf7e82f4c0 flushing  nmethod 0x000001cf087ecf10
Event: 3.705 Thread 0x000001cf7e82f4c0 flushing  nmethod 0x000001cf08848210
Event: 3.705 Thread 0x000001cf7e82f4c0 flushing  nmethod 0x000001cf08892d10
Event: 3.705 Thread 0x000001cf7e82f4c0 flushing  nmethod 0x000001cf08898e10
Event: 3.705 Thread 0x000001cf7e82f4c0 flushing  nmethod 0x000001cf0889a890
Event: 3.705 Thread 0x000001cf7e82f4c0 flushing  nmethod 0x000001cf088fa810
Event: 3.705 Thread 0x000001cf7e82f4c0 flushing  nmethod 0x000001cf08953190
Event: 3.705 Thread 0x000001cf7e82f4c0 flushing  nmethod 0x000001cf08957210
Event: 3.705 Thread 0x000001cf7e82f4c0 flushing  nmethod 0x000001cf0895b010
Event: 3.705 Thread 0x000001cf7e82f4c0 flushing  nmethod 0x000001cf0899a810
Event: 3.705 Thread 0x000001cf7e82f4c0 flushing  nmethod 0x000001cf0899c110
Event: 3.705 Thread 0x000001cf7e82f4c0 flushing  nmethod 0x000001cf089a3c10
Event: 3.705 Thread 0x000001cf7e82f4c0 flushing  nmethod 0x000001cf089e7210
Event: 3.705 Thread 0x000001cf7e82f4c0 flushing  nmethod 0x000001cf08a32d90
Event: 3.705 Thread 0x000001cf7e82f4c0 flushing  nmethod 0x000001cf08a33d10

Events (20 events):
Event: 2.059 Thread 0x000001cf79365c20 Thread added: 0x000001cf62701820
Event: 2.808 Thread 0x000001cf79365c20 Thread added: 0x000001cf62700470
Event: 2.918 Thread 0x000001cf62700470 Thread added: 0x000001cf626ffde0
Event: 3.661 Thread 0x000001cf5f89b4f0 Thread exited: 0x000001cf5f89b4f0
Event: 3.795 Thread 0x000001cf193a0530 Thread added: 0x000001cf602b6880
Event: 4.414 Thread 0x000001cf79365c20 Thread added: 0x000001cf62702540
Event: 4.415 Thread 0x000001cf79365c20 Thread added: 0x000001cf62704ca0
Event: 4.415 Thread 0x000001cf79365c20 Thread added: 0x000001cf62706050
Event: 4.415 Thread 0x000001cf79365c20 Thread added: 0x000001cf627038f0
Event: 4.415 Thread 0x000001cf79365c20 Thread added: 0x000001cf626ff0c0
Event: 4.415 Thread 0x000001cf79365c20 Thread added: 0x000001cf626ff750
Event: 4.415 Thread 0x000001cf79365c20 Thread added: 0x000001cf62700b00
Event: 4.415 Thread 0x000001cf79365c20 Thread added: 0x000001cf627066e0
Event: 4.416 Thread 0x000001cf79365c20 Thread added: 0x000001cf62701190
Event: 4.416 Thread 0x000001cf79365c20 Thread added: 0x000001cf627059c0
Event: 4.423 Thread 0x000001cf79365c20 Thread added: 0x000001cf62703260
Event: 4.424 Thread 0x000001cf79365c20 Thread added: 0x000001cf62704610
Event: 4.437 Thread 0x000001cf79365c20 Thread exited: 0x000001cf79365c20
Event: 4.437 Thread 0x000001cf1948b9b0 Thread added: 0x000001cf1948b9b0
Event: 7.566 Thread 0x000001cf602b6880 Thread exited: 0x000001cf602b6880


Dynamic libraries:
0x00007ff756830000 - 0x00007ff75683e000 	C:\Users\hp\.jdks\openjdk-22.0.2\bin\java.exe
0x00007ffe95770000 - 0x00007ffe95987000 	C:\WINDOWS\SYSTEM32\ntdll.dll
0x00007ffe94770000 - 0x00007ffe94834000 	C:\WINDOWS\System32\KERNEL32.DLL
0x00007ffe92fd0000 - 0x00007ffe9337d000 	C:\WINDOWS\System32\KERNELBASE.dll
0x00007ffe92b50000 - 0x00007ffe92c61000 	C:\WINDOWS\System32\ucrtbase.dll
0x00007ffe8a000000 - 0x00007ffe8a017000 	C:\Users\hp\.jdks\openjdk-22.0.2\bin\jli.dll
0x00007ffe88500000 - 0x00007ffe8851b000 	C:\Users\hp\.jdks\openjdk-22.0.2\bin\VCRUNTIME140.dll
0x00007ffe93790000 - 0x00007ffe9393e000 	C:\WINDOWS\System32\USER32.dll
0x00007ffe7b060000 - 0x00007ffe7b2f3000 	C:\WINDOWS\WinSxS\amd64_microsoft.windows.common-controls_6595b64144ccf1df_6.0.22621.3672_none_2713b9d173822955\COMCTL32.dll
0x00007ffe92de0000 - 0x00007ffe92e06000 	C:\WINDOWS\System32\win32u.dll
0x00007ffe94cb0000 - 0x00007ffe94d57000 	C:\WINDOWS\System32\msvcrt.dll
0x00007ffe93560000 - 0x00007ffe93589000 	C:\WINDOWS\System32\GDI32.dll
0x00007ffe92e10000 - 0x00007ffe92f29000 	C:\WINDOWS\System32\gdi32full.dll
0x00007ffe92f30000 - 0x00007ffe92fca000 	C:\WINDOWS\System32\msvcp_win.dll
0x00007ffe93500000 - 0x00007ffe93531000 	C:\WINDOWS\System32\IMM32.DLL
0x00007ffe8a820000 - 0x00007ffe8a82c000 	C:\Users\hp\.jdks\openjdk-22.0.2\bin\vcruntime140_1.dll
0x00007ffe6f2a0000 - 0x00007ffe6f32e000 	C:\Users\hp\.jdks\openjdk-22.0.2\bin\msvcp140.dll
0x00007ffe16e20000 - 0x00007ffe17b69000 	C:\Users\hp\.jdks\openjdk-22.0.2\bin\server\jvm.dll
0x00007ffe93f80000 - 0x00007ffe94032000 	C:\WINDOWS\System32\ADVAPI32.dll
0x00007ffe946b0000 - 0x00007ffe94759000 	C:\WINDOWS\System32\sechost.dll
0x00007ffe93380000 - 0x00007ffe933a8000 	C:\WINDOWS\System32\bcrypt.dll
0x00007ffe93d30000 - 0x00007ffe93e44000 	C:\WINDOWS\System32\RPCRT4.dll
0x00007ffe944d0000 - 0x00007ffe94541000 	C:\WINDOWS\System32\WS2_32.dll
0x00007ffe91920000 - 0x00007ffe9196d000 	C:\WINDOWS\SYSTEM32\POWRPROF.dll
0x00007ffe89ff0000 - 0x00007ffe89ffa000 	C:\WINDOWS\SYSTEM32\VERSION.dll
0x00007ffe8a650000 - 0x00007ffe8a684000 	C:\WINDOWS\SYSTEM32\WINMM.dll
0x00007ffe91900000 - 0x00007ffe91913000 	C:\WINDOWS\SYSTEM32\UMPDC.dll
0x00007ffe91bb0000 - 0x00007ffe91bc8000 	C:\WINDOWS\SYSTEM32\kernel.appcore.dll
0x00007ffe88190000 - 0x00007ffe8819a000 	C:\Users\hp\.jdks\openjdk-22.0.2\bin\jimage.dll
0x00007ffe903b0000 - 0x00007ffe905e2000 	C:\WINDOWS\SYSTEM32\DBGHELP.DLL
0x00007ffe939a0000 - 0x00007ffe93d2d000 	C:\WINDOWS\System32\combase.dll
0x00007ffe945d0000 - 0x00007ffe946a7000 	C:\WINDOWS\System32\OLEAUT32.dll
0x00007ffe6d180000 - 0x00007ffe6d1b2000 	C:\WINDOWS\SYSTEM32\dbgcore.DLL
0x00007ffe93420000 - 0x00007ffe9349b000 	C:\WINDOWS\System32\bcryptPrimitives.dll
0x00007ffe880b0000 - 0x00007ffe880bf000 	C:\Users\hp\.jdks\openjdk-22.0.2\bin\instrument.dll
0x00007ffe880c0000 - 0x00007ffe880de000 	C:\Users\hp\.jdks\openjdk-22.0.2\bin\java.dll
0x00007ffe94d60000 - 0x00007ffe955c8000 	C:\WINDOWS\System32\SHELL32.dll
0x00007ffe94930000 - 0x00007ffe94ad5000 	C:\WINDOWS\System32\ole32.dll
0x00007ffe909e0000 - 0x00007ffe912de000 	C:\WINDOWS\SYSTEM32\windows.storage.dll
0x00007ffe908a0000 - 0x00007ffe909df000 	C:\WINDOWS\SYSTEM32\wintypes.dll
0x00007ffe93590000 - 0x00007ffe93689000 	C:\WINDOWS\System32\SHCORE.dll
0x00007ffe948d0000 - 0x00007ffe9492e000 	C:\WINDOWS\System32\shlwapi.dll
0x00007ffe929c0000 - 0x00007ffe929e1000 	C:\WINDOWS\SYSTEM32\profapi.dll
0x00007ffe6e6e0000 - 0x00007ffe6e7b7000 	C:\Users\hp\.jdks\openjdk-22.0.2\bin\jsvml.dll
0x00007ffe79be0000 - 0x00007ffe79bf7000 	C:\Users\hp\.jdks\openjdk-22.0.2\bin\zip.dll
0x00007ffe880a0000 - 0x00007ffe880b0000 	C:\Users\hp\.jdks\openjdk-22.0.2\bin\net.dll
0x00007ffe92020000 - 0x00007ffe92089000 	C:\WINDOWS\system32\mswsock.dll
0x00007ffe7ac60000 - 0x00007ffe7ac76000 	C:\Users\hp\.jdks\openjdk-22.0.2\bin\nio.dll
0x00007ffe73aa0000 - 0x00007ffe73aba000 	C:\Program Files\JetBrains\IntelliJ IDEA Community Edition 2023.3.5\bin\breakgen64.dll
0x00007ffe7ac50000 - 0x00007ffe7ac59000 	C:\Users\hp\.jdks\openjdk-22.0.2\bin\extnet.dll
0x00007ffe737c0000 - 0x00007ffe737cb000 	C:\Users\hp\.jdks\openjdk-22.0.2\bin\le.dll
0x00007ffe73a90000 - 0x00007ffe73a9e000 	C:\Users\hp\.jdks\openjdk-22.0.2\bin\sunmscapi.dll
0x00007ffe92c70000 - 0x00007ffe92dd7000 	C:\WINDOWS\System32\CRYPT32.dll
0x00007ffe92440000 - 0x00007ffe9246e000 	C:\WINDOWS\SYSTEM32\ncrypt.dll
0x00007ffe92400000 - 0x00007ffe92437000 	C:\WINDOWS\SYSTEM32\NTASN1.dll
0x00007ffe92280000 - 0x00007ffe9229b000 	C:\WINDOWS\SYSTEM32\CRYPTSP.dll
0x00007ffe91b10000 - 0x00007ffe91b45000 	C:\WINDOWS\system32\rsaenh.dll
0x00007ffe92120000 - 0x00007ffe92148000 	C:\WINDOWS\SYSTEM32\USERENV.dll
0x00007ffe922a0000 - 0x00007ffe922ac000 	C:\WINDOWS\SYSTEM32\CRYPTBASE.dll
0x00007ffe91600000 - 0x00007ffe9162d000 	C:\WINDOWS\SYSTEM32\IPHLPAPI.DLL
0x00007ffe94040000 - 0x00007ffe94049000 	C:\WINDOWS\System32\NSI.dll
0x00007ffe7ac20000 - 0x00007ffe7ac2a000 	C:\Users\hp\.jdks\openjdk-22.0.2\bin\management.dll
0x00007ffe7abf0000 - 0x00007ffe7abfb000 	C:\Users\hp\.jdks\openjdk-22.0.2\bin\management_ext.dll
0x00007ffe93990000 - 0x00007ffe93998000 	C:\WINDOWS\System32\PSAPI.DLL
0x00007ffe737b0000 - 0x00007ffe737c0000 	C:\Users\hp\.jdks\openjdk-22.0.2\bin\verify.dll
0x00007ffe91630000 - 0x00007ffe91728000 	C:\WINDOWS\SYSTEM32\DNSAPI.dll
0x00000000768f0000 - 0x0000000076916000 	C:\Program Files\Bonjour\mdnsNSP.dll
0x00007ffe8a8e0000 - 0x00007ffe8a8ea000 	C:\Windows\System32\rasadhlp.dll
0x00007ffe8b930000 - 0x00007ffe8b9b3000 	C:\WINDOWS\System32\fwpuclnt.dll
0x00007ffe05400000 - 0x00007ffe05408000 	C:\WINDOWS\system32\wshunix.dll

dbghelp: loaded successfully - version: 4.0.5 - missing functions: none
symbol engine: initialized successfully - sym options: 0x614 - pdb path: .;C:\Users\hp\.jdks\openjdk-22.0.2\bin;C:\WINDOWS\SYSTEM32;C:\WINDOWS\WinSxS\amd64_microsoft.windows.common-controls_6595b64144ccf1df_6.0.22621.3672_none_2713b9d173822955;C:\Users\hp\.jdks\openjdk-22.0.2\bin\server;C:\Program Files\JetBrains\IntelliJ IDEA Community Edition 2023.3.5\bin;C:\Program Files\Bonjour

VM Arguments:
jvm_args: --enable-preview -javaagent:C:\Program Files\JetBrains\IntelliJ IDEA Community Edition 2023.3.5\lib\idea_rt.jar=59662:C:\Program Files\JetBrains\IntelliJ IDEA Community Edition 2023.3.5\bin -Dfile.encoding=UTF-8 -Dsun.stdout.encoding=UTF-8 -Dsun.stderr.encoding=UTF-8 
java_command: com.abcrestaurant.Backend.BackendApplication
java_class_path (initial): D:\Abc_Resturant\Backend\target\classes;C:\Users\hp\.m2\repository\org\springframework\boot\spring-boot-starter-data-jpa\3.3.2\spring-boot-starter-data-jpa-3.3.2.jar;C:\Users\hp\.m2\repository\org\springframework\boot\spring-boot-starter-aop\3.3.2\spring-boot-starter-aop-3.3.2.jar;C:\Users\hp\.m2\repository\org\springframework\spring-aop\6.1.11\spring-aop-6.1.11.jar;C:\Users\hp\.m2\repository\org\aspectj\aspectjweaver\1.9.22.1\aspectjweaver-1.9.22.1.jar;C:\Users\hp\.m2\repository\org\springframework\boot\spring-boot-starter-jdbc\3.3.2\spring-boot-starter-jdbc-3.3.2.jar;C:\Users\hp\.m2\repository\com\zaxxer\HikariCP\5.1.0\HikariCP-5.1.0.jar;C:\Users\hp\.m2\repository\org\springframework\spring-jdbc\6.1.11\spring-jdbc-6.1.11.jar;C:\Users\hp\.m2\repository\org\hibernate\orm\hibernate-core\6.5.2.Final\hibernate-core-6.5.2.Final.jar;C:\Users\hp\.m2\repository\jakarta\persistence\jakarta.persistence-api\3.1.0\jakarta.persistence-api-3.1.0.jar;C:\Users\hp\.m2\repository\jakarta\transaction\jakarta.transaction-api\2.0.1\jakarta.transaction-api-2.0.1.jar;C:\Users\hp\.m2\repository\org\jboss\logging\jboss-logging\3.5.3.Final\jboss-logging-3.5.3.Final.jar;C:\Users\hp\.m2\repository\org\hibernate\common\hibernate-commons-annotations\6.0.6.Final\hibernate-commons-annotations-6.0.6.Final.jar;C:\Users\hp\.m2\repository\io\smallrye\jandex\3.1.2\jandex-3.1.2.jar;C:\Users\hp\.m2\repository\com\fasterxml\classmate\1.7.0\classmate-1.7.0.jar;C:\Users\hp\.m2\repository\net\bytebuddy\byte-buddy\1.14.18\byte-buddy-1.14.18.jar;C:\Users\hp\.m2\repository\org\glassfish\jaxb\jaxb-runtime\4.0.5\jaxb-runtime-4.0.5.jar;C:\Users\hp\.m2\repository\org\glassfish\jaxb\jaxb-core\4.0.5\jaxb-core-4.0.5.jar;C:\Users\hp\.m2\repository\org\eclipse\angus\angus-activation\2.0.2\angus-activation-2.0.2.jar;C:\Users\hp\.m2\repository\org\glassfish\jaxb\txw2\4.0.5\txw2-4.0.5.jar;C:\Users\hp\.m2\repository\com\sun\istack\istack-commons-runtime\4.1.2\istack-commons-runtime-4.1.2.jar;C:\Users\hp\.m2\repository\jakarta\inject\jakarta.inject-api\2.0.1\jakarta.inject-api-2.0.1.jar;C:\Users\hp\.m2\repository\org\antlr\antlr4-runtime\4.13.0\antlr4-runtime-4.13.0.jar;C:\Users\hp\.m2\repository\org\springframework\data\spring-data-jpa\3.3.2\spring-data-jpa-3.3.2.jar;C:\Users\hp\.m2\repository\org\springframework\data\spring-data-commons\3.3.2\spring-data-commons-3.3.2.jar;C:\Users\hp\.m2\repository\org\springframework\spring-orm\6.1.11\spring-orm-6.1.11.jar;C:\Users\hp\.m2\repository\org\springframework\spring-context\6.1.11\spring-context-6.1.11.jar;C:\Users\hp\.m2\repository\org\springframework\spring-tx\6.1.11\spring-tx-6.1.11.jar;C:\Users\hp\.m2\repository\org\springframework\spring-beans\6.1.11\spring-beans-6.1.11.jar;C:\Users\hp\.m2\repository\jakarta\annotation\jakarta.annotation-api\2.1.1\jakarta.annotation-api-2.1.1.jar;C:\Users\hp\.m2\repository\org\slf4j\slf4j-api\2.0.13\slf4j-api-2.0.13.jar;C:\Users\hp\.m2\repository\org\springframework\spring-aspects\6.1.11\spring-aspects-6.1.11.jar;C:\Users\hp\.m2\repository\org\springframework\boot\spring-boot-starter-web\3.3.2\spring-boot-starter-web-3.3.2.jar;C:\Users\hp\.m2\repository\org\springframework\boot\spring-boot-starter\3.3.2\spring-boot-starter-3.3.2.jar;C:\Users\hp\.m2\repository\org\springframework\boot\spring-boot\3.3.2\spring-boot-3.3.2.jar;C:\Users\hp\.m2\repository\org\springframework\boot\spring-boot-autoconfigure\3.3.2\spring-boot-autoconfigure-3.3.2.jar;C:\Users\hp\.m2\repository\org\springframework\boot\spring-boot-starter-logging\3.3.2\spring-boot-starter-logging-3.3.2.jar;C:\Users\hp\.m2\repository\ch\qos\logback\logback-classic\1.5.6\logback-classic-1.5.6.jar;C:\Users\hp\.m2\repository\ch\qos\logback\logback-core\1.5.6\logback-core-1.5.6.jar;C:\Users\hp\.m2\repository\org\apache\logging\log4j\log4j-to-slf4j\2.23.1\log4j-to-slf4j-2.23.1.jar;C:\Users\hp\.m2\repository\org\apache\logging\log4j\log4j-api\2.23.1\log4j-api-2.23.1.jar;C:\Users\hp\.m2\repository\org\slf4j\jul-to-slf4j\2.0.13\jul-to-slf4j-2.0.13.jar;C:\Users\hp\.m2\repository\org\yaml\snakeyaml\2.2\snakeyaml-2.2.jar;C:\Users\hp\.m2\repository\org\springframework\boot\spring-boot-starter-json\3.3.2\spring-boot-starter-json-3.3.2.jar;C:\Users\hp\.m2\repository\com\fasterxml\jackson\core\jackson-databind\2.17.2\jackson-databind-2.17.2.jar;C:\Users\hp\.m2\repository\com\fasterxml\jackson\core\jackson-annotations\2.17.2\jackson-annotations-2.17.2.jar;C:\Users\hp\.m2\repository\com\fasterxml\jackson\core\jackson-core\2.17.2\jackson-core-2.17.2.jar;C:\Users\hp\.m2\repository\com\fasterxml\jackson\datatype\jackson-datatype-jdk8\2.17.2\jackson-datatype-jdk8-2.17.2.jar;C:\Users\hp\.m2\repository\com\fasterxml\jackson\datatype\jackson-datatype-jsr310\2.17.2\jackson-datatype-jsr310-2.17.2.jar;C:\Users\hp\.m2\repository\com\fasterxml\jackson\module\jackson-module-parameter-names\2.17.2\jackson-module-parameter-names-2.17.2.jar;C:\Users\hp\.m2\repository\org\springframework\boot\spring-boot-starter-tomcat\3.3.2\spring-boot-starter-tomcat-3.3.2.jar;C:\Users\hp\.m2\repository\org\apache\tomcat\embed\tomcat-embed-core\10.1.26\tomcat-embed-core-10.1.26.jar;C:\Users\hp\.m2\repository\org\apache\tomcat\embed\tomcat-embed-el\10.1.26\tomcat-embed-el-10.1.26.jar;C:\Users\hp\.m2\repository\org\apache\tomcat\embed\tomcat-embed-websocket\10.1.26\tomcat-embed-websocket-10.1.26.jar;C:\Users\hp\.m2\repository\org\springframework\spring-web\6.1.11\spring-web-6.1.11.jar;C:\Users\hp\.m2\repository\io\micrometer\micrometer-observation\1.13.2\micrometer-observation-1.13.2.jar;C:\Users\hp\.m2\repository\io\micrometer\micrometer-commons\1.13.2\micrometer-commons-1.13.2.jar;C:\Users\hp\.m2\repository\org\springframework\spring-webmvc\6.1.11\spring-webmvc-6.1.11.jar;C:\Users\hp\.m2\repository\org\springframework\spring-expression\6.1.11\spring-expression-6.1.11.jar;C:\Users\hp\.m2\repository\com\mysql\mysql-connector-j\8.3.0\mysql-connector-j-8.3.0.jar;C:\Users\hp\.m2\repository\jakarta\xml\bind\jakarta.xml.bind-api\4.0.2\jakarta.xml.bind-api-4.0.2.jar;C:\Users\hp\.m2\repository\jakarta\activation\jakarta.activation-api\2.1.3\jakarta.activation-api-2.1.3.jar;C:\Users\hp\.m2\repository\org\springframework\spring-core\6.1.11\spring-core-6.1.11.jar;C:\Users\hp\.m2\repository\org\springframework\spring-jcl\6.1.11\spring-jcl-6.1.11.jar
Launcher Type: SUN_STANDARD

[Global flags]
     intx CICompilerCount                          = 4                                         {product} {ergonomic}
     uint ConcGCThreads                            = 2                                         {product} {ergonomic}
     uint G1ConcRefinementThreads                  = 8                                         {product} {ergonomic}
   size_t G1HeapRegionSize                         = 2097152                                   {product} {ergonomic}
   size_t InitialHeapSize                          = 266338304                                 {product} {ergonomic}
   size_t MarkStackSize                            = 4194304                                   {product} {ergonomic}
   size_t MaxHeapSize                              = 4234149888                                {product} {ergonomic}
   size_t MaxNewSize                               = 2539651072                                {product} {ergonomic}
   size_t MinHeapDeltaBytes                        = 2097152                                   {product} {ergonomic}
   size_t MinHeapSize                              = 8388608                                   {product} {ergonomic}
    uintx NonNMethodCodeHeapSize                   = 5839372                                {pd product} {ergonomic}
    uintx NonProfiledCodeHeapSize                  = 122909434                              {pd product} {ergonomic}
    uintx ProfiledCodeHeapSize                     = 122909434                              {pd product} {ergonomic}
    uintx ReservedCodeCacheSize                    = 251658240                              {pd product} {ergonomic}
     bool SegmentedCodeCache                       = true                                      {product} {ergonomic}
   size_t SoftMaxHeapSize                          = 4234149888                             {manageable} {ergonomic}
     bool UseCompressedOops                        = true                           {product lp64_product} {ergonomic}
     bool UseG1GC                                  = true                                      {product} {ergonomic}
     bool UseLargePagesIndividualAllocation        = false                                  {pd product} {ergonomic}

Logging:
Log output configuration:
 #0: stdout all=warning uptime,level,tags foldmultilines=false
 #1: stderr all=off uptime,level,tags foldmultilines=false

Environment Variables:
PATH=C:\Program Files\Common Files\Oracle\Java\javapath;C:\Program Files (x86)\Common Files\Oracle\Java\java8path;C:\Program Files (x86)\Common Files\Oracle\Java\javapath;C:\WINDOWS\system32;C:\WINDOWS;C:\WINDOWS\System32\Wbem;C:\WINDOWS\System32\WindowsPowerShell\v1.0\;C:\WINDOWS\System32\OpenSSH\;C:\Program Files\nodejs\;C:\Program Files\MySQL\MySQL Server 8.0\bin;C:\ProgramData\ComposerSetup\bin;C:\xampp;C:\php-8.2.12;C:\Program Files\Git\cmd;C:\Users\hp\AppData\Local\Programs\Microsoft VS Code\bin;C:\Program Files\JetBrains\IntelliJ IDEA Community Edition 2023.3.5\bin;;C:\Program Files\Git\cmd;C:\Program Files\Git;
USERNAME=hp
OS=Windows_NT
PROCESSOR_IDENTIFIER=Intel64 Family 6 Model 140 Stepping 2, GenuineIntel
TMP=C:\Users\hp\AppData\Local\Temp
TEMP=C:\Users\hp\AppData\Local\Temp




Periodic native trim disabled

---------------  S Y S T E M  ---------------

OS:
 Windows 11 , 64 bit Build 22621 (10.0.22621.3958)
OS uptime: 0 days 7:59 hours

CPU: total 8 (initial active 8) (4 cores per cpu, 2 threads per core) family 6 model 140 stepping 2 microcode 0x34, cx8, cmov, fxsr, ht, mmx, 3dnowpref, sse, sse2, sse3, ssse3, sse4.1, sse4.2, popcnt, lzcnt, tsc, tscinvbit, avx, avx2, aes, erms, clmul, bmi1, bmi2, adx, avx512f, avx512dq, avx512cd, avx512bw, avx512vl, sha, fma, vzeroupper, avx512_vpopcntdq, avx512_vpclmulqdq, avx512_vaes, avx512_vnni, clflush, clflushopt, clwb, avx512_vbmi2, avx512_vbmi, rdtscp, rdpid, fsrm, gfni, avx512_bitalg, f16c, pku, cet_ibt, cet_ss, avx512_ifma
Processor Information for all 8 processors :
  Max Mhz: 2918, Current Mhz: 2918, Mhz Limit: 2918

Memory: 4k page, system-wide physical 16151M (4014M free)
TotalPageFile size 18199M (AvailPageFile size 5M)
current process WorkingSet (physical memory assigned to process): 265M, peak: 292M
current process commit charge ("private bytes"): 307M, peak: 427M

vm_info: OpenJDK 64-Bit Server VM (22.0.2+9-70) for windows-amd64 JRE (22.0.2+9-70), built on 2024-06-04T16:52:23Z by "mach5one" with MS VC++ 17.6 (VS2022)

END.
