#
# There is insufficient memory for the Java Runtime Environment to continue.
# Native memory allocation (malloc) failed to allocate 975536 bytes. Error detail: Chunk::new
# Possible reasons:
#   The system is out of physical RAM or swap space
#   This process is running with CompressedOops enabled, and the Java Heap may be blocking the growth of the native heap
# Possible solutions:
#   Reduce memory load on the system
#   Increase physical memory or swap space
#   Check if swap backing store is full
#   Decrease Java heap size (-Xmx/-Xms)
#   Decrease number of Java threads
#   Decrease Java thread stack sizes (-Xss)
#   Set larger code cache with -XX:ReservedCodeCacheSize=
#   JVM is running with Zero Based Compressed Oops mode in which the Java heap is
#     placed in the first 32GB address space. The Java Heap base address is the
#     maximum limit for the native heap growth. Please use -XX:HeapBaseMinAddress
#     to set the Java Heap base and to place the Java Heap above 32GB virtual address.
# This output file may be truncated or incomplete.
#
#  Out of Memory Error (arena.cpp:150), pid=19780, tid=8832
#
# JRE version: OpenJDK Runtime Environment (22.0.2+9) (build 22.0.2+9-70)
# Java VM: OpenJDK 64-Bit Server VM (22.0.2+9-70, mixed mode, sharing, tiered, compressed oops, compressed class ptrs, g1 gc, windows-amd64)
# No core dump will be written. Minidumps are not enabled by default on client versions of Windows
#

---------------  S U M M A R Y ------------

Command Line: --enable-preview -javaagent:C:\Program Files\JetBrains\IntelliJ IDEA Community Edition 2023.3.5\lib\idea_rt.jar=61332:C:\Program Files\JetBrains\IntelliJ IDEA Community Edition 2023.3.5\bin -Dfile.encoding=UTF-8 -Dsun.stdout.encoding=UTF-8 -Dsun.stderr.encoding=UTF-8 com.abcrestaurant.Backend.BackendApplication

Host: 11th Gen Intel(R) Core(TM) i7-1195G7 @ 2.90GHz, 8 cores, 15G,  Windows 11 , 64 bit Build 22621 (10.0.22621.3958)
Time: Sun Aug 18 13:34:51 2024 Sri Lanka Standard Time elapsed time: 3.557348 seconds (0d 0h 0m 3s)

---------------  T H R E A D  ---------------

Current thread (0x000001ed780207d0):  JavaThread "C2 CompilerThread0" daemon [_thread_in_native, id=8832, stack(0x0000006aa6d00000,0x0000006aa6e00000) (1024K)]


Current CompileTask:
C2:3557 5301   !   4       org.springframework.util.ReflectionUtils::doWithMethods (186 bytes)

Stack: [0x0000006aa6d00000,0x0000006aa6e00000]
Native frames: (J=compiled Java code, j=interpreted, Vv=VM code, C=native code)
V  [jvm.dll+0x6e26e9]  (no source info available)
V  [jvm.dll+0x875753]  (no source info available)
V  [jvm.dll+0x877b7e]  (no source info available)
V  [jvm.dll+0x878253]  (no source info available)
V  [jvm.dll+0x27fc86]  (no source info available)
V  [jvm.dll+0xc3d0f]  (no source info available)
V  [jvm.dll+0xc3f6b]  (no source info available)
V  [jvm.dll+0x3bb442]  (no source info available)
V  [jvm.dll+0x1df4ac]  (no source info available)
V  [jvm.dll+0x24793c]  (no source info available)
V  [jvm.dll+0x246e9f]  (no source info available)
V  [jvm.dll+0x1c4e80]  (no source info available)
V  [jvm.dll+0x2568f3]  (no source info available)
V  [jvm.dll+0x254baa]  (no source info available)
V  [jvm.dll+0x3f57a6]  (no source info available)
V  [jvm.dll+0x81dc0b]  (no source info available)
V  [jvm.dll+0x6e0d85]  (no source info available)
C  [ucrtbase.dll+0x29333]  (no source info available)
C  [KERNEL32.DLL+0x1257d]  (no source info available)
C  [ntdll.dll+0x5af28]  (no source info available)


---------------  P R O C E S S  ---------------

Threads class SMR info:
_java_thread_list=0x000001ed7c23be00, length=20, elements={
0x000001ed1197ad60, 0x000001ed3240e4f0, 0x000001ed780049e0, 0x000001ed78008010,
0x000001ed7800aed0, 0x000001ed7800ba20, 0x000001ed7800cab0, 0x000001ed780207d0,
0x000001ed78046210, 0x000001ed781446b0, 0x000001ed78045b40, 0x000001ed784ef750,
0x000001ed78480700, 0x000001ed7a02db10, 0x000001ed7ba4a700, 0x000001ed7ab82b50,
0x000001ed7aa785b0, 0x000001ed79987470, 0x000001ed7b896d10, 0x000001ed78045470
}

Java Threads: ( => current thread )
  0x000001ed1197ad60 JavaThread "main"                              [_thread_in_vm, id=11636, stack(0x0000006aa5f00000,0x0000006aa6000000) (1024K)]
  0x000001ed3240e4f0 JavaThread "Reference Handler"          daemon [_thread_blocked, id=8652, stack(0x0000006aa6700000,0x0000006aa6800000) (1024K)]
  0x000001ed780049e0 JavaThread "Finalizer"                  daemon [_thread_blocked, id=5140, stack(0x0000006aa6800000,0x0000006aa6900000) (1024K)]
  0x000001ed78008010 JavaThread "Signal Dispatcher"          daemon [_thread_blocked, id=15920, stack(0x0000006aa6900000,0x0000006aa6a00000) (1024K)]
  0x000001ed7800aed0 JavaThread "Attach Listener"            daemon [_thread_blocked, id=20984, stack(0x0000006aa6a00000,0x0000006aa6b00000) (1024K)]
  0x000001ed7800ba20 JavaThread "Service Thread"             daemon [_thread_blocked, id=3440, stack(0x0000006aa6b00000,0x0000006aa6c00000) (1024K)]
  0x000001ed7800cab0 JavaThread "Monitor Deflation Thread"   daemon [_thread_blocked, id=13696, stack(0x0000006aa6c00000,0x0000006aa6d00000) (1024K)]
=>0x000001ed780207d0 JavaThread "C2 CompilerThread0"         daemon [_thread_in_native, id=8832, stack(0x0000006aa6d00000,0x0000006aa6e00000) (1024K)]
  0x000001ed78046210 JavaThread "C1 CompilerThread0"         daemon [_thread_blocked, id=11032, stack(0x0000006aa6e00000,0x0000006aa6f00000) (1024K)]
  0x000001ed781446b0 JavaThread "Common-Cleaner"             daemon [_thread_blocked, id=17456, stack(0x0000006aa6f00000,0x0000006aa7000000) (1024K)]
  0x000001ed78045b40 JavaThread "C2 CompilerThread1"         daemon [_thread_in_vm, id=2644, stack(0x0000006aa7000000,0x0000006aa7100000) (1024K)]
  0x000001ed784ef750 JavaThread "Monitor Ctrl-Break"         daemon [_thread_in_native, id=16340, stack(0x0000006aa7200000,0x0000006aa7300000) (1024K)]
  0x000001ed78480700 JavaThread "Notification Thread"        daemon [_thread_blocked, id=16012, stack(0x0000006aa7300000,0x0000006aa7400000) (1024K)]
  0x000001ed7a02db10 JavaThread "Catalina-utility-1"                [_thread_blocked, id=19144, stack(0x0000006aa7c00000,0x0000006aa7d00000) (1024K)]
  0x000001ed7ba4a700 JavaThread "Catalina-utility-2"                [_thread_blocked, id=24320, stack(0x0000006aa7d00000,0x0000006aa7e00000) (1024K)]
  0x000001ed7ab82b50 JavaThread "container-0"                       [_thread_blocked, id=16612, stack(0x0000006aa7e00000,0x0000006aa7f00000) (1024K)]
  0x000001ed7aa785b0 JavaThread "mysql-cj-abandoned-connection-cleanup" daemon [_thread_blocked, id=23696, stack(0x0000006aa7f00000,0x0000006aa8000000) (1024K)]
  0x000001ed79987470 JavaThread "HikariPool-1 housekeeper"   daemon [_thread_blocked, id=8680, stack(0x0000006aa8100000,0x0000006aa8200000) (1024K)]
  0x000001ed7b896d10 JavaThread "HikariPool-1 connection adder" daemon [_thread_blocked, id=8276, stack(0x0000006aa8200000,0x0000006aa8300000) (1024K)]
  0x000001ed78045470 JavaThread "C2 CompilerThread2"         daemon [_thread_in_native, id=8760, stack(0x0000006aa7100000,0x0000006aa7200000) (1024K)]
Total: 20

Other Threads:
  0x000001ed323f5be0 VMThread "VM Thread"                           [id=23772, stack(0x0000006aa6600000,0x0000006aa6700000) (1024K)]
  0x000001ed323db5c0 WatcherThread "VM Periodic Task Thread"        [id=18576, stack(0x0000006aa6500000,0x0000006aa6600000) (1024K)]
  0x000001ed13bebee0 WorkerThread "GC Thread#0"                     [id=7800, stack(0x0000006aa6000000,0x0000006aa6100000) (1024K)]
  0x000001ed78d6c7b0 WorkerThread "GC Thread#1"                     [id=12172, stack(0x0000006aa7400000,0x0000006aa7500000) (1024K)]
  0x000001ed78ceff20 WorkerThread "GC Thread#2"                     [id=23768, stack(0x0000006aa7500000,0x0000006aa7600000) (1024K)]
  0x000001ed78aacd30 WorkerThread "GC Thread#3"                     [id=18668, stack(0x0000006aa7600000,0x0000006aa7700000) (1024K)]
  0x000001ed78df9430 WorkerThread "GC Thread#4"                     [id=19264, stack(0x0000006aa7700000,0x0000006aa7800000) (1024K)]
  0x000001ed78dfa6a0 WorkerThread "GC Thread#5"                     [id=16344, stack(0x0000006aa7800000,0x0000006aa7900000) (1024K)]
  0x000001ed78df8cd0 WorkerThread "GC Thread#6"                     [id=10708, stack(0x0000006aa7a00000,0x0000006aa7b00000) (1024K)]
  0x000001ed78df97e0 WorkerThread "GC Thread#7"                     [id=19984, stack(0x0000006aa7b00000,0x0000006aa7c00000) (1024K)]
  0x000001ed13c3b010 ConcurrentGCThread "G1 Main Marker"            [id=18516, stack(0x0000006aa6100000,0x0000006aa6200000) (1024K)]
  0x000001ed13c3d4e0 WorkerThread "G1 Conc#0"                       [id=17844, stack(0x0000006aa6200000,0x0000006aa6300000) (1024K)]
  0x000001ed7aabb470 WorkerThread "G1 Conc#1"                       [id=24392, stack(0x0000006aa7900000,0x0000006aa7a00000) (1024K)]
  0x000001ed322a99a0 ConcurrentGCThread "G1 Refine#0"               [id=12132, stack(0x0000006aa6300000,0x0000006aa6400000) (1024K)]
  0x000001ed322aa730 ConcurrentGCThread "G1 Service"                [id=21336, stack(0x0000006aa6400000,0x0000006aa6500000) (1024K)]
Total: 15

Threads with active compile tasks:
C2 CompilerThread0  3590 5301   !   4       org.springframework.util.ReflectionUtils::doWithMethods (186 bytes)
C2 CompilerThread1  3590 5422       4       org.springframework.util.ConcurrentReferenceHashMap$Segment::getReference (55 bytes)
C2 CompilerThread2  3590 5310       4       org.springframework.core.annotation.AnnotationsScanner::scan (21 bytes)
Total: 3

VM state: not at safepoint (normal execution)

VM Mutex/Monitor currently owned by a thread: None

Heap address: 0x0000000703a00000, size: 4038 MB, Compressed Oops mode: Zero based, Oop shift amount: 3

CDS archive(s) mapped at: [0x000001ed33000000-0x000001ed33c60000-0x000001ed33c60000), size 12976128, SharedBaseAddress: 0x000001ed33000000, ArchiveRelocationMode: 1.
Compressed class space mapped at: 0x000001ed34000000-0x000001ed74000000, reserved size: 1073741824
Narrow klass base: 0x000001ed33000000, Narrow klass shift: 0, Narrow klass range: 0x41000000

GC Precious Log:
 CardTable entry size: 512
 Card Set container configuration: InlinePtr #cards 4 size 8 Array Of Cards #cards 16 size 48 Howl #buckets 8 coarsen threshold 3686 Howl Bitmap #cards 512 size 80 coarsen threshold 460 Card regions per heap region 1 cards per card region 4096
 CPUs: 8 total, 8 available
 Memory: 16151M
 Large Page Support: Disabled
 NUMA Support: Disabled
 Compressed Oops: Enabled (Zero based)
 Heap Region Size: 2M
 Heap Min Capacity: 8M
 Heap Initial Capacity: 254M
 Heap Max Capacity: 4038M
 Pre-touch: Disabled
 Parallel Workers: 8
 Concurrent Workers: 2
 Concurrent Refinement Workers: 8
 Periodic GC: Disabled

Heap:
 garbage-first heap   total reserved 4134912K, committed 90112K, used 30746K [0x0000000703a00000, 0x0000000800000000)
  region size 2048K, 7 young (14336K), 3 survivors (6144K)
 Metaspace       used 60843K, committed 61376K, reserved 1114112K
  class space    used 8270K, committed 8512K, reserved 1048576K

Heap Regions: E=young(eden), S=young(survivor), O=old, HS=humongous(starts), HC=humongous(continues), CS=collection set, F=free, TAMS=top-at-mark-start, PB=parsable bottom
|   0|0x0000000703a00000, 0x0000000703c00000, 0x0000000703c00000|100%| O|  |TAMS 0x0000000703a00000| PB 0x0000000703a00000| Untracked |  0
|   1|0x0000000703c00000, 0x0000000703e00000, 0x0000000703e00000|100%| O|  |TAMS 0x0000000703c00000| PB 0x0000000703c00000| Untracked |  0
|   2|0x0000000703e00000, 0x0000000704000000, 0x0000000704000000|100%| O|  |TAMS 0x0000000703e00000| PB 0x0000000703e00000| Untracked |  0
|   3|0x0000000704000000, 0x0000000704200000, 0x0000000704200000|100%| O|  |TAMS 0x0000000704000000| PB 0x0000000704000000| Untracked |  0
|   4|0x0000000704200000, 0x0000000704400000, 0x0000000704400000|100%| O|  |TAMS 0x0000000704200000| PB 0x0000000704200000| Untracked |  0
|   5|0x0000000704400000, 0x0000000704600000, 0x0000000704600000|100%| O|  |TAMS 0x0000000704400000| PB 0x0000000704400000| Untracked |  0
|   6|0x0000000704600000, 0x00000007047ab100, 0x0000000704800000| 83%| O|Cm|TAMS 0x0000000704600000| PB 0x0000000704600000| Complete |  0
|   7|0x0000000704800000, 0x0000000704a00000, 0x0000000704a00000|100%| O|  |TAMS 0x0000000704800000| PB 0x0000000704800000| Untracked |  0
|   8|0x0000000704a00000, 0x0000000704c00000, 0x0000000704c00000|100%| O|  |TAMS 0x0000000704a00000| PB 0x0000000704a00000| Untracked |  0
|   9|0x0000000704c00000, 0x0000000704e00000, 0x0000000704e00000|100%| O|  |TAMS 0x0000000704c00000| PB 0x0000000704c00000| Untracked |  0
|  10|0x0000000704e00000, 0x0000000704e00000, 0x0000000705000000|  0%| F|  |TAMS 0x0000000704e00000| PB 0x0000000704e00000| Untracked |  0
|  11|0x0000000705000000, 0x0000000705000000, 0x0000000705200000|  0%| F|  |TAMS 0x0000000705000000| PB 0x0000000705000000| Untracked |  0
|  12|0x0000000705200000, 0x0000000705200000, 0x0000000705400000|  0%| F|  |TAMS 0x0000000705200000| PB 0x0000000705200000| Untracked |  0
|  13|0x0000000705400000, 0x0000000705400000, 0x0000000705600000|  0%| F|  |TAMS 0x0000000705400000| PB 0x0000000705400000| Untracked |  0
|  14|0x0000000705600000, 0x0000000705600000, 0x0000000705800000|  0%| F|  |TAMS 0x0000000705600000| PB 0x0000000705600000| Untracked |  0
|  15|0x0000000705800000, 0x0000000705800000, 0x0000000705a00000|  0%| F|  |TAMS 0x0000000705800000| PB 0x0000000705800000| Untracked |  0
|  16|0x0000000705a00000, 0x0000000705a00000, 0x0000000705c00000|  0%| F|  |TAMS 0x0000000705a00000| PB 0x0000000705a00000| Untracked |  0
|  17|0x0000000705c00000, 0x0000000705c00000, 0x0000000705e00000|  0%| F|  |TAMS 0x0000000705c00000| PB 0x0000000705c00000| Untracked |  0
|  18|0x0000000705e00000, 0x0000000705e00000, 0x0000000706000000|  0%| F|  |TAMS 0x0000000705e00000| PB 0x0000000705e00000| Untracked |  0
|  19|0x0000000706000000, 0x0000000706000000, 0x0000000706200000|  0%| F|  |TAMS 0x0000000706000000| PB 0x0000000706000000| Untracked |  0
|  20|0x0000000706200000, 0x0000000706200000, 0x0000000706400000|  0%| F|  |TAMS 0x0000000706200000| PB 0x0000000706200000| Untracked |  0
|  21|0x0000000706400000, 0x0000000706400000, 0x0000000706600000|  0%| F|  |TAMS 0x0000000706400000| PB 0x0000000706400000| Untracked |  0
|  22|0x0000000706600000, 0x0000000706600000, 0x0000000706800000|  0%| F|  |TAMS 0x0000000706600000| PB 0x0000000706600000| Untracked |  0
|  23|0x0000000706800000, 0x0000000706800000, 0x0000000706a00000|  0%| F|  |TAMS 0x0000000706800000| PB 0x0000000706800000| Untracked |  0
|  24|0x0000000706a00000, 0x0000000706a00000, 0x0000000706c00000|  0%| F|  |TAMS 0x0000000706a00000| PB 0x0000000706a00000| Untracked |  0
|  25|0x0000000706c00000, 0x0000000706c00000, 0x0000000706e00000|  0%| F|  |TAMS 0x0000000706c00000| PB 0x0000000706c00000| Untracked |  0
|  26|0x0000000706e00000, 0x0000000706e00000, 0x0000000707000000|  0%| F|  |TAMS 0x0000000706e00000| PB 0x0000000706e00000| Untracked |  0
|  27|0x0000000707000000, 0x0000000707000000, 0x0000000707200000|  0%| F|  |TAMS 0x0000000707000000| PB 0x0000000707000000| Untracked |  0
|  28|0x0000000707200000, 0x0000000707200000, 0x0000000707400000|  0%| F|  |TAMS 0x0000000707200000| PB 0x0000000707200000| Untracked |  0
|  29|0x0000000707400000, 0x0000000707400000, 0x0000000707600000|  0%| F|  |TAMS 0x0000000707400000| PB 0x0000000707400000| Untracked |  0
|  30|0x0000000707600000, 0x0000000707600000, 0x0000000707800000|  0%| F|  |TAMS 0x0000000707600000| PB 0x0000000707600000| Untracked |  0
|  31|0x0000000707800000, 0x0000000707800000, 0x0000000707a00000|  0%| F|  |TAMS 0x0000000707800000| PB 0x0000000707800000| Untracked |  0
|  32|0x0000000707a00000, 0x0000000707a00000, 0x0000000707c00000|  0%| F|  |TAMS 0x0000000707a00000| PB 0x0000000707a00000| Untracked |  0
|  33|0x0000000707c00000, 0x0000000707c00000, 0x0000000707e00000|  0%| F|  |TAMS 0x0000000707c00000| PB 0x0000000707c00000| Untracked |  0
|  34|0x0000000707e00000, 0x0000000707e00000, 0x0000000708000000|  0%| F|  |TAMS 0x0000000707e00000| PB 0x0000000707e00000| Untracked |  0
|  35|0x0000000708000000, 0x0000000708000000, 0x0000000708200000|  0%| F|  |TAMS 0x0000000708000000| PB 0x0000000708000000| Untracked |  0
|  36|0x0000000708200000, 0x0000000708200000, 0x0000000708400000|  0%| F|  |TAMS 0x0000000708200000| PB 0x0000000708200000| Untracked |  0
|  37|0x0000000708400000, 0x0000000708500000, 0x0000000708600000| 50%| E|  |TAMS 0x0000000708400000| PB 0x0000000708400000| Complete |  0
|  38|0x0000000708600000, 0x0000000708800000, 0x0000000708800000|100%| E|CS|TAMS 0x0000000708600000| PB 0x0000000708600000| Complete |  0
|  39|0x0000000708800000, 0x0000000708a00000, 0x0000000708a00000|100%| E|CS|TAMS 0x0000000708800000| PB 0x0000000708800000| Complete |  0
|  63|0x000000070b800000, 0x000000070b85b950, 0x000000070ba00000| 17%| S|CS|TAMS 0x000000070b800000| PB 0x000000070b800000| Complete |  0
|  64|0x000000070ba00000, 0x000000070bc00000, 0x000000070bc00000|100%| S|CS|TAMS 0x000000070ba00000| PB 0x000000070ba00000| Complete |  0
|  65|0x000000070bc00000, 0x000000070be00000, 0x000000070be00000|100%| S|CS|TAMS 0x000000070bc00000| PB 0x000000070bc00000| Complete |  0
| 126|0x0000000713600000, 0x0000000713800000, 0x0000000713800000|100%| E|CS|TAMS 0x0000000713600000| PB 0x0000000713600000| Complete |  0

Card table byte_map: [0x000001ed2b9e0000,0x000001ed2c1d0000] _byte_map_base: 0x000001ed281c3000

Marking Bits: (CMBitMap*) 0x000001ed13bec5f0
 Bits: [0x000001ed2c1d0000, 0x000001ed300e8000)

Polling page: 0x000001ed11b80000

Metaspace:

Usage:
  Non-class:     51.34 MB used.
      Class:      8.08 MB used.
       Both:     59.42 MB used.

Virtual space:
  Non-class space:       64.00 MB reserved,      51.62 MB ( 81%) committed,  1 nodes.
      Class space:        1.00 GB reserved,       8.31 MB ( <1%) committed,  1 nodes.
             Both:        1.06 GB reserved,      59.94 MB (  6%) committed. 

Chunk freelists:
   Non-Class:  11.69 MB
       Class:  7.69 MB
        Both:  19.38 MB

MaxMetaspaceSize: unlimited
CompressedClassSpaceSize: 1.00 GB
Initial GC threshold: 21.00 MB
Current GC threshold: 99.00 MB
CDS: on
 - commit_granule_bytes: 65536.
 - commit_granule_words: 8192.
 - virtual_space_node_default_size: 8388608.
 - enlarge_chunks_in_place: 1.
 - use_allocation_guard: 0.


Internal statistics:

num_allocs_failed_limit: 9.
num_arena_births: 802.
num_arena_deaths: 0.
num_vsnodes_births: 2.
num_vsnodes_deaths: 0.
num_space_committed: 959.
num_space_uncommitted: 0.
num_chunks_returned_to_freelist: 9.
num_chunks_taken_from_freelist: 2825.
num_chunk_merges: 9.
num_chunk_splits: 2045.
num_chunks_enlarged: 1583.
num_inconsistent_stats: 0.

CodeHeap 'non-profiled nmethods': size=120000Kb used=2995Kb max_used=3189Kb free=117004Kb
 bounds [0x000001ed23990000, 0x000001ed23cc0000, 0x000001ed2aec0000]
CodeHeap 'profiled nmethods': size=120000Kb used=8928Kb max_used=9755Kb free=111071Kb
 bounds [0x000001ed1bec0000, 0x000001ed1c850000, 0x000001ed233f0000]
CodeHeap 'non-nmethods': size=5760Kb used=1910Kb max_used=1954Kb free=3849Kb
 bounds [0x000001ed233f0000, 0x000001ed23660000, 0x000001ed23990000]
 total_blobs=5444 nmethods=4719 adapters=629
 compilation: enabled
              stopped_count=0, restarted_count=0
 full_count=0

Compilation events (20 events):
Event: 3.533 Thread 0x000001ed78046210 nmethod 5392 0x000001ed1c445090 code [0x000001ed1c445440, 0x000001ed1c446e10]
Event: 3.533 Thread 0x000001ed78046210 5393       3       org.springframework.transaction.annotation.AnnotationTransactionAttributeSource::findTransactionAttribute (6 bytes)
Event: 3.533 Thread 0x000001ed78046210 nmethod 5393 0x000001ed1bee1490 code [0x000001ed1bee1640, 0x000001ed1bee1800]
Event: 3.533 Thread 0x000001ed78046210 5394       3       org.springframework.transaction.annotation.AnnotationTransactionAttributeSource::findTransactionAttribute (6 bytes)
Event: 3.533 Thread 0x000001ed78046210 nmethod 5394 0x000001ed1befd910 code [0x000001ed1befdac0, 0x000001ed1befdc80]
Event: 3.533 Thread 0x000001ed78046210 5395       3       jdk.internal.reflect.MethodHandleAccessorFactory::ensureClassInitialized (18 bytes)
Event: 3.534 Thread 0x000001ed78046210 nmethod 5395 0x000001ed1c2c5b90 code [0x000001ed1c2c5d80, 0x000001ed1c2c61e8]
Event: 3.534 Thread 0x000001ed78046210 5396       3       jdk.internal.reflect.MagicAccessorImpl::<init> (5 bytes)
Event: 3.534 Thread 0x000001ed78046210 nmethod 5396 0x000001ed1bf28490 code [0x000001ed1bf28620, 0x000001ed1bf28788]
Event: 3.536 Thread 0x000001ed78046210 5397   !   3       jdk.proxy2.$Proxy12::annotation (29 bytes)
Event: 3.537 Thread 0x000001ed78046210 nmethod 5397 0x000001ed1bf82690 code [0x000001ed1bf82860, 0x000001ed1bf82c48]
Event: 3.537 Thread 0x000001ed78046210 5398       3       org.springframework.core.annotation.AnnotationTypeMapping$MirrorSets::updateFrom (148 bytes)
Event: 3.539 Thread 0x000001ed78046210 nmethod 5398 0x000001ed1c4b6c10 code [0x000001ed1c4b6f80, 0x000001ed1c4b88a0]
Event: 3.540 Thread 0x000001ed78046210 5399       3       java.util.Optional::isEmpty (13 bytes)
Event: 3.540 Thread 0x000001ed78046210 nmethod 5399 0x000001ed1c003b90 code [0x000001ed1c003d20, 0x000001ed1c003e88]
Event: 3.541 Thread 0x000001ed78046210 5400       1       org.springframework.beans.factory.InjectionPoint::getMethodParameter (5 bytes)
Event: 3.541 Thread 0x000001ed78046210 nmethod 5400 0x000001ed23b62d90 code [0x000001ed23b62f20, 0x000001ed23b62ff0]
Event: 3.541 Thread 0x000001ed78046210 5401       3       org.springframework.core.annotation.AnnotationUtils::findAnnotation (99 bytes)
Event: 3.543 Thread 0x000001ed78046210 nmethod 5401 0x000001ed1c2e3690 code [0x000001ed1c2e3a60, 0x000001ed1c2e53e8]
Event: 3.543 Thread 0x000001ed78046210 5403       3       org.springframework.asm.ClassReader::readMethod (1061 bytes)

GC Heap History (20 events):
Event: 0.753 GC heap before
{Heap before GC invocations=1 (full 0):
 garbage-first heap   total reserved 4134912K, committed 260096K, used 39402K [0x0000000703a00000, 0x0000000800000000)
  region size 2048K, 18 young (36864K), 2 survivors (4096K)
 Metaspace       used 16595K, committed 16896K, reserved 1114112K
  class space    used 2026K, committed 2176K, reserved 1048576K
}
Event: 0.756 GC heap after
{Heap after GC invocations=2 (full 0):
 garbage-first heap   total reserved 4134912K, committed 260096K, used 9474K [0x0000000703a00000, 0x0000000800000000)
  region size 2048K, 2 young (4096K), 2 survivors (4096K)
 Metaspace       used 16595K, committed 16896K, reserved 1114112K
  class space    used 2026K, committed 2176K, reserved 1048576K
}
Event: 1.162 GC heap before
{Heap before GC invocations=2 (full 0):
 garbage-first heap   total reserved 4134912K, committed 260096K, used 40194K [0x0000000703a00000, 0x0000000800000000)
  region size 2048K, 18 young (36864K), 2 survivors (4096K)
 Metaspace       used 21234K, committed 21504K, reserved 1114112K
  class space    used 2570K, committed 2688K, reserved 1048576K
}
Event: 1.165 GC heap after
{Heap after GC invocations=3 (full 0):
 garbage-first heap   total reserved 4134912K, committed 260096K, used 12700K [0x0000000703a00000, 0x0000000800000000)
  region size 2048K, 3 young (6144K), 3 survivors (6144K)
 Metaspace       used 21234K, committed 21504K, reserved 1114112K
  class space    used 2570K, committed 2688K, reserved 1048576K
}
Event: 1.495 GC heap before
{Heap before GC invocations=4 (full 0):
 garbage-first heap   total reserved 4134912K, committed 49152K, used 35228K [0x0000000703a00000, 0x0000000800000000)
  region size 2048K, 14 young (28672K), 3 survivors (6144K)
 Metaspace       used 24815K, committed 25280K, reserved 1114112K
  class space    used 3099K, committed 3328K, reserved 1048576K
}
Event: 1.499 GC heap after
{Heap after GC invocations=5 (full 0):
 garbage-first heap   total reserved 4134912K, committed 49152K, used 14792K [0x0000000703a00000, 0x0000000800000000)
  region size 2048K, 2 young (4096K), 2 survivors (4096K)
 Metaspace       used 24815K, committed 25280K, reserved 1114112K
  class space    used 3099K, committed 3328K, reserved 1048576K
}
Event: 1.875 GC heap before
{Heap before GC invocations=5 (full 0):
 garbage-first heap   total reserved 4134912K, committed 49152K, used 35272K [0x0000000703a00000, 0x0000000800000000)
  region size 2048K, 12 young (24576K), 2 survivors (4096K)
 Metaspace       used 29331K, committed 29824K, reserved 1114112K
  class space    used 3720K, committed 3968K, reserved 1048576K
}
Event: 1.879 GC heap after
{Heap after GC invocations=6 (full 0):
 garbage-first heap   total reserved 4134912K, committed 49152K, used 16652K [0x0000000703a00000, 0x0000000800000000)
  region size 2048K, 2 young (4096K), 2 survivors (4096K)
 Metaspace       used 29331K, committed 29824K, reserved 1114112K
  class space    used 3720K, committed 3968K, reserved 1048576K
}
Event: 2.197 GC heap before
{Heap before GC invocations=6 (full 0):
 garbage-first heap   total reserved 4134912K, committed 49152K, used 35084K [0x0000000703a00000, 0x0000000800000000)
  region size 2048K, 12 young (24576K), 2 survivors (4096K)
 Metaspace       used 34092K, committed 34688K, reserved 1114112K
  class space    used 4419K, committed 4672K, reserved 1048576K
}
Event: 2.199 GC heap after
{Heap after GC invocations=7 (full 0):
 garbage-first heap   total reserved 4134912K, committed 49152K, used 18168K [0x0000000703a00000, 0x0000000800000000)
  region size 2048K, 2 young (4096K), 2 survivors (4096K)
 Metaspace       used 34092K, committed 34688K, reserved 1114112K
  class space    used 4419K, committed 4672K, reserved 1048576K
}
Event: 2.273 GC heap before
{Heap before GC invocations=7 (full 0):
 garbage-first heap   total reserved 4134912K, committed 49152K, used 22264K [0x0000000703a00000, 0x0000000800000000)
  region size 2048K, 5 young (10240K), 2 survivors (4096K)
 Metaspace       used 35559K, committed 36096K, reserved 1114112K
  class space    used 4682K, committed 4928K, reserved 1048576K
}
Event: 2.275 GC heap after
{Heap after GC invocations=8 (full 0):
 garbage-first heap   total reserved 4134912K, committed 49152K, used 18764K [0x0000000703a00000, 0x0000000800000000)
  region size 2048K, 1 young (2048K), 1 survivors (2048K)
 Metaspace       used 35559K, committed 36096K, reserved 1114112K
  class space    used 4682K, committed 4928K, reserved 1048576K
}
Event: 2.665 GC heap before
{Heap before GC invocations=9 (full 0):
 garbage-first heap   total reserved 4134912K, committed 49152K, used 39244K [0x0000000703a00000, 0x0000000800000000)
  region size 2048K, 11 young (22528K), 1 survivors (2048K)
 Metaspace       used 44809K, committed 45376K, reserved 1114112K
  class space    used 5852K, committed 6144K, reserved 1048576K
}
Event: 2.667 GC heap after
{Heap after GC invocations=10 (full 0):
 garbage-first heap   total reserved 4134912K, committed 49152K, used 20688K [0x0000000703a00000, 0x0000000800000000)
  region size 2048K, 2 young (4096K), 2 survivors (4096K)
 Metaspace       used 44809K, committed 45376K, reserved 1114112K
  class space    used 5852K, committed 6144K, reserved 1048576K
}
Event: 2.894 GC heap before
{Heap before GC invocations=10 (full 0):
 garbage-first heap   total reserved 4134912K, committed 49152K, used 37072K [0x0000000703a00000, 0x0000000800000000)
  region size 2048K, 11 young (22528K), 2 survivors (4096K)
 Metaspace       used 49550K, committed 50048K, reserved 1114112K
  class space    used 6482K, committed 6720K, reserved 1048576K
}
Event: 2.897 GC heap after
{Heap after GC invocations=11 (full 0):
 garbage-first heap   total reserved 4134912K, committed 49152K, used 21497K [0x0000000703a00000, 0x0000000800000000)
  region size 2048K, 2 young (4096K), 2 survivors (4096K)
 Metaspace       used 49550K, committed 50048K, reserved 1114112K
  class space    used 6482K, committed 6720K, reserved 1048576K
}
Event: 3.133 GC heap before
{Heap before GC invocations=11 (full 0):
 garbage-first heap   total reserved 4134912K, committed 49152K, used 37881K [0x0000000703a00000, 0x0000000800000000)
  region size 2048K, 11 young (22528K), 2 survivors (4096K)
 Metaspace       used 55374K, committed 56000K, reserved 1114112K
  class space    used 7462K, committed 7744K, reserved 1048576K
}
Event: 3.136 GC heap after
{Heap after GC invocations=12 (full 0):
 garbage-first heap   total reserved 4134912K, committed 155648K, used 22576K [0x0000000703a00000, 0x0000000800000000)
  region size 2048K, 2 young (4096K), 2 survivors (4096K)
 Metaspace       used 55374K, committed 56000K, reserved 1114112K
  class space    used 7462K, committed 7744K, reserved 1048576K
}
Event: 3.438 GC heap before
{Heap before GC invocations=12 (full 0):
 garbage-first heap   total reserved 4134912K, committed 155648K, used 38960K [0x0000000703a00000, 0x0000000800000000)
  region size 2048K, 12 young (24576K), 2 survivors (4096K)
 Metaspace       used 60052K, committed 60608K, reserved 1114112K
  class space    used 8063K, committed 8320K, reserved 1048576K
}
Event: 3.441 GC heap after
{Heap after GC invocations=13 (full 0):
 garbage-first heap   total reserved 4134912K, committed 155648K, used 24602K [0x0000000703a00000, 0x0000000800000000)
  region size 2048K, 3 young (6144K), 3 survivors (6144K)
 Metaspace       used 60052K, committed 60608K, reserved 1114112K
  class space    used 8063K, committed 8320K, reserved 1048576K
}

Dll operation events (15 events):
Event: 0.007 Loaded shared library C:\Users\hp\.jdks\openjdk-22.0.2\bin\java.dll
Event: 0.030 Loaded shared library C:\Users\hp\.jdks\openjdk-22.0.2\bin\jsvml.dll
Event: 0.070 Loaded shared library C:\Users\hp\.jdks\openjdk-22.0.2\bin\zip.dll
Event: 0.072 Loaded shared library C:\Users\hp\.jdks\openjdk-22.0.2\bin\instrument.dll
Event: 0.074 Loaded shared library C:\Users\hp\.jdks\openjdk-22.0.2\bin\net.dll
Event: 0.075 Loaded shared library C:\Users\hp\.jdks\openjdk-22.0.2\bin\nio.dll
Event: 0.076 Loaded shared library C:\Users\hp\.jdks\openjdk-22.0.2\bin\zip.dll
Event: 0.119 Loaded shared library C:\Program Files\JetBrains\IntelliJ IDEA Community Edition 2023.3.5\bin\breakgen64.dll
Event: 0.125 Loaded shared library C:\Users\hp\.jdks\openjdk-22.0.2\bin\extnet.dll
Event: 0.144 Loaded shared library C:\Users\hp\.jdks\openjdk-22.0.2\bin\jimage.dll
Event: 0.568 Loaded shared library C:\Users\hp\.jdks\openjdk-22.0.2\bin\le.dll
Event: 0.830 Loaded shared library C:\Users\hp\.jdks\openjdk-22.0.2\bin\sunmscapi.dll
Event: 1.841 Loaded shared library C:\Users\hp\.jdks\openjdk-22.0.2\bin\management.dll
Event: 1.842 Loaded shared library C:\Users\hp\.jdks\openjdk-22.0.2\bin\management_ext.dll
Event: 2.195 Loaded shared library C:\Users\hp\.jdks\openjdk-22.0.2\bin\verify.dll

Deoptimization events (20 events):
Event: 3.485 Thread 0x000001ed1197ad60 Uncommon trap: trap_request=0xffffffde fr.pc=0x000001ed23b3a218 relative=0x0000000000000558
Event: 3.485 Thread 0x000001ed1197ad60 Uncommon trap: reason=class_check action=maybe_recompile pc=0x000001ed23b3a218 method=org.springframework.util.ConcurrentReferenceHashMap$Segment.findInChain(Lorg/springframework/util/ConcurrentReferenceHashMap$Reference;Ljava/lang/Object;I)Lorg/springfra
Event: 3.485 Thread 0x000001ed1197ad60 DEOPT PACKING pc=0x000001ed23b3a218 sp=0x0000006aa5ffc6f0
Event: 3.485 Thread 0x000001ed1197ad60 DEOPT UNPACKING pc=0x000001ed23447da2 sp=0x0000006aa5ffc4d0 mode 2
Event: 3.485 Thread 0x000001ed1197ad60 Uncommon trap: trap_request=0xffffffde fr.pc=0x000001ed23b3a218 relative=0x0000000000000558
Event: 3.485 Thread 0x000001ed1197ad60 Uncommon trap: reason=class_check action=maybe_recompile pc=0x000001ed23b3a218 method=org.springframework.util.ConcurrentReferenceHashMap$Segment.findInChain(Lorg/springframework/util/ConcurrentReferenceHashMap$Reference;Ljava/lang/Object;I)Lorg/springfra
Event: 3.485 Thread 0x000001ed1197ad60 DEOPT PACKING pc=0x000001ed23b3a218 sp=0x0000006aa5ffc6f0
Event: 3.485 Thread 0x000001ed1197ad60 DEOPT UNPACKING pc=0x000001ed23447da2 sp=0x0000006aa5ffc4d0 mode 2
Event: 3.517 Thread 0x000001ed1197ad60 Uncommon trap: trap_request=0xffffff45 fr.pc=0x000001ed23c8a258 relative=0x00000000000008b8
Event: 3.517 Thread 0x000001ed1197ad60 Uncommon trap: reason=unstable_if action=reinterpret pc=0x000001ed23c8a258 method=java.util.HashMap.putVal(ILjava/lang/Object;Ljava/lang/Object;ZZ)Ljava/lang/Object; @ 206 c2
Event: 3.517 Thread 0x000001ed1197ad60 DEOPT PACKING pc=0x000001ed23c8a258 sp=0x0000006aa5ffc8d0
Event: 3.517 Thread 0x000001ed1197ad60 DEOPT UNPACKING pc=0x000001ed23447da2 sp=0x0000006aa5ffc7f8 mode 2
Event: 3.518 Thread 0x000001ed1197ad60 Uncommon trap: trap_request=0xffffff45 fr.pc=0x000001ed23c83fd0 relative=0x0000000000000830
Event: 3.518 Thread 0x000001ed1197ad60 Uncommon trap: reason=unstable_if action=reinterpret pc=0x000001ed23c83fd0 method=java.util.HashMap.putVal(ILjava/lang/Object;Ljava/lang/Object;ZZ)Ljava/lang/Object; @ 206 c2
Event: 3.518 Thread 0x000001ed1197ad60 DEOPT PACKING pc=0x000001ed23c83fd0 sp=0x0000006aa5ffc820
Event: 3.518 Thread 0x000001ed1197ad60 DEOPT UNPACKING pc=0x000001ed23447da2 sp=0x0000006aa5ffc7e8 mode 2
Event: 3.542 Thread 0x000001ed1197ad60 Uncommon trap: trap_request=0xffffff45 fr.pc=0x000001ed23ba4fa0 relative=0x00000000000003a0
Event: 3.542 Thread 0x000001ed1197ad60 Uncommon trap: reason=unstable_if action=reinterpret pc=0x000001ed23ba4fa0 method=org.springframework.core.annotation.TypeMappedAnnotations$MergedAnnotationFinder.doWithAnnotations(Ljava/lang/Object;ILjava/lang/Object;[Ljava/lang/annotation/Annotation;)Lo
Event: 3.542 Thread 0x000001ed1197ad60 DEOPT PACKING pc=0x000001ed23ba4fa0 sp=0x0000006aa5ffcad0
Event: 3.542 Thread 0x000001ed1197ad60 DEOPT UNPACKING pc=0x000001ed23447da2 sp=0x0000006aa5ffca90 mode 2

Classes loaded (20 events):
Event: 2.879 Loading class java/util/concurrent/CancellationException
Event: 2.879 Loading class java/util/concurrent/CancellationException done
Event: 3.025 Loading class java/util/ArrayList$ListItr
Event: 3.025 Loading class java/util/ArrayList$ListItr done
Event: 3.047 Loading class java/util/AbstractList$SubList
Event: 3.047 Loading class java/util/AbstractList$SubList done
Event: 3.086 Loading class java/lang/reflect/AnnotatedArrayType
Event: 3.086 Loading class java/lang/reflect/AnnotatedArrayType done
Event: 3.292 Loading class javax/naming/Reference
Event: 3.292 Loading class javax/naming/Reference done
Event: 3.317 Loading class java/lang/SafeVarargs
Event: 3.317 Loading class java/lang/SafeVarargs done
Event: 3.318 Loading class sun/reflect/generics/reflectiveObjects/GenericArrayTypeImpl
Event: 3.318 Loading class sun/reflect/generics/reflectiveObjects/GenericArrayTypeImpl done
Event: 3.343 Loading class java/util/concurrent/ConcurrentHashMap$TreeNode
Event: 3.343 Loading class java/util/concurrent/ConcurrentHashMap$TreeNode done
Event: 3.343 Loading class java/util/concurrent/ConcurrentHashMap$TreeBin
Event: 3.343 Loading class java/util/concurrent/ConcurrentHashMap$TreeBin done
Event: 3.515 Loading class java/lang/Package$1PackageInfoProxy
Event: 3.515 Loading class java/lang/Package$1PackageInfoProxy done

Classes unloaded (0 events):
No events

Classes redefined (0 events):
No events

Internal exceptions (20 events):
Event: 3.160 Thread 0x000001ed1197ad60 Exception <a 'java/lang/NoSuchMethodError'{0x00000007137cc5e8}: 'java.lang.Object java.lang.invoke.Invokers$Holder.linkToTargetMethod(java.lang.Object, int, java.lang.Object, java.lang.Object)'> (0x00000007137cc5e8) 
thrown [s\open\src\hotspot\share\interpreter\linkResolver.cpp, line 774]
Event: 3.168 Thread 0x000001ed1197ad60 Exception <a 'java/lang/NoSuchMethodError'{0x00000007116957f8}: 'void java.lang.invoke.DirectMethodHandle$Holder.invokeSpecial(java.lang.Object, java.lang.Object, java.lang.Object, java.lang.Object, java.lang.Object, java.lang.Object, java.lang.Object, java.lang.Object)'> (0x00000007116957f8) 
thrown [s\open\src\hotspot\share\interpreter\linkResolver.cpp, line 774]
Event: 3.171 Thread 0x000001ed1197ad60 Exception <a 'java/lang/NoSuchMethodError'{0x00000007116ccae8}: 'void java.lang.invoke.DirectMethodHandle$Holder.invokeSpecial(java.lang.Object, java.lang.Object, int, java.lang.Object)'> (0x00000007116ccae8) 
thrown [s\open\src\hotspot\share\interpreter\linkResolver.cpp, line 774]
Event: 3.171 Thread 0x000001ed1197ad60 Exception <a 'java/lang/NoSuchMethodError'{0x00000007116d2e30}: 'java.lang.Object java.lang.invoke.DirectMethodHandle$Holder.newInvokeSpecial(java.lang.Object, java.lang.Object, int)'> (0x00000007116d2e30) 
thrown [s\open\src\hotspot\share\interpreter\linkResolver.cpp, line 774]
Event: 3.186 Thread 0x000001ed1197ad60 Exception <a 'java/lang/NoSuchMethodError'{0x0000000711418a68}: 'int java.lang.invoke.DirectMethodHandle$Holder.invokeStatic(java.lang.Object, int, java.lang.Object)'> (0x0000000711418a68) 
thrown [s\open\src\hotspot\share\interpreter\linkResolver.cpp, line 774]
Event: 3.188 Thread 0x000001ed1197ad60 Exception <a 'java/lang/NoSuchMethodError'{0x0000000711434a48}: 'java.lang.Object java.lang.invoke.DirectMethodHandle$Holder.newInvokeSpecial(java.lang.Object, java.lang.Object, java.lang.Object, java.lang.Object, java.lang.Object, int, java.lang.Object)'> (0x0000000711434a48) 
thrown [s\open\src\hotspot\share\interpreter\linkResolver.cpp, line 774]
Event: 3.191 Thread 0x000001ed1197ad60 Exception <a 'java/lang/NoSuchMethodError'{0x00000007114642b8}: 'java.lang.Object java.lang.invoke.DirectMethodHandle$Holder.newInvokeSpecial(java.lang.Object, java.lang.Object, java.lang.Object, java.lang.Object, java.lang.Object, java.lang.Object, java.lang.Object, java.lang.Object, java.lang.Object, java.lang.Object, java.lang.Object, java.lang.Object)'> (0x00000007114642b8) 
thrown [s\open\src\hotspot\share\interpreter\linkResolver.cpp, line 774]
Event: 3.192 Thread 0x000001ed1197ad60 Exception <a 'java/lang/NoSuchMethodError'{0x0000000711468b60}: 'java.lang.Object java.lang.invoke.DirectMethodHandle$Holder.invokeSpecial(java.lang.Object, java.lang.Object, java.lang.Object, java.lang.Object, java.lang.Object, java.lang.Object, java.lang.Object, java.lang.Object, java.lang.Object, java.lang.Object, java.lang.Object, java.lang.Object, java.lang.Object)'> (0x0000000711468b60) 
thrown [s\open\src\hotspot\share\interpreter\linkResolver.cpp, line 774]
Event: 3.192 Thread 0x000001ed1197ad60 Exception <a 'java/lang/NoSuchMethodError'{0x000000071146d038}: 'java.lang.Object java.lang.invoke.Invokers$Holder.linkToTargetMethod(java.lang.Object, java.lang.Object, java.lang.Object, java.lang.Object, java.lang.Object, java.lang.Object, java.lang.Object, java.lang.Object, java.lang.Object, java.lang.Object, java.lang.Object, java.lang.Object)'> (0x000000071146d038) 
thrown [s\open\src\hotspot\share\interpreter\linkResolver.cpp, line 774]
Event: 3.217 Thread 0x000001ed1197ad60 Exception <a 'java/lang/NoSuchMethodError'{0x00000007115e5148}: 'java.lang.Object java.lang.invoke.DirectMethodHandle$Holder.newInvokeSpecial(java.lang.Object, java.lang.Object, java.lang.Object, java.lang.Object, java.lang.Object, java.lang.Object)'> (0x00000007115e5148) 
thrown [s\open\src\hotspot\share\interpreter\linkResolver.cpp, line 774]
Event: 3.222 Thread 0x000001ed1197ad60 Exception <a 'java/lang/NoSuchMethodError'{0x0000000710e47020}: 'java.lang.Object java.lang.invoke.DirectMethodHandle$Holder.newInvokeSpecial(java.lang.Object, java.lang.Object, java.lang.Object, java.lang.Object, java.lang.Object, java.lang.Object, java.lang.Object, int)'> (0x0000000710e47020) 
thrown [s\open\src\hotspot\share\interpreter\linkResolver.cpp, line 774]
Event: 3.223 Thread 0x000001ed1197ad60 Exception <a 'java/lang/NoSuchMethodError'{0x0000000710e4b5b0}: 'java.lang.Object java.lang.invoke.DirectMethodHandle$Holder.invokeSpecial(java.lang.Object, java.lang.Object, java.lang.Object, java.lang.Object, java.lang.Object, java.lang.Object, java.lang.Object, java.lang.Object, int)'> (0x0000000710e4b5b0) 
thrown [s\open\src\hotspot\share\interpreter\linkResolver.cpp, line 774]
Event: 3.223 Thread 0x000001ed1197ad60 Exception <a 'java/lang/NoSuchMethodError'{0x0000000710e4f5c8}: 'java.lang.Object java.lang.invoke.Invokers$Holder.linkToTargetMethod(java.lang.Object, java.lang.Object, java.lang.Object, java.lang.Object, java.lang.Object, java.lang.Object, int, java.lang.Object)'> (0x0000000710e4f5c8) 
thrown [s\open\src\hotspot\share\interpreter\linkResolver.cpp, line 774]
Event: 3.232 Thread 0x000001ed1197ad60 Exception <a 'java/lang/NoSuchMethodError'{0x0000000710f06648}: 'void java.lang.invoke.DirectMethodHandle$Holder.invokeInterface(java.lang.Object, java.lang.Object)'> (0x0000000710f06648) 
thrown [s\open\src\hotspot\share\interpreter\linkResolver.cpp, line 774]
Event: 3.296 Thread 0x000001ed1197ad60 Exception <a 'java/lang/NoSuchMethodError'{0x000000070c650428}: 'void java.lang.invoke.Invokers$Holder.invokeExact_MT(java.lang.Object, java.lang.Object, java.lang.Object, java.lang.Object)'> (0x000000070c650428) 
thrown [s\open\src\hotspot\share\interpreter\linkResolver.cpp, line 774]
Event: 3.314 Thread 0x000001ed1197ad60 Implicit null exception at 0x000001ed23bf8473 to 0x000001ed23bf86e4
Event: 3.344 Thread 0x000001ed1197ad60 Exception <a 'java/lang/IncompatibleClassChangeError'{0x000000070c5eff08}: Found class java.lang.Object, but interface was expected> (0x000000070c5eff08) 
thrown [s\open\src\hotspot\share\interpreter\linkResolver.cpp, line 841]
Event: 3.350 Thread 0x000001ed1197ad60 Exception <a 'java/lang/IncompatibleClassChangeError'{0x000000070c268a80}: Found class java.lang.Object, but interface was expected> (0x000000070c268a80) 
thrown [s\open\src\hotspot\share\interpreter\linkResolver.cpp, line 841]
Event: 3.373 Thread 0x000001ed1197ad60 Exception <a 'java/lang/IncompatibleClassChangeError'{0x000000070c3bf5e8}: Found class java.lang.Object, but interface was expected> (0x000000070c3bf5e8) 
thrown [s\open\src\hotspot\share\interpreter\linkResolver.cpp, line 841]
Event: 3.509 Thread 0x000001ed1197ad60 Exception <a 'java/lang/IncompatibleClassChangeError'{0x00000007088a0108}: Found class java.lang.Object, but interface was expected> (0x00000007088a0108) 
thrown [s\open\src\hotspot\share\interpreter\linkResolver.cpp, line 841]

ZGC Phase Switch (0 events):
No events

VM Operations (20 events):
Event: 3.026 Executing VM operation: HandshakeAllThreads (Deoptimize)
Event: 3.026 Executing VM operation: HandshakeAllThreads (Deoptimize) done
Event: 3.133 Executing VM operation: G1CollectForAllocation (G1 Evacuation Pause)
Event: 3.136 Executing VM operation: G1CollectForAllocation (G1 Evacuation Pause) done
Event: 3.282 Executing VM operation: HandshakeAllThreads (Deoptimize)
Event: 3.283 Executing VM operation: HandshakeAllThreads (Deoptimize) done
Event: 3.342 Executing VM operation: ICBufferFull
Event: 3.342 Executing VM operation: ICBufferFull done
Event: 3.438 Executing VM operation: CollectForMetadataAllocation (Metadata GC Threshold)
Event: 3.441 Executing VM operation: CollectForMetadataAllocation (Metadata GC Threshold) done
Event: 3.460 Executing VM operation: G1PauseRemark
Event: 3.464 Executing VM operation: G1PauseRemark done
Event: 3.471 Executing VM operation: G1PauseCleanup
Event: 3.471 Executing VM operation: G1PauseCleanup done
Event: 3.479 Executing VM operation: HandshakeAllThreads (Deoptimize)
Event: 3.479 Executing VM operation: HandshakeAllThreads (Deoptimize) done
Event: 3.519 Executing VM operation: HandshakeAllThreads (Deoptimize)
Event: 3.519 Executing VM operation: HandshakeAllThreads (Deoptimize) done
Event: 3.521 Executing VM operation: HandshakeAllThreads (Deoptimize)
Event: 3.521 Executing VM operation: HandshakeAllThreads (Deoptimize) done

Memory protections (0 events):
No events

Nmethod flushes (20 events):
Event: 3.463 Thread 0x000001ed323f5be0 flushing  nmethod 0x000001ed1c23c910
Event: 3.463 Thread 0x000001ed323f5be0 flushing  nmethod 0x000001ed1c270410
Event: 3.463 Thread 0x000001ed323f5be0 flushing  nmethod 0x000001ed1c27d890
Event: 3.463 Thread 0x000001ed323f5be0 flushing  nmethod 0x000001ed1c282290
Event: 3.463 Thread 0x000001ed323f5be0 flushing  nmethod 0x000001ed1c29d690
Event: 3.463 Thread 0x000001ed323f5be0 flushing  nmethod 0x000001ed1c2bc910
Event: 3.463 Thread 0x000001ed323f5be0 flushing  nmethod 0x000001ed1c2c2690
Event: 3.463 Thread 0x000001ed323f5be0 flushing  nmethod 0x000001ed1c382310
Event: 3.463 Thread 0x000001ed323f5be0 flushing  nmethod 0x000001ed1c3c0110
Event: 3.463 Thread 0x000001ed323f5be0 flushing  nmethod 0x000001ed1c3c4890
Event: 3.463 Thread 0x000001ed323f5be0 flushing  nmethod 0x000001ed1c403b10
Event: 3.463 Thread 0x000001ed323f5be0 flushing  nmethod 0x000001ed1c4de510
Event: 3.463 Thread 0x000001ed323f5be0 flushing  nmethod 0x000001ed1c553190
Event: 3.463 Thread 0x000001ed323f5be0 flushing  nmethod 0x000001ed1c554c90
Event: 3.463 Thread 0x000001ed323f5be0 flushing  nmethod 0x000001ed1c556890
Event: 3.463 Thread 0x000001ed323f5be0 flushing  nmethod 0x000001ed1c558e10
Event: 3.463 Thread 0x000001ed323f5be0 flushing  nmethod 0x000001ed1c58a810
Event: 3.463 Thread 0x000001ed323f5be0 flushing  nmethod 0x000001ed1c5c0710
Event: 3.463 Thread 0x000001ed323f5be0 flushing  nmethod 0x000001ed1c5c2210
Event: 3.463 Thread 0x000001ed323f5be0 flushing  nmethod 0x000001ed1c5c6210

Events (20 events):
Event: 0.028 Thread 0x000001ed1197ad60 Thread added: 0x000001ed7800cab0
Event: 0.028 Thread 0x000001ed1197ad60 Thread added: 0x000001ed780207d0
Event: 0.029 Thread 0x000001ed1197ad60 Thread added: 0x000001ed78046210
Event: 0.058 Thread 0x000001ed1197ad60 Thread added: 0x000001ed781446b0
Event: 0.084 Thread 0x000001ed780207d0 Thread added: 0x000001ed78045b40
Event: 0.092 Thread 0x000001ed78046210 Thread added: 0x000001ed780446d0
Event: 0.119 Thread 0x000001ed1197ad60 Thread added: 0x000001ed784ef750
Event: 0.119 Thread 0x000001ed1197ad60 Thread added: 0x000001ed78480700
Event: 0.553 Thread 0x000001ed1197ad60 Thread added: 0x000001ed78df1270
Event: 0.840 Thread 0x000001ed78df1270 Thread exited: 0x000001ed78df1270
Event: 0.859 Thread 0x000001ed1197ad60 Thread added: 0x000001ed78df1270
Event: 0.882 Thread 0x000001ed78df1270 Thread exited: 0x000001ed78df1270
Event: 1.900 Thread 0x000001ed1197ad60 Thread added: 0x000001ed7a02db10
Event: 1.900 Thread 0x000001ed7a02db10 Thread added: 0x000001ed7ba4a700
Event: 1.903 Thread 0x000001ed1197ad60 Thread added: 0x000001ed7ab82b50
Event: 1.922 Thread 0x000001ed1197ad60 Thread added: 0x000001ed7aa785b0
Event: 2.614 Thread 0x000001ed1197ad60 Thread added: 0x000001ed79987470
Event: 2.717 Thread 0x000001ed79987470 Thread added: 0x000001ed7b896d10
Event: 3.256 Thread 0x000001ed780446d0 Thread exited: 0x000001ed780446d0
Event: 3.364 Thread 0x000001ed78046210 Thread added: 0x000001ed78045470


Dynamic libraries:
0x00007ff6bd6c0000 - 0x00007ff6bd6ce000 	C:\Users\hp\.jdks\openjdk-22.0.2\bin\java.exe
0x00007ff973a10000 - 0x00007ff973c27000 	C:\WINDOWS\SYSTEM32\ntdll.dll
0x00007ff971740000 - 0x00007ff971804000 	C:\WINDOWS\System32\KERNEL32.DLL
0x00007ff971230000 - 0x00007ff9715dd000 	C:\WINDOWS\System32\KERNELBASE.dll
0x00007ff970d30000 - 0x00007ff970e41000 	C:\WINDOWS\System32\ucrtbase.dll
0x00007ff93cb00000 - 0x00007ff93cb1b000 	C:\Users\hp\.jdks\openjdk-22.0.2\bin\VCRUNTIME140.dll
0x00007ff93d750000 - 0x00007ff93d767000 	C:\Users\hp\.jdks\openjdk-22.0.2\bin\jli.dll
0x00007ff9737f0000 - 0x00007ff97399e000 	C:\WINDOWS\System32\USER32.dll
0x00007ff971200000 - 0x00007ff971226000 	C:\WINDOWS\System32\win32u.dll
0x00007ff955920000 - 0x00007ff955bb3000 	C:\WINDOWS\WinSxS\amd64_microsoft.windows.common-controls_6595b64144ccf1df_6.0.22621.3672_none_2713b9d173822955\COMCTL32.dll
0x00007ff973070000 - 0x00007ff973099000 	C:\WINDOWS\System32\GDI32.dll
0x00007ff971b70000 - 0x00007ff971c17000 	C:\WINDOWS\System32\msvcrt.dll
0x00007ff970e50000 - 0x00007ff970f69000 	C:\WINDOWS\System32\gdi32full.dll
0x00007ff971160000 - 0x00007ff9711fa000 	C:\WINDOWS\System32\msvcp_win.dll
0x00007ff972ae0000 - 0x00007ff972b11000 	C:\WINDOWS\System32\IMM32.DLL
0x00007ff954820000 - 0x00007ff95482c000 	C:\Users\hp\.jdks\openjdk-22.0.2\bin\vcruntime140_1.dll
0x00007ff908040000 - 0x00007ff9080ce000 	C:\Users\hp\.jdks\openjdk-22.0.2\bin\msvcp140.dll
0x00007ff8d46d0000 - 0x00007ff8d5419000 	C:\Users\hp\.jdks\openjdk-22.0.2\bin\server\jvm.dll
0x00007ff972a20000 - 0x00007ff972ad2000 	C:\WINDOWS\System32\ADVAPI32.dll
0x00007ff973200000 - 0x00007ff9732a9000 	C:\WINDOWS\System32\sechost.dll
0x00007ff971650000 - 0x00007ff971678000 	C:\WINDOWS\System32\bcrypt.dll
0x00007ff9733d0000 - 0x00007ff9734e4000 	C:\WINDOWS\System32\RPCRT4.dll
0x00007ff973720000 - 0x00007ff973791000 	C:\WINDOWS\System32\WS2_32.dll
0x00007ff969840000 - 0x00007ff96984a000 	C:\WINDOWS\SYSTEM32\VERSION.dll
0x00007ff969e40000 - 0x00007ff969e74000 	C:\WINDOWS\SYSTEM32\WINMM.dll
0x00007ff96fbc0000 - 0x00007ff96fc0d000 	C:\WINDOWS\SYSTEM32\POWRPROF.dll
0x00007ff96fba0000 - 0x00007ff96fbb3000 	C:\WINDOWS\SYSTEM32\UMPDC.dll
0x00007ff96fe50000 - 0x00007ff96fe68000 	C:\WINDOWS\SYSTEM32\kernel.appcore.dll
0x00007ff954790000 - 0x00007ff95479a000 	C:\Users\hp\.jdks\openjdk-22.0.2\bin\jimage.dll
0x00007ff96e650000 - 0x00007ff96e882000 	C:\WINDOWS\SYSTEM32\DBGHELP.DLL
0x00007ff972cd0000 - 0x00007ff97305d000 	C:\WINDOWS\System32\combase.dll
0x00007ff973120000 - 0x00007ff9731f7000 	C:\WINDOWS\System32\OLEAUT32.dll
0x00007ff94e4b0000 - 0x00007ff94e4e2000 	C:\WINDOWS\SYSTEM32\dbgcore.DLL
0x00007ff970f70000 - 0x00007ff970feb000 	C:\WINDOWS\System32\bcryptPrimitives.dll
0x00007ff96a030000 - 0x00007ff96a03f000 	C:\Users\hp\.jdks\openjdk-22.0.2\bin\instrument.dll
0x00007ff93b200000 - 0x00007ff93b21e000 	C:\Users\hp\.jdks\openjdk-22.0.2\bin\java.dll
0x00007ff9721b0000 - 0x00007ff972a18000 	C:\WINDOWS\System32\SHELL32.dll
0x00007ff972b20000 - 0x00007ff972cc5000 	C:\WINDOWS\System32\ole32.dll
0x00007ff96ec80000 - 0x00007ff96f57e000 	C:\WINDOWS\SYSTEM32\windows.storage.dll
0x00007ff96eb40000 - 0x00007ff96ec7f000 	C:\WINDOWS\SYSTEM32\wintypes.dll
0x00007ff9732d0000 - 0x00007ff9733c9000 	C:\WINDOWS\System32\SHCORE.dll
0x00007ff9736b0000 - 0x00007ff97370e000 	C:\WINDOWS\System32\shlwapi.dll
0x00007ff970c60000 - 0x00007ff970c81000 	C:\WINDOWS\SYSTEM32\profapi.dll
0x00007ff8e52f0000 - 0x00007ff8e53c7000 	C:\Users\hp\.jdks\openjdk-22.0.2\bin\jsvml.dll
0x00007ff92c210000 - 0x00007ff92c227000 	C:\Users\hp\.jdks\openjdk-22.0.2\bin\zip.dll
0x00007ff950140000 - 0x00007ff950150000 	C:\Users\hp\.jdks\openjdk-22.0.2\bin\net.dll
0x00007ff9702c0000 - 0x00007ff970329000 	C:\WINDOWS\system32\mswsock.dll
0x00007ff9399b0000 - 0x00007ff9399c6000 	C:\Users\hp\.jdks\openjdk-22.0.2\bin\nio.dll
0x00007ff969660000 - 0x00007ff96967a000 	C:\Program Files\JetBrains\IntelliJ IDEA Community Edition 2023.3.5\bin\breakgen64.dll
0x00007ff94f100000 - 0x00007ff94f109000 	C:\Users\hp\.jdks\openjdk-22.0.2\bin\extnet.dll
0x00007ff969620000 - 0x00007ff96962b000 	C:\Users\hp\.jdks\openjdk-22.0.2\bin\le.dll
0x00007ff969630000 - 0x00007ff96963e000 	C:\Users\hp\.jdks\openjdk-22.0.2\bin\sunmscapi.dll
0x00007ff970ff0000 - 0x00007ff971157000 	C:\WINDOWS\System32\CRYPT32.dll
0x00007ff9706e0000 - 0x00007ff97070e000 	C:\WINDOWS\SYSTEM32\ncrypt.dll
0x00007ff9706a0000 - 0x00007ff9706d7000 	C:\WINDOWS\SYSTEM32\NTASN1.dll
0x00007ff970520000 - 0x00007ff97053b000 	C:\WINDOWS\SYSTEM32\CRYPTSP.dll
0x00007ff96fdb0000 - 0x00007ff96fde5000 	C:\WINDOWS\system32\rsaenh.dll
0x00007ff9703c0000 - 0x00007ff9703e8000 	C:\WINDOWS\SYSTEM32\USERENV.dll
0x00007ff970540000 - 0x00007ff97054c000 	C:\WINDOWS\SYSTEM32\CRYPTBASE.dll
0x00007ff96f8a0000 - 0x00007ff96f8cd000 	C:\WINDOWS\SYSTEM32\IPHLPAPI.DLL
0x00007ff973060000 - 0x00007ff973069000 	C:\WINDOWS\System32\NSI.dll
0x00007ff969650000 - 0x00007ff96965a000 	C:\Users\hp\.jdks\openjdk-22.0.2\bin\management.dll
0x00007ff969640000 - 0x00007ff96964b000 	C:\Users\hp\.jdks\openjdk-22.0.2\bin\management_ext.dll
0x00007ff973710000 - 0x00007ff973718000 	C:\WINDOWS\System32\PSAPI.DLL
0x00007ff93ca80000 - 0x00007ff93ca90000 	C:\Users\hp\.jdks\openjdk-22.0.2\bin\verify.dll
0x00007ff96f920000 - 0x00007ff96fa18000 	C:\WINDOWS\SYSTEM32\DNSAPI.dll
0x000000005f910000 - 0x000000005f936000 	C:\Program Files\Bonjour\mdnsNSP.dll
0x00007ff96a120000 - 0x00007ff96a12a000 	C:\Windows\System32\rasadhlp.dll
0x00007ff96a780000 - 0x00007ff96a803000 	C:\WINDOWS\System32\fwpuclnt.dll

dbghelp: loaded successfully - version: 4.0.5 - missing functions: none
symbol engine: initialized successfully - sym options: 0x614 - pdb path: .;C:\Users\hp\.jdks\openjdk-22.0.2\bin;C:\WINDOWS\SYSTEM32;C:\WINDOWS\WinSxS\amd64_microsoft.windows.common-controls_6595b64144ccf1df_6.0.22621.3672_none_2713b9d173822955;C:\Users\hp\.jdks\openjdk-22.0.2\bin\server;C:\Program Files\JetBrains\IntelliJ IDEA Community Edition 2023.3.5\bin;C:\Program Files\Bonjour

VM Arguments:
jvm_args: --enable-preview -javaagent:C:\Program Files\JetBrains\IntelliJ IDEA Community Edition 2023.3.5\lib\idea_rt.jar=61332:C:\Program Files\JetBrains\IntelliJ IDEA Community Edition 2023.3.5\bin -Dfile.encoding=UTF-8 -Dsun.stdout.encoding=UTF-8 -Dsun.stderr.encoding=UTF-8 
java_command: com.abcrestaurant.Backend.BackendApplication
java_class_path (initial): D:\ABC_Resturant_Project\ABC-Resturant\Backend\target\classes;C:\Users\hp\.m2\repository\org\springframework\boot\spring-boot-starter-data-jpa\3.3.2\spring-boot-starter-data-jpa-3.3.2.jar;C:\Users\hp\.m2\repository\org\springframework\boot\spring-boot-starter-aop\3.3.2\spring-boot-starter-aop-3.3.2.jar;C:\Users\hp\.m2\repository\org\springframework\spring-aop\6.1.11\spring-aop-6.1.11.jar;C:\Users\hp\.m2\repository\org\aspectj\aspectjweaver\1.9.22.1\aspectjweaver-1.9.22.1.jar;C:\Users\hp\.m2\repository\org\springframework\boot\spring-boot-starter-jdbc\3.3.2\spring-boot-starter-jdbc-3.3.2.jar;C:\Users\hp\.m2\repository\com\zaxxer\HikariCP\5.1.0\HikariCP-5.1.0.jar;C:\Users\hp\.m2\repository\org\springframework\spring-jdbc\6.1.11\spring-jdbc-6.1.11.jar;C:\Users\hp\.m2\repository\org\hibernate\orm\hibernate-core\6.5.2.Final\hibernate-core-6.5.2.Final.jar;C:\Users\hp\.m2\repository\jakarta\persistence\jakarta.persistence-api\3.1.0\jakarta.persistence-api-3.1.0.jar;C:\Users\hp\.m2\repository\jakarta\transaction\jakarta.transaction-api\2.0.1\jakarta.transaction-api-2.0.1.jar;C:\Users\hp\.m2\repository\org\jboss\logging\jboss-logging\3.5.3.Final\jboss-logging-3.5.3.Final.jar;C:\Users\hp\.m2\repository\org\hibernate\common\hibernate-commons-annotations\6.0.6.Final\hibernate-commons-annotations-6.0.6.Final.jar;C:\Users\hp\.m2\repository\io\smallrye\jandex\3.1.2\jandex-3.1.2.jar;C:\Users\hp\.m2\repository\com\fasterxml\classmate\1.7.0\classmate-1.7.0.jar;C:\Users\hp\.m2\repository\net\bytebuddy\byte-buddy\1.14.18\byte-buddy-1.14.18.jar;C:\Users\hp\.m2\repository\org\glassfish\jaxb\jaxb-runtime\4.0.5\jaxb-runtime-4.0.5.jar;C:\Users\hp\.m2\repository\org\glassfish\jaxb\jaxb-core\4.0.5\jaxb-core-4.0.5.jar;C:\Users\hp\.m2\repository\org\eclipse\angus\angus-activation\2.0.2\angus-activation-2.0.2.jar;C:\Users\hp\.m2\repository\org\glassfish\jaxb\txw2\4.0.5\txw2-4.0.5.jar;C:\Users\hp\.m2\repository\com\sun\istack\istack-commons-runtime\4.1.2\istack-commons-runtime-4.1.2.jar;C:\Users\hp\.m2\repository\jakarta\inject\jakarta.inject-api\2.0.1\jakarta.inject-api-2.0.1.jar;C:\Users\hp\.m2\repository\org\antlr\antlr4-runtime\4.13.0\antlr4-runtime-4.13.0.jar;C:\Users\hp\.m2\repository\org\springframework\data\spring-data-jpa\3.3.2\spring-data-jpa-3.3.2.jar;C:\Users\hp\.m2\repository\org\springframework\data\spring-data-commons\3.3.2\spring-data-commons-3.3.2.jar;C:\Users\hp\.m2\repository\org\springframework\spring-orm\6.1.11\spring-orm-6.1.11.jar;C:\Users\hp\.m2\repository\org\springframework\spring-context\6.1.11\spring-context-6.1.11.jar;C:\Users\hp\.m2\repository\org\springframework\spring-tx\6.1.11\spring-tx-6.1.11.jar;C:\Users\hp\.m2\repository\org\springframework\spring-beans\6.1.11\spring-beans-6.1.11.jar;C:\Users\hp\.m2\repository\jakarta\annotation\jakarta.annotation-api\2.1.1\jakarta.annotation-api-2.1.1.jar;C:\Users\hp\.m2\repository\org\slf4j\slf4j-api\2.0.13\slf4j-api-2.0.13.jar;C:\Users\hp\.m2\repository\org\springframework\spring-aspects\6.1.11\spring-aspects-6.1.11.jar;C:\Users\hp\.m2\repository\org\springframework\boot\spring-boot-starter-web\3.3.2\spring-boot-starter-web-3.3.2.jar;C:\Users\hp\.m2\repository\org\springframework\boot\spring-boot-starter\3.3.2\spring-boot-starter-3.3.2.jar;C:\Users\hp\.m2\repository\org\springframework\boot\spring-boot\3.3.2\spring-boot-3.3.2.jar;C:\Users\hp\.m2\repository\org\springframework\boot\spring-boot-autoconfigure\3.3.2\spring-boot-autoconfigure-3.3.2.jar;C:\Users\hp\.m2\repository\org\springframework\boot\spring-boot-starter-logging\3.3.2\spring-boot-starter-logging-3.3.2.jar;C:\Users\hp\.m2\repository\ch\qos\logback\logback-classic\1.5.6\logback-classic-1.5.6.jar;C:\Users\hp\.m2\repository\ch\qos\logback\logback-core\1.5.6\logback-core-1.5.6.jar;C:\Users\hp\.m2\repository\org\apache\logging\log4j\log4j-to-slf4j\2.23.1\log4j-to-slf4j-2.23.1.jar;C:\Users\hp\.m2\repository\org\apache\logging\log4j\log4j-api\2.23.1\log4j-api-2.23.1.jar;C:\Users\hp\.m2\repository\org\slf4j\jul-to-slf4j\2.0.13\jul-to-slf4j-2.0.13.jar;C:\Users\hp\.m2\repository\org\yaml\snakeyaml\2.2\snakeyaml-2.2.jar;C:\Users\hp\.m2\repository\org\springframework\boot\spring-boot-starter-json\3.3.2\spring-boot-starter-json-3.3.2.jar;C:\Users\hp\.m2\repository\com\fasterxml\jackson\core\jackson-databind\2.17.2\jackson-databind-2.17.2.jar;C:\Users\hp\.m2\repository\com\fasterxml\jackson\core\jackson-annotations\2.17.2\jackson-annotations-2.17.2.jar;C:\Users\hp\.m2\repository\com\fasterxml\jackson\core\jackson-core\2.17.2\jackson-core-2.17.2.jar;C:\Users\hp\.m2\repository\com\fasterxml\jackson\datatype\jackson-datatype-jdk8\2.17.2\jackson-datatype-jdk8-2.17.2.jar;C:\Users\hp\.m2\repository\com\fasterxml\jackson\datatype\jackson-datatype-jsr310\2.17.2\jackson-datatype-jsr310-2.17.2.jar;C:\Users\hp\.m2\repository\com\fasterxml\jackson\module\jackson-module-parameter-names\2.17.2\jackson-module-parameter-names-2.17.2.jar;C:\Users\hp\.m2\repository\org\springframework\boot\spring-boot-starter-tomcat\3.3.2\spring-boot-starter-tomcat-3.3.2.jar;C:\Users\hp\.m2\repository\org\apache\tomcat\embed\tomcat-embed-core\10.1.26\tomcat-embed-core-10.1.26.jar;C:\Users\hp\.m2\repository\org\apache\tomcat\embed\tomcat-embed-el\10.1.26\tomcat-embed-el-10.1.26.jar;C:\Users\hp\.m2\repository\org\apache\tomcat\embed\tomcat-embed-websocket\10.1.26\tomcat-embed-websocket-10.1.26.jar;C:\Users\hp\.m2\repository\org\springframework\spring-web\6.1.11\spring-web-6.1.11.jar;C:\Users\hp\.m2\repository\io\micrometer\micrometer-observation\1.13.2\micrometer-observation-1.13.2.jar;C:\Users\hp\.m2\repository\io\micrometer\micrometer-commons\1.13.2\micrometer-commons-1.13.2.jar;C:\Users\hp\.m2\repository\org\springframework\spring-webmvc\6.1.11\spring-webmvc-6.1.11.jar;C:\Users\hp\.m2\repository\org\springframework\spring-expression\6.1.11\spring-expression-6.1.11.jar;C:\Users\hp\.m2\repository\com\mysql\mysql-connector-j\8.3.0\mysql-connector-j-8.3.0.jar;C:\Users\hp\.m2\repository\jakarta\xml\bind\jakarta.xml.bind-api\4.0.2\jakarta.xml.bind-api-4.0.2.jar;C:\Users\hp\.m2\repository\jakarta\activation\jakarta.activation-api\2.1.3\jakarta.activation-api-2.1.3.jar;C:\Users\hp\.m2\repository\org\springframework\spring-core\6.1.11\spring-core-6.1.11.jar;C:\Users\hp\.m2\repository\org\springframework\spring-jcl\6.1.11\spring-jcl-6.1.11.jar
Launcher Type: SUN_STANDARD

[Global flags]
     intx CICompilerCount                          = 4                                         {product} {ergonomic}
     uint ConcGCThreads                            = 2                                         {product} {ergonomic}
     uint G1ConcRefinementThreads                  = 8                                         {product} {ergonomic}
   size_t G1HeapRegionSize                         = 2097152                                   {product} {ergonomic}
   size_t InitialHeapSize                          = 266338304                                 {product} {ergonomic}
   size_t MarkStackSize                            = 4194304                                   {product} {ergonomic}
   size_t MaxHeapSize                              = 4234149888                                {product} {ergonomic}
   size_t MaxNewSize                               = 2539651072                                {product} {ergonomic}
   size_t MinHeapDeltaBytes                        = 2097152                                   {product} {ergonomic}
   size_t MinHeapSize                              = 8388608                                   {product} {ergonomic}
    uintx NonNMethodCodeHeapSize                   = 5839372                                {pd product} {ergonomic}
    uintx NonProfiledCodeHeapSize                  = 122909434                              {pd product} {ergonomic}
    uintx ProfiledCodeHeapSize                     = 122909434                              {pd product} {ergonomic}
    uintx ReservedCodeCacheSize                    = 251658240                              {pd product} {ergonomic}
     bool SegmentedCodeCache                       = true                                      {product} {ergonomic}
   size_t SoftMaxHeapSize                          = 4234149888                             {manageable} {ergonomic}
     bool UseCompressedOops                        = true                           {product lp64_product} {ergonomic}
     bool UseG1GC                                  = true                                      {product} {ergonomic}
     bool UseLargePagesIndividualAllocation        = false                                  {pd product} {ergonomic}

Logging:
Log output configuration:
 #0: stdout all=warning uptime,level,tags foldmultilines=false
 #1: stderr all=off uptime,level,tags foldmultilines=false

Environment Variables:
PATH=C:\Program Files\Common Files\Oracle\Java\javapath;C:\Program Files (x86)\Common Files\Oracle\Java\java8path;C:\Program Files (x86)\Common Files\Oracle\Java\javapath;C:\WINDOWS\system32;C:\WINDOWS;C:\WINDOWS\System32\Wbem;C:\WINDOWS\System32\WindowsPowerShell\v1.0\;C:\WINDOWS\System32\OpenSSH\;C:\Program Files\nodejs\;C:\Program Files\MySQL\MySQL Server 8.0\bin;C:\ProgramData\ComposerSetup\bin;C:\xampp;C:\php-8.2.12;C:\Program Files\Git\cmd;;C:\Users\hp\AppData\Local\Programs\Microsoft VS Code\bin;C:\Program Files\JetBrains\IntelliJ IDEA Community Edition 2023.3.5\bin;
USERNAME=hp
OS=Windows_NT
PROCESSOR_IDENTIFIER=Intel64 Family 6 Model 140 Stepping 2, GenuineIntel
TMP=C:\Users\hp\AppData\Local\Temp
TEMP=C:\Users\hp\AppData\Local\Temp




Periodic native trim disabled

---------------  S Y S T E M  ---------------

OS:
 Windows 11 , 64 bit Build 22621 (10.0.22621.3958)
OS uptime: 0 days 23:36 hours

CPU: total 8 (initial active 8) (4 cores per cpu, 2 threads per core) family 6 model 140 stepping 2 microcode 0x34, cx8, cmov, fxsr, ht, mmx, 3dnowpref, sse, sse2, sse3, ssse3, sse4.1, sse4.2, popcnt, lzcnt, tsc, tscinvbit, avx, avx2, aes, erms, clmul, bmi1, bmi2, adx, avx512f, avx512dq, avx512cd, avx512bw, avx512vl, sha, fma, vzeroupper, avx512_vpopcntdq, avx512_vpclmulqdq, avx512_vaes, avx512_vnni, clflush, clflushopt, clwb, avx512_vbmi2, avx512_vbmi, rdtscp, rdpid, fsrm, gfni, avx512_bitalg, f16c, pku, cet_ibt, cet_ss, avx512_ifma
Processor Information for all 8 processors :
  Max Mhz: 2918, Current Mhz: 2918, Mhz Limit: 2918

Memory: 4k page, system-wide physical 16151M (3320M free)
TotalPageFile size 18199M (AvailPageFile size 70M)
current process WorkingSet (physical memory assigned to process): 259M, peak: 282M
current process commit charge ("private bytes"): 331M, peak: 426M

vm_info: OpenJDK 64-Bit Server VM (22.0.2+9-70) for windows-amd64 JRE (22.0.2+9-70), built on 2024-06-04T16:52:23Z by "mach5one" with MS VC++ 17.6 (VS2022)

END.
