#
# There is insufficient memory for the Java Runtime Environment to continue.
# Native memory allocation (malloc) failed to allocate 262160 bytes. Error detail: Chunk::new
# Possible reasons:
#   The system is out of physical RAM or swap space
#   This process is running with CompressedOops enabled, and the Java Heap may be blocking the growth of the native heap
# Possible solutions:
#   Reduce memory load on the system
#   Increase physical memory or swap space
#   Check if swap backing store is full
#   Decrease Java heap size (-Xmx/-Xms)
#   Decrease number of Java threads
#   Decrease Java thread stack sizes (-Xss)
#   Set larger code cache with -XX:ReservedCodeCacheSize=
#   JVM is running with Zero Based Compressed Oops mode in which the Java heap is
#     placed in the first 32GB address space. The Java Heap base address is the
#     maximum limit for the native heap growth. Please use -XX:HeapBaseMinAddress
#     to set the Java Heap base and to place the Java Heap above 32GB virtual address.
# This output file may be truncated or incomplete.
#
#  Out of Memory Error (arena.cpp:150), pid=24704, tid=12964
#
# JRE version: OpenJDK Runtime Environment (22.0.2+9) (build 22.0.2+9-70)
# Java VM: OpenJDK 64-Bit Server VM (22.0.2+9-70, mixed mode, sharing, tiered, compressed oops, compressed class ptrs, g1 gc, windows-amd64)
# No core dump will be written. Minidumps are not enabled by default on client versions of Windows
#

---------------  S U M M A R Y ------------

Command Line: --enable-preview -javaagent:C:\Program Files\JetBrains\IntelliJ IDEA Community Edition 2023.3.5\lib\idea_rt.jar=61256:C:\Program Files\JetBrains\IntelliJ IDEA Community Edition 2023.3.5\bin -Dfile.encoding=UTF-8 -Dsun.stdout.encoding=UTF-8 -Dsun.stderr.encoding=UTF-8 com.abcrestaurant.Backend.BackendApplication

Host: 11th Gen Intel(R) Core(TM) i7-1195G7 @ 2.90GHz, 8 cores, 15G,  Windows 11 , 64 bit Build 22621 (10.0.22621.3958)
Time: Sun Aug 18 13:34:00 2024 Sri Lanka Standard Time elapsed time: 10.216926 seconds (0d 0h 0m 10s)

---------------  T H R E A D  ---------------

Current thread (0x00000234d863b490):  JavaThread "C2 CompilerThread1" daemon [_thread_in_native, id=12964, stack(0x000000c833700000,0x000000c833800000) (1024K)]


Current CompileTask:
C2:10217 5792       4       org.springframework.core.ResolvableType::hasGenerics (14 bytes)

Stack: [0x000000c833700000,0x000000c833800000]
Native frames: (J=compiled Java code, j=interpreted, Vv=VM code, C=native code)
V  [jvm.dll+0x6e26e9]  (no source info available)
V  [jvm.dll+0x875753]  (no source info available)
V  [jvm.dll+0x877b7e]  (no source info available)
V  [jvm.dll+0x878253]  (no source info available)
V  [jvm.dll+0x27fc86]  (no source info available)
V  [jvm.dll+0xc3d0f]  (no source info available)
V  [jvm.dll+0xc40fb]  (no source info available)
V  [jvm.dll+0xc3bbb]  (no source info available)
V  [jvm.dll+0x6bf18c]  (no source info available)
V  [jvm.dll+0x66c971]  (no source info available)
V  [jvm.dll+0x67209d]  (no source info available)
V  [jvm.dll+0x673019]  (no source info available)
V  [jvm.dll+0x671355]  (no source info available)
V  [jvm.dll+0x247677]  (no source info available)
V  [jvm.dll+0x246e9f]  (no source info available)
V  [jvm.dll+0x1c4e80]  (no source info available)
V  [jvm.dll+0x2568f3]  (no source info available)
V  [jvm.dll+0x254baa]  (no source info available)
V  [jvm.dll+0x3f57a6]  (no source info available)
V  [jvm.dll+0x81dc0b]  (no source info available)
V  [jvm.dll+0x6e0d85]  (no source info available)
C  [ucrtbase.dll+0x29333]  (no source info available)
C  [KERNEL32.DLL+0x1257d]  (no source info available)
C  [ntdll.dll+0x5af28]  (no source info available)


---------------  P R O C E S S  ---------------

Threads class SMR info:
_java_thread_list=0x00000234d43dbaa0, length=30, elements={
0x00000234fa532830, 0x00000234fa5337f0, 0x00000234fa541cd0, 0x00000234fa542730,
0x00000234fa5434f0, 0x00000234fa5441f0, 0x00000234fa54ef80, 0x00000234fa54fcd0,
0x00000234d41dcf40, 0x00000234d41dd5d0, 0x00000234d41ddc60, 0x00000234d41dfd30,
0x00000234d41dc8b0, 0x00000234d6c24650, 0x00000234d6c26db0, 0x00000234d6c26720,
0x00000234d6c24ce0, 0x00000234d6c27440, 0x00000234d6c27ad0, 0x00000234d6c2a8c0,
0x00000234d6c28e80, 0x00000234d6c25370, 0x00000234d6c29510, 0x00000234d6c2a230,
0x00000234d6c2af50, 0x00000234d6c23fc0, 0x00000234d6c2b5e0, 0x00000234d6c25a00,
0x00000234d41de980, 0x00000234d863b490
}

Java Threads: ( => current thread )
  0x00000234fa532830 JavaThread "Reference Handler"          daemon [_thread_blocked, id=8156, stack(0x000000c832e00000,0x000000c832f00000) (1024K)]
  0x00000234fa5337f0 JavaThread "Finalizer"                  daemon [_thread_blocked, id=22820, stack(0x000000c832f00000,0x000000c833000000) (1024K)]
  0x00000234fa541cd0 JavaThread "Signal Dispatcher"          daemon [_thread_blocked, id=18748, stack(0x000000c833000000,0x000000c833100000) (1024K)]
  0x00000234fa542730 JavaThread "Attach Listener"            daemon [_thread_blocked, id=14012, stack(0x000000c833100000,0x000000c833200000) (1024K)]
  0x00000234fa5434f0 JavaThread "Service Thread"             daemon [_thread_blocked, id=776, stack(0x000000c833200000,0x000000c833300000) (1024K)]
  0x00000234fa5441f0 JavaThread "Monitor Deflation Thread"   daemon [_thread_blocked, id=20768, stack(0x000000c833300000,0x000000c833400000) (1024K)]
  0x00000234fa54ef80 JavaThread "C2 CompilerThread0"         daemon [_thread_blocked, id=15620, stack(0x000000c833400000,0x000000c833500000) (1024K)]
  0x00000234fa54fcd0 JavaThread "C1 CompilerThread0"         daemon [_thread_blocked, id=8904, stack(0x000000c833500000,0x000000c833600000) (1024K)]
  0x00000234d41dcf40 JavaThread "Common-Cleaner"             daemon [_thread_blocked, id=5228, stack(0x000000c833600000,0x000000c833700000) (1024K)]
  0x00000234d41dd5d0 JavaThread "Monitor Ctrl-Break"         daemon [_thread_in_native, id=19776, stack(0x000000c833800000,0x000000c833900000) (1024K)]
  0x00000234d41ddc60 JavaThread "Notification Thread"        daemon [_thread_blocked, id=24200, stack(0x000000c833900000,0x000000c833a00000) (1024K)]
  0x00000234d41dfd30 JavaThread "Catalina-utility-1"                [_thread_blocked, id=772, stack(0x000000c834300000,0x000000c834400000) (1024K)]
  0x00000234d41dc8b0 JavaThread "Catalina-utility-2"                [_thread_blocked, id=11724, stack(0x000000c834400000,0x000000c834500000) (1024K)]
  0x00000234d6c24650 JavaThread "container-0"                       [_thread_blocked, id=20576, stack(0x000000c834500000,0x000000c834600000) (1024K)]
  0x00000234d6c26db0 JavaThread "mysql-cj-abandoned-connection-cleanup" daemon [_thread_blocked, id=16708, stack(0x000000c834600000,0x000000c834700000) (1024K)]
  0x00000234d6c26720 JavaThread "HikariPool-1 housekeeper"   daemon [_thread_blocked, id=15556, stack(0x000000c834800000,0x000000c834900000) (1024K)]
  0x00000234d6c24ce0 JavaThread "http-nio-8080-exec-1"       daemon [_thread_in_native, id=13892, stack(0x000000c834a00000,0x000000c834b00000) (1024K)]
  0x00000234d6c27440 JavaThread "http-nio-8080-exec-2"       daemon [_thread_blocked, id=1784, stack(0x000000c834b00000,0x000000c834c00000) (1024K)]
  0x00000234d6c27ad0 JavaThread "http-nio-8080-exec-3"       daemon [_thread_blocked, id=13932, stack(0x000000c834c00000,0x000000c834d00000) (1024K)]
  0x00000234d6c2a8c0 JavaThread "http-nio-8080-exec-4"       daemon [_thread_blocked, id=8840, stack(0x000000c834d00000,0x000000c834e00000) (1024K)]
  0x00000234d6c28e80 JavaThread "http-nio-8080-exec-5"       daemon [_thread_blocked, id=19400, stack(0x000000c834e00000,0x000000c834f00000) (1024K)]
  0x00000234d6c25370 JavaThread "http-nio-8080-exec-6"       daemon [_thread_blocked, id=5444, stack(0x000000c834f00000,0x000000c835000000) (1024K)]
  0x00000234d6c29510 JavaThread "http-nio-8080-exec-7"       daemon [_thread_blocked, id=1660, stack(0x000000c835000000,0x000000c835100000) (1024K)]
  0x00000234d6c2a230 JavaThread "http-nio-8080-exec-8"       daemon [_thread_blocked, id=976, stack(0x000000c835100000,0x000000c835200000) (1024K)]
  0x00000234d6c2af50 JavaThread "http-nio-8080-exec-9"       daemon [_thread_blocked, id=12456, stack(0x000000c835200000,0x000000c835300000) (1024K)]
  0x00000234d6c23fc0 JavaThread "http-nio-8080-exec-10"      daemon [_thread_blocked, id=20180, stack(0x000000c835300000,0x000000c835400000) (1024K)]
  0x00000234d6c2b5e0 JavaThread "http-nio-8080-Poller"       daemon [_thread_in_native, id=14272, stack(0x000000c835400000,0x000000c835500000) (1024K)]
  0x00000234d6c25a00 JavaThread "http-nio-8080-Acceptor"     daemon [_thread_in_native, id=23028, stack(0x000000c835500000,0x000000c835600000) (1024K)]
  0x00000234d41de980 JavaThread "DestroyJavaVM"                     [_thread_blocked, id=18444, stack(0x000000c832600000,0x000000c832700000) (1024K)]
=>0x00000234d863b490 JavaThread "C2 CompilerThread1"         daemon [_thread_in_native, id=12964, stack(0x000000c833700000,0x000000c833800000) (1024K)]
Total: 30

Other Threads:
  0x00000234fa516ae0 VMThread "VM Thread"                           [id=5104, stack(0x000000c832d00000,0x000000c832e00000) (1024K)]
  0x00000234fa4fbc10 WatcherThread "VM Periodic Task Thread"        [id=11368, stack(0x000000c832c00000,0x000000c832d00000) (1024K)]
  0x00000234ea5cdab0 WorkerThread "GC Thread#0"                     [id=14744, stack(0x000000c832700000,0x000000c832800000) (1024K)]
  0x00000234fa5184b0 WorkerThread "GC Thread#1"                     [id=10036, stack(0x000000c833a00000,0x000000c833b00000) (1024K)]
  0x00000234fa516e90 WorkerThread "GC Thread#2"                     [id=5564, stack(0x000000c833b00000,0x000000c833c00000) (1024K)]
  0x00000234fa5175f0 WorkerThread "GC Thread#3"                     [id=6764, stack(0x000000c833c00000,0x000000c833d00000) (1024K)]
  0x00000234fa518100 WorkerThread "GC Thread#4"                     [id=4980, stack(0x000000c833d00000,0x000000c833e00000) (1024K)]
  0x00000234fa517240 WorkerThread "GC Thread#5"                     [id=18440, stack(0x000000c833e00000,0x000000c833f00000) (1024K)]
  0x00000234d5813510 WorkerThread "GC Thread#6"                     [id=4224, stack(0x000000c834100000,0x000000c834200000) (1024K)]
  0x00000234d5814b30 WorkerThread "GC Thread#7"                     [id=3660, stack(0x000000c834200000,0x000000c834300000) (1024K)]
  0x00000234ea5de8a0 ConcurrentGCThread "G1 Main Marker"            [id=15432, stack(0x000000c832800000,0x000000c832900000) (1024K)]
  0x00000234ea5e03c0 WorkerThread "G1 Conc#0"                       [id=22640, stack(0x000000c832900000,0x000000c832a00000) (1024K)]
  0x00000234d58122a0 WorkerThread "G1 Conc#1"                       [id=22300, stack(0x000000c833f00000,0x000000c834000000) (1024K)]
  0x00000234fa3cc5b0 ConcurrentGCThread "G1 Refine#0"               [id=20084, stack(0x000000c832a00000,0x000000c832b00000) (1024K)]
  0x00000234fa3cf040 ConcurrentGCThread "G1 Service"                [id=5680, stack(0x000000c832b00000,0x000000c832c00000) (1024K)]
Total: 15

Threads with active compile tasks:
C2 CompilerThread1  10296 5792       4       org.springframework.core.ResolvableType::hasGenerics (14 bytes)
Total: 1

VM state: not at safepoint (normal execution)

VM Mutex/Monitor currently owned by a thread: None

Heap address: 0x0000000703a00000, size: 4038 MB, Compressed Oops mode: Zero based, Oop shift amount: 3

CDS archive(s) mapped at: [0x000002348f000000-0x000002348fc60000-0x000002348fc60000), size 12976128, SharedBaseAddress: 0x000002348f000000, ArchiveRelocationMode: 1.
Compressed class space mapped at: 0x0000023490000000-0x00000234d0000000, reserved size: 1073741824
Narrow klass base: 0x000002348f000000, Narrow klass shift: 0, Narrow klass range: 0x41000000

GC Precious Log:
 CardTable entry size: 512
 Card Set container configuration: InlinePtr #cards 4 size 8 Array Of Cards #cards 16 size 48 Howl #buckets 8 coarsen threshold 3686 Howl Bitmap #cards 512 size 80 coarsen threshold 460 Card regions per heap region 1 cards per card region 4096
 CPUs: 8 total, 8 available
 Memory: 16151M
 Large Page Support: Disabled
 NUMA Support: Disabled
 Compressed Oops: Enabled (Zero based)
 Heap Region Size: 2M
 Heap Min Capacity: 8M
 Heap Initial Capacity: 254M
 Heap Max Capacity: 4038M
 Pre-touch: Disabled
 Parallel Workers: 8
 Concurrent Workers: 2
 Concurrent Refinement Workers: 8
 Periodic GC: Disabled

Heap:
 garbage-first heap   total reserved 4134912K, committed 81920K, used 32257K [0x0000000703a00000, 0x0000000800000000)
  region size 2048K, 6 young (12288K), 3 survivors (6144K)
 Metaspace       used 68672K, committed 69376K, reserved 1114112K
  class space    used 9379K, committed 9664K, reserved 1048576K

Heap Regions: E=young(eden), S=young(survivor), O=old, HS=humongous(starts), HC=humongous(continues), CS=collection set, F=free, TAMS=top-at-mark-start, PB=parsable bottom
|   0|0x0000000703a00000, 0x0000000703c00000, 0x0000000703c00000|100%| O|  |TAMS 0x0000000703a00000| PB 0x0000000703a00000| Untracked |  0
|   1|0x0000000703c00000, 0x0000000703e00000, 0x0000000703e00000|100%| O|  |TAMS 0x0000000703c00000| PB 0x0000000703c00000| Untracked |  0
|   2|0x0000000703e00000, 0x0000000704000000, 0x0000000704000000|100%| O|  |TAMS 0x0000000703e00000| PB 0x0000000703e00000| Untracked |  0
|   3|0x0000000704000000, 0x0000000704200000, 0x0000000704200000|100%| O|  |TAMS 0x0000000704000000| PB 0x0000000704000000| Untracked |  0
|   4|0x0000000704200000, 0x0000000704400000, 0x0000000704400000|100%| O|  |TAMS 0x0000000704200000| PB 0x0000000704200000| Untracked |  0
|   5|0x0000000704400000, 0x0000000704600000, 0x0000000704600000|100%| O|  |TAMS 0x0000000704400000| PB 0x0000000704400000| Untracked |  0
|   6|0x0000000704600000, 0x0000000704800000, 0x0000000704800000|100%| O|  |TAMS 0x0000000704600000| PB 0x0000000704600000| Untracked |  0
|   7|0x0000000704800000, 0x0000000704a00000, 0x0000000704a00000|100%| O|  |TAMS 0x0000000704800000| PB 0x0000000704800000| Untracked |  0
|   8|0x0000000704a00000, 0x0000000704ba7178, 0x0000000704c00000| 82%| O|  |TAMS 0x0000000704a00000| PB 0x0000000704a00000| Untracked |  0
|   9|0x0000000704c00000, 0x0000000704e00000, 0x0000000704e00000|100%| O|  |TAMS 0x0000000704c00000| PB 0x0000000704c00000| Untracked |  0
|  10|0x0000000704e00000, 0x0000000704fd9300, 0x0000000705000000| 92%| O|Cm|TAMS 0x0000000704e00000| PB 0x0000000704e00000| Complete |  0
|  11|0x0000000705000000, 0x0000000705000000, 0x0000000705200000|  0%| F|  |TAMS 0x0000000705000000| PB 0x0000000705000000| Untracked |  0
|  12|0x0000000705200000, 0x0000000705200000, 0x0000000705400000|  0%| F|  |TAMS 0x0000000705200000| PB 0x0000000705200000| Untracked |  0
|  13|0x0000000705400000, 0x0000000705600000, 0x0000000705600000|100%| S|CS|TAMS 0x0000000705400000| PB 0x0000000705400000| Complete |  0
|  14|0x0000000705600000, 0x0000000705800000, 0x0000000705800000|100%| S|CS|TAMS 0x0000000705600000| PB 0x0000000705600000| Complete |  0
|  15|0x0000000705800000, 0x0000000705a00000, 0x0000000705a00000|100%| S|CS|TAMS 0x0000000705800000| PB 0x0000000705800000| Complete |  0
|  16|0x0000000705a00000, 0x0000000705a00000, 0x0000000705c00000|  0%| F|  |TAMS 0x0000000705a00000| PB 0x0000000705a00000| Untracked |  0
|  17|0x0000000705c00000, 0x0000000705c00000, 0x0000000705e00000|  0%| F|  |TAMS 0x0000000705c00000| PB 0x0000000705c00000| Untracked |  0
|  18|0x0000000705e00000, 0x0000000705e00000, 0x0000000706000000|  0%| F|  |TAMS 0x0000000705e00000| PB 0x0000000705e00000| Untracked |  0
|  19|0x0000000706000000, 0x0000000706000000, 0x0000000706200000|  0%| F|  |TAMS 0x0000000706000000| PB 0x0000000706000000| Untracked |  0
|  20|0x0000000706200000, 0x0000000706200000, 0x0000000706400000|  0%| F|  |TAMS 0x0000000706200000| PB 0x0000000706200000| Untracked |  0
|  21|0x0000000706400000, 0x0000000706400000, 0x0000000706600000|  0%| F|  |TAMS 0x0000000706400000| PB 0x0000000706400000| Untracked |  0
|  22|0x0000000706600000, 0x0000000706600000, 0x0000000706800000|  0%| F|  |TAMS 0x0000000706600000| PB 0x0000000706600000| Untracked |  0
|  23|0x0000000706800000, 0x0000000706800000, 0x0000000706a00000|  0%| F|  |TAMS 0x0000000706800000| PB 0x0000000706800000| Untracked |  0
|  24|0x0000000706a00000, 0x0000000706a00000, 0x0000000706c00000|  0%| F|  |TAMS 0x0000000706a00000| PB 0x0000000706a00000| Untracked |  0
|  25|0x0000000706c00000, 0x0000000706c00000, 0x0000000706e00000|  0%| F|  |TAMS 0x0000000706c00000| PB 0x0000000706c00000| Untracked |  0
|  26|0x0000000706e00000, 0x0000000706e00000, 0x0000000707000000|  0%| F|  |TAMS 0x0000000706e00000| PB 0x0000000706e00000| Untracked |  0
|  27|0x0000000707000000, 0x0000000707000000, 0x0000000707200000|  0%| F|  |TAMS 0x0000000707000000| PB 0x0000000707000000| Untracked |  0
|  28|0x0000000707200000, 0x0000000707200000, 0x0000000707400000|  0%| F|  |TAMS 0x0000000707200000| PB 0x0000000707200000| Untracked |  0
|  29|0x0000000707400000, 0x0000000707400000, 0x0000000707600000|  0%| F|  |TAMS 0x0000000707400000| PB 0x0000000707400000| Untracked |  0
|  30|0x0000000707600000, 0x0000000707600000, 0x0000000707800000|  0%| F|  |TAMS 0x0000000707600000| PB 0x0000000707600000| Untracked |  0
|  31|0x0000000707800000, 0x0000000707800000, 0x0000000707a00000|  0%| F|  |TAMS 0x0000000707800000| PB 0x0000000707800000| Untracked |  0
|  32|0x0000000707a00000, 0x0000000707a00000, 0x0000000707c00000|  0%| F|  |TAMS 0x0000000707a00000| PB 0x0000000707a00000| Untracked |  0
|  33|0x0000000707c00000, 0x0000000707c00000, 0x0000000707e00000|  0%| F|  |TAMS 0x0000000707c00000| PB 0x0000000707c00000| Untracked |  0
|  34|0x0000000707e00000, 0x0000000707e00000, 0x0000000708000000|  0%| F|  |TAMS 0x0000000707e00000| PB 0x0000000707e00000| Untracked |  0
|  35|0x0000000708000000, 0x0000000708000000, 0x0000000708200000|  0%| F|  |TAMS 0x0000000708000000| PB 0x0000000708000000| Untracked |  0
|  36|0x0000000708200000, 0x0000000708200000, 0x0000000708400000|  0%| F|  |TAMS 0x0000000708200000| PB 0x0000000708200000| Untracked |  0
| 106|0x0000000710e00000, 0x0000000710e66b90, 0x0000000711000000| 20%| E|  |TAMS 0x0000000710e00000| PB 0x0000000710e00000| Complete |  0
| 109|0x0000000711400000, 0x0000000711600000, 0x0000000711600000|100%| E|CS|TAMS 0x0000000711400000| PB 0x0000000711400000| Complete |  0
| 126|0x0000000713600000, 0x0000000713800000, 0x0000000713800000|100%| E|CS|TAMS 0x0000000713600000| PB 0x0000000713600000| Complete |  0

Card table byte_map: [0x00000234f33d0000,0x00000234f3bc0000] _byte_map_base: 0x00000234efbb3000

Marking Bits: (CMBitMap*) 0x00000234ea5ce1c0
 Bits: [0x00000234f3bc0000, 0x00000234f7ad8000)

Polling page: 0x00000234e84e0000

Metaspace:

Usage:
  Non-class:     57.91 MB used.
      Class:      9.16 MB used.
       Both:     67.08 MB used.

Virtual space:
  Non-class space:       64.00 MB reserved,      58.31 MB ( 91%) committed,  1 nodes.
      Class space:        1.00 GB reserved,       9.44 MB ( <1%) committed,  1 nodes.
             Both:        1.06 GB reserved,      67.75 MB (  6%) committed. 

Chunk freelists:
   Non-Class:  5.52 MB
       Class:  6.52 MB
        Both:  12.03 MB

MaxMetaspaceSize: unlimited
CompressedClassSpaceSize: 1.00 GB
Initial GC threshold: 21.00 MB
Current GC threshold: 99.06 MB
CDS: on
 - commit_granule_bytes: 65536.
 - commit_granule_words: 8192.
 - virtual_space_node_default_size: 8388608.
 - enlarge_chunks_in_place: 1.
 - use_allocation_guard: 0.


Internal statistics:

num_allocs_failed_limit: 9.
num_arena_births: 914.
num_arena_deaths: 0.
num_vsnodes_births: 2.
num_vsnodes_deaths: 0.
num_space_committed: 1084.
num_space_uncommitted: 0.
num_chunks_returned_to_freelist: 9.
num_chunks_taken_from_freelist: 3238.
num_chunk_merges: 9.
num_chunk_splits: 2345.
num_chunks_enlarged: 1821.
num_inconsistent_stats: 0.

CodeHeap 'non-profiled nmethods': size=120000Kb used=3659Kb max_used=3659Kb free=116340Kb
 bounds [0x0000023487ad0000, 0x0000023487e70000, 0x000002348f000000]
CodeHeap 'profiled nmethods': size=120000Kb used=9963Kb max_used=9963Kb free=110036Kb
 bounds [0x0000023480000000, 0x00000234809c0000, 0x0000023487530000]
CodeHeap 'non-nmethods': size=5760Kb used=1938Kb max_used=1974Kb free=3821Kb
 bounds [0x0000023487530000, 0x00000234877a0000, 0x0000023487ad0000]
 total_blobs=5877 nmethods=5132 adapters=647
 compilation: enabled
              stopped_count=0, restarted_count=0
 full_count=0

Compilation events (20 events):
Event: 10.077 Thread 0x00000234fa54fcd0 nmethod 5810 0x00000234809af390 code [0x00000234809af540, 0x00000234809af678]
Event: 10.083 Thread 0x00000234fa54fcd0 5811       3       com.sun.crypto.provider.CounterMode::encrypt (12 bytes)
Event: 10.083 Thread 0x00000234fa54fcd0 nmethod 5811 0x00000234809af710 code [0x00000234809af8c0, 0x00000234809af9f8]
Event: 10.083 Thread 0x00000234fa54fcd0 5812       3       com.sun.crypto.provider.CounterMode::crypt (32 bytes)
Event: 10.083 Thread 0x00000234fa54fcd0 nmethod 5812 0x00000234809afa90 code [0x00000234809afc80, 0x00000234809b0140]
Event: 10.103 Thread 0x00000234fa54ef80 nmethod 5804 0x0000023487e5e310 code [0x0000023487e5e5e0, 0x0000023487e5fcc8]
Event: 10.133 Thread 0x00000234fa54ef80 5813       4       jdk.internal.org.objectweb.asm.MethodWriter::visitMaxs (60 bytes)
Event: 10.134 Thread 0x00000234fa54ef80 nmethod 5813 0x0000023487e60b10 code [0x0000023487e60ca0, 0x0000023487e60d98]
Event: 10.138 Thread 0x00000234fa54fcd0 5815   !   3       jdk.internal.loader.Resource::getBytes (244 bytes)
Event: 10.140 Thread 0x00000234fa54fcd0 nmethod 5815 0x00000234809b0390 code [0x00000234809b06c0, 0x00000234809b1da0]
Event: 10.150 Thread 0x00000234fa54ef80 5816       4       java.util.concurrent.locks.ReentrantLock$NonfairSync::initialTryLock (58 bytes)
Event: 10.150 Thread 0x00000234fa54fcd0 5817       3       java.util.concurrent.locks.ReentrantLock$NonfairSync::tryAcquire (27 bytes)
Event: 10.150 Thread 0x00000234fa54fcd0 nmethod 5817 0x00000234809b2690 code [0x00000234809b2840, 0x00000234809b2ac8]
Event: 10.152 Thread 0x00000234fa54ef80 nmethod 5816 0x0000023487e61190 code [0x0000023487e61320, 0x0000023487e615a8]
Event: 10.152 Thread 0x00000234fa54ef80 5818       4       jdk.internal.misc.InnocuousThread::eraseThreadLocals (23 bytes)
Event: 10.153 Thread 0x00000234fa54ef80 nmethod 5818 0x0000023487e61690 code [0x0000023487e61800, 0x0000023487e61938]
Event: 10.161 Thread 0x00000234fa54fcd0 5819       1       org.hibernate.internal.SessionFactoryImpl::getSessionFactoryOptions (5 bytes)
Event: 10.161 Thread 0x00000234fa54fcd0 nmethod 5819 0x0000023487e61990 code [0x0000023487e61b20, 0x0000023487e61bf0]
Event: 10.208 Thread 0x00000234fa54ef80 5820       4       com.mysql.cj.util.StringInspector::getChar (25 bytes)
Event: 10.209 Thread 0x00000234fa54ef80 nmethod 5820 0x0000023487e61c90 code [0x0000023487e61e20, 0x0000023487e61f98]

GC Heap History (20 events):
Event: 0.767 GC heap before
{Heap before GC invocations=1 (full 0):
 garbage-first heap   total reserved 4134912K, committed 260096K, used 37183K [0x0000000703a00000, 0x0000000800000000)
  region size 2048K, 18 young (36864K), 2 survivors (4096K)
 Metaspace       used 16457K, committed 16768K, reserved 1114112K
  class space    used 2006K, committed 2176K, reserved 1048576K
}
Event: 0.771 GC heap after
{Heap after GC invocations=2 (full 0):
 garbage-first heap   total reserved 4134912K, committed 260096K, used 9433K [0x0000000703a00000, 0x0000000800000000)
  region size 2048K, 2 young (4096K), 2 survivors (4096K)
 Metaspace       used 16457K, committed 16768K, reserved 1114112K
  class space    used 2006K, committed 2176K, reserved 1048576K
}
Event: 1.162 GC heap before
{Heap before GC invocations=2 (full 0):
 garbage-first heap   total reserved 4134912K, committed 260096K, used 38105K [0x0000000703a00000, 0x0000000800000000)
  region size 2048K, 18 young (36864K), 2 survivors (4096K)
 Metaspace       used 21249K, committed 21504K, reserved 1114112K
  class space    used 2576K, committed 2688K, reserved 1048576K
}
Event: 1.165 GC heap after
{Heap after GC invocations=3 (full 0):
 garbage-first heap   total reserved 4134912K, committed 260096K, used 12939K [0x0000000703a00000, 0x0000000800000000)
  region size 2048K, 4 young (8192K), 4 survivors (8192K)
 Metaspace       used 21249K, committed 21504K, reserved 1114112K
  class space    used 2576K, committed 2688K, reserved 1048576K
}
Event: 1.522 GC heap before
{Heap before GC invocations=4 (full 0):
 garbage-first heap   total reserved 4134912K, committed 55296K, used 37515K [0x0000000703a00000, 0x0000000800000000)
  region size 2048K, 16 young (32768K), 4 survivors (8192K)
 Metaspace       used 25248K, committed 25664K, reserved 1114112K
  class space    used 3175K, committed 3392K, reserved 1048576K
}
Event: 1.526 GC heap after
{Heap after GC invocations=5 (full 0):
 garbage-first heap   total reserved 4134912K, committed 55296K, used 14974K [0x0000000703a00000, 0x0000000800000000)
  region size 2048K, 2 young (4096K), 2 survivors (4096K)
 Metaspace       used 25248K, committed 25664K, reserved 1114112K
  class space    used 3175K, committed 3392K, reserved 1048576K
}
Event: 1.837 GC heap before
{Heap before GC invocations=5 (full 0):
 garbage-first heap   total reserved 4134912K, committed 55296K, used 37502K [0x0000000703a00000, 0x0000000800000000)
  region size 2048K, 14 young (28672K), 2 survivors (4096K)
 Metaspace       used 29944K, committed 30464K, reserved 1114112K
  class space    used 3810K, committed 4032K, reserved 1048576K
}
Event: 1.840 GC heap after
{Heap after GC invocations=6 (full 0):
 garbage-first heap   total reserved 4134912K, committed 55296K, used 17220K [0x0000000703a00000, 0x0000000800000000)
  region size 2048K, 2 young (4096K), 2 survivors (4096K)
 Metaspace       used 29944K, committed 30464K, reserved 1114112K
  class space    used 3810K, committed 4032K, reserved 1048576K
}
Event: 2.129 GC heap before
{Heap before GC invocations=6 (full 0):
 garbage-first heap   total reserved 4134912K, committed 55296K, used 35652K [0x0000000703a00000, 0x0000000800000000)
  region size 2048K, 12 young (24576K), 2 survivors (4096K)
 Metaspace       used 35572K, committed 36096K, reserved 1114112K
  class space    used 4690K, committed 4928K, reserved 1048576K
}
Event: 2.131 GC heap after
{Heap after GC invocations=7 (full 0):
 garbage-first heap   total reserved 4134912K, committed 55296K, used 18324K [0x0000000703a00000, 0x0000000800000000)
  region size 2048K, 1 young (2048K), 1 survivors (2048K)
 Metaspace       used 35572K, committed 36096K, reserved 1114112K
  class space    used 4690K, committed 4928K, reserved 1048576K
}
Event: 2.586 GC heap before
{Heap before GC invocations=8 (full 0):
 garbage-first heap   total reserved 4134912K, committed 55296K, used 40852K [0x0000000703a00000, 0x0000000800000000)
  region size 2048K, 13 young (26624K), 1 survivors (2048K)
 Metaspace       used 46107K, committed 46720K, reserved 1114112K
  class space    used 6067K, committed 6336K, reserved 1048576K
}
Event: 2.588 GC heap after
{Heap after GC invocations=9 (full 0):
 garbage-first heap   total reserved 4134912K, committed 55296K, used 20699K [0x0000000703a00000, 0x0000000800000000)
  region size 2048K, 2 young (4096K), 2 survivors (4096K)
 Metaspace       used 46107K, committed 46720K, reserved 1114112K
  class space    used 6067K, committed 6336K, reserved 1048576K
}
Event: 2.897 GC heap before
{Heap before GC invocations=9 (full 0):
 garbage-first heap   total reserved 4134912K, committed 55296K, used 43227K [0x0000000703a00000, 0x0000000800000000)
  region size 2048K, 14 young (28672K), 2 survivors (4096K)
 Metaspace       used 53385K, committed 54016K, reserved 1114112K
  class space    used 7100K, committed 7360K, reserved 1048576K
}
Event: 2.901 GC heap after
{Heap after GC invocations=10 (full 0):
 garbage-first heap   total reserved 4134912K, committed 55296K, used 22372K [0x0000000703a00000, 0x0000000800000000)
  region size 2048K, 1 young (2048K), 1 survivors (2048K)
 Metaspace       used 53385K, committed 54016K, reserved 1114112K
  class space    used 7100K, committed 7360K, reserved 1048576K
}
Event: 3.245 GC heap before
{Heap before GC invocations=10 (full 0):
 garbage-first heap   total reserved 4134912K, committed 55296K, used 46948K [0x0000000703a00000, 0x0000000800000000)
  region size 2048K, 13 young (26624K), 1 survivors (2048K)
 Metaspace       used 59132K, committed 59712K, reserved 1114112K
  class space    used 7987K, committed 8256K, reserved 1048576K
}
Event: 3.247 GC heap after
{Heap after GC invocations=11 (full 0):
 garbage-first heap   total reserved 4134912K, committed 157696K, used 24024K [0x0000000703a00000, 0x0000000800000000)
  region size 2048K, 2 young (4096K), 2 survivors (4096K)
 Metaspace       used 59132K, committed 59712K, reserved 1114112K
  class space    used 7987K, committed 8256K, reserved 1048576K
}
Event: 3.282 GC heap before
{Heap before GC invocations=11 (full 0):
 garbage-first heap   total reserved 4134912K, committed 157696K, used 26072K [0x0000000703a00000, 0x0000000800000000)
  region size 2048K, 4 young (8192K), 2 survivors (4096K)
 Metaspace       used 60059K, committed 60608K, reserved 1114112K
  class space    used 8073K, committed 8320K, reserved 1048576K
}
Event: 3.285 GC heap after
{Heap after GC invocations=12 (full 0):
 garbage-first heap   total reserved 4134912K, committed 157696K, used 24037K [0x0000000703a00000, 0x0000000800000000)
  region size 2048K, 2 young (4096K), 2 survivors (4096K)
 Metaspace       used 60059K, committed 60608K, reserved 1114112K
  class space    used 8073K, committed 8320K, reserved 1048576K
}
Event: 10.145 GC heap before
{Heap before GC invocations=13 (full 0):
 garbage-first heap   total reserved 4134912K, committed 81920K, used 67045K [0x0000000703a00000, 0x0000000800000000)
  region size 2048K, 24 young (49152K), 2 survivors (4096K)
 Metaspace       used 67092K, committed 67776K, reserved 1114112K
  class space    used 9185K, committed 9472K, reserved 1048576K
}
Event: 10.150 GC heap after
{Heap after GC invocations=14 (full 0):
 garbage-first heap   total reserved 4134912K, committed 81920K, used 28161K [0x0000000703a00000, 0x0000000800000000)
  region size 2048K, 3 young (6144K), 3 survivors (6144K)
 Metaspace       used 67092K, committed 67776K, reserved 1114112K
  class space    used 9185K, committed 9472K, reserved 1048576K
}

Dll operation events (15 events):
Event: 0.008 Loaded shared library C:\Users\hp\.jdks\openjdk-22.0.2\bin\java.dll
Event: 0.032 Loaded shared library C:\Users\hp\.jdks\openjdk-22.0.2\bin\jsvml.dll
Event: 0.076 Loaded shared library C:\Users\hp\.jdks\openjdk-22.0.2\bin\zip.dll
Event: 0.078 Loaded shared library C:\Users\hp\.jdks\openjdk-22.0.2\bin\instrument.dll
Event: 0.081 Loaded shared library C:\Users\hp\.jdks\openjdk-22.0.2\bin\net.dll
Event: 0.081 Loaded shared library C:\Users\hp\.jdks\openjdk-22.0.2\bin\nio.dll
Event: 0.083 Loaded shared library C:\Users\hp\.jdks\openjdk-22.0.2\bin\zip.dll
Event: 0.124 Loaded shared library C:\Program Files\JetBrains\IntelliJ IDEA Community Edition 2023.3.5\bin\breakgen64.dll
Event: 0.129 Loaded shared library C:\Users\hp\.jdks\openjdk-22.0.2\bin\extnet.dll
Event: 0.148 Loaded shared library C:\Users\hp\.jdks\openjdk-22.0.2\bin\jimage.dll
Event: 0.559 Loaded shared library C:\Users\hp\.jdks\openjdk-22.0.2\bin\le.dll
Event: 0.852 Loaded shared library C:\Users\hp\.jdks\openjdk-22.0.2\bin\sunmscapi.dll
Event: 1.744 Loaded shared library C:\Users\hp\.jdks\openjdk-22.0.2\bin\management.dll
Event: 1.745 Loaded shared library C:\Users\hp\.jdks\openjdk-22.0.2\bin\management_ext.dll
Event: 2.055 Loaded shared library C:\Users\hp\.jdks\openjdk-22.0.2\bin\verify.dll

Deoptimization events (20 events):
Event: 3.732 Thread 0x00000234ea566540 Uncommon trap: trap_request=0xffffff45 fr.pc=0x0000023487afe6ac relative=0x000000000000010c
Event: 3.732 Thread 0x00000234ea566540 Uncommon trap: reason=unstable_if action=reinterpret pc=0x0000023487afe6ac method=java.util.ArrayList.indexOfRange(Ljava/lang/Object;II)I @ 7 c2
Event: 3.732 Thread 0x00000234ea566540 DEOPT PACKING pc=0x0000023487afe6ac sp=0x000000c8326febf0
Event: 3.732 Thread 0x00000234ea566540 DEOPT UNPACKING pc=0x0000023487587da2 sp=0x000000c8326feb70 mode 2
Event: 10.073 Thread 0x00000234d6c24ce0 Uncommon trap: trap_request=0xffffff45 fr.pc=0x0000023487c3118c relative=0x000000000000022c
Event: 10.073 Thread 0x00000234d6c24ce0 Uncommon trap: reason=unstable_if action=reinterpret pc=0x0000023487c3118c method=java.util.HashMap.getNode(Ljava/lang/Object;)Ljava/util/HashMap$Node; @ 66 c2
Event: 10.073 Thread 0x00000234d6c24ce0 DEOPT PACKING pc=0x0000023487c3118c sp=0x000000c834afd0f0
Event: 10.073 Thread 0x00000234d6c24ce0 DEOPT UNPACKING pc=0x0000023487587da2 sp=0x000000c834afcff8 mode 2
Event: 10.076 Thread 0x00000234d6c24ce0 Uncommon trap: trap_request=0xffffffde fr.pc=0x0000023487b92380 relative=0x00000000000014a0
Event: 10.076 Thread 0x00000234d6c24ce0 Uncommon trap: reason=class_check action=maybe_recompile pc=0x0000023487b92380 method=org.springframework.core.annotation.AnnotatedElementUtils.getAnnotationAttributes(Lorg/springframework/core/annotation/MergedAnnotation;ZZ)Lorg/springframework/core/anno
Event: 10.076 Thread 0x00000234d6c24ce0 DEOPT PACKING pc=0x0000023487b92380 sp=0x000000c834afcc70
Event: 10.076 Thread 0x00000234d6c24ce0 DEOPT UNPACKING pc=0x0000023487587da2 sp=0x000000c834afcae8 mode 2
Event: 10.089 Thread 0x00000234d6c24ce0 Uncommon trap: trap_request=0xffffff45 fr.pc=0x0000023487d7bb30 relative=0x0000000000003230
Event: 10.089 Thread 0x00000234d6c24ce0 Uncommon trap: reason=unstable_if action=reinterpret pc=0x0000023487d7bb30 method=java.util.zip.InflaterInputStream.read([BII)I @ 74 c2
Event: 10.089 Thread 0x00000234d6c24ce0 DEOPT PACKING pc=0x0000023487d7bb30 sp=0x000000c834af9760
Event: 10.089 Thread 0x00000234d6c24ce0 DEOPT UNPACKING pc=0x0000023487587da2 sp=0x000000c834af9700 mode 2
Event: 10.162 Thread 0x00000234d6c24ce0 Uncommon trap: trap_request=0xfffffff4 fr.pc=0x0000023487b82134 relative=0x0000000000000194
Event: 10.162 Thread 0x00000234d6c24ce0 Uncommon trap: reason=null_check action=make_not_entrant pc=0x0000023487b82134 method=java.lang.reflect.Array.newInstance(Ljava/lang/Class;I)Ljava/lang/Object; @ 2 c2
Event: 10.162 Thread 0x00000234d6c24ce0 DEOPT PACKING pc=0x0000023487b82134 sp=0x000000c834afba80
Event: 10.162 Thread 0x00000234d6c24ce0 DEOPT UNPACKING pc=0x0000023487587da2 sp=0x000000c834afba18 mode 2

Classes loaded (20 events):
Event: 9.971 Loading class sun/nio/ch/SelectionKeyImpl
Event: 9.971 Loading class java/nio/channels/spi/AbstractSelectionKey
Event: 9.971 Loading class java/nio/channels/SelectionKey
Event: 9.971 Loading class java/nio/channels/SelectionKey done
Event: 9.971 Loading class java/nio/channels/spi/AbstractSelectionKey done
Event: 9.971 Loading class sun/nio/ch/SelectionKeyImpl done
Event: 9.971 Loading class java/lang/invoke/ConstantBootstraps
Event: 9.971 Loading class java/lang/invoke/ConstantBootstraps done
Event: 9.999 Loading class sun/nio/cs/ThreadLocalCoders
Event: 9.999 Loading class sun/nio/cs/ThreadLocalCoders done
Event: 9.999 Loading class sun/nio/cs/ThreadLocalCoders$1
Event: 9.999 Loading class sun/nio/cs/ThreadLocalCoders$Cache
Event: 9.999 Loading class sun/nio/cs/ThreadLocalCoders$Cache done
Event: 9.999 Loading class sun/nio/cs/ThreadLocalCoders$1 done
Event: 9.999 Loading class sun/nio/cs/ThreadLocalCoders$2
Event: 9.999 Loading class sun/nio/cs/ThreadLocalCoders$2 done
Event: 10.059 Loading class java/time/format/DateTimeFormatterBuilder$ZoneTextPrinterParser
Event: 10.060 Loading class java/time/format/DateTimeFormatterBuilder$ZoneTextPrinterParser done
Event: 10.060 Loading class java/time/format/DateTimeFormatterBuilder$ReducedPrinterParser
Event: 10.060 Loading class java/time/format/DateTimeFormatterBuilder$ReducedPrinterParser done

Classes unloaded (0 events):
No events

Classes redefined (0 events):
No events

Internal exceptions (20 events):
Event: 3.109 Thread 0x00000234ea566540 Exception <a 'java/lang/NoSuchMethodError'{0x00000007060d9aa0}: 'void java.lang.invoke.DirectMethodHandle$Holder.invokeInterface(java.lang.Object, java.lang.Object)'> (0x00000007060d9aa0) 
thrown [s\open\src\hotspot\share\interpreter\linkResolver.cpp, line 774]
Event: 3.167 Thread 0x00000234ea566540 Exception <a 'java/lang/NoSuchMethodError'{0x0000000705c237a8}: 'void java.lang.invoke.Invokers$Holder.invokeExact_MT(java.lang.Object, java.lang.Object, java.lang.Object, java.lang.Object)'> (0x0000000705c237a8) 
thrown [s\open\src\hotspot\share\interpreter\linkResolver.cpp, line 774]
Event: 3.183 Thread 0x00000234ea566540 Implicit null exception at 0x0000023487aebbf3 to 0x0000023487aebe64
Event: 3.213 Thread 0x00000234ea566540 Exception <a 'java/lang/IncompatibleClassChangeError'{0x0000000705bc1f98}: Found class java.lang.Object, but interface was expected> (0x0000000705bc1f98) 
thrown [s\open\src\hotspot\share\interpreter\linkResolver.cpp, line 841]
Event: 3.219 Thread 0x00000234ea566540 Exception <a 'java/lang/IncompatibleClassChangeError'{0x000000070583a918}: Found class java.lang.Object, but interface was expected> (0x000000070583a918) 
thrown [s\open\src\hotspot\share\interpreter\linkResolver.cpp, line 841]
Event: 3.239 Thread 0x00000234ea566540 Exception <a 'java/lang/IncompatibleClassChangeError'{0x00000007059932e8}: Found class java.lang.Object, but interface was expected> (0x00000007059932e8) 
thrown [s\open\src\hotspot\share\interpreter\linkResolver.cpp, line 841]
Event: 3.331 Thread 0x00000234ea566540 Exception <a 'java/lang/IncompatibleClassChangeError'{0x0000000708298078}: Found class java.lang.Object, but interface was expected> (0x0000000708298078) 
thrown [s\open\src\hotspot\share\interpreter\linkResolver.cpp, line 841]
Event: 3.396 Thread 0x00000234ea566540 Exception <a 'java/lang/IncompatibleClassChangeError'{0x0000000707edefa8}: Found class java.lang.Object, but interface was expected> (0x0000000707edefa8) 
thrown [s\open\src\hotspot\share\interpreter\linkResolver.cpp, line 841]
Event: 3.456 Thread 0x00000234ea566540 Exception <a 'java/lang/NoSuchMethodError'{0x0000000707a83de8}: 'java.lang.Object java.lang.invoke.DirectMethodHandle$Holder.newInvokeSpecial(java.lang.Object, java.lang.Object, java.lang.Object, java.lang.Object, java.lang.Object, java.lang.Object, java.lang.Object, java.lang.Object)'> (0x0000000707a83de8) 
thrown [s\open\src\hotspot\share\interpreter\linkResolver.cpp, line 774]
Event: 3.581 Thread 0x00000234ea566540 Exception <a 'java/lang/IncompatibleClassChangeError'{0x00000007070c5168}: Found class java.lang.Object, but interface was expected> (0x00000007070c5168) 
thrown [s\open\src\hotspot\share\interpreter\linkResolver.cpp, line 841]
Event: 3.606 Thread 0x00000234ea566540 Exception <a 'java/lang/NoSuchMethodError'{0x0000000706e593b0}: 'void java.lang.invoke.DirectMethodHandle$Holder.invokeVirtual(java.lang.Object, java.lang.Object, long)'> (0x0000000706e593b0) 
thrown [s\open\src\hotspot\share\interpreter\linkResolver.cpp, line 774]
Event: 3.647 Thread 0x00000234ea566540 Exception <a 'java/lang/NoSuchMethodError'{0x0000000706d66c40}: 'int java.lang.invoke.DirectMethodHandle$Holder.invokeStaticInit(java.lang.Object, java.lang.Object, java.lang.Object, java.lang.Object)'> (0x0000000706d66c40) 
thrown [s\open\src\hotspot\share\interpreter\linkResolver.cpp, line 774]
Event: 3.664 Thread 0x00000234ea566540 Exception <a 'java/lang/IncompatibleClassChangeError'{0x0000000706a33428}: Found class java.lang.Object, but interface was expected> (0x0000000706a33428) 
thrown [s\open\src\hotspot\share\interpreter\linkResolver.cpp, line 841]
Event: 3.671 Thread 0x00000234ea566540 Implicit null exception at 0x0000023487c2aee8 to 0x0000023487c2b120
Event: 3.714 Thread 0x00000234ea566540 Exception <a 'java/lang/NoSuchMethodError'{0x000000070663b900}: 'java.lang.Object java.lang.invoke.DirectMethodHandle$Holder.newInvokeSpecial(java.lang.Object, java.lang.Object, int, java.lang.Object, java.lang.Object)'> (0x000000070663b900) 
thrown [s\open\src\hotspot\share\interpreter\linkResolver.cpp, line 774]
Event: 9.996 Thread 0x00000234d6c24ce0 Exception <a 'java/lang/NoSuchMethodError'{0x00000007060a9a28}: 'java.lang.Object java.lang.invoke.DirectMethodHandle$Holder.invokeSpecial(java.lang.Object, java.lang.Object, java.lang.Object, java.lang.Object, java.lang.Object, long)'> (0x00000007060a9a28) 
thrown [s\open\src\hotspot\share\interpreter\linkResolver.cpp, line 774]
Event: 9.996 Thread 0x00000234d6c24ce0 Exception <a 'java/lang/NoSuchMethodError'{0x00000007060ad1e8}: 'java.lang.Object java.lang.invoke.Invokers$Holder.linkToTargetMethod(java.lang.Object, java.lang.Object, java.lang.Object, long, java.lang.Object)'> (0x00000007060ad1e8) 
thrown [s\open\src\hotspot\share\interpreter\linkResolver.cpp, line 774]
Event: 10.134 Thread 0x00000234d6c24ce0 Exception <a 'java/lang/NoSuchMethodError'{0x0000000705ab0fc8}: 'java.lang.Object java.lang.invoke.DirectMethodHandle$Holder.invokeInterface(java.lang.Object, java.lang.Object, java.lang.Object, java.lang.Object)'> (0x0000000705ab0fc8) 
thrown [s\open\src\hotspot\share\interpreter\linkResolver.cpp, line 774]
Event: 10.143 Thread 0x00000234d6c24ce0 Exception <a 'java/lang/IncompatibleClassChangeError'{0x0000000705b287d8}: Found class java.lang.Object, but interface was expected> (0x0000000705b287d8) 
thrown [s\open\src\hotspot\share\interpreter\linkResolver.cpp, line 841]
Event: 10.162 Thread 0x00000234d6c24ce0 Implicit null exception at 0x0000023487b81fc1 to 0x0000023487b82120

ZGC Phase Switch (0 events):
No events

VM Operations (20 events):
Event: 3.339 Executing VM operation: HandshakeAllThreads (Deoptimize)
Event: 3.339 Executing VM operation: HandshakeAllThreads (Deoptimize) done
Event: 3.340 Executing VM operation: HandshakeAllThreads (Deoptimize)
Event: 3.340 Executing VM operation: HandshakeAllThreads (Deoptimize) done
Event: 3.497 Executing VM operation: HandshakeAllThreads (Deoptimize)
Event: 3.497 Executing VM operation: HandshakeAllThreads (Deoptimize) done
Event: 3.512 Executing VM operation: HandshakeAllThreads (Deoptimize)
Event: 3.512 Executing VM operation: HandshakeAllThreads (Deoptimize) done
Event: 3.559 Executing VM operation: ICBufferFull
Event: 3.560 Executing VM operation: ICBufferFull done
Event: 3.619 Executing VM operation: HandshakeAllThreads (Deoptimize)
Event: 3.619 Executing VM operation: HandshakeAllThreads (Deoptimize) done
Event: 4.621 Executing VM operation: Cleanup
Event: 4.621 Executing VM operation: Cleanup done
Event: 10.010 Executing VM operation: HandshakeAllThreads (Deoptimize)
Event: 10.010 Executing VM operation: HandshakeAllThreads (Deoptimize) done
Event: 10.010 Executing VM operation: Cleanup
Event: 10.010 Executing VM operation: Cleanup done
Event: 10.145 Executing VM operation: G1CollectForAllocation (G1 Evacuation Pause)
Event: 10.150 Executing VM operation: G1CollectForAllocation (G1 Evacuation Pause) done

Memory protections (0 events):
No events

Nmethod flushes (20 events):
Event: 3.301 Thread 0x00000234fa516ae0 flushing  nmethod 0x0000023480206f10
Event: 3.301 Thread 0x00000234fa516ae0 flushing  nmethod 0x0000023480232e90
Event: 3.301 Thread 0x00000234fa516ae0 flushing  nmethod 0x0000023480233890
Event: 3.301 Thread 0x00000234fa516ae0 flushing  nmethod 0x000002348027d890
Event: 3.301 Thread 0x00000234fa516ae0 flushing  nmethod 0x000002348027e710
Event: 3.301 Thread 0x00000234fa516ae0 flushing  nmethod 0x0000023480394e90
Event: 3.301 Thread 0x00000234fa516ae0 flushing  nmethod 0x0000023480395510
Event: 3.301 Thread 0x00000234fa516ae0 flushing  nmethod 0x000002348040e510
Event: 3.301 Thread 0x00000234fa516ae0 flushing  nmethod 0x0000023480410490
Event: 3.301 Thread 0x00000234fa516ae0 flushing  nmethod 0x0000023480411f10
Event: 3.301 Thread 0x00000234fa516ae0 flushing  nmethod 0x0000023480412f10
Event: 3.301 Thread 0x00000234fa516ae0 flushing  nmethod 0x00000234804d5610
Event: 3.301 Thread 0x00000234fa516ae0 flushing  nmethod 0x000002348055f990
Event: 3.301 Thread 0x00000234fa516ae0 flushing  nmethod 0x00000234805aec10
Event: 3.301 Thread 0x00000234fa516ae0 flushing  nmethod 0x00000234805b3890
Event: 3.301 Thread 0x00000234fa516ae0 flushing  nmethod 0x00000234806bfb10
Event: 3.301 Thread 0x00000234fa516ae0 flushing  nmethod 0x00000234806c0f10
Event: 3.301 Thread 0x00000234fa516ae0 flushing  nmethod 0x000002348077b890
Event: 3.301 Thread 0x00000234fa516ae0 flushing  nmethod 0x000002348077c090
Event: 3.301 Thread 0x00000234fa516ae0 flushing  nmethod 0x0000023480780710

Events (20 events):
Event: 2.480 Thread 0x00000234ea566540 Thread added: 0x00000234d6c26720
Event: 2.592 Thread 0x00000234d6c26720 Thread added: 0x00000234d6c29ba0
Event: 3.720 Thread 0x00000234ea566540 Thread added: 0x00000234d6c24ce0
Event: 3.720 Thread 0x00000234ea566540 Thread added: 0x00000234d6c27440
Event: 3.720 Thread 0x00000234ea566540 Thread added: 0x00000234d6c27ad0
Event: 3.720 Thread 0x00000234ea566540 Thread added: 0x00000234d6c2a8c0
Event: 3.720 Thread 0x00000234ea566540 Thread added: 0x00000234d6c28e80
Event: 3.720 Thread 0x00000234ea566540 Thread added: 0x00000234d6c25370
Event: 3.720 Thread 0x00000234ea566540 Thread added: 0x00000234d6c29510
Event: 3.720 Thread 0x00000234ea566540 Thread added: 0x00000234d6c2a230
Event: 3.720 Thread 0x00000234ea566540 Thread added: 0x00000234d6c2af50
Event: 3.720 Thread 0x00000234ea566540 Thread added: 0x00000234d6c23fc0
Event: 3.728 Thread 0x00000234ea566540 Thread added: 0x00000234d6c2b5e0
Event: 3.729 Thread 0x00000234ea566540 Thread added: 0x00000234d6c25a00
Event: 3.741 Thread 0x00000234ea566540 Thread exited: 0x00000234ea566540
Event: 3.741 Thread 0x00000234d41de980 Thread added: 0x00000234d41de980
Event: 8.034 Thread 0x00000234d6c29ba0 Thread exited: 0x00000234d6c29ba0
Event: 9.078 Thread 0x00000234d54f1ec0 Thread exited: 0x00000234d54f1ec0
Event: 9.981 Thread 0x00000234d4290ce0 Thread exited: 0x00000234d4290ce0
Event: 10.032 Thread 0x00000234fa54fcd0 Thread added: 0x00000234d863b490


Dynamic libraries:
0x00007ff6bd6c0000 - 0x00007ff6bd6ce000 	C:\Users\hp\.jdks\openjdk-22.0.2\bin\java.exe
0x00007ff973a10000 - 0x00007ff973c27000 	C:\WINDOWS\SYSTEM32\ntdll.dll
0x00007ff971740000 - 0x00007ff971804000 	C:\WINDOWS\System32\KERNEL32.DLL
0x00007ff971230000 - 0x00007ff9715dd000 	C:\WINDOWS\System32\KERNELBASE.dll
0x00007ff970d30000 - 0x00007ff970e41000 	C:\WINDOWS\System32\ucrtbase.dll
0x00007ff93cb00000 - 0x00007ff93cb1b000 	C:\Users\hp\.jdks\openjdk-22.0.2\bin\VCRUNTIME140.dll
0x00007ff93d750000 - 0x00007ff93d767000 	C:\Users\hp\.jdks\openjdk-22.0.2\bin\jli.dll
0x00007ff9737f0000 - 0x00007ff97399e000 	C:\WINDOWS\System32\USER32.dll
0x00007ff955920000 - 0x00007ff955bb3000 	C:\WINDOWS\WinSxS\amd64_microsoft.windows.common-controls_6595b64144ccf1df_6.0.22621.3672_none_2713b9d173822955\COMCTL32.dll
0x00007ff971200000 - 0x00007ff971226000 	C:\WINDOWS\System32\win32u.dll
0x00007ff971b70000 - 0x00007ff971c17000 	C:\WINDOWS\System32\msvcrt.dll
0x00007ff973070000 - 0x00007ff973099000 	C:\WINDOWS\System32\GDI32.dll
0x00007ff970e50000 - 0x00007ff970f69000 	C:\WINDOWS\System32\gdi32full.dll
0x00007ff971160000 - 0x00007ff9711fa000 	C:\WINDOWS\System32\msvcp_win.dll
0x00007ff972ae0000 - 0x00007ff972b11000 	C:\WINDOWS\System32\IMM32.DLL
0x00007ff954820000 - 0x00007ff95482c000 	C:\Users\hp\.jdks\openjdk-22.0.2\bin\vcruntime140_1.dll
0x00007ff908040000 - 0x00007ff9080ce000 	C:\Users\hp\.jdks\openjdk-22.0.2\bin\msvcp140.dll
0x00007ff8d46d0000 - 0x00007ff8d5419000 	C:\Users\hp\.jdks\openjdk-22.0.2\bin\server\jvm.dll
0x00007ff972a20000 - 0x00007ff972ad2000 	C:\WINDOWS\System32\ADVAPI32.dll
0x00007ff973200000 - 0x00007ff9732a9000 	C:\WINDOWS\System32\sechost.dll
0x00007ff971650000 - 0x00007ff971678000 	C:\WINDOWS\System32\bcrypt.dll
0x00007ff9733d0000 - 0x00007ff9734e4000 	C:\WINDOWS\System32\RPCRT4.dll
0x00007ff973720000 - 0x00007ff973791000 	C:\WINDOWS\System32\WS2_32.dll
0x00007ff969840000 - 0x00007ff96984a000 	C:\WINDOWS\SYSTEM32\VERSION.dll
0x00007ff969e40000 - 0x00007ff969e74000 	C:\WINDOWS\SYSTEM32\WINMM.dll
0x00007ff96fbc0000 - 0x00007ff96fc0d000 	C:\WINDOWS\SYSTEM32\POWRPROF.dll
0x00007ff96fba0000 - 0x00007ff96fbb3000 	C:\WINDOWS\SYSTEM32\UMPDC.dll
0x00007ff96fe50000 - 0x00007ff96fe68000 	C:\WINDOWS\SYSTEM32\kernel.appcore.dll
0x00007ff954790000 - 0x00007ff95479a000 	C:\Users\hp\.jdks\openjdk-22.0.2\bin\jimage.dll
0x00007ff96e650000 - 0x00007ff96e882000 	C:\WINDOWS\SYSTEM32\DBGHELP.DLL
0x00007ff972cd0000 - 0x00007ff97305d000 	C:\WINDOWS\System32\combase.dll
0x00007ff973120000 - 0x00007ff9731f7000 	C:\WINDOWS\System32\OLEAUT32.dll
0x00007ff94e4b0000 - 0x00007ff94e4e2000 	C:\WINDOWS\SYSTEM32\dbgcore.DLL
0x00007ff970f70000 - 0x00007ff970feb000 	C:\WINDOWS\System32\bcryptPrimitives.dll
0x00007ff96a030000 - 0x00007ff96a03f000 	C:\Users\hp\.jdks\openjdk-22.0.2\bin\instrument.dll
0x00007ff93b200000 - 0x00007ff93b21e000 	C:\Users\hp\.jdks\openjdk-22.0.2\bin\java.dll
0x00007ff9721b0000 - 0x00007ff972a18000 	C:\WINDOWS\System32\SHELL32.dll
0x00007ff972b20000 - 0x00007ff972cc5000 	C:\WINDOWS\System32\ole32.dll
0x00007ff96ec80000 - 0x00007ff96f57e000 	C:\WINDOWS\SYSTEM32\windows.storage.dll
0x00007ff96eb40000 - 0x00007ff96ec7f000 	C:\WINDOWS\SYSTEM32\wintypes.dll
0x00007ff9732d0000 - 0x00007ff9733c9000 	C:\WINDOWS\System32\SHCORE.dll
0x00007ff9736b0000 - 0x00007ff97370e000 	C:\WINDOWS\System32\shlwapi.dll
0x00007ff970c60000 - 0x00007ff970c81000 	C:\WINDOWS\SYSTEM32\profapi.dll
0x00007ff8e52f0000 - 0x00007ff8e53c7000 	C:\Users\hp\.jdks\openjdk-22.0.2\bin\jsvml.dll
0x00007ff92c210000 - 0x00007ff92c227000 	C:\Users\hp\.jdks\openjdk-22.0.2\bin\zip.dll
0x00007ff950140000 - 0x00007ff950150000 	C:\Users\hp\.jdks\openjdk-22.0.2\bin\net.dll
0x00007ff9702c0000 - 0x00007ff970329000 	C:\WINDOWS\system32\mswsock.dll
0x00007ff9399b0000 - 0x00007ff9399c6000 	C:\Users\hp\.jdks\openjdk-22.0.2\bin\nio.dll
0x00007ff969660000 - 0x00007ff96967a000 	C:\Program Files\JetBrains\IntelliJ IDEA Community Edition 2023.3.5\bin\breakgen64.dll
0x00007ff94f100000 - 0x00007ff94f109000 	C:\Users\hp\.jdks\openjdk-22.0.2\bin\extnet.dll
0x00007ff969620000 - 0x00007ff96962b000 	C:\Users\hp\.jdks\openjdk-22.0.2\bin\le.dll
0x00007ff969630000 - 0x00007ff96963e000 	C:\Users\hp\.jdks\openjdk-22.0.2\bin\sunmscapi.dll
0x00007ff970ff0000 - 0x00007ff971157000 	C:\WINDOWS\System32\CRYPT32.dll
0x00007ff9706e0000 - 0x00007ff97070e000 	C:\WINDOWS\SYSTEM32\ncrypt.dll
0x00007ff9706a0000 - 0x00007ff9706d7000 	C:\WINDOWS\SYSTEM32\NTASN1.dll
0x00007ff970520000 - 0x00007ff97053b000 	C:\WINDOWS\SYSTEM32\CRYPTSP.dll
0x00007ff96fdb0000 - 0x00007ff96fde5000 	C:\WINDOWS\system32\rsaenh.dll
0x00007ff9703c0000 - 0x00007ff9703e8000 	C:\WINDOWS\SYSTEM32\USERENV.dll
0x00007ff970540000 - 0x00007ff97054c000 	C:\WINDOWS\SYSTEM32\CRYPTBASE.dll
0x00007ff96f8a0000 - 0x00007ff96f8cd000 	C:\WINDOWS\SYSTEM32\IPHLPAPI.DLL
0x00007ff973060000 - 0x00007ff973069000 	C:\WINDOWS\System32\NSI.dll
0x00007ff969650000 - 0x00007ff96965a000 	C:\Users\hp\.jdks\openjdk-22.0.2\bin\management.dll
0x00007ff969640000 - 0x00007ff96964b000 	C:\Users\hp\.jdks\openjdk-22.0.2\bin\management_ext.dll
0x00007ff973710000 - 0x00007ff973718000 	C:\WINDOWS\System32\PSAPI.DLL
0x00007ff93ca80000 - 0x00007ff93ca90000 	C:\Users\hp\.jdks\openjdk-22.0.2\bin\verify.dll
0x00007ff96f920000 - 0x00007ff96fa18000 	C:\WINDOWS\SYSTEM32\DNSAPI.dll
0x000000005f910000 - 0x000000005f936000 	C:\Program Files\Bonjour\mdnsNSP.dll
0x00007ff96a120000 - 0x00007ff96a12a000 	C:\Windows\System32\rasadhlp.dll
0x00007ff96a780000 - 0x00007ff96a803000 	C:\WINDOWS\System32\fwpuclnt.dll
0x00007ff935be0000 - 0x00007ff935be8000 	C:\WINDOWS\system32\wshunix.dll

dbghelp: loaded successfully - version: 4.0.5 - missing functions: none
symbol engine: initialized successfully - sym options: 0x614 - pdb path: .;C:\Users\hp\.jdks\openjdk-22.0.2\bin;C:\WINDOWS\SYSTEM32;C:\WINDOWS\WinSxS\amd64_microsoft.windows.common-controls_6595b64144ccf1df_6.0.22621.3672_none_2713b9d173822955;C:\Users\hp\.jdks\openjdk-22.0.2\bin\server;C:\Program Files\JetBrains\IntelliJ IDEA Community Edition 2023.3.5\bin;C:\Program Files\Bonjour

VM Arguments:
jvm_args: --enable-preview -javaagent:C:\Program Files\JetBrains\IntelliJ IDEA Community Edition 2023.3.5\lib\idea_rt.jar=61256:C:\Program Files\JetBrains\IntelliJ IDEA Community Edition 2023.3.5\bin -Dfile.encoding=UTF-8 -Dsun.stdout.encoding=UTF-8 -Dsun.stderr.encoding=UTF-8 
java_command: com.abcrestaurant.Backend.BackendApplication
java_class_path (initial): D:\ABC_Resturant_Project\ABC-Resturant\Backend\target\classes;C:\Users\hp\.m2\repository\org\springframework\boot\spring-boot-starter-data-jpa\3.3.2\spring-boot-starter-data-jpa-3.3.2.jar;C:\Users\hp\.m2\repository\org\springframework\boot\spring-boot-starter-aop\3.3.2\spring-boot-starter-aop-3.3.2.jar;C:\Users\hp\.m2\repository\org\springframework\spring-aop\6.1.11\spring-aop-6.1.11.jar;C:\Users\hp\.m2\repository\org\aspectj\aspectjweaver\1.9.22.1\aspectjweaver-1.9.22.1.jar;C:\Users\hp\.m2\repository\org\springframework\boot\spring-boot-starter-jdbc\3.3.2\spring-boot-starter-jdbc-3.3.2.jar;C:\Users\hp\.m2\repository\com\zaxxer\HikariCP\5.1.0\HikariCP-5.1.0.jar;C:\Users\hp\.m2\repository\org\springframework\spring-jdbc\6.1.11\spring-jdbc-6.1.11.jar;C:\Users\hp\.m2\repository\org\hibernate\orm\hibernate-core\6.5.2.Final\hibernate-core-6.5.2.Final.jar;C:\Users\hp\.m2\repository\jakarta\persistence\jakarta.persistence-api\3.1.0\jakarta.persistence-api-3.1.0.jar;C:\Users\hp\.m2\repository\jakarta\transaction\jakarta.transaction-api\2.0.1\jakarta.transaction-api-2.0.1.jar;C:\Users\hp\.m2\repository\org\jboss\logging\jboss-logging\3.5.3.Final\jboss-logging-3.5.3.Final.jar;C:\Users\hp\.m2\repository\org\hibernate\common\hibernate-commons-annotations\6.0.6.Final\hibernate-commons-annotations-6.0.6.Final.jar;C:\Users\hp\.m2\repository\io\smallrye\jandex\3.1.2\jandex-3.1.2.jar;C:\Users\hp\.m2\repository\com\fasterxml\classmate\1.7.0\classmate-1.7.0.jar;C:\Users\hp\.m2\repository\net\bytebuddy\byte-buddy\1.14.18\byte-buddy-1.14.18.jar;C:\Users\hp\.m2\repository\org\glassfish\jaxb\jaxb-runtime\4.0.5\jaxb-runtime-4.0.5.jar;C:\Users\hp\.m2\repository\org\glassfish\jaxb\jaxb-core\4.0.5\jaxb-core-4.0.5.jar;C:\Users\hp\.m2\repository\org\eclipse\angus\angus-activation\2.0.2\angus-activation-2.0.2.jar;C:\Users\hp\.m2\repository\org\glassfish\jaxb\txw2\4.0.5\txw2-4.0.5.jar;C:\Users\hp\.m2\repository\com\sun\istack\istack-commons-runtime\4.1.2\istack-commons-runtime-4.1.2.jar;C:\Users\hp\.m2\repository\jakarta\inject\jakarta.inject-api\2.0.1\jakarta.inject-api-2.0.1.jar;C:\Users\hp\.m2\repository\org\antlr\antlr4-runtime\4.13.0\antlr4-runtime-4.13.0.jar;C:\Users\hp\.m2\repository\org\springframework\data\spring-data-jpa\3.3.2\spring-data-jpa-3.3.2.jar;C:\Users\hp\.m2\repository\org\springframework\data\spring-data-commons\3.3.2\spring-data-commons-3.3.2.jar;C:\Users\hp\.m2\repository\org\springframework\spring-orm\6.1.11\spring-orm-6.1.11.jar;C:\Users\hp\.m2\repository\org\springframework\spring-context\6.1.11\spring-context-6.1.11.jar;C:\Users\hp\.m2\repository\org\springframework\spring-tx\6.1.11\spring-tx-6.1.11.jar;C:\Users\hp\.m2\repository\org\springframework\spring-beans\6.1.11\spring-beans-6.1.11.jar;C:\Users\hp\.m2\repository\jakarta\annotation\jakarta.annotation-api\2.1.1\jakarta.annotation-api-2.1.1.jar;C:\Users\hp\.m2\repository\org\slf4j\slf4j-api\2.0.13\slf4j-api-2.0.13.jar;C:\Users\hp\.m2\repository\org\springframework\spring-aspects\6.1.11\spring-aspects-6.1.11.jar;C:\Users\hp\.m2\repository\org\springframework\boot\spring-boot-starter-web\3.3.2\spring-boot-starter-web-3.3.2.jar;C:\Users\hp\.m2\repository\org\springframework\boot\spring-boot-starter\3.3.2\spring-boot-starter-3.3.2.jar;C:\Users\hp\.m2\repository\org\springframework\boot\spring-boot\3.3.2\spring-boot-3.3.2.jar;C:\Users\hp\.m2\repository\org\springframework\boot\spring-boot-autoconfigure\3.3.2\spring-boot-autoconfigure-3.3.2.jar;C:\Users\hp\.m2\repository\org\springframework\boot\spring-boot-starter-logging\3.3.2\spring-boot-starter-logging-3.3.2.jar;C:\Users\hp\.m2\repository\ch\qos\logback\logback-classic\1.5.6\logback-classic-1.5.6.jar;C:\Users\hp\.m2\repository\ch\qos\logback\logback-core\1.5.6\logback-core-1.5.6.jar;C:\Users\hp\.m2\repository\org\apache\logging\log4j\log4j-to-slf4j\2.23.1\log4j-to-slf4j-2.23.1.jar;C:\Users\hp\.m2\repository\org\apache\logging\log4j\log4j-api\2.23.1\log4j-api-2.23.1.jar;C:\Users\hp\.m2\repository\org\slf4j\jul-to-slf4j\2.0.13\jul-to-slf4j-2.0.13.jar;C:\Users\hp\.m2\repository\org\yaml\snakeyaml\2.2\snakeyaml-2.2.jar;C:\Users\hp\.m2\repository\org\springframework\boot\spring-boot-starter-json\3.3.2\spring-boot-starter-json-3.3.2.jar;C:\Users\hp\.m2\repository\com\fasterxml\jackson\core\jackson-databind\2.17.2\jackson-databind-2.17.2.jar;C:\Users\hp\.m2\repository\com\fasterxml\jackson\core\jackson-annotations\2.17.2\jackson-annotations-2.17.2.jar;C:\Users\hp\.m2\repository\com\fasterxml\jackson\core\jackson-core\2.17.2\jackson-core-2.17.2.jar;C:\Users\hp\.m2\repository\com\fasterxml\jackson\datatype\jackson-datatype-jdk8\2.17.2\jackson-datatype-jdk8-2.17.2.jar;C:\Users\hp\.m2\repository\com\fasterxml\jackson\datatype\jackson-datatype-jsr310\2.17.2\jackson-datatype-jsr310-2.17.2.jar;C:\Users\hp\.m2\repository\com\fasterxml\jackson\module\jackson-module-parameter-names\2.17.2\jackson-module-parameter-names-2.17.2.jar;C:\Users\hp\.m2\repository\org\springframework\boot\spring-boot-starter-tomcat\3.3.2\spring-boot-starter-tomcat-3.3.2.jar;C:\Users\hp\.m2\repository\org\apache\tomcat\embed\tomcat-embed-core\10.1.26\tomcat-embed-core-10.1.26.jar;C:\Users\hp\.m2\repository\org\apache\tomcat\embed\tomcat-embed-el\10.1.26\tomcat-embed-el-10.1.26.jar;C:\Users\hp\.m2\repository\org\apache\tomcat\embed\tomcat-embed-websocket\10.1.26\tomcat-embed-websocket-10.1.26.jar;C:\Users\hp\.m2\repository\org\springframework\spring-web\6.1.11\spring-web-6.1.11.jar;C:\Users\hp\.m2\repository\io\micrometer\micrometer-observation\1.13.2\micrometer-observation-1.13.2.jar;C:\Users\hp\.m2\repository\io\micrometer\micrometer-commons\1.13.2\micrometer-commons-1.13.2.jar;C:\Users\hp\.m2\repository\org\springframework\spring-webmvc\6.1.11\spring-webmvc-6.1.11.jar;C:\Users\hp\.m2\repository\org\springframework\spring-expression\6.1.11\spring-expression-6.1.11.jar;C:\Users\hp\.m2\repository\com\mysql\mysql-connector-j\8.3.0\mysql-connector-j-8.3.0.jar;C:\Users\hp\.m2\repository\jakarta\xml\bind\jakarta.xml.bind-api\4.0.2\jakarta.xml.bind-api-4.0.2.jar;C:\Users\hp\.m2\repository\jakarta\activation\jakarta.activation-api\2.1.3\jakarta.activation-api-2.1.3.jar;C:\Users\hp\.m2\repository\org\springframework\spring-core\6.1.11\spring-core-6.1.11.jar;C:\Users\hp\.m2\repository\org\springframework\spring-jcl\6.1.11\spring-jcl-6.1.11.jar
Launcher Type: SUN_STANDARD

[Global flags]
     intx CICompilerCount                          = 4                                         {product} {ergonomic}
     uint ConcGCThreads                            = 2                                         {product} {ergonomic}
     uint G1ConcRefinementThreads                  = 8                                         {product} {ergonomic}
   size_t G1HeapRegionSize                         = 2097152                                   {product} {ergonomic}
   size_t InitialHeapSize                          = 266338304                                 {product} {ergonomic}
   size_t MarkStackSize                            = 4194304                                   {product} {ergonomic}
   size_t MaxHeapSize                              = 4234149888                                {product} {ergonomic}
   size_t MaxNewSize                               = 2539651072                                {product} {ergonomic}
   size_t MinHeapDeltaBytes                        = 2097152                                   {product} {ergonomic}
   size_t MinHeapSize                              = 8388608                                   {product} {ergonomic}
    uintx NonNMethodCodeHeapSize                   = 5839372                                {pd product} {ergonomic}
    uintx NonProfiledCodeHeapSize                  = 122909434                              {pd product} {ergonomic}
    uintx ProfiledCodeHeapSize                     = 122909434                              {pd product} {ergonomic}
    uintx ReservedCodeCacheSize                    = 251658240                              {pd product} {ergonomic}
     bool SegmentedCodeCache                       = true                                      {product} {ergonomic}
   size_t SoftMaxHeapSize                          = 4234149888                             {manageable} {ergonomic}
     bool UseCompressedOops                        = true                           {product lp64_product} {ergonomic}
     bool UseG1GC                                  = true                                      {product} {ergonomic}
     bool UseLargePagesIndividualAllocation        = false                                  {pd product} {ergonomic}

Logging:
Log output configuration:
 #0: stdout all=warning uptime,level,tags foldmultilines=false
 #1: stderr all=off uptime,level,tags foldmultilines=false

Environment Variables:
PATH=C:\Program Files\Common Files\Oracle\Java\javapath;C:\Program Files (x86)\Common Files\Oracle\Java\java8path;C:\Program Files (x86)\Common Files\Oracle\Java\javapath;C:\WINDOWS\system32;C:\WINDOWS;C:\WINDOWS\System32\Wbem;C:\WINDOWS\System32\WindowsPowerShell\v1.0\;C:\WINDOWS\System32\OpenSSH\;C:\Program Files\nodejs\;C:\Program Files\MySQL\MySQL Server 8.0\bin;C:\ProgramData\ComposerSetup\bin;C:\xampp;C:\php-8.2.12;C:\Program Files\Git\cmd;;C:\Users\hp\AppData\Local\Programs\Microsoft VS Code\bin;C:\Program Files\JetBrains\IntelliJ IDEA Community Edition 2023.3.5\bin;
USERNAME=hp
OS=Windows_NT
PROCESSOR_IDENTIFIER=Intel64 Family 6 Model 140 Stepping 2, GenuineIntel
TMP=C:\Users\hp\AppData\Local\Temp
TEMP=C:\Users\hp\AppData\Local\Temp




Periodic native trim disabled

---------------  S Y S T E M  ---------------

OS:
 Windows 11 , 64 bit Build 22621 (10.0.22621.3958)
OS uptime: 0 days 23:35 hours

CPU: total 8 (initial active 8) (4 cores per cpu, 2 threads per core) family 6 model 140 stepping 2 microcode 0x34, cx8, cmov, fxsr, ht, mmx, 3dnowpref, sse, sse2, sse3, ssse3, sse4.1, sse4.2, popcnt, lzcnt, tsc, tscinvbit, avx, avx2, aes, erms, clmul, bmi1, bmi2, adx, avx512f, avx512dq, avx512cd, avx512bw, avx512vl, sha, fma, vzeroupper, avx512_vpopcntdq, avx512_vpclmulqdq, avx512_vaes, avx512_vnni, clflush, clflushopt, clwb, avx512_vbmi2, avx512_vbmi, rdtscp, rdpid, fsrm, gfni, avx512_bitalg, f16c, pku, cet_ibt, cet_ss, avx512_ifma
Processor Information for processor 0
  Max Mhz: 2918, Current Mhz: 2918, Mhz Limit: 2918
Processor Information for processor 1
  Max Mhz: 2918, Current Mhz: 2918, Mhz Limit: 2918
Processor Information for processor 2
  Max Mhz: 2918, Current Mhz: 2918, Mhz Limit: 2918
Processor Information for processor 3
  Max Mhz: 2918, Current Mhz: 1207, Mhz Limit: 2918
Processor Information for processor 4
  Max Mhz: 2918, Current Mhz: 1207, Mhz Limit: 2918
Processor Information for processor 5
  Max Mhz: 2918, Current Mhz: 2918, Mhz Limit: 2918
Processor Information for processor 6
  Max Mhz: 2918, Current Mhz: 1207, Mhz Limit: 2918
Processor Information for processor 7
  Max Mhz: 2918, Current Mhz: 2918, Mhz Limit: 2918

Memory: 4k page, system-wide physical 16151M (3057M free)
TotalPageFile size 18199M (AvailPageFile size 5M)
current process WorkingSet (physical memory assigned to process): 266M, peak: 299M
current process commit charge ("private bytes"): 305M, peak: 428M

vm_info: OpenJDK 64-Bit Server VM (22.0.2+9-70) for windows-amd64 JRE (22.0.2+9-70), built on 2024-06-04T16:52:23Z by "mach5one" with MS VC++ 17.6 (VS2022)

END.
