#
# There is insufficient memory for the Java Runtime Environment to continue.
# Native memory allocation (mmap) failed to map 65536 bytes. Error detail: Failed to commit metaspace.
# Possible reasons:
#   The system is out of physical RAM or swap space
#   This process is running with CompressedOops enabled, and the Java Heap may be blocking the growth of the native heap
# Possible solutions:
#   Reduce memory load on the system
#   Increase physical memory or swap space
#   Check if swap backing store is full
#   Decrease Java heap size (-Xmx/-Xms)
#   Decrease number of Java threads
#   Decrease Java thread stack sizes (-Xss)
#   Set larger code cache with -XX:ReservedCodeCacheSize=
#   JVM is running with Zero Based Compressed Oops mode in which the Java heap is
#     placed in the first 32GB address space. The Java Heap base address is the
#     maximum limit for the native heap growth. Please use -XX:HeapBaseMinAddress
#     to set the Java Heap base and to place the Java Heap above 32GB virtual address.
# This output file may be truncated or incomplete.
#
#  Out of Memory Error (virtualSpaceNode.cpp:112), pid=8688, tid=10396
#
# JRE version: OpenJDK Runtime Environment (22.0.2+9) (build 22.0.2+9-70)
# Java VM: OpenJDK 64-Bit Server VM (22.0.2+9-70, mixed mode, sharing, tiered, compressed oops, compressed class ptrs, g1 gc, windows-amd64)
# No core dump will be written. Minidumps are not enabled by default on client versions of Windows
#

---------------  S U M M A R Y ------------

Command Line: --enable-preview -javaagent:C:\Program Files\JetBrains\IntelliJ IDEA Community Edition 2023.3.5\lib\idea_rt.jar=50346:C:\Program Files\JetBrains\IntelliJ IDEA Community Edition 2023.3.5\bin -Dfile.encoding=UTF-8 -Dsun.stdout.encoding=UTF-8 -Dsun.stderr.encoding=UTF-8 com.abcrestaurant.Backend.BackendApplication

Host: 11th Gen Intel(R) Core(TM) i7-1195G7 @ 2.90GHz, 8 cores, 15G,  Windows 11 , 64 bit Build 22621 (10.0.22621.3958)
Time: Thu Sep  5 22:50:36 2024 Sri Lanka Standard Time elapsed time: 0.075210 seconds (0d 0h 0m 0s)

---------------  T H R E A D  ---------------

Current thread (0x0000021a9d5e10a0):  JavaThread "C1 CompilerThread0" daemon [_thread_in_vm, id=10396, stack(0x0000003af3900000,0x0000003af3a00000) (1024K)]


Current CompileTask:
C1:75   22       3       java.util.Set::of (68 bytes)

Stack: [0x0000003af3900000,0x0000003af3a00000]
Native frames: (J=compiled Java code, j=interpreted, Vv=VM code, C=native code)
V  [jvm.dll+0x6e26e9]  (no source info available)
V  [jvm.dll+0x875753]  (no source info available)
V  [jvm.dll+0x877b7e]  (no source info available)
V  [jvm.dll+0x878253]  (no source info available)
V  [jvm.dll+0x27fc86]  (no source info available)
V  [jvm.dll+0x87139e]  (no source info available)
V  [jvm.dll+0x685755]  (no source info available)
V  [jvm.dll+0x6857ba]  (no source info available)
V  [jvm.dll+0x687ffa]  (no source info available)
V  [jvm.dll+0x224f6c]  (no source info available)
V  [jvm.dll+0x68616e]  (no source info available)
V  [jvm.dll+0x69784a]  (no source info available)
V  [jvm.dll+0x6906d2]  (no source info available)
V  [jvm.dll+0x1f1b20]  (no source info available)
V  [jvm.dll+0x1f1d08]  (no source info available)
V  [jvm.dll+0x165fde]  (no source info available)
V  [jvm.dll+0x165e26]  (no source info available)
V  [jvm.dll+0x15d70a]  (no source info available)
V  [jvm.dll+0x15f96d]  (no source info available)
V  [jvm.dll+0x15dfa5]  (no source info available)
V  [jvm.dll+0x157a2f]  (no source info available)
V  [jvm.dll+0x167a86]  (no source info available)
V  [jvm.dll+0x1530bb]  (no source info available)
V  [jvm.dll+0x153507]  (no source info available)
V  [jvm.dll+0x1538a0]  (no source info available)
V  [jvm.dll+0x152c1d]  (no source info available)
V  [jvm.dll+0x154add]  (no source info available)
V  [jvm.dll+0x2568f3]  (no source info available)
V  [jvm.dll+0x254baa]  (no source info available)
V  [jvm.dll+0x3f57a6]  (no source info available)
V  [jvm.dll+0x81dc0b]  (no source info available)
V  [jvm.dll+0x6e0d85]  (no source info available)
C  [ucrtbase.dll+0x29333]  (no source info available)
C  [KERNEL32.DLL+0x1257d]  (no source info available)
C  [ntdll.dll+0x5af28]  (no source info available)


---------------  P R O C E S S  ---------------

Threads class SMR info:
_java_thread_list=0x0000021a9d4724f0, length=9, elements={
0x0000021afe3f5bc0, 0x0000021a9d46c900, 0x0000021a9d46dac0, 0x0000021a9d4755c0,
0x0000021a9d478480, 0x0000021a9d479ad0, 0x0000021a9d47d010, 0x0000021a9d4866f0,
0x0000021a9d5e10a0
}

Java Threads: ( => current thread )
  0x0000021afe3f5bc0 JavaThread "main"                              [_thread_in_vm, id=18164, stack(0x0000003af2a00000,0x0000003af2b00000) (1024K)]
  0x0000021a9d46c900 JavaThread "Reference Handler"          daemon [_thread_blocked, id=636, stack(0x0000003af3200000,0x0000003af3300000) (1024K)]
  0x0000021a9d46dac0 JavaThread "Finalizer"                  daemon [_thread_blocked, id=12864, stack(0x0000003af3300000,0x0000003af3400000) (1024K)]
  0x0000021a9d4755c0 JavaThread "Signal Dispatcher"          daemon [_thread_blocked, id=1060, stack(0x0000003af3400000,0x0000003af3500000) (1024K)]
  0x0000021a9d478480 JavaThread "Attach Listener"            daemon [_thread_blocked, id=6052, stack(0x0000003af3500000,0x0000003af3600000) (1024K)]
  0x0000021a9d479ad0 JavaThread "Service Thread"             daemon [_thread_blocked, id=20496, stack(0x0000003af3600000,0x0000003af3700000) (1024K)]
  0x0000021a9d47d010 JavaThread "Monitor Deflation Thread"   daemon [_thread_blocked, id=4228, stack(0x0000003af3700000,0x0000003af3800000) (1024K)]
  0x0000021a9d4866f0 JavaThread "C2 CompilerThread0"         daemon [_thread_blocked, id=14140, stack(0x0000003af3800000,0x0000003af3900000) (1024K)]
=>0x0000021a9d5e10a0 JavaThread "C1 CompilerThread0"         daemon [_thread_in_vm, id=10396, stack(0x0000003af3900000,0x0000003af3a00000) (1024K)]
Total: 9

Other Threads:
  0x0000021a9d451860 VMThread "VM Thread"                           [id=13340, stack(0x0000003af3100000,0x0000003af3200000) (1024K)]
  0x0000021a9d438cf0 WatcherThread "VM Periodic Task Thread"        [id=17208, stack(0x0000003af3000000,0x0000003af3100000) (1024K)]
  0x0000021afe45cc30 WorkerThread "GC Thread#0"                     [id=25184, stack(0x0000003af2b00000,0x0000003af2c00000) (1024K)]
  0x0000021afe46da20 ConcurrentGCThread "G1 Main Marker"            [id=21708, stack(0x0000003af2c00000,0x0000003af2d00000) (1024K)]
  0x0000021afe46f940 WorkerThread "G1 Conc#0"                       [id=19700, stack(0x0000003af2d00000,0x0000003af2e00000) (1024K)]
  0x0000021a9d30d1f0 ConcurrentGCThread "G1 Refine#0"               [id=1304, stack(0x0000003af2e00000,0x0000003af2f00000) (1024K)]
  0x0000021a9d30dc80 ConcurrentGCThread "G1 Service"                [id=9316, stack(0x0000003af2f00000,0x0000003af3000000) (1024K)]
Total: 7

Threads with active compile tasks:
C1 CompilerThread0  145   22       3       java.util.Set::of (68 bytes)
Total: 1

VM state: not at safepoint (normal execution)

VM Mutex/Monitor currently owned by a thread:  ([mutex/lock_event])
[0x00007ffeed5eab00] Metaspace_lock - owner thread: 0x0000021a9d5e10a0

Heap address: 0x0000000703a00000, size: 4038 MB, Compressed Oops mode: Zero based, Oop shift amount: 3

CDS archive(s) mapped at: [0x0000021a9e000000-0x0000021a9ec60000-0x0000021a9ec60000), size 12976128, SharedBaseAddress: 0x0000021a9e000000, ArchiveRelocationMode: 1.
Compressed class space mapped at: 0x0000021a9f000000-0x0000021adf000000, reserved size: 1073741824
Narrow klass base: 0x0000021a9e000000, Narrow klass shift: 0, Narrow klass range: 0x41000000

GC Precious Log:
 CardTable entry size: 512
 Card Set container configuration: InlinePtr #cards 4 size 8 Array Of Cards #cards 16 size 48 Howl #buckets 8 coarsen threshold 3686 Howl Bitmap #cards 512 size 80 coarsen threshold 460 Card regions per heap region 1 cards per card region 4096
 CPUs: 8 total, 8 available
 Memory: 16151M
 Large Page Support: Disabled
 NUMA Support: Disabled
 Compressed Oops: Enabled (Zero based)
 Heap Region Size: 2M
 Heap Min Capacity: 8M
 Heap Initial Capacity: 254M
 Heap Max Capacity: 4038M
 Pre-touch: Disabled
 Parallel Workers: 8
 Concurrent Workers: 2
 Concurrent Refinement Workers: 8
 Periodic GC: Disabled

Heap:
 garbage-first heap   total reserved 4134912K, committed 260096K, used 0K [0x0000000703a00000, 0x0000000800000000)
  region size 2048K, 1 young (2048K), 0 survivors (0K)
 Metaspace       used 65K, committed 128K, reserved 1114112K
  class space    used 1K, committed 64K, reserved 1048576K

Heap Regions: E=young(eden), S=young(survivor), O=old, HS=humongous(starts), HC=humongous(continues), CS=collection set, F=free, TAMS=top-at-mark-start, PB=parsable bottom
|   0|0x0000000703a00000, 0x0000000703a00000, 0x0000000703c00000|  0%| F|  |TAMS 0x0000000703a00000| PB 0x0000000703a00000| Untracked |  0
|   1|0x0000000703c00000, 0x0000000703c00000, 0x0000000703e00000|  0%| F|  |TAMS 0x0000000703c00000| PB 0x0000000703c00000| Untracked |  0
|   2|0x0000000703e00000, 0x0000000703e00000, 0x0000000704000000|  0%| F|  |TAMS 0x0000000703e00000| PB 0x0000000703e00000| Untracked |  0
|   3|0x0000000704000000, 0x0000000704000000, 0x0000000704200000|  0%| F|  |TAMS 0x0000000704000000| PB 0x0000000704000000| Untracked |  0
|   4|0x0000000704200000, 0x0000000704200000, 0x0000000704400000|  0%| F|  |TAMS 0x0000000704200000| PB 0x0000000704200000| Untracked |  0
|   5|0x0000000704400000, 0x0000000704400000, 0x0000000704600000|  0%| F|  |TAMS 0x0000000704400000| PB 0x0000000704400000| Untracked |  0
|   6|0x0000000704600000, 0x0000000704600000, 0x0000000704800000|  0%| F|  |TAMS 0x0000000704600000| PB 0x0000000704600000| Untracked |  0
|   7|0x0000000704800000, 0x0000000704800000, 0x0000000704a00000|  0%| F|  |TAMS 0x0000000704800000| PB 0x0000000704800000| Untracked |  0
|   8|0x0000000704a00000, 0x0000000704a00000, 0x0000000704c00000|  0%| F|  |TAMS 0x0000000704a00000| PB 0x0000000704a00000| Untracked |  0
|   9|0x0000000704c00000, 0x0000000704c00000, 0x0000000704e00000|  0%| F|  |TAMS 0x0000000704c00000| PB 0x0000000704c00000| Untracked |  0
|  10|0x0000000704e00000, 0x0000000704e00000, 0x0000000705000000|  0%| F|  |TAMS 0x0000000704e00000| PB 0x0000000704e00000| Untracked |  0
|  11|0x0000000705000000, 0x0000000705000000, 0x0000000705200000|  0%| F|  |TAMS 0x0000000705000000| PB 0x0000000705000000| Untracked |  0
|  12|0x0000000705200000, 0x0000000705200000, 0x0000000705400000|  0%| F|  |TAMS 0x0000000705200000| PB 0x0000000705200000| Untracked |  0
|  13|0x0000000705400000, 0x0000000705400000, 0x0000000705600000|  0%| F|  |TAMS 0x0000000705400000| PB 0x0000000705400000| Untracked |  0
|  14|0x0000000705600000, 0x0000000705600000, 0x0000000705800000|  0%| F|  |TAMS 0x0000000705600000| PB 0x0000000705600000| Untracked |  0
|  15|0x0000000705800000, 0x0000000705800000, 0x0000000705a00000|  0%| F|  |TAMS 0x0000000705800000| PB 0x0000000705800000| Untracked |  0
|  16|0x0000000705a00000, 0x0000000705a00000, 0x0000000705c00000|  0%| F|  |TAMS 0x0000000705a00000| PB 0x0000000705a00000| Untracked |  0
|  17|0x0000000705c00000, 0x0000000705c00000, 0x0000000705e00000|  0%| F|  |TAMS 0x0000000705c00000| PB 0x0000000705c00000| Untracked |  0
|  18|0x0000000705e00000, 0x0000000705e00000, 0x0000000706000000|  0%| F|  |TAMS 0x0000000705e00000| PB 0x0000000705e00000| Untracked |  0
|  19|0x0000000706000000, 0x0000000706000000, 0x0000000706200000|  0%| F|  |TAMS 0x0000000706000000| PB 0x0000000706000000| Untracked |  0
|  20|0x0000000706200000, 0x0000000706200000, 0x0000000706400000|  0%| F|  |TAMS 0x0000000706200000| PB 0x0000000706200000| Untracked |  0
|  21|0x0000000706400000, 0x0000000706400000, 0x0000000706600000|  0%| F|  |TAMS 0x0000000706400000| PB 0x0000000706400000| Untracked |  0
|  22|0x0000000706600000, 0x0000000706600000, 0x0000000706800000|  0%| F|  |TAMS 0x0000000706600000| PB 0x0000000706600000| Untracked |  0
|  23|0x0000000706800000, 0x0000000706800000, 0x0000000706a00000|  0%| F|  |TAMS 0x0000000706800000| PB 0x0000000706800000| Untracked |  0
|  24|0x0000000706a00000, 0x0000000706a00000, 0x0000000706c00000|  0%| F|  |TAMS 0x0000000706a00000| PB 0x0000000706a00000| Untracked |  0
|  25|0x0000000706c00000, 0x0000000706c00000, 0x0000000706e00000|  0%| F|  |TAMS 0x0000000706c00000| PB 0x0000000706c00000| Untracked |  0
|  26|0x0000000706e00000, 0x0000000706e00000, 0x0000000707000000|  0%| F|  |TAMS 0x0000000706e00000| PB 0x0000000706e00000| Untracked |  0
|  27|0x0000000707000000, 0x0000000707000000, 0x0000000707200000|  0%| F|  |TAMS 0x0000000707000000| PB 0x0000000707000000| Untracked |  0
|  28|0x0000000707200000, 0x0000000707200000, 0x0000000707400000|  0%| F|  |TAMS 0x0000000707200000| PB 0x0000000707200000| Untracked |  0
|  29|0x0000000707400000, 0x0000000707400000, 0x0000000707600000|  0%| F|  |TAMS 0x0000000707400000| PB 0x0000000707400000| Untracked |  0
|  30|0x0000000707600000, 0x0000000707600000, 0x0000000707800000|  0%| F|  |TAMS 0x0000000707600000| PB 0x0000000707600000| Untracked |  0
|  31|0x0000000707800000, 0x0000000707800000, 0x0000000707a00000|  0%| F|  |TAMS 0x0000000707800000| PB 0x0000000707800000| Untracked |  0
|  32|0x0000000707a00000, 0x0000000707a00000, 0x0000000707c00000|  0%| F|  |TAMS 0x0000000707a00000| PB 0x0000000707a00000| Untracked |  0
|  33|0x0000000707c00000, 0x0000000707c00000, 0x0000000707e00000|  0%| F|  |TAMS 0x0000000707c00000| PB 0x0000000707c00000| Untracked |  0
|  34|0x0000000707e00000, 0x0000000707e00000, 0x0000000708000000|  0%| F|  |TAMS 0x0000000707e00000| PB 0x0000000707e00000| Untracked |  0
|  35|0x0000000708000000, 0x0000000708000000, 0x0000000708200000|  0%| F|  |TAMS 0x0000000708000000| PB 0x0000000708000000| Untracked |  0
|  36|0x0000000708200000, 0x0000000708200000, 0x0000000708400000|  0%| F|  |TAMS 0x0000000708200000| PB 0x0000000708200000| Untracked |  0
|  37|0x0000000708400000, 0x0000000708400000, 0x0000000708600000|  0%| F|  |TAMS 0x0000000708400000| PB 0x0000000708400000| Untracked |  0
|  38|0x0000000708600000, 0x0000000708600000, 0x0000000708800000|  0%| F|  |TAMS 0x0000000708600000| PB 0x0000000708600000| Untracked |  0
|  39|0x0000000708800000, 0x0000000708800000, 0x0000000708a00000|  0%| F|  |TAMS 0x0000000708800000| PB 0x0000000708800000| Untracked |  0
|  40|0x0000000708a00000, 0x0000000708a00000, 0x0000000708c00000|  0%| F|  |TAMS 0x0000000708a00000| PB 0x0000000708a00000| Untracked |  0
|  41|0x0000000708c00000, 0x0000000708c00000, 0x0000000708e00000|  0%| F|  |TAMS 0x0000000708c00000| PB 0x0000000708c00000| Untracked |  0
|  42|0x0000000708e00000, 0x0000000708e00000, 0x0000000709000000|  0%| F|  |TAMS 0x0000000708e00000| PB 0x0000000708e00000| Untracked |  0
|  43|0x0000000709000000, 0x0000000709000000, 0x0000000709200000|  0%| F|  |TAMS 0x0000000709000000| PB 0x0000000709000000| Untracked |  0
|  44|0x0000000709200000, 0x0000000709200000, 0x0000000709400000|  0%| F|  |TAMS 0x0000000709200000| PB 0x0000000709200000| Untracked |  0
|  45|0x0000000709400000, 0x0000000709400000, 0x0000000709600000|  0%| F|  |TAMS 0x0000000709400000| PB 0x0000000709400000| Untracked |  0
|  46|0x0000000709600000, 0x0000000709600000, 0x0000000709800000|  0%| F|  |TAMS 0x0000000709600000| PB 0x0000000709600000| Untracked |  0
|  47|0x0000000709800000, 0x0000000709800000, 0x0000000709a00000|  0%| F|  |TAMS 0x0000000709800000| PB 0x0000000709800000| Untracked |  0
|  48|0x0000000709a00000, 0x0000000709a00000, 0x0000000709c00000|  0%| F|  |TAMS 0x0000000709a00000| PB 0x0000000709a00000| Untracked |  0
|  49|0x0000000709c00000, 0x0000000709c00000, 0x0000000709e00000|  0%| F|  |TAMS 0x0000000709c00000| PB 0x0000000709c00000| Untracked |  0
|  50|0x0000000709e00000, 0x0000000709e00000, 0x000000070a000000|  0%| F|  |TAMS 0x0000000709e00000| PB 0x0000000709e00000| Untracked |  0
|  51|0x000000070a000000, 0x000000070a000000, 0x000000070a200000|  0%| F|  |TAMS 0x000000070a000000| PB 0x000000070a000000| Untracked |  0
|  52|0x000000070a200000, 0x000000070a200000, 0x000000070a400000|  0%| F|  |TAMS 0x000000070a200000| PB 0x000000070a200000| Untracked |  0
|  53|0x000000070a400000, 0x000000070a400000, 0x000000070a600000|  0%| F|  |TAMS 0x000000070a400000| PB 0x000000070a400000| Untracked |  0
|  54|0x000000070a600000, 0x000000070a600000, 0x000000070a800000|  0%| F|  |TAMS 0x000000070a600000| PB 0x000000070a600000| Untracked |  0
|  55|0x000000070a800000, 0x000000070a800000, 0x000000070aa00000|  0%| F|  |TAMS 0x000000070a800000| PB 0x000000070a800000| Untracked |  0
|  56|0x000000070aa00000, 0x000000070aa00000, 0x000000070ac00000|  0%| F|  |TAMS 0x000000070aa00000| PB 0x000000070aa00000| Untracked |  0
|  57|0x000000070ac00000, 0x000000070ac00000, 0x000000070ae00000|  0%| F|  |TAMS 0x000000070ac00000| PB 0x000000070ac00000| Untracked |  0
|  58|0x000000070ae00000, 0x000000070ae00000, 0x000000070b000000|  0%| F|  |TAMS 0x000000070ae00000| PB 0x000000070ae00000| Untracked |  0
|  59|0x000000070b000000, 0x000000070b000000, 0x000000070b200000|  0%| F|  |TAMS 0x000000070b000000| PB 0x000000070b000000| Untracked |  0
|  60|0x000000070b200000, 0x000000070b200000, 0x000000070b400000|  0%| F|  |TAMS 0x000000070b200000| PB 0x000000070b200000| Untracked |  0
|  61|0x000000070b400000, 0x000000070b400000, 0x000000070b600000|  0%| F|  |TAMS 0x000000070b400000| PB 0x000000070b400000| Untracked |  0
|  62|0x000000070b600000, 0x000000070b600000, 0x000000070b800000|  0%| F|  |TAMS 0x000000070b600000| PB 0x000000070b600000| Untracked |  0
|  63|0x000000070b800000, 0x000000070b800000, 0x000000070ba00000|  0%| F|  |TAMS 0x000000070b800000| PB 0x000000070b800000| Untracked |  0
|  64|0x000000070ba00000, 0x000000070ba00000, 0x000000070bc00000|  0%| F|  |TAMS 0x000000070ba00000| PB 0x000000070ba00000| Untracked |  0
|  65|0x000000070bc00000, 0x000000070bc00000, 0x000000070be00000|  0%| F|  |TAMS 0x000000070bc00000| PB 0x000000070bc00000| Untracked |  0
|  66|0x000000070be00000, 0x000000070be00000, 0x000000070c000000|  0%| F|  |TAMS 0x000000070be00000| PB 0x000000070be00000| Untracked |  0
|  67|0x000000070c000000, 0x000000070c000000, 0x000000070c200000|  0%| F|  |TAMS 0x000000070c000000| PB 0x000000070c000000| Untracked |  0
|  68|0x000000070c200000, 0x000000070c200000, 0x000000070c400000|  0%| F|  |TAMS 0x000000070c200000| PB 0x000000070c200000| Untracked |  0
|  69|0x000000070c400000, 0x000000070c400000, 0x000000070c600000|  0%| F|  |TAMS 0x000000070c400000| PB 0x000000070c400000| Untracked |  0
|  70|0x000000070c600000, 0x000000070c600000, 0x000000070c800000|  0%| F|  |TAMS 0x000000070c600000| PB 0x000000070c600000| Untracked |  0
|  71|0x000000070c800000, 0x000000070c800000, 0x000000070ca00000|  0%| F|  |TAMS 0x000000070c800000| PB 0x000000070c800000| Untracked |  0
|  72|0x000000070ca00000, 0x000000070ca00000, 0x000000070cc00000|  0%| F|  |TAMS 0x000000070ca00000| PB 0x000000070ca00000| Untracked |  0
|  73|0x000000070cc00000, 0x000000070cc00000, 0x000000070ce00000|  0%| F|  |TAMS 0x000000070cc00000| PB 0x000000070cc00000| Untracked |  0
|  74|0x000000070ce00000, 0x000000070ce00000, 0x000000070d000000|  0%| F|  |TAMS 0x000000070ce00000| PB 0x000000070ce00000| Untracked |  0
|  75|0x000000070d000000, 0x000000070d000000, 0x000000070d200000|  0%| F|  |TAMS 0x000000070d000000| PB 0x000000070d000000| Untracked |  0
|  76|0x000000070d200000, 0x000000070d200000, 0x000000070d400000|  0%| F|  |TAMS 0x000000070d200000| PB 0x000000070d200000| Untracked |  0
|  77|0x000000070d400000, 0x000000070d400000, 0x000000070d600000|  0%| F|  |TAMS 0x000000070d400000| PB 0x000000070d400000| Untracked |  0
|  78|0x000000070d600000, 0x000000070d600000, 0x000000070d800000|  0%| F|  |TAMS 0x000000070d600000| PB 0x000000070d600000| Untracked |  0
|  79|0x000000070d800000, 0x000000070d800000, 0x000000070da00000|  0%| F|  |TAMS 0x000000070d800000| PB 0x000000070d800000| Untracked |  0
|  80|0x000000070da00000, 0x000000070da00000, 0x000000070dc00000|  0%| F|  |TAMS 0x000000070da00000| PB 0x000000070da00000| Untracked |  0
|  81|0x000000070dc00000, 0x000000070dc00000, 0x000000070de00000|  0%| F|  |TAMS 0x000000070dc00000| PB 0x000000070dc00000| Untracked |  0
|  82|0x000000070de00000, 0x000000070de00000, 0x000000070e000000|  0%| F|  |TAMS 0x000000070de00000| PB 0x000000070de00000| Untracked |  0
|  83|0x000000070e000000, 0x000000070e000000, 0x000000070e200000|  0%| F|  |TAMS 0x000000070e000000| PB 0x000000070e000000| Untracked |  0
|  84|0x000000070e200000, 0x000000070e200000, 0x000000070e400000|  0%| F|  |TAMS 0x000000070e200000| PB 0x000000070e200000| Untracked |  0
|  85|0x000000070e400000, 0x000000070e400000, 0x000000070e600000|  0%| F|  |TAMS 0x000000070e400000| PB 0x000000070e400000| Untracked |  0
|  86|0x000000070e600000, 0x000000070e600000, 0x000000070e800000|  0%| F|  |TAMS 0x000000070e600000| PB 0x000000070e600000| Untracked |  0
|  87|0x000000070e800000, 0x000000070e800000, 0x000000070ea00000|  0%| F|  |TAMS 0x000000070e800000| PB 0x000000070e800000| Untracked |  0
|  88|0x000000070ea00000, 0x000000070ea00000, 0x000000070ec00000|  0%| F|  |TAMS 0x000000070ea00000| PB 0x000000070ea00000| Untracked |  0
|  89|0x000000070ec00000, 0x000000070ec00000, 0x000000070ee00000|  0%| F|  |TAMS 0x000000070ec00000| PB 0x000000070ec00000| Untracked |  0
|  90|0x000000070ee00000, 0x000000070ee00000, 0x000000070f000000|  0%| F|  |TAMS 0x000000070ee00000| PB 0x000000070ee00000| Untracked |  0
|  91|0x000000070f000000, 0x000000070f000000, 0x000000070f200000|  0%| F|  |TAMS 0x000000070f000000| PB 0x000000070f000000| Untracked |  0
|  92|0x000000070f200000, 0x000000070f200000, 0x000000070f400000|  0%| F|  |TAMS 0x000000070f200000| PB 0x000000070f200000| Untracked |  0
|  93|0x000000070f400000, 0x000000070f400000, 0x000000070f600000|  0%| F|  |TAMS 0x000000070f400000| PB 0x000000070f400000| Untracked |  0
|  94|0x000000070f600000, 0x000000070f600000, 0x000000070f800000|  0%| F|  |TAMS 0x000000070f600000| PB 0x000000070f600000| Untracked |  0
|  95|0x000000070f800000, 0x000000070f800000, 0x000000070fa00000|  0%| F|  |TAMS 0x000000070f800000| PB 0x000000070f800000| Untracked |  0
|  96|0x000000070fa00000, 0x000000070fa00000, 0x000000070fc00000|  0%| F|  |TAMS 0x000000070fa00000| PB 0x000000070fa00000| Untracked |  0
|  97|0x000000070fc00000, 0x000000070fc00000, 0x000000070fe00000|  0%| F|  |TAMS 0x000000070fc00000| PB 0x000000070fc00000| Untracked |  0
|  98|0x000000070fe00000, 0x000000070fe00000, 0x0000000710000000|  0%| F|  |TAMS 0x000000070fe00000| PB 0x000000070fe00000| Untracked |  0
|  99|0x0000000710000000, 0x0000000710000000, 0x0000000710200000|  0%| F|  |TAMS 0x0000000710000000| PB 0x0000000710000000| Untracked |  0
| 100|0x0000000710200000, 0x0000000710200000, 0x0000000710400000|  0%| F|  |TAMS 0x0000000710200000| PB 0x0000000710200000| Untracked |  0
| 101|0x0000000710400000, 0x0000000710400000, 0x0000000710600000|  0%| F|  |TAMS 0x0000000710400000| PB 0x0000000710400000| Untracked |  0
| 102|0x0000000710600000, 0x0000000710600000, 0x0000000710800000|  0%| F|  |TAMS 0x0000000710600000| PB 0x0000000710600000| Untracked |  0
| 103|0x0000000710800000, 0x0000000710800000, 0x0000000710a00000|  0%| F|  |TAMS 0x0000000710800000| PB 0x0000000710800000| Untracked |  0
| 104|0x0000000710a00000, 0x0000000710a00000, 0x0000000710c00000|  0%| F|  |TAMS 0x0000000710a00000| PB 0x0000000710a00000| Untracked |  0
| 105|0x0000000710c00000, 0x0000000710c00000, 0x0000000710e00000|  0%| F|  |TAMS 0x0000000710c00000| PB 0x0000000710c00000| Untracked |  0
| 106|0x0000000710e00000, 0x0000000710e00000, 0x0000000711000000|  0%| F|  |TAMS 0x0000000710e00000| PB 0x0000000710e00000| Untracked |  0
| 107|0x0000000711000000, 0x0000000711000000, 0x0000000711200000|  0%| F|  |TAMS 0x0000000711000000| PB 0x0000000711000000| Untracked |  0
| 108|0x0000000711200000, 0x0000000711200000, 0x0000000711400000|  0%| F|  |TAMS 0x0000000711200000| PB 0x0000000711200000| Untracked |  0
| 109|0x0000000711400000, 0x0000000711400000, 0x0000000711600000|  0%| F|  |TAMS 0x0000000711400000| PB 0x0000000711400000| Untracked |  0
| 110|0x0000000711600000, 0x0000000711600000, 0x0000000711800000|  0%| F|  |TAMS 0x0000000711600000| PB 0x0000000711600000| Untracked |  0
| 111|0x0000000711800000, 0x0000000711800000, 0x0000000711a00000|  0%| F|  |TAMS 0x0000000711800000| PB 0x0000000711800000| Untracked |  0
| 112|0x0000000711a00000, 0x0000000711a00000, 0x0000000711c00000|  0%| F|  |TAMS 0x0000000711a00000| PB 0x0000000711a00000| Untracked |  0
| 113|0x0000000711c00000, 0x0000000711c00000, 0x0000000711e00000|  0%| F|  |TAMS 0x0000000711c00000| PB 0x0000000711c00000| Untracked |  0
| 114|0x0000000711e00000, 0x0000000711e00000, 0x0000000712000000|  0%| F|  |TAMS 0x0000000711e00000| PB 0x0000000711e00000| Untracked |  0
| 115|0x0000000712000000, 0x0000000712000000, 0x0000000712200000|  0%| F|  |TAMS 0x0000000712000000| PB 0x0000000712000000| Untracked |  0
| 116|0x0000000712200000, 0x0000000712200000, 0x0000000712400000|  0%| F|  |TAMS 0x0000000712200000| PB 0x0000000712200000| Untracked |  0
| 117|0x0000000712400000, 0x0000000712400000, 0x0000000712600000|  0%| F|  |TAMS 0x0000000712400000| PB 0x0000000712400000| Untracked |  0
| 118|0x0000000712600000, 0x0000000712600000, 0x0000000712800000|  0%| F|  |TAMS 0x0000000712600000| PB 0x0000000712600000| Untracked |  0
| 119|0x0000000712800000, 0x0000000712800000, 0x0000000712a00000|  0%| F|  |TAMS 0x0000000712800000| PB 0x0000000712800000| Untracked |  0
| 120|0x0000000712a00000, 0x0000000712a00000, 0x0000000712c00000|  0%| F|  |TAMS 0x0000000712a00000| PB 0x0000000712a00000| Untracked |  0
| 121|0x0000000712c00000, 0x0000000712c00000, 0x0000000712e00000|  0%| F|  |TAMS 0x0000000712c00000| PB 0x0000000712c00000| Untracked |  0
| 122|0x0000000712e00000, 0x0000000712e00000, 0x0000000713000000|  0%| F|  |TAMS 0x0000000712e00000| PB 0x0000000712e00000| Untracked |  0
| 123|0x0000000713000000, 0x0000000713000000, 0x0000000713200000|  0%| F|  |TAMS 0x0000000713000000| PB 0x0000000713000000| Untracked |  0
| 124|0x0000000713200000, 0x0000000713200000, 0x0000000713400000|  0%| F|  |TAMS 0x0000000713200000| PB 0x0000000713200000| Untracked |  0
| 125|0x0000000713400000, 0x0000000713400000, 0x0000000713600000|  0%| F|  |TAMS 0x0000000713400000| PB 0x0000000713400000| Untracked |  0
| 126|0x0000000713600000, 0x00000007137eb968, 0x0000000713800000| 96%| E|  |TAMS 0x0000000713600000| PB 0x0000000713600000| Complete |  0

Card table byte_map: [0x0000021afefe0000,0x0000021aff7d0000] _byte_map_base: 0x0000021afb7c3000

Marking Bits: (CMBitMap*) 0x0000021afe45d340
 Bits: [0x0000021a97280000, 0x0000021a9b198000)

Polling page: 0x0000021afc370000

Metaspace:

Usage:
  Non-class:     63.87 KB used.
      Class:      1.56 KB used.
       Both:     65.43 KB used.

Virtual space:
  Non-class space:       64.00 MB reserved,      64.00 KB ( <1%) committed,  1 nodes.
      Class space:        1.00 GB reserved,      64.00 KB ( <1%) committed,  1 nodes.
             Both:        1.06 GB reserved,     128.00 KB ( <1%) committed. 

Chunk freelists:
   Non-Class:  12.00 MB
       Class:  15.75 MB
        Both:  27.75 MB

MaxMetaspaceSize: unlimited
CompressedClassSpaceSize: 1.00 GB
Initial GC threshold: 21.00 MB
Current GC threshold: 21.00 MB
CDS: on
 - commit_granule_bytes: 65536.
 - commit_granule_words: 8192.
 - virtual_space_node_default_size: 8388608.
 - enlarge_chunks_in_place: 1.
 - use_allocation_guard: 0.


Internal statistics:

num_allocs_failed_limit: 0.
num_arena_births: 2.
num_arena_deaths: 0.
num_vsnodes_births: 2.
num_vsnodes_deaths: 0.
num_space_committed: 2.
num_space_uncommitted: 0.
num_chunks_returned_to_freelist: 0.
num_chunks_taken_from_freelist: 3.
num_chunk_merges: 0.
num_chunk_splits: 2.
num_chunks_enlarged: 0.
num_inconsistent_stats: 0.

CodeHeap 'non-profiled nmethods': size=120000Kb used=1Kb max_used=1Kb free=119998Kb
 bounds [0x0000021a8fd50000, 0x0000021a8ffc0000, 0x0000021a97280000]
CodeHeap 'profiled nmethods': size=120000Kb used=28Kb max_used=28Kb free=119971Kb
 bounds [0x0000021a88280000, 0x0000021a884f0000, 0x0000021a8f7b0000]
CodeHeap 'non-nmethods': size=5760Kb used=1232Kb max_used=1246Kb free=4527Kb
 bounds [0x0000021a8f7b0000, 0x0000021a8fa20000, 0x0000021a8fd50000]
 total_blobs=310 nmethods=21 adapters=194
 compilation: enabled
              stopped_count=0, restarted_count=0
 full_count=0

Compilation events (20 events):
Event: 0.072 Thread 0x0000021a9d5e10a0 nmethod 10 0x0000021a88284010 code [0x0000021a882841c0, 0x0000021a88284428]
Event: 0.072 Thread 0x0000021a9d5e10a0   11       3       java.lang.StringLatin1::equals (36 bytes)
Event: 0.072 Thread 0x0000021a9d5e10a0 nmethod 11 0x0000021a88284510 code [0x0000021a882846c0, 0x0000021a88284950]
Event: 0.072 Thread 0x0000021a9d5e10a0   14       3       java.lang.module.ModuleDescriptor::modsHashCode (43 bytes)
Event: 0.072 Thread 0x0000021a9d5e10a0 nmethod 14 0x0000021a88284a90 code [0x0000021a88284c80, 0x0000021a882851b8]
Event: 0.072 Thread 0x0000021a9d5e10a0   13       3       java.lang.module.ModuleDescriptor$Exports::<init> (20 bytes)
Event: 0.072 Thread 0x0000021a9d5e10a0 nmethod 13 0x0000021a88285390 code [0x0000021a88285540, 0x0000021a882857d0]
Event: 0.072 Thread 0x0000021a9d5e10a0   15       3       java.util.ImmutableCollections$SetN::iterator (9 bytes)
Event: 0.072 Thread 0x0000021a9d5e10a0 nmethod 15 0x0000021a88285890 code [0x0000021a88285a40, 0x0000021a88285be8]
Event: 0.072 Thread 0x0000021a9d5e10a0   16       3       java.util.Objects::requireNonNull (14 bytes)
Event: 0.073 Thread 0x0000021a9d5e10a0 nmethod 16 0x0000021a88285c90 code [0x0000021a88285e40, 0x0000021a88286028]
Event: 0.073 Thread 0x0000021a9d5e10a0   17       3       java.util.AbstractCollection::<init> (5 bytes)
Event: 0.073 Thread 0x0000021a9d5e10a0 nmethod 17 0x0000021a88286110 code [0x0000021a882862a0, 0x0000021a88286408]
Event: 0.073 Thread 0x0000021a9d5e10a0   18       3       java.util.Set::of (4 bytes)
Event: 0.073 Thread 0x0000021a9d5e10a0 nmethod 18 0x0000021a88286510 code [0x0000021a882866a0, 0x0000021a88286798]
Event: 0.073 Thread 0x0000021a9d5e10a0   19       3       java.util.ImmutableCollections$AbstractImmutableCollection::<init> (5 bytes)
Event: 0.073 Thread 0x0000021a9d5e10a0 nmethod 19 0x0000021a88286810 code [0x0000021a882869c0, 0x0000021a88286b88]
Event: 0.073 Thread 0x0000021a9d5e10a0   20       3       java.util.ImmutableCollections$AbstractImmutableSet::<init> (5 bytes)
Event: 0.073 Thread 0x0000021a9d5e10a0 nmethod 20 0x0000021a88286c90 code [0x0000021a88286e40, 0x0000021a88287068]
Event: 0.074 Thread 0x0000021a9d5e10a0   22       3       java.util.Set::of (68 bytes)

GC Heap History (0 events):
No events

Dll operation events (2 events):
Event: 0.030 Loaded shared library C:\Users\hp\.jdks\openjdk-22.0.2\bin\java.dll
Event: 0.069 Loaded shared library C:\Users\hp\.jdks\openjdk-22.0.2\bin\jsvml.dll

Deoptimization events (0 events):
No events

Classes loaded (2 events):
Event: 0.064 Loading class sun/nio/cs/UTF_8$Encoder
Event: 0.064 Loading class sun/nio/cs/UTF_8$Encoder done

Classes unloaded (0 events):
No events

Classes redefined (0 events):
No events

Internal exceptions (0 events):
No events

ZGC Phase Switch (0 events):
No events

VM Operations (0 events):
No events

Memory protections (0 events):
No events

Nmethod flushes (0 events):
No events

Events (9 events):
Event: 0.050 Thread 0x0000021afe3f5bc0 Thread added: 0x0000021afe3f5bc0
Event: 0.066 Thread 0x0000021afe3f5bc0 Thread added: 0x0000021a9d46c900
Event: 0.066 Thread 0x0000021afe3f5bc0 Thread added: 0x0000021a9d46dac0
Event: 0.066 Thread 0x0000021afe3f5bc0 Thread added: 0x0000021a9d4755c0
Event: 0.066 Thread 0x0000021afe3f5bc0 Thread added: 0x0000021a9d478480
Event: 0.067 Thread 0x0000021afe3f5bc0 Thread added: 0x0000021a9d479ad0
Event: 0.067 Thread 0x0000021afe3f5bc0 Thread added: 0x0000021a9d47d010
Event: 0.067 Thread 0x0000021afe3f5bc0 Thread added: 0x0000021a9d4866f0
Event: 0.067 Thread 0x0000021afe3f5bc0 Thread added: 0x0000021a9d5e10a0


Dynamic libraries:
0x00007ff63dfe0000 - 0x00007ff63dfee000 	C:\Users\hp\.jdks\openjdk-22.0.2\bin\java.exe
0x00007fffb9cb0000 - 0x00007fffb9ec7000 	C:\WINDOWS\SYSTEM32\ntdll.dll
0x00007fffb8fc0000 - 0x00007fffb9084000 	C:\WINDOWS\System32\KERNEL32.DLL
0x00007fffb7300000 - 0x00007fffb76ad000 	C:\WINDOWS\System32\KERNELBASE.dll
0x00007fffb6fd0000 - 0x00007fffb70e1000 	C:\WINDOWS\System32\ucrtbase.dll
0x00007fffb3c00000 - 0x00007fffb3c17000 	C:\Users\hp\.jdks\openjdk-22.0.2\bin\jli.dll
0x00007fffae3e0000 - 0x00007fffae3fb000 	C:\Users\hp\.jdks\openjdk-22.0.2\bin\VCRUNTIME140.dll
0x00007fffb8a90000 - 0x00007fffb8c3e000 	C:\WINDOWS\System32\USER32.dll
0x00007fff9a9f0000 - 0x00007fff9ac83000 	C:\WINDOWS\WinSxS\amd64_microsoft.windows.common-controls_6595b64144ccf1df_6.0.22621.3672_none_2713b9d173822955\COMCTL32.dll
0x00007fffb7840000 - 0x00007fffb7866000 	C:\WINDOWS\System32\win32u.dll
0x00007fffb9bc0000 - 0x00007fffb9c67000 	C:\WINDOWS\System32\msvcrt.dll
0x00007fffb8ea0000 - 0x00007fffb8ec9000 	C:\WINDOWS\System32\GDI32.dll
0x00007fffb7720000 - 0x00007fffb7839000 	C:\WINDOWS\System32\gdi32full.dll
0x00007fffb7120000 - 0x00007fffb71ba000 	C:\WINDOWS\System32\msvcp_win.dll
0x00007fffb8e60000 - 0x00007fffb8e91000 	C:\WINDOWS\System32\IMM32.DLL
0x00007fffaf370000 - 0x00007fffaf37c000 	C:\Users\hp\.jdks\openjdk-22.0.2\bin\vcruntime140_1.dll
0x00007fff6afc0000 - 0x00007fff6b04e000 	C:\Users\hp\.jdks\openjdk-22.0.2\bin\msvcp140.dll
0x00007ffeec980000 - 0x00007ffeed6c9000 	C:\Users\hp\.jdks\openjdk-22.0.2\bin\server\jvm.dll
0x00007fffb8190000 - 0x00007fffb8242000 	C:\WINDOWS\System32\ADVAPI32.dll
0x00007fffb92a0000 - 0x00007fffb9349000 	C:\WINDOWS\System32\sechost.dll
0x00007fffb70f0000 - 0x00007fffb7118000 	C:\WINDOWS\System32\bcrypt.dll
0x00007fffb7fb0000 - 0x00007fffb80c4000 	C:\WINDOWS\System32\RPCRT4.dll
0x00007fffb8250000 - 0x00007fffb82c1000 	C:\WINDOWS\System32\WS2_32.dll
0x00007fffb5e60000 - 0x00007fffb5ead000 	C:\WINDOWS\SYSTEM32\POWRPROF.dll
0x00007fffaf290000 - 0x00007fffaf2c4000 	C:\WINDOWS\SYSTEM32\WINMM.dll
0x00007fffaebf0000 - 0x00007fffaebfa000 	C:\WINDOWS\SYSTEM32\VERSION.dll
0x00007fffb5e40000 - 0x00007fffb5e53000 	C:\WINDOWS\SYSTEM32\UMPDC.dll
0x00007fffb60f0000 - 0x00007fffb6108000 	C:\WINDOWS\SYSTEM32\kernel.appcore.dll
0x00007fffae3d0000 - 0x00007fffae3da000 	C:\Users\hp\.jdks\openjdk-22.0.2\bin\jimage.dll
0x00007fffb4750000 - 0x00007fffb4982000 	C:\WINDOWS\SYSTEM32\DBGHELP.DLL
0x00007fffb79e0000 - 0x00007fffb7d6d000 	C:\WINDOWS\System32\combase.dll
0x00007fffb7ed0000 - 0x00007fffb7fa7000 	C:\WINDOWS\System32\OLEAUT32.dll
0x00007fff912d0000 - 0x00007fff91302000 	C:\WINDOWS\SYSTEM32\dbgcore.DLL
0x00007fffb71c0000 - 0x00007fffb723b000 	C:\WINDOWS\System32\bcryptPrimitives.dll
0x00007fffa57d0000 - 0x00007fffa57df000 	C:\Users\hp\.jdks\openjdk-22.0.2\bin\instrument.dll
0x00007fff6afa0000 - 0x00007fff6afbe000 	C:\Users\hp\.jdks\openjdk-22.0.2\bin\java.dll
0x00007fffb9350000 - 0x00007fffb9bb8000 	C:\WINDOWS\System32\SHELL32.dll
0x00007fffb8cb0000 - 0x00007fffb8e55000 	C:\WINDOWS\System32\ole32.dll
0x00007fffb4f20000 - 0x00007fffb581e000 	C:\WINDOWS\SYSTEM32\windows.storage.dll
0x00007fffb4de0000 - 0x00007fffb4f1f000 	C:\WINDOWS\SYSTEM32\wintypes.dll
0x00007fffb7dd0000 - 0x00007fffb7ec9000 	C:\WINDOWS\System32\SHCORE.dll
0x00007fffb9240000 - 0x00007fffb929e000 	C:\WINDOWS\System32\shlwapi.dll
0x00007fffb6f00000 - 0x00007fffb6f21000 	C:\WINDOWS\SYSTEM32\profapi.dll
0x00007fff6aa00000 - 0x00007fff6aad7000 	C:\Users\hp\.jdks\openjdk-22.0.2\bin\jsvml.dll

dbghelp: loaded successfully - version: 4.0.5 - missing functions: none
symbol engine: initialized successfully - sym options: 0x614 - pdb path: .;C:\Users\hp\.jdks\openjdk-22.0.2\bin;C:\WINDOWS\SYSTEM32;C:\WINDOWS\WinSxS\amd64_microsoft.windows.common-controls_6595b64144ccf1df_6.0.22621.3672_none_2713b9d173822955;C:\Users\hp\.jdks\openjdk-22.0.2\bin\server

VM Arguments:
jvm_args: --enable-preview -javaagent:C:\Program Files\JetBrains\IntelliJ IDEA Community Edition 2023.3.5\lib\idea_rt.jar=50346:C:\Program Files\JetBrains\IntelliJ IDEA Community Edition 2023.3.5\bin -Dfile.encoding=UTF-8 -Dsun.stdout.encoding=UTF-8 -Dsun.stderr.encoding=UTF-8 
java_command: com.abcrestaurant.Backend.BackendApplication
java_class_path (initial): D:\Abc_Resturant\Backend\target\classes;C:\Users\hp\.m2\repository\org\springframework\boot\spring-boot-starter-data-jpa\3.3.2\spring-boot-starter-data-jpa-3.3.2.jar;C:\Users\hp\.m2\repository\org\springframework\boot\spring-boot-starter-aop\3.3.2\spring-boot-starter-aop-3.3.2.jar;C:\Users\hp\.m2\repository\org\springframework\spring-aop\6.1.11\spring-aop-6.1.11.jar;C:\Users\hp\.m2\repository\org\aspectj\aspectjweaver\1.9.22.1\aspectjweaver-1.9.22.1.jar;C:\Users\hp\.m2\repository\org\springframework\boot\spring-boot-starter-jdbc\3.3.2\spring-boot-starter-jdbc-3.3.2.jar;C:\Users\hp\.m2\repository\com\zaxxer\HikariCP\5.1.0\HikariCP-5.1.0.jar;C:\Users\hp\.m2\repository\org\springframework\spring-jdbc\6.1.11\spring-jdbc-6.1.11.jar;C:\Users\hp\.m2\repository\org\hibernate\orm\hibernate-core\6.5.2.Final\hibernate-core-6.5.2.Final.jar;C:\Users\hp\.m2\repository\jakarta\persistence\jakarta.persistence-api\3.1.0\jakarta.persistence-api-3.1.0.jar;C:\Users\hp\.m2\repository\jakarta\transaction\jakarta.transaction-api\2.0.1\jakarta.transaction-api-2.0.1.jar;C:\Users\hp\.m2\repository\org\jboss\logging\jboss-logging\3.5.3.Final\jboss-logging-3.5.3.Final.jar;C:\Users\hp\.m2\repository\org\hibernate\common\hibernate-commons-annotations\6.0.6.Final\hibernate-commons-annotations-6.0.6.Final.jar;C:\Users\hp\.m2\repository\io\smallrye\jandex\3.1.2\jandex-3.1.2.jar;C:\Users\hp\.m2\repository\com\fasterxml\classmate\1.7.0\classmate-1.7.0.jar;C:\Users\hp\.m2\repository\net\bytebuddy\byte-buddy\1.14.18\byte-buddy-1.14.18.jar;C:\Users\hp\.m2\repository\org\glassfish\jaxb\jaxb-runtime\4.0.5\jaxb-runtime-4.0.5.jar;C:\Users\hp\.m2\repository\org\glassfish\jaxb\jaxb-core\4.0.5\jaxb-core-4.0.5.jar;C:\Users\hp\.m2\repository\org\eclipse\angus\angus-activation\2.0.2\angus-activation-2.0.2.jar;C:\Users\hp\.m2\repository\org\glassfish\jaxb\txw2\4.0.5\txw2-4.0.5.jar;C:\Users\hp\.m2\repository\com\sun\istack\istack-commons-runtime\4.1.2\istack-commons-runtime-4.1.2.jar;C:\Users\hp\.m2\repository\jakarta\inject\jakarta.inject-api\2.0.1\jakarta.inject-api-2.0.1.jar;C:\Users\hp\.m2\repository\org\antlr\antlr4-runtime\4.13.0\antlr4-runtime-4.13.0.jar;C:\Users\hp\.m2\repository\org\springframework\data\spring-data-jpa\3.3.2\spring-data-jpa-3.3.2.jar;C:\Users\hp\.m2\repository\org\springframework\data\spring-data-commons\3.3.2\spring-data-commons-3.3.2.jar;C:\Users\hp\.m2\repository\org\springframework\spring-orm\6.1.11\spring-orm-6.1.11.jar;C:\Users\hp\.m2\repository\org\springframework\spring-context\6.1.11\spring-context-6.1.11.jar;C:\Users\hp\.m2\repository\org\springframework\spring-tx\6.1.11\spring-tx-6.1.11.jar;C:\Users\hp\.m2\repository\org\springframework\spring-beans\6.1.11\spring-beans-6.1.11.jar;C:\Users\hp\.m2\repository\jakarta\annotation\jakarta.annotation-api\2.1.1\jakarta.annotation-api-2.1.1.jar;C:\Users\hp\.m2\repository\org\slf4j\slf4j-api\2.0.13\slf4j-api-2.0.13.jar;C:\Users\hp\.m2\repository\org\springframework\spring-aspects\6.1.11\spring-aspects-6.1.11.jar;C:\Users\hp\.m2\repository\org\springframework\boot\spring-boot-starter-web\3.3.2\spring-boot-starter-web-3.3.2.jar;C:\Users\hp\.m2\repository\org\springframework\boot\spring-boot-starter\3.3.2\spring-boot-starter-3.3.2.jar;C:\Users\hp\.m2\repository\org\springframework\boot\spring-boot\3.3.2\spring-boot-3.3.2.jar;C:\Users\hp\.m2\repository\org\springframework\boot\spring-boot-autoconfigure\3.3.2\spring-boot-autoconfigure-3.3.2.jar;C:\Users\hp\.m2\repository\org\springframework\boot\spring-boot-starter-logging\3.3.2\spring-boot-starter-logging-3.3.2.jar;C:\Users\hp\.m2\repository\ch\qos\logback\logback-classic\1.5.6\logback-classic-1.5.6.jar;C:\Users\hp\.m2\repository\ch\qos\logback\logback-core\1.5.6\logback-core-1.5.6.jar;C:\Users\hp\.m2\repository\org\apache\logging\log4j\log4j-to-slf4j\2.23.1\log4j-to-slf4j-2.23.1.jar;C:\Users\hp\.m2\repository\org\apache\logging\log4j\log4j-api\2.23.1\log4j-api-2.23.1.jar;C:\Users\hp\.m2\repository\org\slf4j\jul-to-slf4j\2.0.13\jul-to-slf4j-2.0.13.jar;C:\Users\hp\.m2\repository\org\yaml\snakeyaml\2.2\snakeyaml-2.2.jar;C:\Users\hp\.m2\repository\org\springframework\boot\spring-boot-starter-json\3.3.2\spring-boot-starter-json-3.3.2.jar;C:\Users\hp\.m2\repository\com\fasterxml\jackson\core\jackson-databind\2.17.2\jackson-databind-2.17.2.jar;C:\Users\hp\.m2\repository\com\fasterxml\jackson\core\jackson-annotations\2.17.2\jackson-annotations-2.17.2.jar;C:\Users\hp\.m2\repository\com\fasterxml\jackson\core\jackson-core\2.17.2\jackson-core-2.17.2.jar;C:\Users\hp\.m2\repository\com\fasterxml\jackson\datatype\jackson-datatype-jdk8\2.17.2\jackson-datatype-jdk8-2.17.2.jar;C:\Users\hp\.m2\repository\com\fasterxml\jackson\datatype\jackson-datatype-jsr310\2.17.2\jackson-datatype-jsr310-2.17.2.jar;C:\Users\hp\.m2\repository\com\fasterxml\jackson\module\jackson-module-parameter-names\2.17.2\jackson-module-parameter-names-2.17.2.jar;C:\Users\hp\.m2\repository\org\springframework\boot\spring-boot-starter-tomcat\3.3.2\spring-boot-starter-tomcat-3.3.2.jar;C:\Users\hp\.m2\repository\org\apache\tomcat\embed\tomcat-embed-core\10.1.26\tomcat-embed-core-10.1.26.jar;C:\Users\hp\.m2\repository\org\apache\tomcat\embed\tomcat-embed-el\10.1.26\tomcat-embed-el-10.1.26.jar;C:\Users\hp\.m2\repository\org\apache\tomcat\embed\tomcat-embed-websocket\10.1.26\tomcat-embed-websocket-10.1.26.jar;C:\Users\hp\.m2\repository\org\springframework\spring-web\6.1.11\spring-web-6.1.11.jar;C:\Users\hp\.m2\repository\io\micrometer\micrometer-observation\1.13.2\micrometer-observation-1.13.2.jar;C:\Users\hp\.m2\repository\io\micrometer\micrometer-commons\1.13.2\micrometer-commons-1.13.2.jar;C:\Users\hp\.m2\repository\org\springframework\spring-webmvc\6.1.11\spring-webmvc-6.1.11.jar;C:\Users\hp\.m2\repository\org\springframework\spring-expression\6.1.11\spring-expression-6.1.11.jar;C:\Users\hp\.m2\repository\com\mysql\mysql-connector-j\8.3.0\mysql-connector-j-8.3.0.jar;C:\Users\hp\.m2\repository\jakarta\xml\bind\jakarta.xml.bind-api\4.0.2\jakarta.xml.bind-api-4.0.2.jar;C:\Users\hp\.m2\repository\jakarta\activation\jakarta.activation-api\2.1.3\jakarta.activation-api-2.1.3.jar;C:\Users\hp\.m2\repository\org\springframework\spring-core\6.1.11\spring-core-6.1.11.jar;C:\Users\hp\.m2\repository\org\springframework\spring-jcl\6.1.11\spring-jcl-6.1.11.jar
Launcher Type: SUN_STANDARD

[Global flags]
     intx CICompilerCount                          = 4                                         {product} {ergonomic}
     uint ConcGCThreads                            = 2                                         {product} {ergonomic}
     uint G1ConcRefinementThreads                  = 8                                         {product} {ergonomic}
   size_t G1HeapRegionSize                         = 2097152                                   {product} {ergonomic}
   size_t InitialHeapSize                          = 266338304                                 {product} {ergonomic}
   size_t MarkStackSize                            = 4194304                                   {product} {ergonomic}
   size_t MaxHeapSize                              = 4234149888                                {product} {ergonomic}
   size_t MaxNewSize                               = 2539651072                                {product} {ergonomic}
   size_t MinHeapDeltaBytes                        = 2097152                                   {product} {ergonomic}
   size_t MinHeapSize                              = 8388608                                   {product} {ergonomic}
    uintx NonNMethodCodeHeapSize                   = 5839372                                {pd product} {ergonomic}
    uintx NonProfiledCodeHeapSize                  = 122909434                              {pd product} {ergonomic}
    uintx ProfiledCodeHeapSize                     = 122909434                              {pd product} {ergonomic}
    uintx ReservedCodeCacheSize                    = 251658240                              {pd product} {ergonomic}
     bool SegmentedCodeCache                       = true                                      {product} {ergonomic}
   size_t SoftMaxHeapSize                          = 4234149888                             {manageable} {ergonomic}
     bool UseCompressedOops                        = true                           {product lp64_product} {ergonomic}
     bool UseG1GC                                  = true                                      {product} {ergonomic}
     bool UseLargePagesIndividualAllocation        = false                                  {pd product} {ergonomic}

Logging:
Log output configuration:
 #0: stdout all=warning uptime,level,tags foldmultilines=false
 #1: stderr all=off uptime,level,tags foldmultilines=false

Environment Variables:
PATH=C:\Program Files\Common Files\Oracle\Java\javapath;C:\Program Files (x86)\Common Files\Oracle\Java\java8path;C:\Program Files (x86)\Common Files\Oracle\Java\javapath;C:\WINDOWS\system32;C:\WINDOWS;C:\WINDOWS\System32\Wbem;C:\WINDOWS\System32\WindowsPowerShell\v1.0\;C:\WINDOWS\System32\OpenSSH\;C:\Program Files\nodejs\;C:\Program Files\MySQL\MySQL Server 8.0\bin;C:\ProgramData\ComposerSetup\bin;C:\xampp;C:\php-8.2.12;C:\Program Files\Git\cmd;C:\Users\hp\AppData\Local\Programs\Microsoft VS Code\bin;C:\Program Files\JetBrains\IntelliJ IDEA Community Edition 2023.3.5\bin;;C:\Program Files\Git\cmd;C:\Program Files\Git;
USERNAME=hp
OS=Windows_NT
PROCESSOR_IDENTIFIER=Intel64 Family 6 Model 140 Stepping 2, GenuineIntel
TMP=C:\Users\hp\AppData\Local\Temp
TEMP=C:\Users\hp\AppData\Local\Temp




Periodic native trim disabled

---------------  S Y S T E M  ---------------

OS:
 Windows 11 , 64 bit Build 22621 (10.0.22621.3958)
OS uptime: 0 days 22:36 hours

CPU: total 8 (initial active 8) (4 cores per cpu, 2 threads per core) family 6 model 140 stepping 2 microcode 0x34, cx8, cmov, fxsr, ht, mmx, 3dnowpref, sse, sse2, sse3, ssse3, sse4.1, sse4.2, popcnt, lzcnt, tsc, tscinvbit, avx, avx2, aes, erms, clmul, bmi1, bmi2, adx, avx512f, avx512dq, avx512cd, avx512bw, avx512vl, sha, fma, vzeroupper, avx512_vpopcntdq, avx512_vpclmulqdq, avx512_vaes, avx512_vnni, clflush, clflushopt, clwb, avx512_vbmi2, avx512_vbmi, rdtscp, rdpid, fsrm, gfni, avx512_bitalg, f16c, pku, cet_ibt, cet_ss, avx512_ifma
Processor Information for all 8 processors :
  Max Mhz: 2918, Current Mhz: 2918, Mhz Limit: 2918

Memory: 4k page, system-wide physical 16151M (3507M free)
TotalPageFile size 18199M (AvailPageFile size 15M)
current process WorkingSet (physical memory assigned to process): 34M, peak: 34M
current process commit charge ("private bytes"): 337M, peak: 337M

vm_info: OpenJDK 64-Bit Server VM (22.0.2+9-70) for windows-amd64 JRE (22.0.2+9-70), built on 2024-06-04T16:52:23Z by "mach5one" with MS VC++ 17.6 (VS2022)

END.
