#
# There is insufficient memory for the Java Runtime Environment to continue.
# Native memory allocation (malloc) failed to allocate 1262896 bytes. Error detail: Chunk::new
# Possible reasons:
#   The system is out of physical RAM or swap space
#   This process is running with CompressedOops enabled, and the Java Heap may be blocking the growth of the native heap
# Possible solutions:
#   Reduce memory load on the system
#   Increase physical memory or swap space
#   Check if swap backing store is full
#   Decrease Java heap size (-Xmx/-Xms)
#   Decrease number of Java threads
#   Decrease Java thread stack sizes (-Xss)
#   Set larger code cache with -XX:ReservedCodeCacheSize=
#   JVM is running with Zero Based Compressed Oops mode in which the Java heap is
#     placed in the first 32GB address space. The Java Heap base address is the
#     maximum limit for the native heap growth. Please use -XX:HeapBaseMinAddress
#     to set the Java Heap base and to place the Java Heap above 32GB virtual address.
# This output file may be truncated or incomplete.
#
#  Out of Memory Error (arena.cpp:150), pid=18284, tid=20148
#
# JRE version: OpenJDK Runtime Environment (22.0.2+9) (build 22.0.2+9-70)
# Java VM: OpenJDK 64-Bit Server VM (22.0.2+9-70, mixed mode, sharing, tiered, compressed oops, compressed class ptrs, g1 gc, windows-amd64)
# No core dump will be written. Minidumps are not enabled by default on client versions of Windows
#

---------------  S U M M A R Y ------------

Command Line: --enable-preview -javaagent:C:\Program Files\JetBrains\IntelliJ IDEA Community Edition 2023.3.5\lib\idea_rt.jar=59802:C:\Program Files\JetBrains\IntelliJ IDEA Community Edition 2023.3.5\bin -Dfile.encoding=UTF-8 -Dsun.stdout.encoding=UTF-8 -Dsun.stderr.encoding=UTF-8 com.abcrestaurant.Backend.BackendApplication

Host: 11th Gen Intel(R) Core(TM) i7-1195G7 @ 2.90GHz, 8 cores, 15G,  Windows 11 , 64 bit Build 22621 (10.0.22621.3958)
Time: Sun Sep  8 00:28:54 2024 Sri Lanka Standard Time elapsed time: 9.124472 seconds (0d 0h 0m 9s)

---------------  T H R E A D  ---------------

Current thread (0x000001a3d5ff5c20):  JavaThread "C2 CompilerThread1" daemon [_thread_in_native, id=20148, stack(0x0000005449800000,0x0000005449900000) (1024K)]


Current CompileTask:
C2:9124 6828       4       org.springframework.core.ResolvableType::hasGenerics (14 bytes)

Stack: [0x0000005449800000,0x0000005449900000]
Native frames: (J=compiled Java code, j=interpreted, Vv=VM code, C=native code)
V  [jvm.dll+0x6e26e9]  (no source info available)
V  [jvm.dll+0x875753]  (no source info available)
V  [jvm.dll+0x877b7e]  (no source info available)
V  [jvm.dll+0x878253]  (no source info available)
V  [jvm.dll+0x27fc86]  (no source info available)
V  [jvm.dll+0xc3d0f]  (no source info available)
V  [jvm.dll+0xc3f6b]  (no source info available)
V  [jvm.dll+0x2f3c7f]  (no source info available)
V  [jvm.dll+0x60c0fa]  (no source info available)
V  [jvm.dll+0x250c92]  (no source info available)
V  [jvm.dll+0x24937c]  (no source info available)
V  [jvm.dll+0x246da6]  (no source info available)
V  [jvm.dll+0x1c4e80]  (no source info available)
V  [jvm.dll+0x2568f3]  (no source info available)
V  [jvm.dll+0x254baa]  (no source info available)
V  [jvm.dll+0x3f57a6]  (no source info available)
V  [jvm.dll+0x81dc0b]  (no source info available)
V  [jvm.dll+0x6e0d85]  (no source info available)
C  [ucrtbase.dll+0x29333]  (no source info available)
C  [KERNEL32.DLL+0x1257d]  (no source info available)
C  [ntdll.dll+0x5af28]  (no source info available)


---------------  P R O C E S S  ---------------

Threads class SMR info:
_java_thread_list=0x000001a420f26cc0, length=30, elements={
0x000001a3d5fd1ea0, 0x000001a3d5fd2eb0, 0x000001a3d5fd58b0, 0x000001a3d5fd8770,
0x000001a3d5fd96d0, 0x000001a3d5fdb360, 0x000001a3d5fefdc0, 0x000001a3d5ff3340,
0x000001a3d61f2b70, 0x000001a3d5ff5c20, 0x000001a3d6302f50, 0x000001a3d65c1500,
0x000001a41d655360, 0x000001a41db94cd0, 0x000001a41db95340, 0x000001a41cd73110,
0x000001a41db1ed90, 0x000001a41db1d350, 0x000001a41db1ccc0, 0x000001a41db1fab0,
0x000001a420925e80, 0x000001a42092a020, 0x000001a42092a6b0, 0x000001a420929300,
0x000001a4209285e0, 0x000001a420924ad0, 0x000001a420923db0, 0x000001a420926510,
0x000001a420926ba0, 0x000001a42092b3d0
}

Java Threads: ( => current thread )
  0x000001a3d5fd1ea0 JavaThread "Reference Handler"          daemon [_thread_blocked, id=11052, stack(0x0000005448f00000,0x0000005449000000) (1024K)]
  0x000001a3d5fd2eb0 JavaThread "Finalizer"                  daemon [_thread_blocked, id=11540, stack(0x0000005449000000,0x0000005449100000) (1024K)]
  0x000001a3d5fd58b0 JavaThread "Signal Dispatcher"          daemon [_thread_blocked, id=14404, stack(0x0000005449100000,0x0000005449200000) (1024K)]
  0x000001a3d5fd8770 JavaThread "Attach Listener"            daemon [_thread_blocked, id=21280, stack(0x0000005449200000,0x0000005449300000) (1024K)]
  0x000001a3d5fd96d0 JavaThread "Service Thread"             daemon [_thread_blocked, id=22984, stack(0x0000005449300000,0x0000005449400000) (1024K)]
  0x000001a3d5fdb360 JavaThread "Monitor Deflation Thread"   daemon [_thread_blocked, id=15568, stack(0x0000005449400000,0x0000005449500000) (1024K)]
  0x000001a3d5fefdc0 JavaThread "C2 CompilerThread0"         daemon [_thread_blocked, id=22904, stack(0x0000005449500000,0x0000005449600000) (1024K)]
  0x000001a3d5ff3340 JavaThread "C1 CompilerThread0"         daemon [_thread_blocked, id=3524, stack(0x0000005449600000,0x0000005449700000) (1024K)]
  0x000001a3d61f2b70 JavaThread "Common-Cleaner"             daemon [_thread_blocked, id=1716, stack(0x0000005449700000,0x0000005449800000) (1024K)]
=>0x000001a3d5ff5c20 JavaThread "C2 CompilerThread1"         daemon [_thread_in_native, id=20148, stack(0x0000005449800000,0x0000005449900000) (1024K)]
  0x000001a3d6302f50 JavaThread "Monitor Ctrl-Break"         daemon [_thread_in_native, id=22700, stack(0x0000005449a00000,0x0000005449b00000) (1024K)]
  0x000001a3d65c1500 JavaThread "Notification Thread"        daemon [_thread_blocked, id=16020, stack(0x0000005449b00000,0x0000005449c00000) (1024K)]
  0x000001a41d655360 JavaThread "Catalina-utility-1"                [_thread_blocked, id=12408, stack(0x000000544a400000,0x000000544a500000) (1024K)]
  0x000001a41db94cd0 JavaThread "Catalina-utility-2"                [_thread_blocked, id=21728, stack(0x000000544a500000,0x000000544a600000) (1024K)]
  0x000001a41db95340 JavaThread "container-0"                       [_thread_blocked, id=20936, stack(0x000000544a600000,0x000000544a700000) (1024K)]
  0x000001a41cd73110 JavaThread "mysql-cj-abandoned-connection-cleanup" daemon [_thread_blocked, id=18556, stack(0x000000544a700000,0x000000544a800000) (1024K)]
  0x000001a41db1ed90 JavaThread "HikariPool-1 housekeeper"   daemon [_thread_blocked, id=20732, stack(0x000000544a900000,0x000000544aa00000) (1024K)]
  0x000001a41db1d350 JavaThread "http-nio-8080-exec-1"       daemon [_thread_blocked, id=22172, stack(0x000000544ab00000,0x000000544ac00000) (1024K)]
  0x000001a41db1ccc0 JavaThread "http-nio-8080-exec-2"       daemon [_thread_blocked, id=22668, stack(0x000000544ac00000,0x000000544ad00000) (1024K)]
  0x000001a41db1fab0 JavaThread "http-nio-8080-exec-3"       daemon [_thread_blocked, id=22900, stack(0x000000544ad00000,0x000000544ae00000) (1024K)]
  0x000001a420925e80 JavaThread "http-nio-8080-exec-4"       daemon [_thread_blocked, id=7156, stack(0x000000544ae00000,0x000000544af00000) (1024K)]
  0x000001a42092a020 JavaThread "http-nio-8080-exec-5"       daemon [_thread_blocked, id=6724, stack(0x000000544af00000,0x000000544b000000) (1024K)]
  0x000001a42092a6b0 JavaThread "http-nio-8080-exec-6"       daemon [_thread_blocked, id=8692, stack(0x000000544b000000,0x000000544b100000) (1024K)]
  0x000001a420929300 JavaThread "http-nio-8080-exec-7"       daemon [_thread_blocked, id=15688, stack(0x000000544b100000,0x000000544b200000) (1024K)]
  0x000001a4209285e0 JavaThread "http-nio-8080-exec-8"       daemon [_thread_blocked, id=16096, stack(0x000000544b200000,0x000000544b300000) (1024K)]
  0x000001a420924ad0 JavaThread "http-nio-8080-exec-9"       daemon [_thread_blocked, id=20560, stack(0x000000544b300000,0x000000544b400000) (1024K)]
  0x000001a420923db0 JavaThread "http-nio-8080-exec-10"      daemon [_thread_blocked, id=2384, stack(0x000000544b400000,0x000000544b500000) (1024K)]
  0x000001a420926510 JavaThread "http-nio-8080-Poller"       daemon [_thread_in_native, id=17904, stack(0x000000544b500000,0x000000544b600000) (1024K)]
  0x000001a420926ba0 JavaThread "http-nio-8080-Acceptor"     daemon [_thread_in_native, id=20948, stack(0x000000544b600000,0x000000544b700000) (1024K)]
  0x000001a42092b3d0 JavaThread "DestroyJavaVM"                     [_thread_blocked, id=14832, stack(0x0000005448700000,0x0000005448800000) (1024K)]
Total: 30

Other Threads:
  0x000001a3d5fb7040 VMThread "VM Thread"                           [id=22160, stack(0x0000005448e00000,0x0000005448f00000) (1024K)]
  0x000001a3d5f9d6c0 WatcherThread "VM Periodic Task Thread"        [id=20440, stack(0x0000005448d00000,0x0000005448e00000) (1024K)]
  0x000001a3b708e7f0 WorkerThread "GC Thread#0"                     [id=5440, stack(0x0000005448800000,0x0000005448900000) (1024K)]
  0x000001a3d6a971c0 WorkerThread "GC Thread#1"                     [id=11400, stack(0x0000005449c00000,0x0000005449d00000) (1024K)]
  0x000001a3d6a97570 WorkerThread "GC Thread#2"                     [id=20060, stack(0x0000005449d00000,0x0000005449e00000) (1024K)]
  0x000001a41c2236a0 WorkerThread "GC Thread#3"                     [id=6872, stack(0x0000005449e00000,0x0000005449f00000) (1024K)]
  0x000001a3d6726fc0 WorkerThread "GC Thread#4"                     [id=19120, stack(0x0000005449f00000,0x000000544a000000) (1024K)]
  0x000001a3d6727780 WorkerThread "GC Thread#5"                     [id=18812, stack(0x000000544a000000,0x000000544a100000) (1024K)]
  0x000001a41c694bb0 WorkerThread "GC Thread#6"                     [id=10320, stack(0x000000544a200000,0x000000544a300000) (1024K)]
  0x000001a41c5c1a20 WorkerThread "GC Thread#7"                     [id=11476, stack(0x000000544a300000,0x000000544a400000) (1024K)]
  0x000001a3b70a01f0 ConcurrentGCThread "G1 Main Marker"            [id=4256, stack(0x0000005448900000,0x0000005448a00000) (1024K)]
  0x000001a3b70a14a0 WorkerThread "G1 Conc#0"                       [id=152, stack(0x0000005448a00000,0x0000005448b00000) (1024K)]
  0x000001a41d35e4f0 WorkerThread "G1 Conc#1"                       [id=7072, stack(0x000000544a100000,0x000000544a200000) (1024K)]
  0x000001a3d5e6b1f0 ConcurrentGCThread "G1 Refine#0"               [id=11352, stack(0x0000005448b00000,0x0000005448c00000) (1024K)]
  0x000001a3d5e6b980 ConcurrentGCThread "G1 Service"                [id=4940, stack(0x0000005448c00000,0x0000005448d00000) (1024K)]
Total: 15

Threads with active compile tasks:
C2 CompilerThread1  9151 6828       4       org.springframework.core.ResolvableType::hasGenerics (14 bytes)
Total: 1

VM state: not at safepoint (normal execution)

VM Mutex/Monitor currently owned by a thread: None

Heap address: 0x0000000703a00000, size: 4038 MB, Compressed Oops mode: Zero based, Oop shift amount: 3

CDS archive(s) mapped at: [0x000001a3d7000000-0x000001a3d7c60000-0x000001a3d7c60000), size 12976128, SharedBaseAddress: 0x000001a3d7000000, ArchiveRelocationMode: 1.
Compressed class space mapped at: 0x000001a3d8000000-0x000001a418000000, reserved size: 1073741824
Narrow klass base: 0x000001a3d7000000, Narrow klass shift: 0, Narrow klass range: 0x41000000

GC Precious Log:
 CardTable entry size: 512
 Card Set container configuration: InlinePtr #cards 4 size 8 Array Of Cards #cards 16 size 48 Howl #buckets 8 coarsen threshold 3686 Howl Bitmap #cards 512 size 80 coarsen threshold 460 Card regions per heap region 1 cards per card region 4096
 CPUs: 8 total, 8 available
 Memory: 16151M
 Large Page Support: Disabled
 NUMA Support: Disabled
 Compressed Oops: Enabled (Zero based)
 Heap Region Size: 2M
 Heap Min Capacity: 8M
 Heap Initial Capacity: 254M
 Heap Max Capacity: 4038M
 Pre-touch: Disabled
 Parallel Workers: 8
 Concurrent Workers: 2
 Concurrent Refinement Workers: 8
 Periodic GC: Disabled

Heap:
 garbage-first heap   total reserved 4134912K, committed 157696K, used 69765K [0x0000000703a00000, 0x0000000800000000)
  region size 2048K, 24 young (49152K), 2 survivors (4096K)
 Metaspace       used 70035K, committed 70720K, reserved 1114112K
  class space    used 9509K, committed 9792K, reserved 1048576K

Heap Regions: E=young(eden), S=young(survivor), O=old, HS=humongous(starts), HC=humongous(continues), CS=collection set, F=free, TAMS=top-at-mark-start, PB=parsable bottom
|   0|0x0000000703a00000, 0x0000000703c00000, 0x0000000703c00000|100%| O|  |TAMS 0x0000000703a00000| PB 0x0000000703a00000| Untracked |  0
|   1|0x0000000703c00000, 0x0000000703e00000, 0x0000000703e00000|100%| O|  |TAMS 0x0000000703c00000| PB 0x0000000703c00000| Untracked |  0
|   2|0x0000000703e00000, 0x0000000704000000, 0x0000000704000000|100%| O|  |TAMS 0x0000000703e00000| PB 0x0000000703e00000| Untracked |  0
|   3|0x0000000704000000, 0x0000000704200000, 0x0000000704200000|100%| O|  |TAMS 0x0000000704000000| PB 0x0000000704000000| Untracked |  0
|   4|0x0000000704200000, 0x0000000704400000, 0x0000000704400000|100%| O|  |TAMS 0x0000000704200000| PB 0x0000000704200000| Untracked |  0
|   5|0x0000000704400000, 0x0000000704600000, 0x0000000704600000|100%| O|  |TAMS 0x0000000704400000| PB 0x0000000704400000| Untracked |  0
|   6|0x0000000704600000, 0x0000000704800000, 0x0000000704800000|100%| O|  |TAMS 0x0000000704600000| PB 0x0000000704600000| Untracked |  0
|   7|0x0000000704800000, 0x0000000704a00000, 0x0000000704a00000|100%| O|  |TAMS 0x0000000704800000| PB 0x0000000704800000| Untracked |  0
|   8|0x0000000704a00000, 0x0000000704c00000, 0x0000000704c00000|100%| O|  |TAMS 0x0000000704a00000| PB 0x0000000704a00000| Untracked |  0
|   9|0x0000000704c00000, 0x0000000704e00000, 0x0000000704e00000|100%| O|  |TAMS 0x0000000704c00000| PB 0x0000000704c00000| Untracked |  0
|  10|0x0000000704e00000, 0x0000000705000000, 0x0000000705000000|100%| O|  |TAMS 0x0000000704e00000| PB 0x0000000704e00000| Untracked |  0
|  11|0x0000000705000000, 0x0000000705021680, 0x0000000705200000|  6%| O|  |TAMS 0x0000000705000000| PB 0x0000000705000000| Untracked |  0
|  12|0x0000000705200000, 0x0000000705200000, 0x0000000705400000|  0%| F|  |TAMS 0x0000000705200000| PB 0x0000000705200000| Untracked |  0
|  13|0x0000000705400000, 0x0000000705600000, 0x0000000705600000|100%| S|CS|TAMS 0x0000000705400000| PB 0x0000000705400000| Complete |  0
|  14|0x0000000705600000, 0x0000000705800000, 0x0000000705800000|100%| S|CS|TAMS 0x0000000705600000| PB 0x0000000705600000| Complete |  0
|  15|0x0000000705800000, 0x0000000705800000, 0x0000000705a00000|  0%| F|  |TAMS 0x0000000705800000| PB 0x0000000705800000| Untracked |  0
|  16|0x0000000705a00000, 0x0000000705a00000, 0x0000000705c00000|  0%| F|  |TAMS 0x0000000705a00000| PB 0x0000000705a00000| Untracked |  0
|  17|0x0000000705c00000, 0x0000000705c00000, 0x0000000705e00000|  0%| F|  |TAMS 0x0000000705c00000| PB 0x0000000705c00000| Untracked |  0
|  18|0x0000000705e00000, 0x0000000705e00000, 0x0000000706000000|  0%| F|  |TAMS 0x0000000705e00000| PB 0x0000000705e00000| Untracked |  0
|  19|0x0000000706000000, 0x0000000706000000, 0x0000000706200000|  0%| F|  |TAMS 0x0000000706000000| PB 0x0000000706000000| Untracked |  0
|  20|0x0000000706200000, 0x0000000706200000, 0x0000000706400000|  0%| F|  |TAMS 0x0000000706200000| PB 0x0000000706200000| Untracked |  0
|  21|0x0000000706400000, 0x0000000706400000, 0x0000000706600000|  0%| F|  |TAMS 0x0000000706400000| PB 0x0000000706400000| Untracked |  0
|  22|0x0000000706600000, 0x0000000706600000, 0x0000000706800000|  0%| F|  |TAMS 0x0000000706600000| PB 0x0000000706600000| Untracked |  0
|  23|0x0000000706800000, 0x0000000706800000, 0x0000000706a00000|  0%| F|  |TAMS 0x0000000706800000| PB 0x0000000706800000| Untracked |  0
|  24|0x0000000706a00000, 0x0000000706a00000, 0x0000000706c00000|  0%| F|  |TAMS 0x0000000706a00000| PB 0x0000000706a00000| Untracked |  0
|  25|0x0000000706c00000, 0x0000000706c00000, 0x0000000706e00000|  0%| F|  |TAMS 0x0000000706c00000| PB 0x0000000706c00000| Untracked |  0
|  26|0x0000000706e00000, 0x0000000706e00000, 0x0000000707000000|  0%| F|  |TAMS 0x0000000706e00000| PB 0x0000000706e00000| Untracked |  0
|  27|0x0000000707000000, 0x0000000707000000, 0x0000000707200000|  0%| F|  |TAMS 0x0000000707000000| PB 0x0000000707000000| Untracked |  0
|  28|0x0000000707200000, 0x0000000707200000, 0x0000000707400000|  0%| F|  |TAMS 0x0000000707200000| PB 0x0000000707200000| Untracked |  0
|  29|0x0000000707400000, 0x0000000707400000, 0x0000000707600000|  0%| F|  |TAMS 0x0000000707400000| PB 0x0000000707400000| Untracked |  0
|  30|0x0000000707600000, 0x0000000707600000, 0x0000000707800000|  0%| F|  |TAMS 0x0000000707600000| PB 0x0000000707600000| Untracked |  0
|  31|0x0000000707800000, 0x0000000707800000, 0x0000000707a00000|  0%| F|  |TAMS 0x0000000707800000| PB 0x0000000707800000| Untracked |  0
|  32|0x0000000707a00000, 0x0000000707a00000, 0x0000000707c00000|  0%| F|  |TAMS 0x0000000707a00000| PB 0x0000000707a00000| Untracked |  0
|  33|0x0000000707c00000, 0x0000000707c00000, 0x0000000707e00000|  0%| F|  |TAMS 0x0000000707c00000| PB 0x0000000707c00000| Untracked |  0
|  34|0x0000000707e00000, 0x0000000707e00000, 0x0000000708000000|  0%| F|  |TAMS 0x0000000707e00000| PB 0x0000000707e00000| Untracked |  0
|  35|0x0000000708000000, 0x0000000708000000, 0x0000000708200000|  0%| F|  |TAMS 0x0000000708000000| PB 0x0000000708000000| Untracked |  0
|  36|0x0000000708200000, 0x0000000708200000, 0x0000000708400000|  0%| F|  |TAMS 0x0000000708200000| PB 0x0000000708200000| Untracked |  0
|  37|0x0000000708400000, 0x0000000708400000, 0x0000000708600000|  0%| F|  |TAMS 0x0000000708400000| PB 0x0000000708400000| Untracked |  0
|  38|0x0000000708600000, 0x0000000708600000, 0x0000000708800000|  0%| F|  |TAMS 0x0000000708600000| PB 0x0000000708600000| Untracked |  0
|  39|0x0000000708800000, 0x0000000708800000, 0x0000000708a00000|  0%| F|  |TAMS 0x0000000708800000| PB 0x0000000708800000| Untracked |  0
|  40|0x0000000708a00000, 0x0000000708a00000, 0x0000000708c00000|  0%| F|  |TAMS 0x0000000708a00000| PB 0x0000000708a00000| Untracked |  0
|  41|0x0000000708c00000, 0x0000000708c00000, 0x0000000708e00000|  0%| F|  |TAMS 0x0000000708c00000| PB 0x0000000708c00000| Untracked |  0
|  42|0x0000000708e00000, 0x0000000708e00000, 0x0000000709000000|  0%| F|  |TAMS 0x0000000708e00000| PB 0x0000000708e00000| Untracked |  0
|  43|0x0000000709000000, 0x0000000709000000, 0x0000000709200000|  0%| F|  |TAMS 0x0000000709000000| PB 0x0000000709000000| Untracked |  0
|  44|0x0000000709200000, 0x0000000709200000, 0x0000000709400000|  0%| F|  |TAMS 0x0000000709200000| PB 0x0000000709200000| Untracked |  0
|  45|0x0000000709400000, 0x0000000709400000, 0x0000000709600000|  0%| F|  |TAMS 0x0000000709400000| PB 0x0000000709400000| Untracked |  0
|  46|0x0000000709600000, 0x0000000709600000, 0x0000000709800000|  0%| F|  |TAMS 0x0000000709600000| PB 0x0000000709600000| Untracked |  0
|  47|0x0000000709800000, 0x0000000709800000, 0x0000000709a00000|  0%| F|  |TAMS 0x0000000709800000| PB 0x0000000709800000| Untracked |  0
|  48|0x0000000709a00000, 0x0000000709a00000, 0x0000000709c00000|  0%| F|  |TAMS 0x0000000709a00000| PB 0x0000000709a00000| Untracked |  0
|  49|0x0000000709c00000, 0x0000000709c00000, 0x0000000709e00000|  0%| F|  |TAMS 0x0000000709c00000| PB 0x0000000709c00000| Untracked |  0
|  50|0x0000000709e00000, 0x0000000709e00000, 0x000000070a000000|  0%| F|  |TAMS 0x0000000709e00000| PB 0x0000000709e00000| Untracked |  0
|  51|0x000000070a000000, 0x000000070a000000, 0x000000070a200000|  0%| F|  |TAMS 0x000000070a000000| PB 0x000000070a000000| Untracked |  0
|  52|0x000000070a200000, 0x000000070a200000, 0x000000070a400000|  0%| F|  |TAMS 0x000000070a200000| PB 0x000000070a200000| Untracked |  0
|  53|0x000000070a400000, 0x000000070a400000, 0x000000070a600000|  0%| F|  |TAMS 0x000000070a400000| PB 0x000000070a400000| Untracked |  0
|  54|0x000000070a600000, 0x000000070a600000, 0x000000070a800000|  0%| F|  |TAMS 0x000000070a600000| PB 0x000000070a600000| Untracked |  0
|  55|0x000000070a800000, 0x000000070aa00000, 0x000000070aa00000|100%| E|  |TAMS 0x000000070a800000| PB 0x000000070a800000| Complete |  0
|  56|0x000000070aa00000, 0x000000070ac00000, 0x000000070ac00000|100%| E|CS|TAMS 0x000000070aa00000| PB 0x000000070aa00000| Complete |  0
|  57|0x000000070ac00000, 0x000000070ae00000, 0x000000070ae00000|100%| E|CS|TAMS 0x000000070ac00000| PB 0x000000070ac00000| Complete |  0
|  58|0x000000070ae00000, 0x000000070b000000, 0x000000070b000000|100%| E|CS|TAMS 0x000000070ae00000| PB 0x000000070ae00000| Complete |  0
|  59|0x000000070b000000, 0x000000070b200000, 0x000000070b200000|100%| E|CS|TAMS 0x000000070b000000| PB 0x000000070b000000| Complete |  0
|  60|0x000000070b200000, 0x000000070b400000, 0x000000070b400000|100%| E|CS|TAMS 0x000000070b200000| PB 0x000000070b200000| Complete |  0
|  61|0x000000070b400000, 0x000000070b600000, 0x000000070b600000|100%| E|CS|TAMS 0x000000070b400000| PB 0x000000070b400000| Complete |  0
|  62|0x000000070b600000, 0x000000070b800000, 0x000000070b800000|100%| E|CS|TAMS 0x000000070b600000| PB 0x000000070b600000| Complete |  0
|  63|0x000000070b800000, 0x000000070ba00000, 0x000000070ba00000|100%| E|CS|TAMS 0x000000070b800000| PB 0x000000070b800000| Complete |  0
|  64|0x000000070ba00000, 0x000000070bc00000, 0x000000070bc00000|100%| E|CS|TAMS 0x000000070ba00000| PB 0x000000070ba00000| Complete |  0
|  65|0x000000070bc00000, 0x000000070be00000, 0x000000070be00000|100%| E|CS|TAMS 0x000000070bc00000| PB 0x000000070bc00000| Complete |  0
|  66|0x000000070be00000, 0x000000070c000000, 0x000000070c000000|100%| E|CS|TAMS 0x000000070be00000| PB 0x000000070be00000| Complete |  0
|  67|0x000000070c000000, 0x000000070c200000, 0x000000070c200000|100%| E|CS|TAMS 0x000000070c000000| PB 0x000000070c000000| Complete |  0
|  68|0x000000070c200000, 0x000000070c400000, 0x000000070c400000|100%| E|CS|TAMS 0x000000070c200000| PB 0x000000070c200000| Complete |  0
|  69|0x000000070c400000, 0x000000070c600000, 0x000000070c600000|100%| E|CS|TAMS 0x000000070c400000| PB 0x000000070c400000| Complete |  0
|  70|0x000000070c600000, 0x000000070c800000, 0x000000070c800000|100%| E|CS|TAMS 0x000000070c600000| PB 0x000000070c600000| Complete |  0
|  71|0x000000070c800000, 0x000000070ca00000, 0x000000070ca00000|100%| E|CS|TAMS 0x000000070c800000| PB 0x000000070c800000| Complete |  0
| 105|0x0000000710c00000, 0x0000000710e00000, 0x0000000710e00000|100%| E|CS|TAMS 0x0000000710c00000| PB 0x0000000710c00000| Complete |  0
| 106|0x0000000710e00000, 0x0000000711000000, 0x0000000711000000|100%| E|CS|TAMS 0x0000000710e00000| PB 0x0000000710e00000| Complete |  0
| 109|0x0000000711400000, 0x0000000711600000, 0x0000000711600000|100%| E|CS|TAMS 0x0000000711400000| PB 0x0000000711400000| Complete |  0
| 110|0x0000000711600000, 0x0000000711800000, 0x0000000711800000|100%| E|CS|TAMS 0x0000000711600000| PB 0x0000000711600000| Complete |  0
| 126|0x0000000713600000, 0x0000000713800000, 0x0000000713800000|100%| E|CS|TAMS 0x0000000713600000| PB 0x0000000713600000| Complete |  0

Card table byte_map: [0x000001a3cee80000,0x000001a3cf670000] _byte_map_base: 0x000001a3cb663000

Marking Bits: (CMBitMap*) 0x000001a3b708fb10
 Bits: [0x000001a3cf670000, 0x000001a3d3588000)

Polling page: 0x000001a3b4f70000

Metaspace:

Usage:
  Non-class:     59.11 MB used.
      Class:      9.29 MB used.
       Both:     68.39 MB used.

Virtual space:
  Non-class space:       64.00 MB reserved,      59.50 MB ( 93%) committed,  1 nodes.
      Class space:        1.00 GB reserved,       9.56 MB ( <1%) committed,  1 nodes.
             Both:        1.06 GB reserved,      69.06 MB (  6%) committed. 

Chunk freelists:
   Non-Class:  3.59 MB
       Class:  6.27 MB
        Both:  9.86 MB

MaxMetaspaceSize: unlimited
CompressedClassSpaceSize: 1.00 GB
Initial GC threshold: 21.00 MB
Current GC threshold: 98.69 MB
CDS: on
 - commit_granule_bytes: 65536.
 - commit_granule_words: 8192.
 - virtual_space_node_default_size: 8388608.
 - enlarge_chunks_in_place: 1.
 - use_allocation_guard: 0.


Internal statistics:

num_allocs_failed_limit: 9.
num_arena_births: 982.
num_arena_deaths: 0.
num_vsnodes_births: 2.
num_vsnodes_deaths: 0.
num_space_committed: 1105.
num_space_uncommitted: 0.
num_chunks_returned_to_freelist: 9.
num_chunks_taken_from_freelist: 3396.
num_chunk_merges: 9.
num_chunk_splits: 2451.
num_chunks_enlarged: 1875.
num_inconsistent_stats: 0.

CodeHeap 'non-profiled nmethods': size=120000Kb used=4358Kb max_used=4358Kb free=115641Kb
 bounds [0x000001a3c6e30000, 0x000001a3c7280000, 0x000001a3ce360000]
CodeHeap 'profiled nmethods': size=120000Kb used=11827Kb max_used=11827Kb free=108172Kb
 bounds [0x000001a3bf360000, 0x000001a3bfef0000, 0x000001a3c6890000]
CodeHeap 'non-nmethods': size=5760Kb used=1988Kb max_used=2050Kb free=3771Kb
 bounds [0x000001a3c6890000, 0x000001a3c6b00000, 0x000001a3c6e30000]
 total_blobs=6921 nmethods=6147 adapters=677
 compilation: enabled
              stopped_count=0, restarted_count=0
 full_count=0

Compilation events (20 events):
Event: 9.028 Thread 0x000001a3d5ff5c20 nmethod 6841% 0x000001a3c725e410 code [0x000001a3c725e700, 0x000001a3c725fff0]
Event: 9.028 Thread 0x000001a3d5ff5c20 6828       4       org.springframework.core.ResolvableType::hasGenerics (14 bytes)
Event: 9.048 Thread 0x000001a3d5ff3340 6854       3       com.fasterxml.jackson.databind.AnnotationIntrospector::_findAnnotation (6 bytes)
Event: 9.048 Thread 0x000001a3d5ff3340 nmethod 6854 0x000001a3bfede990 code [0x000001a3bfedeb40, 0x000001a3bfeded20]
Event: 9.048 Thread 0x000001a3d5ff3340 6855       3       com.fasterxml.jackson.databind.introspect.AnnotatedMember::getAnnotation (18 bytes)
Event: 9.048 Thread 0x000001a3d5ff3340 nmethod 6855 0x000001a3bfedee10 code [0x000001a3bfedefe0, 0x000001a3bfedf3b8]
Event: 9.048 Thread 0x000001a3d5ff3340 6856       3       com.fasterxml.jackson.databind.introspect.AnnotationMap::get (21 bytes)
Event: 9.048 Thread 0x000001a3d5ff3340 nmethod 6856 0x000001a3bfedf510 code [0x000001a3bfedf6c0, 0x000001a3bfedf9e8]
Event: 9.052 Thread 0x000001a3d5ff3340 6857       1       com.fasterxml.jackson.databind.JavaType::getRawClass (5 bytes)
Event: 9.052 Thread 0x000001a3d5ff3340 nmethod 6857 0x000001a3c7261010 code [0x000001a3c72611a0, 0x000001a3c7261270]
Event: 9.078 Thread 0x000001a3d5ff3340 6859       3       java.lang.invoke.InvokerBytecodeGenerator::classDataValues (260 bytes)
Event: 9.080 Thread 0x000001a3d5ff3340 nmethod 6859 0x000001a3bfedfb10 code [0x000001a3bfedff80, 0x000001a3bfee2da8]
Event: 9.081 Thread 0x000001a3d5ff3340 6860   !   3       java.lang.invoke.InvokerBytecodeGenerator::resolveInvokerMember (43 bytes)
Event: 9.081 Thread 0x000001a3d5ff3340 nmethod 6860 0x000001a3bfee3790 code [0x000001a3bfee3960, 0x000001a3bfee3ca8]
Event: 9.088 Thread 0x000001a3d5ff3340 6862       3       java.util.IdentityHashMap::put (137 bytes)
Event: 9.088 Thread 0x000001a3d5ff3340 nmethod 6862 0x000001a3bfee3e10 code [0x000001a3bfee4040, 0x000001a3bfee4aa0]
Event: 9.089 Thread 0x000001a3d5ff3340 6863       3       java.lang.invoke.LambdaFormEditor::getInCache (165 bytes)
Event: 9.089 Thread 0x000001a3d5ff3340 nmethod 6863 0x000001a3bfee4e10 code [0x000001a3bfee5080, 0x000001a3bfee5e98]
Event: 9.096 Thread 0x000001a3d5ff3340 6864       3       org.jboss.logging.DelegatingBasicLogger::isTraceEnabled (8 bytes)
Event: 9.096 Thread 0x000001a3d5ff3340 nmethod 6864 0x000001a3bfee6210 code [0x000001a3bfee63c0, 0x000001a3bfee6608]

GC Heap History (20 events):
Event: 0.825 GC heap before
{Heap before GC invocations=1 (full 0):
 garbage-first heap   total reserved 4134912K, committed 260096K, used 37503K [0x0000000703a00000, 0x0000000800000000)
  region size 2048K, 18 young (36864K), 2 survivors (4096K)
 Metaspace       used 16652K, committed 16960K, reserved 1114112K
  class space    used 2034K, committed 2176K, reserved 1048576K
}
Event: 0.829 GC heap after
{Heap after GC invocations=2 (full 0):
 garbage-first heap   total reserved 4134912K, committed 260096K, used 9380K [0x0000000703a00000, 0x0000000800000000)
  region size 2048K, 2 young (4096K), 2 survivors (4096K)
 Metaspace       used 16652K, committed 16960K, reserved 1114112K
  class space    used 2034K, committed 2176K, reserved 1048576K
}
Event: 1.233 GC heap before
{Heap before GC invocations=2 (full 0):
 garbage-first heap   total reserved 4134912K, committed 260096K, used 40100K [0x0000000703a00000, 0x0000000800000000)
  region size 2048K, 18 young (36864K), 2 survivors (4096K)
 Metaspace       used 21242K, committed 21504K, reserved 1114112K
  class space    used 2582K, committed 2688K, reserved 1048576K
}
Event: 1.237 GC heap after
{Heap after GC invocations=3 (full 0):
 garbage-first heap   total reserved 4134912K, committed 260096K, used 13042K [0x0000000703a00000, 0x0000000800000000)
  region size 2048K, 4 young (8192K), 4 survivors (8192K)
 Metaspace       used 21242K, committed 21504K, reserved 1114112K
  class space    used 2582K, committed 2688K, reserved 1048576K
}
Event: 1.598 GC heap before
{Heap before GC invocations=4 (full 0):
 garbage-first heap   total reserved 4134912K, committed 55296K, used 37618K [0x0000000703a00000, 0x0000000800000000)
  region size 2048K, 16 young (32768K), 4 survivors (8192K)
 Metaspace       used 24983K, committed 25408K, reserved 1114112K
  class space    used 3122K, committed 3328K, reserved 1048576K
}
Event: 1.603 GC heap after
{Heap after GC invocations=5 (full 0):
 garbage-first heap   total reserved 4134912K, committed 55296K, used 15307K [0x0000000703a00000, 0x0000000800000000)
  region size 2048K, 2 young (4096K), 2 survivors (4096K)
 Metaspace       used 24983K, committed 25408K, reserved 1114112K
  class space    used 3122K, committed 3328K, reserved 1048576K
}
Event: 1.977 GC heap before
{Heap before GC invocations=5 (full 0):
 garbage-first heap   total reserved 4134912K, committed 55296K, used 39883K [0x0000000703a00000, 0x0000000800000000)
  region size 2048K, 14 young (28672K), 2 survivors (4096K)
 Metaspace       used 30025K, committed 30528K, reserved 1114112K
  class space    used 3818K, committed 4032K, reserved 1048576K
}
Event: 1.980 GC heap after
{Heap after GC invocations=6 (full 0):
 garbage-first heap   total reserved 4134912K, committed 55296K, used 17434K [0x0000000703a00000, 0x0000000800000000)
  region size 2048K, 2 young (4096K), 2 survivors (4096K)
 Metaspace       used 30025K, committed 30528K, reserved 1114112K
  class space    used 3818K, committed 4032K, reserved 1048576K
}
Event: 2.290 GC heap before
{Heap before GC invocations=6 (full 0):
 garbage-first heap   total reserved 4134912K, committed 55296K, used 37914K [0x0000000703a00000, 0x0000000800000000)
  region size 2048K, 14 young (28672K), 2 survivors (4096K)
 Metaspace       used 35536K, committed 36096K, reserved 1114112K
  class space    used 4655K, committed 4928K, reserved 1048576K
}
Event: 2.293 GC heap after
{Heap after GC invocations=7 (full 0):
 garbage-first heap   total reserved 4134912K, committed 55296K, used 18643K [0x0000000703a00000, 0x0000000800000000)
  region size 2048K, 1 young (2048K), 1 survivors (2048K)
 Metaspace       used 35536K, committed 36096K, reserved 1114112K
  class space    used 4655K, committed 4928K, reserved 1048576K
}
Event: 2.787 GC heap before
{Heap before GC invocations=8 (full 0):
 garbage-first heap   total reserved 4134912K, committed 55296K, used 43219K [0x0000000703a00000, 0x0000000800000000)
  region size 2048K, 13 young (26624K), 1 survivors (2048K)
 Metaspace       used 45992K, committed 46528K, reserved 1114112K
  class space    used 6038K, committed 6272K, reserved 1048576K
}
Event: 2.789 GC heap after
{Heap after GC invocations=9 (full 0):
 garbage-first heap   total reserved 4134912K, committed 55296K, used 21068K [0x0000000703a00000, 0x0000000800000000)
  region size 2048K, 2 young (4096K), 2 survivors (4096K)
 Metaspace       used 45992K, committed 46528K, reserved 1114112K
  class space    used 6038K, committed 6272K, reserved 1048576K
}
Event: 3.098 GC heap before
{Heap before GC invocations=9 (full 0):
 garbage-first heap   total reserved 4134912K, committed 55296K, used 43596K [0x0000000703a00000, 0x0000000800000000)
  region size 2048K, 14 young (28672K), 2 survivors (4096K)
 Metaspace       used 52658K, committed 53248K, reserved 1114112K
  class space    used 6994K, committed 7232K, reserved 1048576K
}
Event: 3.101 GC heap after
{Heap after GC invocations=10 (full 0):
 garbage-first heap   total reserved 4134912K, committed 55296K, used 22813K [0x0000000703a00000, 0x0000000800000000)
  region size 2048K, 1 young (2048K), 1 survivors (2048K)
 Metaspace       used 52658K, committed 53248K, reserved 1114112K
  class space    used 6994K, committed 7232K, reserved 1048576K
}
Event: 3.373 GC heap before
{Heap before GC invocations=10 (full 0):
 garbage-first heap   total reserved 4134912K, committed 55296K, used 45341K [0x0000000703a00000, 0x0000000800000000)
  region size 2048K, 12 young (24576K), 1 survivors (2048K)
 Metaspace       used 56782K, committed 57344K, reserved 1114112K
  class space    used 7616K, committed 7872K, reserved 1048576K
}
Event: 3.375 GC heap after
{Heap after GC invocations=11 (full 0):
 garbage-first heap   total reserved 4134912K, committed 55296K, used 23562K [0x0000000703a00000, 0x0000000800000000)
  region size 2048K, 2 young (4096K), 2 survivors (4096K)
 Metaspace       used 56782K, committed 57344K, reserved 1114112K
  class space    used 7616K, committed 7872K, reserved 1048576K
}
Event: 3.501 GC heap before
{Heap before GC invocations=11 (full 0):
 garbage-first heap   total reserved 4134912K, committed 55296K, used 33802K [0x0000000703a00000, 0x0000000800000000)
  region size 2048K, 8 young (16384K), 2 survivors (4096K)
 Metaspace       used 59850K, committed 60416K, reserved 1114112K
  class space    used 8111K, committed 8384K, reserved 1048576K
}
Event: 3.503 GC heap after
{Heap after GC invocations=12 (full 0):
 garbage-first heap   total reserved 4134912K, committed 55296K, used 24241K [0x0000000703a00000, 0x0000000800000000)
  region size 2048K, 1 young (2048K), 1 survivors (2048K)
 Metaspace       used 59850K, committed 60416K, reserved 1114112K
  class space    used 8111K, committed 8384K, reserved 1048576K
}
Event: 3.846 GC heap before
{Heap before GC invocations=13 (full 0):
 garbage-first heap   total reserved 4134912K, committed 55296K, used 44721K [0x0000000703a00000, 0x0000000800000000)
  region size 2048K, 12 young (24576K), 1 survivors (2048K)
 Metaspace       used 63728K, committed 64320K, reserved 1114112K
  class space    used 8646K, committed 8896K, reserved 1048576K
}
Event: 3.848 GC heap after
{Heap after GC invocations=14 (full 0):
 garbage-first heap   total reserved 4134912K, committed 157696K, used 26757K [0x0000000703a00000, 0x0000000800000000)
  region size 2048K, 2 young (4096K), 2 survivors (4096K)
 Metaspace       used 63728K, committed 64320K, reserved 1114112K
  class space    used 8646K, committed 8896K, reserved 1048576K
}

Dll operation events (15 events):
Event: 0.006 Loaded shared library C:\Users\hp\.jdks\openjdk-22.0.2\bin\java.dll
Event: 0.032 Loaded shared library C:\Users\hp\.jdks\openjdk-22.0.2\bin\jsvml.dll
Event: 0.080 Loaded shared library C:\Users\hp\.jdks\openjdk-22.0.2\bin\zip.dll
Event: 0.082 Loaded shared library C:\Users\hp\.jdks\openjdk-22.0.2\bin\instrument.dll
Event: 0.085 Loaded shared library C:\Users\hp\.jdks\openjdk-22.0.2\bin\net.dll
Event: 0.086 Loaded shared library C:\Users\hp\.jdks\openjdk-22.0.2\bin\nio.dll
Event: 0.087 Loaded shared library C:\Users\hp\.jdks\openjdk-22.0.2\bin\zip.dll
Event: 0.139 Loaded shared library C:\Program Files\JetBrains\IntelliJ IDEA Community Edition 2023.3.5\bin\breakgen64.dll
Event: 0.146 Loaded shared library C:\Users\hp\.jdks\openjdk-22.0.2\bin\extnet.dll
Event: 0.169 Loaded shared library C:\Users\hp\.jdks\openjdk-22.0.2\bin\jimage.dll
Event: 0.623 Loaded shared library C:\Users\hp\.jdks\openjdk-22.0.2\bin\le.dll
Event: 0.902 Loaded shared library C:\Users\hp\.jdks\openjdk-22.0.2\bin\sunmscapi.dll
Event: 1.896 Loaded shared library C:\Users\hp\.jdks\openjdk-22.0.2\bin\management.dll
Event: 1.898 Loaded shared library C:\Users\hp\.jdks\openjdk-22.0.2\bin\management_ext.dll
Event: 2.223 Loaded shared library C:\Users\hp\.jdks\openjdk-22.0.2\bin\verify.dll

Deoptimization events (20 events):
Event: 4.236 Thread 0x000001a3b7026b10 Uncommon trap: trap_request=0xffffff45 fr.pc=0x000001a3c71006ac relative=0x000000000000010c
Event: 4.236 Thread 0x000001a3b7026b10 Uncommon trap: reason=unstable_if action=reinterpret pc=0x000001a3c71006ac method=java.util.ArrayList.indexOfRange(Ljava/lang/Object;II)I @ 7 c2
Event: 4.236 Thread 0x000001a3b7026b10 DEOPT PACKING pc=0x000001a3c71006ac sp=0x00000054487ff120
Event: 4.236 Thread 0x000001a3b7026b10 DEOPT UNPACKING pc=0x000001a3c68e7da2 sp=0x00000054487ff0a0 mode 2
Event: 4.243 Thread 0x000001a3b7026b10 Uncommon trap: trap_request=0xffffffde fr.pc=0x000001a3c6ff4928 relative=0x0000000000000348
Event: 4.243 Thread 0x000001a3b7026b10 Uncommon trap: reason=class_check action=maybe_recompile pc=0x000001a3c6ff4928 method=org.springframework.core.ResolvableType.resolveType()Lorg/springframework/core/ResolvableType; @ 44 c2
Event: 4.243 Thread 0x000001a3b7026b10 DEOPT PACKING pc=0x000001a3c6ff4928 sp=0x00000054487feb60
Event: 4.243 Thread 0x000001a3b7026b10 DEOPT UNPACKING pc=0x000001a3c68e7da2 sp=0x00000054487feaf8 mode 2
Event: 4.243 Thread 0x000001a3b7026b10 Uncommon trap: trap_request=0xffffffde fr.pc=0x000001a3c6ff4928 relative=0x0000000000000348
Event: 4.243 Thread 0x000001a3b7026b10 Uncommon trap: reason=class_check action=maybe_recompile pc=0x000001a3c6ff4928 method=org.springframework.core.ResolvableType.resolveType()Lorg/springframework/core/ResolvableType; @ 44 c2
Event: 4.243 Thread 0x000001a3b7026b10 DEOPT PACKING pc=0x000001a3c6ff4928 sp=0x00000054487fec50
Event: 4.243 Thread 0x000001a3b7026b10 DEOPT UNPACKING pc=0x000001a3c68e7da2 sp=0x00000054487febe8 mode 2
Event: 4.243 Thread 0x000001a3b7026b10 Uncommon trap: trap_request=0xffffffde fr.pc=0x000001a3c6ff4928 relative=0x0000000000000348
Event: 4.243 Thread 0x000001a3b7026b10 Uncommon trap: reason=class_check action=maybe_recompile pc=0x000001a3c6ff4928 method=org.springframework.core.ResolvableType.resolveType()Lorg/springframework/core/ResolvableType; @ 44 c2
Event: 4.243 Thread 0x000001a3b7026b10 DEOPT PACKING pc=0x000001a3c6ff4928 sp=0x00000054487fec50
Event: 4.243 Thread 0x000001a3b7026b10 DEOPT UNPACKING pc=0x000001a3c68e7da2 sp=0x00000054487febe8 mode 2
Event: 4.243 Thread 0x000001a3b7026b10 Uncommon trap: trap_request=0xffffffde fr.pc=0x000001a3c6ff4928 relative=0x0000000000000348
Event: 4.243 Thread 0x000001a3b7026b10 Uncommon trap: reason=class_check action=maybe_recompile pc=0x000001a3c6ff4928 method=org.springframework.core.ResolvableType.resolveType()Lorg/springframework/core/ResolvableType; @ 44 c2
Event: 4.243 Thread 0x000001a3b7026b10 DEOPT PACKING pc=0x000001a3c6ff4928 sp=0x00000054487febd0
Event: 4.243 Thread 0x000001a3b7026b10 DEOPT UNPACKING pc=0x000001a3c68e7da2 sp=0x00000054487feb68 mode 2

Classes loaded (20 events):
Event: 8.930 Loading class sun/nio/cs/ThreadLocalCoders$2
Event: 8.930 Loading class sun/nio/cs/ThreadLocalCoders$2 done
Event: 8.981 Loading class java/time/format/DateTimeFormatterBuilder$ZoneTextPrinterParser
Event: 8.982 Loading class java/time/format/DateTimeFormatterBuilder$ZoneTextPrinterParser done
Event: 8.982 Loading class java/time/format/DateTimeFormatterBuilder$ReducedPrinterParser
Event: 8.982 Loading class java/time/format/DateTimeFormatterBuilder$ReducedPrinterParser done
Event: 9.019 Loading class java/io/PushbackInputStream
Event: 9.019 Loading class java/io/PushbackInputStream done
Event: 9.020 Loading class java/util/OptionalLong
Event: 9.020 Loading class java/util/OptionalLong done
Event: 9.020 Loading class java/util/OptionalDouble
Event: 9.020 Loading class java/util/OptionalDouble done
Event: 9.023 Loading class org/w3c/dom/Node
Event: 9.023 Loading class org/w3c/dom/Node done
Event: 9.023 Loading class org/w3c/dom/Document
Event: 9.023 Loading class org/w3c/dom/Document done
Event: 9.106 Loading class java/util/stream/LongStream
Event: 9.106 Loading class java/util/stream/LongStream done
Event: 9.106 Loading class java/util/stream/DoubleStream
Event: 9.106 Loading class java/util/stream/DoubleStream done

Classes unloaded (0 events):
No events

Classes redefined (0 events):
No events

Internal exceptions (20 events):
Event: 3.466 Thread 0x000001a3b7026b10 Exception <a 'java/lang/NoSuchMethodError'{0x0000000710f78808}: 'java.lang.Object java.lang.invoke.DirectMethodHandle$Holder.newInvokeSpecial(java.lang.Object, java.lang.Object, int, java.lang.Object, int, java.lang.Object, java.lang.Object)'> (0x0000000710f78808) 
thrown [s\open\src\hotspot\share\interpreter\linkResolver.cpp, line 774]
Event: 3.468 Thread 0x000001a3b7026b10 Exception <a 'java/lang/NoSuchMethodError'{0x0000000710fb8cc0}: 'void java.lang.invoke.DirectMethodHandle$Holder.invokeInterface(java.lang.Object, java.lang.Object)'> (0x0000000710fb8cc0) 
thrown [s\open\src\hotspot\share\interpreter\linkResolver.cpp, line 774]
Event: 3.549 Thread 0x000001a3b7026b10 Exception <a 'java/lang/NoSuchMethodError'{0x000000071370e9a8}: 'java.lang.Object java.lang.invoke.DirectMethodHandle$Holder.invokeSpecial(java.lang.Object, java.lang.Object, int, java.lang.Object, int)'> (0x000000071370e9a8) 
thrown [s\open\src\hotspot\share\interpreter\linkResolver.cpp, line 774]
Event: 3.568 Thread 0x000001a3b7026b10 Exception <a 'java/lang/NoSuchMethodError'{0x00000007137bb648}: 'void java.lang.invoke.Invokers$Holder.invokeExact_MT(java.lang.Object, java.lang.Object, java.lang.Object, java.lang.Object)'> (0x00000007137bb648) 
thrown [s\open\src\hotspot\share\interpreter\linkResolver.cpp, line 774]
Event: 3.582 Thread 0x000001a3b7026b10 Implicit null exception at 0x000001a3c71a0d73 to 0x000001a3c71a0fdc
Event: 3.608 Thread 0x000001a3b7026b10 Exception <a 'java/lang/IncompatibleClassChangeError'{0x00000007115a9b58}: Found class java.lang.Object, but interface was expected> (0x00000007115a9b58) 
thrown [s\open\src\hotspot\share\interpreter\linkResolver.cpp, line 841]
Event: 3.613 Thread 0x000001a3b7026b10 Exception <a 'java/lang/IncompatibleClassChangeError'{0x0000000710e2d8e0}: Found class java.lang.Object, but interface was expected> (0x0000000710e2d8e0) 
thrown [s\open\src\hotspot\share\interpreter\linkResolver.cpp, line 841]
Event: 3.629 Thread 0x000001a3b7026b10 Exception <a 'java/lang/IncompatibleClassChangeError'{0x0000000710f82748}: Found class java.lang.Object, but interface was expected> (0x0000000710f82748) 
thrown [s\open\src\hotspot\share\interpreter\linkResolver.cpp, line 841]
Event: 3.718 Thread 0x000001a3b7026b10 Exception <a 'java/lang/IncompatibleClassChangeError'{0x000000070616c010}: Found class java.lang.Object, but interface was expected> (0x000000070616c010) 
thrown [s\open\src\hotspot\share\interpreter\linkResolver.cpp, line 841]
Event: 3.809 Thread 0x000001a3b7026b10 Exception <a 'java/lang/IncompatibleClassChangeError'{0x0000000705baed50}: Found class java.lang.Object, but interface was expected> (0x0000000705baed50) 
thrown [s\open\src\hotspot\share\interpreter\linkResolver.cpp, line 841]
Event: 3.928 Thread 0x000001a3b7026b10 Exception <a 'java/lang/NoSuchMethodError'{0x0000000710c66130}: 'java.lang.Object java.lang.invoke.DirectMethodHandle$Holder.newInvokeSpecial(java.lang.Object, java.lang.Object, java.lang.Object, java.lang.Object, java.lang.Object, java.lang.Object, java.lang.Object, java.lang.Object)'> (0x0000000710c66130) 
thrown [s\open\src\hotspot\share\interpreter\linkResolver.cpp, line 774]
Event: 4.074 Thread 0x000001a3b7026b10 Exception <a 'java/lang/IncompatibleClassChangeError'{0x000000070c115f98}: Found class java.lang.Object, but interface was expected> (0x000000070c115f98) 
thrown [s\open\src\hotspot\share\interpreter\linkResolver.cpp, line 841]
Event: 4.100 Thread 0x000001a3b7026b10 Exception <a 'java/lang/NoSuchMethodError'{0x000000070bead938}: 'void java.lang.invoke.DirectMethodHandle$Holder.invokeVirtual(java.lang.Object, java.lang.Object, long)'> (0x000000070bead938) 
thrown [s\open\src\hotspot\share\interpreter\linkResolver.cpp, line 774]
Event: 4.140 Thread 0x000001a3b7026b10 Exception <a 'java/lang/NoSuchMethodError'{0x000000070bdca048}: 'int java.lang.invoke.DirectMethodHandle$Holder.invokeStaticInit(java.lang.Object, java.lang.Object, java.lang.Object, java.lang.Object)'> (0x000000070bdca048) 
thrown [s\open\src\hotspot\share\interpreter\linkResolver.cpp, line 774]
Event: 4.144 Thread 0x000001a3b7026b10 Implicit null exception at 0x000001a3c700e62f to 0x000001a3c700ec78
Event: 4.158 Thread 0x000001a3b7026b10 Exception <a 'java/lang/IncompatibleClassChangeError'{0x000000070ba94b70}: Found class java.lang.Object, but interface was expected> (0x000000070ba94b70) 
thrown [s\open\src\hotspot\share\interpreter\linkResolver.cpp, line 841]
Event: 4.164 Thread 0x000001a3b7026b10 Implicit null exception at 0x000001a3c6f94668 to 0x000001a3c6f948a0
Event: 4.207 Thread 0x000001a3b7026b10 Exception <a 'java/lang/NoSuchMethodError'{0x000000070b6eb478}: 'java.lang.Object java.lang.invoke.DirectMethodHandle$Holder.newInvokeSpecial(java.lang.Object, java.lang.Object, int, java.lang.Object, java.lang.Object)'> (0x000000070b6eb478) 
thrown [s\open\src\hotspot\share\interpreter\linkResolver.cpp, line 774]
Event: 8.922 Thread 0x000001a41db1d350 Exception <a 'java/lang/NoSuchMethodError'{0x000000070b1d0410}: 'java.lang.Object java.lang.invoke.DirectMethodHandle$Holder.invokeSpecial(java.lang.Object, java.lang.Object, java.lang.Object, java.lang.Object, java.lang.Object, long)'> (0x000000070b1d0410) 
thrown [s\open\src\hotspot\share\interpreter\linkResolver.cpp, line 774]
Event: 8.922 Thread 0x000001a41db1d350 Exception <a 'java/lang/NoSuchMethodError'{0x000000070b1d3b88}: 'java.lang.Object java.lang.invoke.Invokers$Holder.linkToTargetMethod(java.lang.Object, java.lang.Object, java.lang.Object, long, java.lang.Object)'> (0x000000070b1d3b88) 
thrown [s\open\src\hotspot\share\interpreter\linkResolver.cpp, line 774]

ZGC Phase Switch (0 events):
No events

VM Operations (20 events):
Event: 3.997 Executing VM operation: HandshakeAllThreads (Deoptimize)
Event: 3.997 Executing VM operation: HandshakeAllThreads (Deoptimize) done
Event: 3.997 Executing VM operation: HandshakeAllThreads (Deoptimize)
Event: 3.997 Executing VM operation: HandshakeAllThreads (Deoptimize) done
Event: 4.112 Executing VM operation: HandshakeAllThreads (Deoptimize)
Event: 4.112 Executing VM operation: HandshakeAllThreads (Deoptimize) done
Event: 4.127 Executing VM operation: ICBufferFull
Event: 4.127 Executing VM operation: ICBufferFull done
Event: 5.137 Executing VM operation: Cleanup
Event: 5.137 Executing VM operation: Cleanup done
Event: 8.936 Executing VM operation: HandshakeAllThreads (Deoptimize)
Event: 8.936 Executing VM operation: HandshakeAllThreads (Deoptimize) done
Event: 8.936 Executing VM operation: Cleanup
Event: 8.936 Executing VM operation: Cleanup done
Event: 9.009 Executing VM operation: HandshakeAllThreads (Deoptimize)
Event: 9.009 Executing VM operation: HandshakeAllThreads (Deoptimize) done
Event: 9.034 Executing VM operation: HandshakeAllThreads (Deoptimize)
Event: 9.034 Executing VM operation: HandshakeAllThreads (Deoptimize) done
Event: 9.101 Executing VM operation: HandshakeAllThreads (Deoptimize)
Event: 9.101 Executing VM operation: HandshakeAllThreads (Deoptimize) done

Memory protections (0 events):
No events

Nmethod flushes (20 events):
Event: 3.520 Thread 0x000001a3d5fb7040 flushing  nmethod 0x000001a3bf541390
Event: 3.520 Thread 0x000001a3d5fb7040 flushing  nmethod 0x000001a3bf545910
Event: 3.520 Thread 0x000001a3d5fb7040 flushing  nmethod 0x000001a3bf58eb90
Event: 3.520 Thread 0x000001a3d5fb7040 flushing  nmethod 0x000001a3bf5d1710
Event: 3.520 Thread 0x000001a3d5fb7040 flushing  nmethod 0x000001a3bf6f0f10
Event: 3.520 Thread 0x000001a3d5fb7040 flushing  nmethod 0x000001a3bf737c10
Event: 3.520 Thread 0x000001a3d5fb7040 flushing  nmethod 0x000001a3bf73c810
Event: 3.520 Thread 0x000001a3d5fb7040 flushing  nmethod 0x000001a3bf78ea90
Event: 3.520 Thread 0x000001a3d5fb7040 flushing  nmethod 0x000001a3bf797110
Event: 3.520 Thread 0x000001a3d5fb7040 flushing  nmethod 0x000001a3bf87a510
Event: 3.520 Thread 0x000001a3d5fb7040 flushing  nmethod 0x000001a3bf8cd690
Event: 3.520 Thread 0x000001a3d5fb7040 flushing  nmethod 0x000001a3bf8ce690
Event: 3.520 Thread 0x000001a3d5fb7040 flushing  nmethod 0x000001a3bf8d5f10
Event: 3.520 Thread 0x000001a3d5fb7040 flushing  nmethod 0x000001a3bf8d6910
Event: 3.520 Thread 0x000001a3d5fb7040 flushing  nmethod 0x000001a3bf924a90
Event: 3.520 Thread 0x000001a3d5fb7040 flushing  nmethod 0x000001a3bf936510
Event: 3.520 Thread 0x000001a3d5fb7040 flushing  nmethod 0x000001a3bfa52790
Event: 3.520 Thread 0x000001a3d5fb7040 flushing  nmethod 0x000001a3bfb06410
Event: 3.520 Thread 0x000001a3d5fb7040 flushing  nmethod 0x000001a3bfb06b90
Event: 3.520 Thread 0x000001a3d5fb7040 flushing  nmethod 0x000001a3bfb0d210

Events (20 events):
Event: 1.962 Thread 0x000001a3b7026b10 Thread added: 0x000001a41db95340
Event: 1.982 Thread 0x000001a3b7026b10 Thread added: 0x000001a41cd73110
Event: 2.705 Thread 0x000001a3b7026b10 Thread added: 0x000001a41db1ed90
Event: 2.821 Thread 0x000001a41db1ed90 Thread added: 0x000001a41db1f420
Event: 4.213 Thread 0x000001a3b7026b10 Thread added: 0x000001a41db1d350
Event: 4.213 Thread 0x000001a3b7026b10 Thread added: 0x000001a41db1ccc0
Event: 4.213 Thread 0x000001a3b7026b10 Thread added: 0x000001a41db1fab0
Event: 4.213 Thread 0x000001a3b7026b10 Thread added: 0x000001a420925e80
Event: 4.213 Thread 0x000001a3b7026b10 Thread added: 0x000001a42092a020
Event: 4.213 Thread 0x000001a3b7026b10 Thread added: 0x000001a42092a6b0
Event: 4.213 Thread 0x000001a3b7026b10 Thread added: 0x000001a420929300
Event: 4.213 Thread 0x000001a3b7026b10 Thread added: 0x000001a4209285e0
Event: 4.214 Thread 0x000001a3b7026b10 Thread added: 0x000001a420924ad0
Event: 4.214 Thread 0x000001a3b7026b10 Thread added: 0x000001a420923db0
Event: 4.231 Thread 0x000001a3b7026b10 Thread added: 0x000001a420926510
Event: 4.232 Thread 0x000001a3b7026b10 Thread added: 0x000001a420926ba0
Event: 4.245 Thread 0x000001a3b7026b10 Thread exited: 0x000001a3b7026b10
Event: 4.245 Thread 0x000001a42092b3d0 Thread added: 0x000001a42092b3d0
Event: 6.236 Thread 0x000001a3d5ff5550 Thread exited: 0x000001a3d5ff5550
Event: 8.262 Thread 0x000001a41db1f420 Thread exited: 0x000001a41db1f420


Dynamic libraries:
0x00007ff756830000 - 0x00007ff75683e000 	C:\Users\hp\.jdks\openjdk-22.0.2\bin\java.exe
0x00007ffe95770000 - 0x00007ffe95987000 	C:\WINDOWS\SYSTEM32\ntdll.dll
0x00007ffe94770000 - 0x00007ffe94834000 	C:\WINDOWS\System32\KERNEL32.DLL
0x00007ffe92fd0000 - 0x00007ffe9337d000 	C:\WINDOWS\System32\KERNELBASE.dll
0x00007ffe92b50000 - 0x00007ffe92c61000 	C:\WINDOWS\System32\ucrtbase.dll
0x00007ffe8a000000 - 0x00007ffe8a01b000 	C:\Users\hp\.jdks\openjdk-22.0.2\bin\VCRUNTIME140.dll
0x00007ffe88500000 - 0x00007ffe88517000 	C:\Users\hp\.jdks\openjdk-22.0.2\bin\jli.dll
0x00007ffe93790000 - 0x00007ffe9393e000 	C:\WINDOWS\System32\USER32.dll
0x00007ffe7b060000 - 0x00007ffe7b2f3000 	C:\WINDOWS\WinSxS\amd64_microsoft.windows.common-controls_6595b64144ccf1df_6.0.22621.3672_none_2713b9d173822955\COMCTL32.dll
0x00007ffe92de0000 - 0x00007ffe92e06000 	C:\WINDOWS\System32\win32u.dll
0x00007ffe94cb0000 - 0x00007ffe94d57000 	C:\WINDOWS\System32\msvcrt.dll
0x00007ffe93560000 - 0x00007ffe93589000 	C:\WINDOWS\System32\GDI32.dll
0x00007ffe92e10000 - 0x00007ffe92f29000 	C:\WINDOWS\System32\gdi32full.dll
0x00007ffe92f30000 - 0x00007ffe92fca000 	C:\WINDOWS\System32\msvcp_win.dll
0x00007ffe93500000 - 0x00007ffe93531000 	C:\WINDOWS\System32\IMM32.DLL
0x00007ffe8a820000 - 0x00007ffe8a82c000 	C:\Users\hp\.jdks\openjdk-22.0.2\bin\vcruntime140_1.dll
0x00007ffe6f2a0000 - 0x00007ffe6f32e000 	C:\Users\hp\.jdks\openjdk-22.0.2\bin\msvcp140.dll
0x00007ffe16e20000 - 0x00007ffe17b69000 	C:\Users\hp\.jdks\openjdk-22.0.2\bin\server\jvm.dll
0x00007ffe93f80000 - 0x00007ffe94032000 	C:\WINDOWS\System32\ADVAPI32.dll
0x00007ffe946b0000 - 0x00007ffe94759000 	C:\WINDOWS\System32\sechost.dll
0x00007ffe93380000 - 0x00007ffe933a8000 	C:\WINDOWS\System32\bcrypt.dll
0x00007ffe93d30000 - 0x00007ffe93e44000 	C:\WINDOWS\System32\RPCRT4.dll
0x00007ffe944d0000 - 0x00007ffe94541000 	C:\WINDOWS\System32\WS2_32.dll
0x00007ffe91920000 - 0x00007ffe9196d000 	C:\WINDOWS\SYSTEM32\POWRPROF.dll
0x00007ffe89ff0000 - 0x00007ffe89ffa000 	C:\WINDOWS\SYSTEM32\VERSION.dll
0x00007ffe8a650000 - 0x00007ffe8a684000 	C:\WINDOWS\SYSTEM32\WINMM.dll
0x00007ffe91900000 - 0x00007ffe91913000 	C:\WINDOWS\SYSTEM32\UMPDC.dll
0x00007ffe91bb0000 - 0x00007ffe91bc8000 	C:\WINDOWS\SYSTEM32\kernel.appcore.dll
0x00007ffe88190000 - 0x00007ffe8819a000 	C:\Users\hp\.jdks\openjdk-22.0.2\bin\jimage.dll
0x00007ffe903b0000 - 0x00007ffe905e2000 	C:\WINDOWS\SYSTEM32\DBGHELP.DLL
0x00007ffe939a0000 - 0x00007ffe93d2d000 	C:\WINDOWS\System32\combase.dll
0x00007ffe945d0000 - 0x00007ffe946a7000 	C:\WINDOWS\System32\OLEAUT32.dll
0x00007ffe6d180000 - 0x00007ffe6d1b2000 	C:\WINDOWS\SYSTEM32\dbgcore.DLL
0x00007ffe93420000 - 0x00007ffe9349b000 	C:\WINDOWS\System32\bcryptPrimitives.dll
0x00007ffe880b0000 - 0x00007ffe880bf000 	C:\Users\hp\.jdks\openjdk-22.0.2\bin\instrument.dll
0x00007ffe880c0000 - 0x00007ffe880de000 	C:\Users\hp\.jdks\openjdk-22.0.2\bin\java.dll
0x00007ffe94d60000 - 0x00007ffe955c8000 	C:\WINDOWS\System32\SHELL32.dll
0x00007ffe94930000 - 0x00007ffe94ad5000 	C:\WINDOWS\System32\ole32.dll
0x00007ffe909e0000 - 0x00007ffe912de000 	C:\WINDOWS\SYSTEM32\windows.storage.dll
0x00007ffe908a0000 - 0x00007ffe909df000 	C:\WINDOWS\SYSTEM32\wintypes.dll
0x00007ffe93590000 - 0x00007ffe93689000 	C:\WINDOWS\System32\SHCORE.dll
0x00007ffe948d0000 - 0x00007ffe9492e000 	C:\WINDOWS\System32\shlwapi.dll
0x00007ffe929c0000 - 0x00007ffe929e1000 	C:\WINDOWS\SYSTEM32\profapi.dll
0x00007ffe6e6e0000 - 0x00007ffe6e7b7000 	C:\Users\hp\.jdks\openjdk-22.0.2\bin\jsvml.dll
0x00007ffe79be0000 - 0x00007ffe79bf7000 	C:\Users\hp\.jdks\openjdk-22.0.2\bin\zip.dll
0x00007ffe880a0000 - 0x00007ffe880b0000 	C:\Users\hp\.jdks\openjdk-22.0.2\bin\net.dll
0x00007ffe92020000 - 0x00007ffe92089000 	C:\WINDOWS\system32\mswsock.dll
0x00007ffe7ac60000 - 0x00007ffe7ac76000 	C:\Users\hp\.jdks\openjdk-22.0.2\bin\nio.dll
0x00007ffe73aa0000 - 0x00007ffe73aba000 	C:\Program Files\JetBrains\IntelliJ IDEA Community Edition 2023.3.5\bin\breakgen64.dll
0x00007ffe7ac50000 - 0x00007ffe7ac59000 	C:\Users\hp\.jdks\openjdk-22.0.2\bin\extnet.dll
0x00007ffe737c0000 - 0x00007ffe737cb000 	C:\Users\hp\.jdks\openjdk-22.0.2\bin\le.dll
0x00007ffe73a90000 - 0x00007ffe73a9e000 	C:\Users\hp\.jdks\openjdk-22.0.2\bin\sunmscapi.dll
0x00007ffe92c70000 - 0x00007ffe92dd7000 	C:\WINDOWS\System32\CRYPT32.dll
0x00007ffe92440000 - 0x00007ffe9246e000 	C:\WINDOWS\SYSTEM32\ncrypt.dll
0x00007ffe92400000 - 0x00007ffe92437000 	C:\WINDOWS\SYSTEM32\NTASN1.dll
0x00007ffe92280000 - 0x00007ffe9229b000 	C:\WINDOWS\SYSTEM32\CRYPTSP.dll
0x00007ffe91b10000 - 0x00007ffe91b45000 	C:\WINDOWS\system32\rsaenh.dll
0x00007ffe92120000 - 0x00007ffe92148000 	C:\WINDOWS\SYSTEM32\USERENV.dll
0x00007ffe922a0000 - 0x00007ffe922ac000 	C:\WINDOWS\SYSTEM32\CRYPTBASE.dll
0x00007ffe91600000 - 0x00007ffe9162d000 	C:\WINDOWS\SYSTEM32\IPHLPAPI.DLL
0x00007ffe94040000 - 0x00007ffe94049000 	C:\WINDOWS\System32\NSI.dll
0x00007ffe7ac20000 - 0x00007ffe7ac2a000 	C:\Users\hp\.jdks\openjdk-22.0.2\bin\management.dll
0x00007ffe7abf0000 - 0x00007ffe7abfb000 	C:\Users\hp\.jdks\openjdk-22.0.2\bin\management_ext.dll
0x00007ffe93990000 - 0x00007ffe93998000 	C:\WINDOWS\System32\PSAPI.DLL
0x00007ffe737b0000 - 0x00007ffe737c0000 	C:\Users\hp\.jdks\openjdk-22.0.2\bin\verify.dll
0x00007ffe91630000 - 0x00007ffe91728000 	C:\WINDOWS\SYSTEM32\DNSAPI.dll
0x00000000768f0000 - 0x0000000076916000 	C:\Program Files\Bonjour\mdnsNSP.dll
0x00007ffe8a8e0000 - 0x00007ffe8a8ea000 	C:\Windows\System32\rasadhlp.dll
0x00007ffe8b930000 - 0x00007ffe8b9b3000 	C:\WINDOWS\System32\fwpuclnt.dll
0x00007ffe05400000 - 0x00007ffe05408000 	C:\WINDOWS\system32\wshunix.dll

dbghelp: loaded successfully - version: 4.0.5 - missing functions: none
symbol engine: initialized successfully - sym options: 0x614 - pdb path: .;C:\Users\hp\.jdks\openjdk-22.0.2\bin;C:\WINDOWS\SYSTEM32;C:\WINDOWS\WinSxS\amd64_microsoft.windows.common-controls_6595b64144ccf1df_6.0.22621.3672_none_2713b9d173822955;C:\Users\hp\.jdks\openjdk-22.0.2\bin\server;C:\Program Files\JetBrains\IntelliJ IDEA Community Edition 2023.3.5\bin;C:\Program Files\Bonjour

VM Arguments:
jvm_args: --enable-preview -javaagent:C:\Program Files\JetBrains\IntelliJ IDEA Community Edition 2023.3.5\lib\idea_rt.jar=59802:C:\Program Files\JetBrains\IntelliJ IDEA Community Edition 2023.3.5\bin -Dfile.encoding=UTF-8 -Dsun.stdout.encoding=UTF-8 -Dsun.stderr.encoding=UTF-8 
java_command: com.abcrestaurant.Backend.BackendApplication
java_class_path (initial): D:\Abc_Resturant\Backend\target\classes;C:\Users\hp\.m2\repository\org\springframework\boot\spring-boot-starter-data-jpa\3.3.2\spring-boot-starter-data-jpa-3.3.2.jar;C:\Users\hp\.m2\repository\org\springframework\boot\spring-boot-starter-aop\3.3.2\spring-boot-starter-aop-3.3.2.jar;C:\Users\hp\.m2\repository\org\springframework\spring-aop\6.1.11\spring-aop-6.1.11.jar;C:\Users\hp\.m2\repository\org\aspectj\aspectjweaver\1.9.22.1\aspectjweaver-1.9.22.1.jar;C:\Users\hp\.m2\repository\org\springframework\boot\spring-boot-starter-jdbc\3.3.2\spring-boot-starter-jdbc-3.3.2.jar;C:\Users\hp\.m2\repository\com\zaxxer\HikariCP\5.1.0\HikariCP-5.1.0.jar;C:\Users\hp\.m2\repository\org\springframework\spring-jdbc\6.1.11\spring-jdbc-6.1.11.jar;C:\Users\hp\.m2\repository\org\hibernate\orm\hibernate-core\6.5.2.Final\hibernate-core-6.5.2.Final.jar;C:\Users\hp\.m2\repository\jakarta\persistence\jakarta.persistence-api\3.1.0\jakarta.persistence-api-3.1.0.jar;C:\Users\hp\.m2\repository\jakarta\transaction\jakarta.transaction-api\2.0.1\jakarta.transaction-api-2.0.1.jar;C:\Users\hp\.m2\repository\org\jboss\logging\jboss-logging\3.5.3.Final\jboss-logging-3.5.3.Final.jar;C:\Users\hp\.m2\repository\org\hibernate\common\hibernate-commons-annotations\6.0.6.Final\hibernate-commons-annotations-6.0.6.Final.jar;C:\Users\hp\.m2\repository\io\smallrye\jandex\3.1.2\jandex-3.1.2.jar;C:\Users\hp\.m2\repository\com\fasterxml\classmate\1.7.0\classmate-1.7.0.jar;C:\Users\hp\.m2\repository\net\bytebuddy\byte-buddy\1.14.18\byte-buddy-1.14.18.jar;C:\Users\hp\.m2\repository\org\glassfish\jaxb\jaxb-runtime\4.0.5\jaxb-runtime-4.0.5.jar;C:\Users\hp\.m2\repository\org\glassfish\jaxb\jaxb-core\4.0.5\jaxb-core-4.0.5.jar;C:\Users\hp\.m2\repository\org\eclipse\angus\angus-activation\2.0.2\angus-activation-2.0.2.jar;C:\Users\hp\.m2\repository\org\glassfish\jaxb\txw2\4.0.5\txw2-4.0.5.jar;C:\Users\hp\.m2\repository\com\sun\istack\istack-commons-runtime\4.1.2\istack-commons-runtime-4.1.2.jar;C:\Users\hp\.m2\repository\jakarta\inject\jakarta.inject-api\2.0.1\jakarta.inject-api-2.0.1.jar;C:\Users\hp\.m2\repository\org\antlr\antlr4-runtime\4.13.0\antlr4-runtime-4.13.0.jar;C:\Users\hp\.m2\repository\org\springframework\data\spring-data-jpa\3.3.2\spring-data-jpa-3.3.2.jar;C:\Users\hp\.m2\repository\org\springframework\data\spring-data-commons\3.3.2\spring-data-commons-3.3.2.jar;C:\Users\hp\.m2\repository\org\springframework\spring-orm\6.1.11\spring-orm-6.1.11.jar;C:\Users\hp\.m2\repository\org\springframework\spring-context\6.1.11\spring-context-6.1.11.jar;C:\Users\hp\.m2\repository\org\springframework\spring-tx\6.1.11\spring-tx-6.1.11.jar;C:\Users\hp\.m2\repository\org\springframework\spring-beans\6.1.11\spring-beans-6.1.11.jar;C:\Users\hp\.m2\repository\jakarta\annotation\jakarta.annotation-api\2.1.1\jakarta.annotation-api-2.1.1.jar;C:\Users\hp\.m2\repository\org\slf4j\slf4j-api\2.0.13\slf4j-api-2.0.13.jar;C:\Users\hp\.m2\repository\org\springframework\spring-aspects\6.1.11\spring-aspects-6.1.11.jar;C:\Users\hp\.m2\repository\org\springframework\boot\spring-boot-starter-web\3.3.2\spring-boot-starter-web-3.3.2.jar;C:\Users\hp\.m2\repository\org\springframework\boot\spring-boot-starter\3.3.2\spring-boot-starter-3.3.2.jar;C:\Users\hp\.m2\repository\org\springframework\boot\spring-boot\3.3.2\spring-boot-3.3.2.jar;C:\Users\hp\.m2\repository\org\springframework\boot\spring-boot-autoconfigure\3.3.2\spring-boot-autoconfigure-3.3.2.jar;C:\Users\hp\.m2\repository\org\springframework\boot\spring-boot-starter-logging\3.3.2\spring-boot-starter-logging-3.3.2.jar;C:\Users\hp\.m2\repository\ch\qos\logback\logback-classic\1.5.6\logback-classic-1.5.6.jar;C:\Users\hp\.m2\repository\ch\qos\logback\logback-core\1.5.6\logback-core-1.5.6.jar;C:\Users\hp\.m2\repository\org\apache\logging\log4j\log4j-to-slf4j\2.23.1\log4j-to-slf4j-2.23.1.jar;C:\Users\hp\.m2\repository\org\apache\logging\log4j\log4j-api\2.23.1\log4j-api-2.23.1.jar;C:\Users\hp\.m2\repository\org\slf4j\jul-to-slf4j\2.0.13\jul-to-slf4j-2.0.13.jar;C:\Users\hp\.m2\repository\org\yaml\snakeyaml\2.2\snakeyaml-2.2.jar;C:\Users\hp\.m2\repository\org\springframework\boot\spring-boot-starter-json\3.3.2\spring-boot-starter-json-3.3.2.jar;C:\Users\hp\.m2\repository\com\fasterxml\jackson\core\jackson-databind\2.17.2\jackson-databind-2.17.2.jar;C:\Users\hp\.m2\repository\com\fasterxml\jackson\core\jackson-annotations\2.17.2\jackson-annotations-2.17.2.jar;C:\Users\hp\.m2\repository\com\fasterxml\jackson\core\jackson-core\2.17.2\jackson-core-2.17.2.jar;C:\Users\hp\.m2\repository\com\fasterxml\jackson\datatype\jackson-datatype-jdk8\2.17.2\jackson-datatype-jdk8-2.17.2.jar;C:\Users\hp\.m2\repository\com\fasterxml\jackson\datatype\jackson-datatype-jsr310\2.17.2\jackson-datatype-jsr310-2.17.2.jar;C:\Users\hp\.m2\repository\com\fasterxml\jackson\module\jackson-module-parameter-names\2.17.2\jackson-module-parameter-names-2.17.2.jar;C:\Users\hp\.m2\repository\org\springframework\boot\spring-boot-starter-tomcat\3.3.2\spring-boot-starter-tomcat-3.3.2.jar;C:\Users\hp\.m2\repository\org\apache\tomcat\embed\tomcat-embed-core\10.1.26\tomcat-embed-core-10.1.26.jar;C:\Users\hp\.m2\repository\org\apache\tomcat\embed\tomcat-embed-el\10.1.26\tomcat-embed-el-10.1.26.jar;C:\Users\hp\.m2\repository\org\apache\tomcat\embed\tomcat-embed-websocket\10.1.26\tomcat-embed-websocket-10.1.26.jar;C:\Users\hp\.m2\repository\org\springframework\spring-web\6.1.11\spring-web-6.1.11.jar;C:\Users\hp\.m2\repository\io\micrometer\micrometer-observation\1.13.2\micrometer-observation-1.13.2.jar;C:\Users\hp\.m2\repository\io\micrometer\micrometer-commons\1.13.2\micrometer-commons-1.13.2.jar;C:\Users\hp\.m2\repository\org\springframework\spring-webmvc\6.1.11\spring-webmvc-6.1.11.jar;C:\Users\hp\.m2\repository\org\springframework\spring-expression\6.1.11\spring-expression-6.1.11.jar;C:\Users\hp\.m2\repository\com\mysql\mysql-connector-j\8.3.0\mysql-connector-j-8.3.0.jar;C:\Users\hp\.m2\repository\jakarta\xml\bind\jakarta.xml.bind-api\4.0.2\jakarta.xml.bind-api-4.0.2.jar;C:\Users\hp\.m2\repository\jakarta\activation\jakarta.activation-api\2.1.3\jakarta.activation-api-2.1.3.jar;C:\Users\hp\.m2\repository\org\springframework\spring-core\6.1.11\spring-core-6.1.11.jar;C:\Users\hp\.m2\repository\org\springframework\spring-jcl\6.1.11\spring-jcl-6.1.11.jar
Launcher Type: SUN_STANDARD

[Global flags]
     intx CICompilerCount                          = 4                                         {product} {ergonomic}
     uint ConcGCThreads                            = 2                                         {product} {ergonomic}
     uint G1ConcRefinementThreads                  = 8                                         {product} {ergonomic}
   size_t G1HeapRegionSize                         = 2097152                                   {product} {ergonomic}
   size_t InitialHeapSize                          = 266338304                                 {product} {ergonomic}
   size_t MarkStackSize                            = 4194304                                   {product} {ergonomic}
   size_t MaxHeapSize                              = 4234149888                                {product} {ergonomic}
   size_t MaxNewSize                               = 2539651072                                {product} {ergonomic}
   size_t MinHeapDeltaBytes                        = 2097152                                   {product} {ergonomic}
   size_t MinHeapSize                              = 8388608                                   {product} {ergonomic}
    uintx NonNMethodCodeHeapSize                   = 5839372                                {pd product} {ergonomic}
    uintx NonProfiledCodeHeapSize                  = 122909434                              {pd product} {ergonomic}
    uintx ProfiledCodeHeapSize                     = 122909434                              {pd product} {ergonomic}
    uintx ReservedCodeCacheSize                    = 251658240                              {pd product} {ergonomic}
     bool SegmentedCodeCache                       = true                                      {product} {ergonomic}
   size_t SoftMaxHeapSize                          = 4234149888                             {manageable} {ergonomic}
     bool UseCompressedOops                        = true                           {product lp64_product} {ergonomic}
     bool UseG1GC                                  = true                                      {product} {ergonomic}
     bool UseLargePagesIndividualAllocation        = false                                  {pd product} {ergonomic}

Logging:
Log output configuration:
 #0: stdout all=warning uptime,level,tags foldmultilines=false
 #1: stderr all=off uptime,level,tags foldmultilines=false

Environment Variables:
PATH=C:\Program Files\Common Files\Oracle\Java\javapath;C:\Program Files (x86)\Common Files\Oracle\Java\java8path;C:\Program Files (x86)\Common Files\Oracle\Java\javapath;C:\WINDOWS\system32;C:\WINDOWS;C:\WINDOWS\System32\Wbem;C:\WINDOWS\System32\WindowsPowerShell\v1.0\;C:\WINDOWS\System32\OpenSSH\;C:\Program Files\nodejs\;C:\Program Files\MySQL\MySQL Server 8.0\bin;C:\ProgramData\ComposerSetup\bin;C:\xampp;C:\php-8.2.12;C:\Program Files\Git\cmd;C:\Users\hp\AppData\Local\Programs\Microsoft VS Code\bin;C:\Program Files\JetBrains\IntelliJ IDEA Community Edition 2023.3.5\bin;;C:\Program Files\Git\cmd;C:\Program Files\Git;
USERNAME=hp
OS=Windows_NT
PROCESSOR_IDENTIFIER=Intel64 Family 6 Model 140 Stepping 2, GenuineIntel
TMP=C:\Users\hp\AppData\Local\Temp
TEMP=C:\Users\hp\AppData\Local\Temp




Periodic native trim disabled

---------------  S Y S T E M  ---------------

OS:
 Windows 11 , 64 bit Build 22621 (10.0.22621.3958)
OS uptime: 0 days 8:01 hours

CPU: total 8 (initial active 8) (4 cores per cpu, 2 threads per core) family 6 model 140 stepping 2 microcode 0x34, cx8, cmov, fxsr, ht, mmx, 3dnowpref, sse, sse2, sse3, ssse3, sse4.1, sse4.2, popcnt, lzcnt, tsc, tscinvbit, avx, avx2, aes, erms, clmul, bmi1, bmi2, adx, avx512f, avx512dq, avx512cd, avx512bw, avx512vl, sha, fma, vzeroupper, avx512_vpopcntdq, avx512_vpclmulqdq, avx512_vaes, avx512_vnni, clflush, clflushopt, clwb, avx512_vbmi2, avx512_vbmi, rdtscp, rdpid, fsrm, gfni, avx512_bitalg, f16c, pku, cet_ibt, cet_ss, avx512_ifma
Processor Information for processor 0
  Max Mhz: 2918, Current Mhz: 2918, Mhz Limit: 2918
Processor Information for processor 1
  Max Mhz: 2918, Current Mhz: 2918, Mhz Limit: 2918
Processor Information for processor 2
  Max Mhz: 2918, Current Mhz: 1207, Mhz Limit: 2918
Processor Information for processor 3
  Max Mhz: 2918, Current Mhz: 2918, Mhz Limit: 2918
Processor Information for processor 4
  Max Mhz: 2918, Current Mhz: 2918, Mhz Limit: 2918
Processor Information for processor 5
  Max Mhz: 2918, Current Mhz: 2918, Mhz Limit: 2918
Processor Information for processor 6
  Max Mhz: 2918, Current Mhz: 2918, Mhz Limit: 2918
Processor Information for processor 7
  Max Mhz: 2918, Current Mhz: 2918, Mhz Limit: 2918

Memory: 4k page, system-wide physical 16151M (4143M free)
TotalPageFile size 18199M (AvailPageFile size 8M)
current process WorkingSet (physical memory assigned to process): 293M, peak: 310M
current process commit charge ("private bytes"): 407M, peak: 430M

vm_info: OpenJDK 64-Bit Server VM (22.0.2+9-70) for windows-amd64 JRE (22.0.2+9-70), built on 2024-06-04T16:52:23Z by "mach5one" with MS VC++ 17.6 (VS2022)

END.
